[ 2019-12-20T10:48:37+08:00 ] 175.167.152.204 /
INFO: [ app_init ] --START--
INFO: Run Behavior\BuildLiteBehavior [ RunTime:0.000000s ]
INFO: [ app_init ] --END-- [ RunTime:0.003000s ]
INFO: [ app_begin ] --START--
INFO: Run Behavior\ReadHtmlCacheBehavior [ RunTime:0.004000s ]
INFO: [ app_begin ] --END-- [ RunTime:0.005000s ]
INFO: [ view_parse ] --START--
INFO: [ template_filter ] --START--
INFO: Run Behavior\ContentReplaceBehavior [ RunTime:0.000000s ]
INFO: [ template_filter ] --END-- [ RunTime:0.001000s ]
INFO: Run Behavior\ParseTemplateBehavior [ RunTime:0.034002s ]
INFO: [ view_parse ] --END-- [ RunTime:0.034002s ]
INFO: [ view_filter ] --START--
INFO: Run Behavior\WriteHtmlCacheBehavior [ RunTime:0.003000s ]
INFO: [ view_filter ] --END-- [ RunTime:0.003000s ]
INFO: [ app_end ] --START--
INFO: Run Behavior\ShowPageTraceBehavior [ RunTime:0.005000s ]
INFO: [ app_end ] --END-- [ RunTime:0.005000s ]

[ 2019-12-20T10:50:48+08:00 ] 223.104.237.12 /
INFO: [ app_init ] --START--
INFO: Run Behavior\BuildLiteBehavior [ RunTime:0.000000s ]
INFO: [ app_init ] --END-- [ RunTime:0.003000s ]
INFO: [ app_begin ] --START--
INFO: Run Behavior\ReadHtmlCacheBehavior [ RunTime:0.004000s ]
INFO: [ app_begin ] --END-- [ RunTime:0.004000s ]
INFO: [ view_parse ] --START--
INFO: [ template_filter ] --START--
INFO: Run Behavior\ContentReplaceBehavior [ RunTime:0.000000s ]
INFO: [ template_filter ] --END-- [ RunTime:0.000000s ]
INFO: Run Behavior\ParseTemplateBehavior [ RunTime:0.033002s ]
INFO: [ view_parse ] --END-- [ RunTime:0.033002s ]
INFO: [ view_filter ] --START--
INFO: Run Behavior\WriteHtmlCacheBehavior [ RunTime:0.004000s ]
INFO: [ view_filter ] --END-- [ RunTime:0.004000s ]
INFO: [ app_end ] --START--
INFO: Run Behavior\ShowPageTraceBehavior [ RunTime:0.004000s ]
INFO: [ app_end ] --END-- [ RunTime:0.004000s ]

[ 2019-12-20T10:50:56+08:00 ] 223.104.237.12 /home/index/yzinfo
INFO: [ app_init ] --START--
INFO: Run Behavior\BuildLiteBehavior [ RunTime:0.000000s ]
INFO: [ app_init ] --END-- [ RunTime:0.008001s ]
INFO: [ app_begin ] --START--
INFO: Run Behavior\ReadHtmlCacheBehavior [ RunTime:0.002000s ]
INFO: [ app_begin ] --END-- [ RunTime:0.002000s ]
SQL: SHOW COLUMNS FROM `customer` [ RunTime:0.0050s ]
SQL: SELECT * FROM `customer` WHERE ( tel='15041961803' ) LIMIT 1   [ RunTime:0.0030s ]

[ 2019-12-20T11:16:07+08:00 ] 119.119.90.189 /
INFO: [ app_init ] --START--
INFO: Run Behavior\BuildLiteBehavior [ RunTime:0.000000s ]
INFO: [ app_init ] --END-- [ RunTime:0.004000s ]
INFO: [ app_begin ] --START--
INFO: Run Behavior\ReadHtmlCacheBehavior [ RunTime:0.004000s ]
INFO: [ app_begin ] --END-- [ RunTime:0.005000s ]
INFO: [ view_parse ] --START--
INFO: [ template_filter ] --START--
INFO: Run Behavior\ContentReplaceBehavior [ RunTime:0.001000s ]
INFO: [ template_filter ] --END-- [ RunTime:0.001000s ]
INFO: Run Behavior\ParseTemplateBehavior [ RunTime:0.030002s ]
INFO: [ view_parse ] --END-- [ RunTime:0.030002s ]
INFO: [ view_filter ] --START--
INFO: Run Behavior\WriteHtmlCacheBehavior [ RunTime:0.004000s ]
INFO: [ view_filter ] --END-- [ RunTime:0.004000s ]
INFO: [ app_end ] --START--
INFO: Run Behavior\ShowPageTraceBehavior [ RunTime:0.005000s ]
INFO: [ app_end ] --END-- [ RunTime:0.005000s ]

[ 2019-12-20T11:16:11+08:00 ] 119.119.90.189 /home/index/yzinfo
INFO: [ app_init ] --START--
INFO: Run Behavior\BuildLiteBehavior [ RunTime:0.000000s ]
INFO: [ app_init ] --END-- [ RunTime:0.004000s ]
INFO: [ app_begin ] --START--
INFO: Run Behavior\ReadHtmlCacheBehavior [ RunTime:0.004000s ]
INFO: [ app_begin ] --END-- [ RunTime:0.004000s ]
SQL: SHOW COLUMNS FROM `customer` [ RunTime:0.0050s ]
SQL: SELECT * FROM `customer` WHERE ( tel='13700045004' ) LIMIT 1   [ RunTime:0.0020s ]
SQL: UPDATE `customer` SET `token`='b848d25fae6f33aeb9542f7d57ade101' WHERE ( id='924' ) [ RunTime:0.0590s ]
NOTIC: [8] Undefined index: sign D:\phpstudy_pro\WWW\wqxts\Application\Home\Controller\IndexController.class.php 第 49 行.
SQL: SHOW COLUMNS FROM `seal` [ RunTime:0.0050s ]
SQL: SELECT * FROM `seal` WHERE ( id='47' ) LIMIT 1   [ RunTime:0.0010s ]

[ 2019-12-20T11:16:13+08:00 ] 119.119.90.189 /home/netsign/index
INFO: [ app_init ] --START--
INFO: Run Behavior\BuildLiteBehavior [ RunTime:0.000000s ]
INFO: [ app_init ] --END-- [ RunTime:0.002000s ]
INFO: [ app_begin ] --START--
INFO: Run Behavior\ReadHtmlCacheBehavior [ RunTime:0.004000s ]
INFO: [ app_begin ] --END-- [ RunTime:0.004000s ]
INFO: [ view_parse ] --START--
INFO: [ template_filter ] --START--
INFO: Run Behavior\ContentReplaceBehavior [ RunTime:0.000000s ]
INFO: [ template_filter ] --END-- [ RunTime:0.000000s ]
INFO: Run Behavior\ParseTemplateBehavior [ RunTime:0.023001s ]
INFO: [ view_parse ] --END-- [ RunTime:0.023001s ]
INFO: [ view_filter ] --START--
INFO: Run Behavior\WriteHtmlCacheBehavior [ RunTime:0.002001s ]
INFO: [ view_filter ] --END-- [ RunTime:0.002001s ]
INFO: [ app_end ] --START--
INFO: Run Behavior\ShowPageTraceBehavior [ RunTime:0.003000s ]
INFO: [ app_end ] --END-- [ RunTime:0.003000s ]

[ 2019-12-20T11:16:15+08:00 ] 119.119.90.189 /index.php/Home/Sendsign/index.html
INFO: [ app_init ] --START--
INFO: Run Behavior\BuildLiteBehavior [ RunTime:0.000000s ]
INFO: [ app_init ] --END-- [ RunTime:0.004001s ]
INFO: [ app_begin ] --START--
INFO: Run Behavior\ReadHtmlCacheBehavior [ RunTime:0.005000s ]
INFO: [ app_begin ] --END-- [ RunTime:0.005000s ]
INFO: [ view_parse ] --START--
INFO: [ template_filter ] --START--
INFO: Run Behavior\ContentReplaceBehavior [ RunTime:0.000000s ]
INFO: [ template_filter ] --END-- [ RunTime:0.000000s ]
INFO: Run Behavior\ParseTemplateBehavior [ RunTime:0.027001s ]
INFO: [ view_parse ] --END-- [ RunTime:0.028001s ]
INFO: [ view_filter ] --START--
INFO: Run Behavior\WriteHtmlCacheBehavior [ RunTime:0.003000s ]
INFO: [ view_filter ] --END-- [ RunTime:0.003000s ]
INFO: [ app_end ] --START--
INFO: Run Behavior\ShowPageTraceBehavior [ RunTime:0.003001s ]
INFO: [ app_end ] --END-- [ RunTime:0.003001s ]

[ 2019-12-20T11:16:17+08:00 ] 119.119.90.189 /index.php/Home/Sendsign/photo.html
INFO: [ app_init ] --START--
INFO: Run Behavior\BuildLiteBehavior [ RunTime:0.000000s ]
INFO: [ app_init ] --END-- [ RunTime:0.004000s ]
INFO: [ app_begin ] --START--
INFO: Run Behavior\ReadHtmlCacheBehavior [ RunTime:0.004000s ]
INFO: [ app_begin ] --END-- [ RunTime:0.004000s ]
INFO: [ view_parse ] --START--
INFO: [ template_filter ] --START--
INFO: Run Behavior\ContentReplaceBehavior [ RunTime:0.000000s ]
INFO: [ template_filter ] --END-- [ RunTime:0.001000s ]
INFO: Run Behavior\ParseTemplateBehavior [ RunTime:0.035002s ]
INFO: [ view_parse ] --END-- [ RunTime:0.035002s ]
INFO: [ view_filter ] --START--
INFO: Run Behavior\WriteHtmlCacheBehavior [ RunTime:0.005000s ]
INFO: [ view_filter ] --END-- [ RunTime:0.005000s ]
INFO: [ app_end ] --START--
INFO: Run Behavior\ShowPageTraceBehavior [ RunTime:0.004000s ]
INFO: [ app_end ] --END-- [ RunTime:0.004000s ]

[ 2019-12-20T11:16:29+08:00 ] 119.119.90.189 /home/sendsign/upload
INFO: [ app_init ] --START--
INFO: Run Behavior\BuildLiteBehavior [ RunTime:0.000000s ]
INFO: [ app_init ] --END-- [ RunTime:0.004000s ]
INFO: [ app_begin ] --START--
INFO: Run Behavior\ReadHtmlCacheBehavior [ RunTime:0.005000s ]
INFO: [ app_begin ] --END-- [ RunTime:0.005000s ]
NOTIC: [2] call_user_func() expects parameter 1 to be a valid callback, no array or string given D:\phpstudy_pro\WWW\wqxts\ThinkPHP\Library\Think\Upload.class.php 第 170 行.
SQL: SHOW COLUMNS FROM `linshi` [ RunTime:0.0050s ]
SQL: INSERT INTO `linshi` (`img`) VALUES ('/images/924/2019-12-20/5dfc3d0d11f99.jpg') [ RunTime:0.0670s ]
INFO: [ app_end ] --START--
INFO: Run Behavior\ShowPageTraceBehavior [ RunTime:0.004001s ]
INFO: [ app_end ] --END-- [ RunTime:0.005001s ]

[ 2019-12-20T11:16:31+08:00 ] 119.119.90.189 /home/sendsign/signdo/id/533
INFO: [ app_init ] --START--
INFO: Run Behavior\BuildLiteBehavior [ RunTime:0.000000s ]
INFO: [ app_init ] --END-- [ RunTime:0.004000s ]
INFO: [ app_begin ] --START--
INFO: Run Behavior\ReadHtmlCacheBehavior [ RunTime:0.005000s ]
INFO: [ app_begin ] --END-- [ RunTime:0.005000s ]
SQL: SHOW COLUMNS FROM `linshi` [ RunTime:0.0040s ]
SQL: SELECT * FROM `linshi` WHERE ( id in (533) )  [ RunTime:0.0020s ]
SQL: SELECT * FROM `linshi` WHERE ( id='533' ) LIMIT 1   [ RunTime:0.0010s ]
INFO: [ view_parse ] --START--
INFO: [ template_filter ] --START--
INFO: Run Behavior\ContentReplaceBehavior [ RunTime:0.001000s ]
INFO: [ template_filter ] --END-- [ RunTime:0.001000s ]
NOTIC: [8] Undefined variable: minfo D:\phpstudy_pro\WWW\wqxts\Application\Runtime\Cache\Home\816be5c54cb9ea3118847978b861428e.php 第 114 行.
NOTIC: [8] Undefined variable: minfo D:\phpstudy_pro\WWW\wqxts\Application\Runtime\Cache\Home\816be5c54cb9ea3118847978b861428e.php 第 126 行.
NOTIC: [8] Undefined variable: list D:\phpstudy_pro\WWW\wqxts\Application\Runtime\Cache\Home\816be5c54cb9ea3118847978b861428e.php 第 132 行.
INFO: Run Behavior\ParseTemplateBehavior [ RunTime:0.048003s ]
INFO: [ view_parse ] --END-- [ RunTime:0.048003s ]
INFO: [ view_filter ] --START--
INFO: Run Behavior\WriteHtmlCacheBehavior [ RunTime:0.005000s ]
INFO: [ view_filter ] --END-- [ RunTime:0.005000s ]
INFO: [ app_end ] --START--
INFO: Run Behavior\ShowPageTraceBehavior [ RunTime:0.005000s ]
INFO: [ app_end ] --END-- [ RunTime:0.005000s ]

[ 2019-12-20T11:18:08+08:00 ] 119.119.90.189 /
INFO: [ app_init ] --START--
INFO: Run Behavior\BuildLiteBehavior [ RunTime:0.000000s ]
INFO: [ app_init ] --END-- [ RunTime:0.004000s ]
INFO: [ app_begin ] --START--
INFO: Run Behavior\ReadHtmlCacheBehavior [ RunTime:0.004000s ]
INFO: [ app_begin ] --END-- [ RunTime:0.004000s ]
INFO: [ view_parse ] --START--
INFO: [ template_filter ] --START--
INFO: Run Behavior\ContentReplaceBehavior [ RunTime:0.000000s ]
INFO: [ template_filter ] --END-- [ RunTime:0.000000s ]
INFO: Run Behavior\ParseTemplateBehavior [ RunTime:0.030002s ]
INFO: [ view_parse ] --END-- [ RunTime:0.031002s ]
INFO: [ view_filter ] --START--
INFO: Run Behavior\WriteHtmlCacheBehavior [ RunTime:0.004000s ]
INFO: [ view_filter ] --END-- [ RunTime:0.004000s ]
INFO: [ app_end ] --START--
INFO: Run Behavior\ShowPageTraceBehavior [ RunTime:0.004001s ]
INFO: [ app_end ] --END-- [ RunTime:0.004001s ]

[ 2019-12-20T11:18:15+08:00 ] 119.119.90.189 /home/index/yzinfo
INFO: [ app_init ] --START--
INFO: Run Behavior\BuildLiteBehavior [ RunTime:0.000000s ]
INFO: [ app_init ] --END-- [ RunTime:0.003000s ]
INFO: [ app_begin ] --START--
INFO: Run Behavior\ReadHtmlCacheBehavior [ RunTime:0.005000s ]
INFO: [ app_begin ] --END-- [ RunTime:0.005000s ]
SQL: SHOW COLUMNS FROM `customer` [ RunTime:0.0040s ]
SQL: SELECT * FROM `customer` WHERE ( tel='13700045004' ) LIMIT 1   [ RunTime:0.0030s ]
SQL: UPDATE `customer` SET `token`='b848d25fae6f33aeb9542f7d57ade101' WHERE ( id='924' ) [ RunTime:0.0020s ]
NOTIC: [8] Undefined index: sign D:\phpstudy_pro\WWW\wqxts\Application\Home\Controller\IndexController.class.php 第 49 行.
SQL: SHOW COLUMNS FROM `seal` [ RunTime:0.0030s ]
SQL: SELECT * FROM `seal` WHERE ( id='47' ) LIMIT 1   [ RunTime:0.0010s ]

[ 2019-12-20T11:18:16+08:00 ] 119.119.90.189 /home/netsign/index
INFO: [ app_init ] --START--
INFO: Run Behavior\BuildLiteBehavior [ RunTime:0.000000s ]
INFO: [ app_init ] --END-- [ RunTime:0.004000s ]
INFO: [ app_begin ] --START--
INFO: Run Behavior\ReadHtmlCacheBehavior [ RunTime:0.003000s ]
INFO: [ app_begin ] --END-- [ RunTime:0.003000s ]
INFO: [ view_parse ] --START--
INFO: [ template_filter ] --START--
INFO: Run Behavior\ContentReplaceBehavior [ RunTime:0.000000s ]
INFO: [ template_filter ] --END-- [ RunTime:0.000000s ]
INFO: Run Behavior\ParseTemplateBehavior [ RunTime:0.025001s ]
INFO: [ view_parse ] --END-- [ RunTime:0.025001s ]
INFO: [ view_filter ] --START--
INFO: Run Behavior\WriteHtmlCacheBehavior [ RunTime:0.002000s ]
INFO: [ view_filter ] --END-- [ RunTime:0.002000s ]
INFO: [ app_end ] --START--
INFO: Run Behavior\ShowPageTraceBehavior [ RunTime:0.003000s ]
INFO: [ app_end ] --END-- [ RunTime:0.003000s ]

[ 2019-12-20T11:18:17+08:00 ] 119.119.90.189 /index.php/Home/Sendsign/index.html
INFO: [ app_init ] --START--
INFO: Run Behavior\BuildLiteBehavior [ RunTime:0.000000s ]
INFO: [ app_init ] --END-- [ RunTime:0.003000s ]
INFO: [ app_begin ] --START--
INFO: Run Behavior\ReadHtmlCacheBehavior [ RunTime:0.003000s ]
INFO: [ app_begin ] --END-- [ RunTime:0.003000s ]
INFO: [ view_parse ] --START--
INFO: [ template_filter ] --START--
INFO: Run Behavior\ContentReplaceBehavior [ RunTime:0.000000s ]
INFO: [ template_filter ] --END-- [ RunTime:0.000000s ]
INFO: Run Behavior\ParseTemplateBehavior [ RunTime:0.026002s ]
INFO: [ view_parse ] --END-- [ RunTime:0.026002s ]
INFO: [ view_filter ] --START--
INFO: Run Behavior\WriteHtmlCacheBehavior [ RunTime:0.003000s ]
INFO: [ view_filter ] --END-- [ RunTime:0.003000s ]
INFO: [ app_end ] --START--
INFO: Run Behavior\ShowPageTraceBehavior [ RunTime:0.003000s ]
INFO: [ app_end ] --END-- [ RunTime:0.003000s ]

[ 2019-12-20T11:18:19+08:00 ] 119.119.90.189 /index.php/Home/Sendsign/photo.html
INFO: [ app_init ] --START--
INFO: Run Behavior\BuildLiteBehavior [ RunTime:0.000000s ]
INFO: [ app_init ] --END-- [ RunTime:0.003001s ]
INFO: [ app_begin ] --START--
INFO: Run Behavior\ReadHtmlCacheBehavior [ RunTime:0.004000s ]
INFO: [ app_begin ] --END-- [ RunTime:0.004000s ]
INFO: [ view_parse ] --START--
INFO: [ template_filter ] --START--
INFO: Run Behavior\ContentReplaceBehavior [ RunTime:0.000000s ]
INFO: [ template_filter ] --END-- [ RunTime:0.000000s ]
INFO: Run Behavior\ParseTemplateBehavior [ RunTime:0.028002s ]
INFO: [ view_parse ] --END-- [ RunTime:0.028002s ]
INFO: [ view_filter ] --START--
INFO: Run Behavior\WriteHtmlCacheBehavior [ RunTime:0.003000s ]
INFO: [ view_filter ] --END-- [ RunTime:0.003000s ]
INFO: [ app_end ] --START--
INFO: Run Behavior\ShowPageTraceBehavior [ RunTime:0.003000s ]
INFO: [ app_end ] --END-- [ RunTime:0.003000s ]

[ 2019-12-20T11:18:26+08:00 ] 119.119.90.189 /home/sendsign/upload
INFO: [ app_init ] --START--
INFO: Run Behavior\BuildLiteBehavior [ RunTime:0.000000s ]
INFO: [ app_init ] --END-- [ RunTime:0.003000s ]
INFO: [ app_begin ] --START--
INFO: Run Behavior\ReadHtmlCacheBehavior [ RunTime:0.006000s ]
INFO: [ app_begin ] --END-- [ RunTime:0.007001s ]
NOTIC: [2] call_user_func() expects parameter 1 to be a valid callback, no array or string given D:\phpstudy_pro\WWW\wqxts\ThinkPHP\Library\Think\Upload.class.php 第 170 行.
SQL: SHOW COLUMNS FROM `linshi` [ RunTime:0.0020s ]
SQL: INSERT INTO `linshi` (`img`) VALUES ('/images/924/2019-12-20/5dfc3d82bcced.jpg') [ RunTime:0.0550s ]
INFO: [ app_end ] --START--
INFO: Run Behavior\ShowPageTraceBehavior [ RunTime:0.003000s ]
INFO: [ app_end ] --END-- [ RunTime:0.004000s ]

[ 2019-12-20T11:18:33+08:00 ] 119.119.90.189 /home/sendsign/dellinshi
INFO: [ app_init ] --START--
INFO: Run Behavior\BuildLiteBehavior [ RunTime:0.000000s ]
INFO: [ app_init ] --END-- [ RunTime:0.003000s ]
INFO: [ app_begin ] --START--
INFO: Run Behavior\ReadHtmlCacheBehavior [ RunTime:0.004000s ]
INFO: [ app_begin ] --END-- [ RunTime:0.004000s ]
SQL: SHOW COLUMNS FROM `linshi` [ RunTime:0.0030s ]
SQL: SELECT * FROM `linshi` WHERE ( id='534' ) LIMIT 1   [ RunTime:0.0020s ]
SQL: DELETE FROM `linshi` WHERE ( id='534' ) [ RunTime:0.0570s ]
INFO: [ app_end ] --START--
INFO: Run Behavior\ShowPageTraceBehavior [ RunTime:0.005000s ]
INFO: [ app_end ] --END-- [ RunTime:0.005000s ]

[ 2019-12-20T11:19:06+08:00 ] 119.119.90.189 /
INFO: [ app_init ] --START--
INFO: Run Behavior\BuildLiteBehavior [ RunTime:0.000000s ]
INFO: [ app_init ] --END-- [ RunTime:0.003000s ]
INFO: [ app_begin ] --START--
INFO: Run Behavior\ReadHtmlCacheBehavior [ RunTime:0.003001s ]
INFO: [ app_begin ] --END-- [ RunTime:0.004001s ]
INFO: [ view_parse ] --START--
INFO: [ template_filter ] --START--
INFO: Run Behavior\ContentReplaceBehavior [ RunTime:0.000000s ]
INFO: [ template_filter ] --END-- [ RunTime:0.000000s ]
INFO: Run Behavior\ParseTemplateBehavior [ RunTime:0.025002s ]
INFO: [ view_parse ] --END-- [ RunTime:0.025002s ]
INFO: [ view_filter ] --START--
INFO: Run Behavior\WriteHtmlCacheBehavior [ RunTime:0.003000s ]
INFO: [ view_filter ] --END-- [ RunTime:0.003000s ]
INFO: [ app_end ] --START--
INFO: Run Behavior\ShowPageTraceBehavior [ RunTime:0.004000s ]
INFO: [ app_end ] --END-- [ RunTime:0.004000s ]

[ 2019-12-20T11:19:10+08:00 ] 119.119.90.189 /home/index/yzinfo
INFO: [ app_init ] --START--
INFO: Run Behavior\BuildLiteBehavior [ RunTime:0.000000s ]
INFO: [ app_init ] --END-- [ RunTime:0.003000s ]
INFO: [ app_begin ] --START--
INFO: Run Behavior\ReadHtmlCacheBehavior [ RunTime:0.004000s ]
INFO: [ app_begin ] --END-- [ RunTime:0.004000s ]
SQL: SHOW COLUMNS FROM `customer` [ RunTime:0.0040s ]
SQL: SELECT * FROM `customer` WHERE ( tel='13700045004' ) LIMIT 1   [ RunTime:0.0030s ]
SQL: UPDATE `customer` SET `token`='b848d25fae6f33aeb9542f7d57ade101' WHERE ( id='924' ) [ RunTime:0.0010s ]
NOTIC: [8] Undefined index: sign D:\phpstudy_pro\WWW\wqxts\Application\Home\Controller\IndexController.class.php 第 49 行.
SQL: SHOW COLUMNS FROM `seal` [ RunTime:0.0040s ]
SQL: SELECT * FROM `seal` WHERE ( id='47' ) LIMIT 1   [ RunTime:0.0010s ]

[ 2019-12-20T11:19:11+08:00 ] 119.119.90.189 /home/netsign/index
INFO: [ app_init ] --START--
INFO: Run Behavior\BuildLiteBehavior [ RunTime:0.000000s ]
INFO: [ app_init ] --END-- [ RunTime:0.001000s ]
INFO: [ app_begin ] --START--
INFO: Run Behavior\ReadHtmlCacheBehavior [ RunTime:0.002001s ]
INFO: [ app_begin ] --END-- [ RunTime:0.002001s ]
INFO: [ view_parse ] --START--
INFO: [ template_filter ] --START--
INFO: Run Behavior\ContentReplaceBehavior [ RunTime:0.000000s ]
INFO: [ template_filter ] --END-- [ RunTime:0.000000s ]
INFO: Run Behavior\ParseTemplateBehavior [ RunTime:0.018001s ]
INFO: [ view_parse ] --END-- [ RunTime:0.018001s ]
INFO: [ view_filter ] --START--
INFO: Run Behavior\WriteHtmlCacheBehavior [ RunTime:0.003000s ]
INFO: [ view_filter ] --END-- [ RunTime:0.003000s ]
INFO: [ app_end ] --START--
INFO: Run Behavior\ShowPageTraceBehavior [ RunTime:0.003000s ]
INFO: [ app_end ] --END-- [ RunTime:0.004000s ]

[ 2019-12-20T11:19:13+08:00 ] 119.119.90.189 /index.php/Home/Sendsign/index.html
INFO: [ app_init ] --START--
INFO: Run Behavior\BuildLiteBehavior [ RunTime:0.000000s ]
INFO: [ app_init ] --END-- [ RunTime:0.002000s ]
INFO: [ app_begin ] --START--
INFO: Run Behavior\ReadHtmlCacheBehavior [ RunTime:0.003000s ]
INFO: [ app_begin ] --END-- [ RunTime:0.003000s ]
INFO: [ view_parse ] --START--
INFO: [ template_filter ] --START--
INFO: Run Behavior\ContentReplaceBehavior [ RunTime:0.000000s ]
INFO: [ template_filter ] --END-- [ RunTime:0.000000s ]
INFO: Run Behavior\ParseTemplateBehavior [ RunTime:0.025001s ]
INFO: [ view_parse ] --END-- [ RunTime:0.025001s ]
INFO: [ view_filter ] --START--
INFO: Run Behavior\WriteHtmlCacheBehavior [ RunTime:0.003000s ]
INFO: [ view_filter ] --END-- [ RunTime:0.003000s ]
INFO: [ app_end ] --START--
INFO: Run Behavior\ShowPageTraceBehavior [ RunTime:0.003000s ]
INFO: [ app_end ] --END-- [ RunTime:0.003000s ]

[ 2019-12-20T11:19:14+08:00 ] 119.119.90.189 /index.php/Home/Sendsign/photo.html
INFO: [ app_init ] --START--
INFO: Run Behavior\BuildLiteBehavior [ RunTime:0.000000s ]
INFO: [ app_init ] --END-- [ RunTime:0.003000s ]
INFO: [ app_begin ] --START--
INFO: Run Behavior\ReadHtmlCacheBehavior [ RunTime:0.004000s ]
INFO: [ app_begin ] --END-- [ RunTime:0.004000s ]
INFO: [ view_parse ] --START--
INFO: [ template_filter ] --START--
INFO: Run Behavior\ContentReplaceBehavior [ RunTime:0.000000s ]
INFO: [ template_filter ] --END-- [ RunTime:0.000000s ]
INFO: Run Behavior\ParseTemplateBehavior [ RunTime:0.030002s ]
INFO: [ view_parse ] --END-- [ RunTime:0.030002s ]
INFO: [ view_filter ] --START--
INFO: Run Behavior\WriteHtmlCacheBehavior [ RunTime:0.003000s ]
INFO: [ view_filter ] --END-- [ RunTime:0.003000s ]
INFO: [ app_end ] --START--
INFO: Run Behavior\ShowPageTraceBehavior [ RunTime:0.006000s ]
INFO: [ app_end ] --END-- [ RunTime:0.006000s ]

[ 2019-12-20T11:19:22+08:00 ] 119.119.90.189 /home/sendsign/upload
INFO: [ app_init ] --START--
INFO: Run Behavior\BuildLiteBehavior [ RunTime:0.000000s ]
INFO: [ app_init ] --END-- [ RunTime:0.003000s ]
INFO: [ app_begin ] --START--
INFO: Run Behavior\ReadHtmlCacheBehavior [ RunTime:0.004001s ]
INFO: [ app_begin ] --END-- [ RunTime:0.004001s ]
NOTIC: [2] call_user_func() expects parameter 1 to be a valid callback, no array or string given D:\phpstudy_pro\WWW\wqxts\ThinkPHP\Library\Think\Upload.class.php 第 170 行.
SQL: SHOW COLUMNS FROM `linshi` [ RunTime:0.0040s ]
SQL: INSERT INTO `linshi` (`img`) VALUES ('/images/924/2019-12-20/5dfc3db9a661a.jpg') [ RunTime:0.0530s ]
INFO: [ app_end ] --START--
INFO: Run Behavior\ShowPageTraceBehavior [ RunTime:0.005001s ]
INFO: [ app_end ] --END-- [ RunTime:0.005001s ]

[ 2019-12-20T11:19:24+08:00 ] 119.119.90.189 /home/sendsign/signdo/id/535
INFO: [ app_init ] --START--
INFO: Run Behavior\BuildLiteBehavior [ RunTime:0.000000s ]
INFO: [ app_init ] --END-- [ RunTime:0.002000s ]
INFO: [ app_begin ] --START--
INFO: Run Behavior\ReadHtmlCacheBehavior [ RunTime:0.004000s ]
INFO: [ app_begin ] --END-- [ RunTime:0.004000s ]
SQL: SHOW COLUMNS FROM `linshi` [ RunTime:0.0040s ]
SQL: SELECT * FROM `linshi` WHERE ( id in (535) )  [ RunTime:0.0010s ]
SQL: SELECT * FROM `linshi` WHERE ( id='535' ) LIMIT 1   [ RunTime:0.0010s ]
INFO: [ view_parse ] --START--
INFO: [ template_filter ] --START--
INFO: Run Behavior\ContentReplaceBehavior [ RunTime:0.001000s ]
INFO: [ template_filter ] --END-- [ RunTime:0.001000s ]
NOTIC: [8] Undefined variable: minfo D:\phpstudy_pro\WWW\wqxts\Application\Runtime\Cache\Home\816be5c54cb9ea3118847978b861428e.php 第 114 行.
NOTIC: [8] Undefined variable: minfo D:\phpstudy_pro\WWW\wqxts\Application\Runtime\Cache\Home\816be5c54cb9ea3118847978b861428e.php 第 126 行.
NOTIC: [8] Undefined variable: list D:\phpstudy_pro\WWW\wqxts\Application\Runtime\Cache\Home\816be5c54cb9ea3118847978b861428e.php 第 132 行.
INFO: Run Behavior\ParseTemplateBehavior [ RunTime:0.044003s ]
INFO: [ view_parse ] --END-- [ RunTime:0.044003s ]
INFO: [ view_filter ] --START--
INFO: Run Behavior\WriteHtmlCacheBehavior [ RunTime:0.002000s ]
INFO: [ view_filter ] --END-- [ RunTime:0.003000s ]
INFO: [ app_end ] --START--
INFO: Run Behavior\ShowPageTraceBehavior [ RunTime:0.004000s ]
INFO: [ app_end ] --END-- [ RunTime:0.004000s ]

[ 2019-12-20T11:19:33+08:00 ] 119.119.90.189 /home/sendsign/getchoseseallist
INFO: [ app_init ] --START--
INFO: Run Behavior\BuildLiteBehavior [ RunTime:0.000000s ]
INFO: [ app_init ] --END-- [ RunTime:0.003000s ]
INFO: [ app_begin ] --START--
INFO: Run Behavior\ReadHtmlCacheBehavior [ RunTime:0.004000s ]
INFO: [ app_begin ] --END-- [ RunTime:0.004000s ]
INFO: [ app_end ] --START--
INFO: Run Behavior\ShowPageTraceBehavior [ RunTime:0.002000s ]
INFO: [ app_end ] --END-- [ RunTime:0.002000s ]

[ 2019-12-20T11:19:38+08:00 ] 119.119.90.189 /home/sendsign/getchoseseallist
INFO: [ app_init ] --START--
INFO: Run Behavior\BuildLiteBehavior [ RunTime:0.000000s ]
INFO: [ app_init ] --END-- [ RunTime:0.003000s ]
INFO: [ app_begin ] --START--
INFO: Run Behavior\ReadHtmlCacheBehavior [ RunTime:0.004000s ]
INFO: [ app_begin ] --END-- [ RunTime:0.004000s ]
INFO: [ app_end ] --START--
INFO: Run Behavior\ShowPageTraceBehavior [ RunTime:0.002000s ]
INFO: [ app_end ] --END-- [ RunTime:0.002000s ]

[ 2019-12-20T11:19:48+08:00 ] 119.119.90.189 /home/sendsign/getsignaturelist
INFO: [ app_init ] --START--
INFO: Run Behavior\BuildLiteBehavior [ RunTime:0.000000s ]
INFO: [ app_init ] --END-- [ RunTime:0.003000s ]
INFO: [ app_begin ] --START--
INFO: Run Behavior\ReadHtmlCacheBehavior [ RunTime:0.004001s ]
INFO: [ app_begin ] --END-- [ RunTime:0.004001s ]
INFO: [ app_end ] --START--
INFO: Run Behavior\ShowPageTraceBehavior [ RunTime:0.003000s ]
INFO: [ app_end ] --END-- [ RunTime:0.003000s ]

[ 2019-12-20T11:19:53+08:00 ] 119.119.90.189 /home/sendsign/getseallist
INFO: [ app_init ] --START--
INFO: Run Behavior\BuildLiteBehavior [ RunTime:0.000000s ]
INFO: [ app_init ] --END-- [ RunTime:0.004000s ]
INFO: [ app_begin ] --START--
INFO: Run Behavior\ReadHtmlCacheBehavior [ RunTime:0.005000s ]
INFO: [ app_begin ] --END-- [ RunTime:0.005000s ]
INFO: [ app_end ] --START--
INFO: Run Behavior\ShowPageTraceBehavior [ RunTime:0.005000s ]
INFO: [ app_end ] --END-- [ RunTime:0.005000s ]

[ 2019-12-20T11:20:03+08:00 ] 119.119.90.189 /home/sendsign/signdoing
INFO: [ app_init ] --START--
INFO: Run Behavior\BuildLiteBehavior [ RunTime:0.000000s ]
INFO: [ app_init ] --END-- [ RunTime:0.003000s ]
INFO: [ app_begin ] --START--
INFO: Run Behavior\ReadHtmlCacheBehavior [ RunTime:0.003000s ]
INFO: [ app_begin ] --END-- [ RunTime:0.003000s ]
NOTIC: [8] Undefined index: htid D:\phpstudy_pro\WWW\wqxts\Application\Home\Controller\SendsignController.class.php 第 407 行.
SQL: SHOW COLUMNS FROM `template` [ RunTime:0.0040s ]
SQL: INSERT INTO `template` (`name`,`creattime`,`status`,`totalnode`) VALUES ('测试文件','1576812000','1','2') [ RunTime:0.0610s ]
SQL: SHOW COLUMNS FROM `templateson` [ RunTime:0.0040s ]
SQL: INSERT INTO `templateson` (`fid`,`uid`,`orders`,`type`) VALUES ('343','924','1','1') [ RunTime:0.0540s ]
SQL: INSERT INTO `templateson` (`fid`,`uid`,`orders`,`type`) VALUES ('343','924','2','2') [ RunTime:0.0670s ]
SQL: SELECT * FROM `templateson` WHERE ( fid='343' )  [ RunTime:0.0010s ]
SQL: SHOW COLUMNS FROM `sign` [ RunTime:0.0050s ]
SQL: INSERT INTO `sign` (`uid`,`mid`,`endtime`,`starttime`,`savetime`,`totalnode`,`nownode`,`status`,`htid`) VALUES ('924','343','1577071165','1576812001','1576812001','2','1','1',NULL) [ RunTime:0.0500s ]
SQL: SHOW COLUMNS FROM `signson` [ RunTime:0.0050s ]
SQL: INSERT INTO `signson` (`fid`,`issign`,`tsid`,`remark`) VALUES ('482','1','659','') [ RunTime:0.0610s ]
SQL: INSERT INTO `signson` (`fid`,`issign`,`tsid`,`remark`) VALUES ('482','1','660','') [ RunTime:0.0810s ]
SQL: SHOW COLUMNS FROM `linshi` [ RunTime:0.0040s ]
SQL: SELECT * FROM `linshi` WHERE ( id in(535) )  [ RunTime:0.0010s ]
SQL: SHOW COLUMNS FROM `signimg` [ RunTime:0.0050s ]
SQL: INSERT INTO `signimg` (`sid`,`img`) VALUES ('482','/images/924/2019-12-20/5dfc3db9a661a.jpg') [ RunTime:0.0420s ]
SQL: UPDATE `sign` SET `img`='1711' WHERE ( id='482' ) [ RunTime:0.0730s ]
SQL: DELETE FROM `linshi` WHERE ( id in(535) ) [ RunTime:0.0350s ]
SQL: SELECT * FROM `sign` WHERE ( id='482' ) LIMIT 1   [ RunTime:0.0010s ]
SQL: SELECT * FROM `template` WHERE ( id='343' ) LIMIT 1   [ RunTime:0.0010s ]
SQL: SELECT * FROM `templateson` WHERE ( fid='343' ) ORDER BY orders asc LIMIT 1   [ RunTime:0.0010s ]
SQL: SHOW COLUMNS FROM `customer` [ RunTime:0.0040s ]
SQL: SELECT * FROM `customer` WHERE ( id='924' ) LIMIT 1   [ RunTime:0.0010s ]
INFO: [ app_end ] --START--
INFO: Run Behavior\ShowPageTraceBehavior [ RunTime:0.004001s ]
INFO: [ app_end ] --END-- [ RunTime:0.004001s ]

[ 2019-12-20T11:20:04+08:00 ] 119.119.90.189 /home/sendsign/forminfo/id/482
INFO: [ app_init ] --START--
INFO: Run Behavior\BuildLiteBehavior [ RunTime:0.000000s ]
INFO: [ app_init ] --END-- [ RunTime:0.003000s ]
INFO: [ app_begin ] --START--
INFO: Run Behavior\ReadHtmlCacheBehavior [ RunTime:0.004000s ]
INFO: [ app_begin ] --END-- [ RunTime:0.004000s ]
INFO: [ view_parse ] --START--
INFO: [ template_filter ] --START--
INFO: Run Behavior\ContentReplaceBehavior [ RunTime:0.000000s ]
INFO: [ template_filter ] --END-- [ RunTime:0.000000s ]
INFO: Run Behavior\ParseTemplateBehavior [ RunTime:0.028002s ]
INFO: [ view_parse ] --END-- [ RunTime:0.028002s ]
INFO: [ view_filter ] --START--
INFO: Run Behavior\WriteHtmlCacheBehavior [ RunTime:0.003000s ]
INFO: [ view_filter ] --END-- [ RunTime:0.003000s ]
INFO: [ app_end ] --START--
INFO: Run Behavior\ShowPageTraceBehavior [ RunTime:0.003000s ]
INFO: [ app_end ] --END-- [ RunTime:0.003000s ]

[ 2019-12-20T11:20:10+08:00 ] 119.119.90.189 /home/sendsign/signnamesign/type/1/id/482/orders/1
INFO: [ app_init ] --START--
INFO: Run Behavior\BuildLiteBehavior [ RunTime:0.000000s ]
INFO: [ app_init ] --END-- [ RunTime:0.023001s ]
INFO: [ app_begin ] --START--
INFO: Run Behavior\ReadHtmlCacheBehavior [ RunTime:0.004000s ]
INFO: [ app_begin ] --END-- [ RunTime:0.004000s ]
SQL: SHOW COLUMNS FROM `imgtime` [ RunTime:0.0050s ]
SQL: SELECT * FROM `imgtime` WHERE ( id=1 ) LIMIT 1   [ RunTime:0.0010s ]
SQL: UPDATE `imgtime` SET `str`='2019-12-20' WHERE ( id=1 ) [ RunTime:0.0720s ]
INFO: [ view_parse ] --START--
INFO: [ template_filter ] --START--
INFO: Run Behavior\ContentReplaceBehavior [ RunTime:0.001000s ]
INFO: [ template_filter ] --END-- [ RunTime:0.001000s ]
INFO: Run Behavior\ParseTemplateBehavior [ RunTime:0.027002s ]
INFO: [ view_parse ] --END-- [ RunTime:0.027002s ]
INFO: [ view_filter ] --START--
INFO: Run Behavior\WriteHtmlCacheBehavior [ RunTime:0.003000s ]
INFO: [ view_filter ] --END-- [ RunTime:0.003000s ]
INFO: [ app_end ] --START--
INFO: Run Behavior\ShowPageTraceBehavior [ RunTime:0.003000s ]
INFO: [ app_end ] --END-- [ RunTime:0.003000s ]

[ 2019-12-20T11:20:18+08:00 ] 119.119.90.189 /home/sendsign/sendsigndo
INFO: [ app_init ] --START--
INFO: Run Behavior\BuildLiteBehavior [ RunTime:0.000000s ]
INFO: [ app_init ] --END-- [ RunTime:0.003001s ]
INFO: [ app_begin ] --START--
INFO: Run Behavior\ReadHtmlCacheBehavior [ RunTime:0.005000s ]
INFO: [ app_begin ] --END-- [ RunTime:0.005000s ]
SQL: SHOW COLUMNS FROM `sign` [ RunTime:0.0030s ]
SQL: SELECT * FROM `sign` WHERE ( id='482' ) LIMIT 1   [ RunTime:0.0010s ]
SQL: SHOW COLUMNS FROM `templateson` [ RunTime:0.0030s ]
SQL: SELECT * FROM `templateson` WHERE ( fid='343' and uid='924' and orders='1' ) LIMIT 1   [ RunTime:0.0010s ]
SQL: SHOW COLUMNS FROM `signson` [ RunTime:0.0040s ]
SQL: SELECT * FROM `signson` WHERE ( fid='482' and tsid='659' ) LIMIT 1   [ RunTime:0.0010s ]
SQL: SHOW COLUMNS FROM `signimg` [ RunTime:0.0040s ]
SQL: SELECT * FROM `signimg` WHERE ( sid='482' )  [ RunTime:0.0010s ]
SQL: SHOW COLUMNS FROM `customer` [ RunTime:0.0030s ]
SQL: SELECT * FROM `customer` WHERE ( id='924' ) LIMIT 1   [ RunTime:0.0010s ]
SQL: SELECT * FROM `sign` WHERE ( id='482' ) LIMIT 1   [ RunTime:0.0010s ]
SQL: SELECT * FROM `templateson` WHERE ( uid='924' and fid='343' and orders='1' ) LIMIT 1   [ RunTime:0.0010s ]
NOTIC: [2] exif_read_data(5dfc3db9a661a.jpg): Illegal IFD size D:\phpstudy_pro\WWW\wqxts\Application\Home\Controller\SendsignController.class.php 第 780 行.
SQL: DELETE FROM `signimg` WHERE ( img='/images/924/2019-12-20/5dfc3db9a661a.jpg' ) [ RunTime:0.1060s ]
SQL: INSERT INTO `signimg` (`img`,`sid`) VALUES ('/./images/924/2019-12-20/c74ee494e704f7dddf14821ee0cf2ab8.png','482') [ RunTime:0.0920s ]
SQL: UPDATE `sign` SET `img`='1712' WHERE ( id='482' ) [ RunTime:0.0660s ]
SQL: SELECT * FROM `sign` WHERE ( id='482' ) LIMIT 1   [ RunTime:0.0010s ]
SQL: SELECT * FROM `templateson` WHERE ( fid='343' and orders='1' ) LIMIT 1   [ RunTime:0.0020s ]
SQL: UPDATE `signson` SET `issign`='2' WHERE ( tsid='659' and fid ='482' ) [ RunTime:0.0560s ]
SQL: UPDATE `sign` SET `nownode`='2',`savetime`='1576812018' WHERE ( id='482' ) [ RunTime:0.0410s ]
SQL: SELECT * FROM `sign` WHERE ( id='482' ) LIMIT 1   [ RunTime:0.0010s ]
SQL: SHOW COLUMNS FROM `template` [ RunTime:0.0040s ]
SQL: SELECT * FROM `template` WHERE ( id='343' ) LIMIT 1   [ RunTime:0.0010s ]
SQL: SELECT * FROM `templateson` WHERE ( fid='343' and orders = '2'  ) LIMIT 1   [ RunTime:0.0010s ]
SQL: SELECT * FROM `customer` WHERE ( id='924' ) LIMIT 1   [ RunTime:0.0010s ]
INFO: [ app_end ] --START--
INFO: Run Behavior\ShowPageTraceBehavior [ RunTime:0.004000s ]
INFO: [ app_end ] --END-- [ RunTime:0.004000s ]

[ 2019-12-20T11:20:20+08:00 ] 119.119.90.189 /home/sendsign/forminfo/id/482
INFO: [ app_init ] --START--
INFO: Run Behavior\BuildLiteBehavior [ RunTime:0.000000s ]
INFO: [ app_init ] --END-- [ RunTime:0.001000s ]
INFO: [ app_begin ] --START--
INFO: Run Behavior\ReadHtmlCacheBehavior [ RunTime:0.003001s ]
INFO: [ app_begin ] --END-- [ RunTime:0.003001s ]
INFO: [ view_parse ] --START--
INFO: [ template_filter ] --START--
INFO: Run Behavior\ContentReplaceBehavior [ RunTime:0.000000s ]
INFO: [ template_filter ] --END-- [ RunTime:0.000000s ]
INFO: Run Behavior\ParseTemplateBehavior [ RunTime:0.021001s ]
INFO: [ view_parse ] --END-- [ RunTime:0.021001s ]
INFO: [ view_filter ] --START--
INFO: Run Behavior\WriteHtmlCacheBehavior [ RunTime:0.002000s ]
INFO: [ view_filter ] --END-- [ RunTime:0.002000s ]
INFO: [ app_end ] --START--
INFO: Run Behavior\ShowPageTraceBehavior [ RunTime:0.003001s ]
INFO: [ app_end ] --END-- [ RunTime:0.003001s ]

[ 2019-12-20T11:20:22+08:00 ] 119.119.90.189 /home/sendsign/signnamesign/type/2/id/482/orders/2
INFO: [ app_init ] --START--
INFO: Run Behavior\BuildLiteBehavior [ RunTime:0.000000s ]
INFO: [ app_init ] --END-- [ RunTime:0.003000s ]
INFO: [ app_begin ] --START--
INFO: Run Behavior\ReadHtmlCacheBehavior [ RunTime:0.003001s ]
INFO: [ app_begin ] --END-- [ RunTime:0.004001s ]
SQL: SHOW COLUMNS FROM `imgtime` [ RunTime:0.0030s ]
SQL: SELECT * FROM `imgtime` WHERE ( id=1 ) LIMIT 1   [ RunTime:0.0010s ]
INFO: [ view_parse ] --START--
INFO: [ template_filter ] --START--
INFO: Run Behavior\ContentReplaceBehavior [ RunTime:0.001000s ]
INFO: [ template_filter ] --END-- [ RunTime:0.001000s ]
INFO: Run Behavior\ParseTemplateBehavior [ RunTime:0.020001s ]
INFO: [ view_parse ] --END-- [ RunTime:0.020001s ]
INFO: [ view_filter ] --START--
INFO: Run Behavior\WriteHtmlCacheBehavior [ RunTime:0.002000s ]
INFO: [ view_filter ] --END-- [ RunTime:0.002000s ]
INFO: [ app_end ] --START--
INFO: Run Behavior\ShowPageTraceBehavior [ RunTime:0.003001s ]
INFO: [ app_end ] --END-- [ RunTime:0.003001s ]

[ 2019-12-20T11:20:29+08:00 ] 119.119.90.189 /home/sendsign/sendsigndo
INFO: [ app_init ] --START--
INFO: Run Behavior\BuildLiteBehavior [ RunTime:0.000000s ]
INFO: [ app_init ] --END-- [ RunTime:0.003001s ]
INFO: [ app_begin ] --START--
INFO: Run Behavior\ReadHtmlCacheBehavior [ RunTime:0.004000s ]
INFO: [ app_begin ] --END-- [ RunTime:0.004000s ]
SQL: SHOW COLUMNS FROM `sign` [ RunTime:0.0030s ]
SQL: SELECT * FROM `sign` WHERE ( id='482' ) LIMIT 1   [ RunTime:0.0010s ]
SQL: SHOW COLUMNS FROM `templateson` [ RunTime:0.0040s ]
SQL: SELECT * FROM `templateson` WHERE ( fid='343' and uid='924' and orders='2' ) LIMIT 1   [ RunTime:0.0010s ]
SQL: SHOW COLUMNS FROM `signson` [ RunTime:0.0040s ]
SQL: SELECT * FROM `signson` WHERE ( fid='482' and tsid='660' ) LIMIT 1   [ RunTime:0.0010s ]
SQL: SHOW COLUMNS FROM `signimg` [ RunTime:0.0030s ]
SQL: SELECT * FROM `signimg` WHERE ( sid='482' )  [ RunTime:0.0010s ]
SQL: SHOW COLUMNS FROM `customer` [ RunTime:0.0040s ]
SQL: SELECT * FROM `customer` WHERE ( id='924' ) LIMIT 1   [ RunTime:0.0020s ]
SQL: SELECT * FROM `sign` WHERE ( id='482' ) LIMIT 1   [ RunTime:0.0010s ]
SQL: SELECT * FROM `templateson` WHERE ( uid='924' and fid='343' and orders='2' ) LIMIT 1   [ RunTime:0.0020s ]
SQL: SHOW COLUMNS FROM `seal` [ RunTime:0.0030s ]
SQL: SELECT * FROM `seal` WHERE ( id='47' ) LIMIT 1   [ RunTime:0.0010s ]
SQL: DELETE FROM `signimg` WHERE ( img='/./images/924/2019-12-20/c74ee494e704f7dddf14821ee0cf2ab8.png' ) [ RunTime:0.0630s ]
SQL: INSERT INTO `signimg` (`img`,`sid`) VALUES ('/./images/924/2019-12-20/9221b4ece94f0b10bdce3b38f0cad0f9.png','482') [ RunTime:0.0920s ]
SQL: UPDATE `sign` SET `img`='1713' WHERE ( id='482' ) [ RunTime:0.0400s ]
SQL: SELECT * FROM `sign` WHERE ( id='482' ) LIMIT 1   [ RunTime:0.0020s ]
SQL: SELECT * FROM `templateson` WHERE ( fid='343' and orders='2' ) LIMIT 1   [ RunTime:0.0010s ]
SQL: UPDATE `signson` SET `issign`='2' WHERE ( tsid='660' and fid ='482' ) [ RunTime:0.0710s ]
SQL: SELECT * FROM `sign` WHERE ( id='482' ) LIMIT 1   [ RunTime:0.0010s ]
SQL: UPDATE `sign` SET `nownode`='3',`status`='2',`savetime`='1576812028' WHERE ( id='482' ) [ RunTime:0.0560s ]
SQL: SELECT * FROM `sign` WHERE ( id='482' ) LIMIT 1   [ RunTime:0.0020s ]
SQL: SELECT * FROM `customer` WHERE ( id='924' ) LIMIT 1   [ RunTime:0.0020s ]
SQL: SHOW COLUMNS FROM `template` [ RunTime:0.0040s ]
SQL: SELECT * FROM `template` WHERE ( id='343' ) LIMIT 1   [ RunTime:0.0010s ]
INFO: [ app_end ] --START--
INFO: Run Behavior\ShowPageTraceBehavior [ RunTime:0.003000s ]
INFO: [ app_end ] --END-- [ RunTime:0.003000s ]

[ 2019-12-20T11:20:31+08:00 ] 119.119.90.189 /home/sendsign/forminfo/id/482
INFO: [ app_init ] --START--
INFO: Run Behavior\BuildLiteBehavior [ RunTime:0.000000s ]
INFO: [ app_init ] --END-- [ RunTime:0.003000s ]
INFO: [ app_begin ] --START--
INFO: Run Behavior\ReadHtmlCacheBehavior [ RunTime:0.004000s ]
INFO: [ app_begin ] --END-- [ RunTime:0.004000s ]
INFO: [ view_parse ] --START--
INFO: [ template_filter ] --START--
INFO: Run Behavior\ContentReplaceBehavior [ RunTime:0.000000s ]
INFO: [ template_filter ] --END-- [ RunTime:0.000000s ]
INFO: Run Behavior\ParseTemplateBehavior [ RunTime:0.030002s ]
INFO: [ view_parse ] --END-- [ RunTime:0.030002s ]
INFO: [ view_filter ] --START--
INFO: Run Behavior\WriteHtmlCacheBehavior [ RunTime:0.002000s ]
INFO: [ view_filter ] --END-- [ RunTime:0.002000s ]
INFO: [ app_end ] --START--
INFO: Run Behavior\ShowPageTraceBehavior [ RunTime:0.002000s ]
INFO: [ app_end ] --END-- [ RunTime:0.002000s ]

[ 2019-12-20T11:20:32+08:00 ] 119.119.90.189 /home/sendsign/imginfo/id/482
INFO: [ app_init ] --START--
INFO: Run Behavior\BuildLiteBehavior [ RunTime:0.000000s ]
INFO: [ app_init ] --END-- [ RunTime:0.003000s ]
INFO: [ app_begin ] --START--
INFO: Run Behavior\ReadHtmlCacheBehavior [ RunTime:0.004000s ]
INFO: [ app_begin ] --END-- [ RunTime:0.004000s ]
INFO: [ view_parse ] --START--
INFO: [ template_filter ] --START--
INFO: Run Behavior\ContentReplaceBehavior [ RunTime:0.000000s ]
INFO: [ template_filter ] --END-- [ RunTime:0.000000s ]
INFO: Run Behavior\ParseTemplateBehavior [ RunTime:0.018001s ]
INFO: [ view_parse ] --END-- [ RunTime:0.018001s ]
INFO: [ view_filter ] --START--
INFO: Run Behavior\WriteHtmlCacheBehavior [ RunTime:0.002000s ]
INFO: [ view_filter ] --END-- [ RunTime:0.002000s ]
INFO: [ app_end ] --START--
INFO: Run Behavior\ShowPageTraceBehavior [ RunTime:0.002000s ]
INFO: [ app_end ] --END-- [ RunTime:0.003001s ]

[ 2019-12-20T19:42:11+08:00 ] 175.167.152.18 /
INFO: [ app_init ] --START--
INFO: Run Behavior\BuildLiteBehavior [ RunTime:0.000000s ]
INFO: [ app_init ] --END-- [ RunTime:0.003000s ]
INFO: [ app_begin ] --START--
INFO: Run Behavior\ReadHtmlCacheBehavior [ RunTime:0.004000s ]
INFO: [ app_begin ] --END-- [ RunTime:0.004000s ]
INFO: [ view_parse ] --START--
INFO: [ template_filter ] --START--
INFO: Run Behavior\ContentReplaceBehavior [ RunTime:0.000000s ]
INFO: [ template_filter ] --END-- [ RunTime:0.000000s ]
INFO: Run Behavior\ParseTemplateBehavior [ RunTime:0.038002s ]
INFO: [ view_parse ] --END-- [ RunTime:0.038002s ]
INFO: [ view_filter ] --START--
INFO: Run Behavior\WriteHtmlCacheBehavior [ RunTime:0.002000s ]
INFO: [ view_filter ] --END-- [ RunTime:0.002000s ]
INFO: [ app_end ] --START--
INFO: Run Behavior\ShowPageTraceBehavior [ RunTime:0.002000s ]
INFO: [ app_end ] --END-- [ RunTime:0.002000s ]

[ 2019-12-20T21:50:29+08:00 ] 211.93.128.228 /
INFO: [ app_init ] --START--
INFO: Run Behavior\BuildLiteBehavior [ RunTime:0.000000s ]
INFO: [ app_init ] --END-- [ RunTime:0.002000s ]
INFO: [ app_begin ] --START--
INFO: Run Behavior\ReadHtmlCacheBehavior [ RunTime:0.002000s ]
INFO: [ app_begin ] --END-- [ RunTime:0.002000s ]
INFO: [ view_parse ] --START--
INFO: [ template_filter ] --START--
INFO: Run Behavior\ContentReplaceBehavior [ RunTime:0.000000s ]
INFO: [ template_filter ] --END-- [ RunTime:0.000000s ]
INFO: Run Behavior\ParseTemplateBehavior [ RunTime:0.028001s ]
INFO: [ view_parse ] --END-- [ RunTime:0.028001s ]
INFO: [ view_filter ] --START--
INFO: Run Behavior\WriteHtmlCacheBehavior [ RunTime:0.003001s ]
INFO: [ view_filter ] --END-- [ RunTime:0.003001s ]
INFO: [ app_end ] --START--
INFO: Run Behavior\ShowPageTraceBehavior [ RunTime:0.004000s ]
INFO: [ app_end ] --END-- [ RunTime:0.004000s ]

