[ 2019-10-18T09:35:15+08:00 ] 119.119.77.185 /
INFO: [ app_init ] --START--
INFO: Run Behavior\BuildLiteBehavior [ RunTime:0.000000s ]
INFO: [ app_init ] --END-- [ RunTime:0.000000s ]
INFO: [ app_begin ] --START--
INFO: Run Behavior\ReadHtmlCacheBehavior [ RunTime:0.000000s ]
INFO: [ app_begin ] --END-- [ RunTime:0.000000s ]
INFO: [ view_parse ] --START--
INFO: [ template_filter ] --START--
INFO: Run Behavior\ContentReplaceBehavior [ RunTime:0.000000s ]
INFO: [ template_filter ] --END-- [ RunTime:0.000000s ]
INFO: Run Behavior\ParseTemplateBehavior [ RunTime:0.015600s ]
INFO: [ view_parse ] --END-- [ RunTime:0.015600s ]
INFO: [ view_filter ] --START--
INFO: Run Behavior\WriteHtmlCacheBehavior [ RunTime:0.000000s ]
INFO: [ view_filter ] --END-- [ RunTime:0.000000s ]
INFO: [ app_end ] --START--
INFO: Run Behavior\ShowPageTraceBehavior [ RunTime:0.000000s ]
INFO: [ app_end ] --END-- [ RunTime:0.000000s ]

[ 2019-10-18T09:35:18+08:00 ] 119.119.77.185 /home/index/yzinfo
INFO: [ app_init ] --START--
INFO: Run Behavior\BuildLiteBehavior [ RunTime:0.000000s ]
INFO: [ app_init ] --END-- [ RunTime:0.000000s ]
INFO: [ app_begin ] --START--
INFO: Run Behavior\ReadHtmlCacheBehavior [ RunTime:0.000000s ]
INFO: [ app_begin ] --END-- [ RunTime:0.000000s ]
SQL: SHOW COLUMNS FROM `customer` [ RunTime:0.0000s ]
SQL: SELECT * FROM `customer` WHERE ( tel='13700045004' ) LIMIT 1   [ RunTime:0.0000s ]
SQL: UPDATE `customer` SET `token`='4e504cf24be03219a7e643062b691e50' WHERE ( id='924' ) [ RunTime:0.0468s ]
NOTIC: [8] Undefined index: sign D:\phpstudy_pro\WWW\wqxts\Application\Home\Controller\IndexController.class.php 第 62 行.
SQL: SHOW COLUMNS FROM `seal` [ RunTime:0.0156s ]
SQL: SELECT * FROM `seal` WHERE ( id='47' ) LIMIT 1   [ RunTime:0.0000s ]

[ 2019-10-18T09:35:21+08:00 ] 119.119.77.185 /home/netsign/index
INFO: [ app_init ] --START--
INFO: Run Behavior\BuildLiteBehavior [ RunTime:0.000000s ]
INFO: [ app_init ] --END-- [ RunTime:0.000000s ]
INFO: [ app_begin ] --START--
INFO: Run Behavior\ReadHtmlCacheBehavior [ RunTime:0.015600s ]
INFO: [ app_begin ] --END-- [ RunTime:0.015600s ]
INFO: [ view_parse ] --START--
INFO: [ template_filter ] --START--
INFO: Run Behavior\ContentReplaceBehavior [ RunTime:0.000000s ]
INFO: [ template_filter ] --END-- [ RunTime:0.000000s ]
INFO: Run Behavior\ParseTemplateBehavior [ RunTime:0.000000s ]
INFO: [ view_parse ] --END-- [ RunTime:0.000000s ]
INFO: [ view_filter ] --START--
INFO: Run Behavior\WriteHtmlCacheBehavior [ RunTime:0.000000s ]
INFO: [ view_filter ] --END-- [ RunTime:0.000000s ]
INFO: [ app_end ] --START--
INFO: Run Behavior\ShowPageTraceBehavior [ RunTime:0.015600s ]
INFO: [ app_end ] --END-- [ RunTime:0.015600s ]

[ 2019-10-18T09:35:23+08:00 ] 119.119.77.185 /index.php/Home/Sendsign/index.html
INFO: [ app_init ] --START--
INFO: Run Behavior\BuildLiteBehavior [ RunTime:0.000000s ]
INFO: [ app_init ] --END-- [ RunTime:0.000000s ]
INFO: [ app_begin ] --START--
INFO: Run Behavior\ReadHtmlCacheBehavior [ RunTime:0.000000s ]
INFO: [ app_begin ] --END-- [ RunTime:0.000000s ]
INFO: [ view_parse ] --START--
INFO: [ template_filter ] --START--
INFO: Run Behavior\ContentReplaceBehavior [ RunTime:0.000000s ]
INFO: [ template_filter ] --END-- [ RunTime:0.000000s ]
INFO: Run Behavior\ParseTemplateBehavior [ RunTime:0.015600s ]
INFO: [ view_parse ] --END-- [ RunTime:0.015600s ]
INFO: [ view_filter ] --START--
INFO: Run Behavior\WriteHtmlCacheBehavior [ RunTime:0.000000s ]
INFO: [ view_filter ] --END-- [ RunTime:0.000000s ]
INFO: [ app_end ] --START--
INFO: Run Behavior\ShowPageTraceBehavior [ RunTime:0.000000s ]
INFO: [ app_end ] --END-- [ RunTime:0.000000s ]

[ 2019-10-18T09:35:26+08:00 ] 119.119.77.185 /index.php/Home/Sendsign/photo.html
INFO: [ app_init ] --START--
INFO: Run Behavior\BuildLiteBehavior [ RunTime:0.000000s ]
INFO: [ app_init ] --END-- [ RunTime:0.000000s ]
INFO: [ app_begin ] --START--
INFO: Run Behavior\ReadHtmlCacheBehavior [ RunTime:0.000000s ]
INFO: [ app_begin ] --END-- [ RunTime:0.000000s ]
INFO: [ view_parse ] --START--
INFO: [ template_filter ] --START--
INFO: Run Behavior\ContentReplaceBehavior [ RunTime:0.000000s ]
INFO: [ template_filter ] --END-- [ RunTime:0.000000s ]
INFO: Run Behavior\ParseTemplateBehavior [ RunTime:0.015601s ]
INFO: [ view_parse ] --END-- [ RunTime:0.015601s ]
INFO: [ view_filter ] --START--
INFO: Run Behavior\WriteHtmlCacheBehavior [ RunTime:0.000000s ]
INFO: [ view_filter ] --END-- [ RunTime:0.000000s ]
INFO: [ app_end ] --START--
INFO: Run Behavior\ShowPageTraceBehavior [ RunTime:0.000000s ]
INFO: [ app_end ] --END-- [ RunTime:0.000000s ]

[ 2019-10-18T09:35:50+08:00 ] 119.119.77.185 /home/sendsign/upload
INFO: [ app_init ] --START--
INFO: Run Behavior\BuildLiteBehavior [ RunTime:0.000000s ]
INFO: [ app_init ] --END-- [ RunTime:0.000000s ]
INFO: [ app_begin ] --START--
INFO: Run Behavior\ReadHtmlCacheBehavior [ RunTime:0.015600s ]
INFO: [ app_begin ] --END-- [ RunTime:0.015600s ]
NOTIC: [2] call_user_func() expects parameter 1 to be a valid callback, no array or string given D:\phpstudy_pro\WWW\wqxts\ThinkPHP\Library\Think\Upload.class.php 第 170 行.
SQL: SHOW COLUMNS FROM `linshi` [ RunTime:0.0156s ]
SQL: INSERT INTO `linshi` (`img`) VALUES ('/images/924/2019-10-18/5da916f637c7a.jpeg') [ RunTime:0.0780s ]
INFO: [ app_end ] --START--
INFO: Run Behavior\ShowPageTraceBehavior [ RunTime:0.000000s ]
INFO: [ app_end ] --END-- [ RunTime:0.000000s ]

[ 2019-10-18T09:35:51+08:00 ] 119.119.77.185 /home/sendsign/signdo/id/472
INFO: [ app_init ] --START--
INFO: Run Behavior\BuildLiteBehavior [ RunTime:0.000000s ]
INFO: [ app_init ] --END-- [ RunTime:0.000000s ]
INFO: [ app_begin ] --START--
INFO: Run Behavior\ReadHtmlCacheBehavior [ RunTime:0.000000s ]
INFO: [ app_begin ] --END-- [ RunTime:0.000000s ]
SQL: SHOW COLUMNS FROM `linshi` [ RunTime:0.0000s ]
SQL: SELECT * FROM `linshi` WHERE ( id in (472) )  [ RunTime:0.0000s ]
SQL: SELECT * FROM `linshi` WHERE ( id='472' ) LIMIT 1   [ RunTime:0.0000s ]
INFO: [ view_parse ] --START--
INFO: [ template_filter ] --START--
INFO: Run Behavior\ContentReplaceBehavior [ RunTime:0.015600s ]
INFO: [ template_filter ] --END-- [ RunTime:0.015600s ]
NOTIC: [8] Undefined variable: minfo D:\phpstudy_pro\WWW\wqxts\Application\Runtime\Cache\Home\816be5c54cb9ea3118847978b861428e.php 第 114 行.
NOTIC: [8] Undefined variable: minfo D:\phpstudy_pro\WWW\wqxts\Application\Runtime\Cache\Home\816be5c54cb9ea3118847978b861428e.php 第 126 行.
NOTIC: [8] Undefined variable: list D:\phpstudy_pro\WWW\wqxts\Application\Runtime\Cache\Home\816be5c54cb9ea3118847978b861428e.php 第 132 行.
INFO: Run Behavior\ParseTemplateBehavior [ RunTime:0.031200s ]
INFO: [ view_parse ] --END-- [ RunTime:0.031200s ]
INFO: [ view_filter ] --START--
INFO: Run Behavior\WriteHtmlCacheBehavior [ RunTime:0.000000s ]
INFO: [ view_filter ] --END-- [ RunTime:0.000000s ]
INFO: [ app_end ] --START--
INFO: Run Behavior\ShowPageTraceBehavior [ RunTime:0.015600s ]
INFO: [ app_end ] --END-- [ RunTime:0.015600s ]

[ 2019-10-18T09:36:02+08:00 ] 119.119.77.185 /index.php/Home/Sendsign/templist/imgid/472.html
INFO: [ app_init ] --START--
INFO: Run Behavior\BuildLiteBehavior [ RunTime:0.000000s ]
INFO: [ app_init ] --END-- [ RunTime:0.000000s ]
INFO: [ app_begin ] --START--
INFO: Run Behavior\ReadHtmlCacheBehavior [ RunTime:0.000000s ]
INFO: [ app_begin ] --END-- [ RunTime:0.000000s ]
NOTIC: [8] Undefined index: htid D:\phpstudy_pro\WWW\wqxts\Application\Home\Controller\SendsignController.class.php 第 209 行.
INFO: [ view_parse ] --START--
INFO: [ template_filter ] --START--
INFO: Run Behavior\ContentReplaceBehavior [ RunTime:0.000000s ]
INFO: [ template_filter ] --END-- [ RunTime:0.000000s ]
NOTIC: [8] Undefined variable: key D:\phpstudy_pro\WWW\wqxts\Application\Runtime\Cache\Home\ab75eba17681d7ec0c2f3132ac2d3efc.php 第 65 行.
INFO: Run Behavior\ParseTemplateBehavior [ RunTime:0.015600s ]
INFO: [ view_parse ] --END-- [ RunTime:0.015600s ]
INFO: [ view_filter ] --START--
INFO: Run Behavior\WriteHtmlCacheBehavior [ RunTime:0.000000s ]
INFO: [ view_filter ] --END-- [ RunTime:0.000000s ]
INFO: [ app_end ] --START--
INFO: Run Behavior\ShowPageTraceBehavior [ RunTime:0.015600s ]
INFO: [ app_end ] --END-- [ RunTime:0.015600s ]

[ 2019-10-18T09:36:03+08:00 ] 119.119.77.185 /home/sendsign/gettemplist?page=1
INFO: [ app_init ] --START--
INFO: Run Behavior\BuildLiteBehavior [ RunTime:0.000000s ]
INFO: [ app_init ] --END-- [ RunTime:0.000000s ]
INFO: [ app_begin ] --START--
INFO: Run Behavior\ReadHtmlCacheBehavior [ RunTime:0.000000s ]
INFO: [ app_begin ] --END-- [ RunTime:0.000000s ]
INFO: [ app_end ] --START--
INFO: Run Behavior\ShowPageTraceBehavior [ RunTime:0.000000s ]
INFO: [ app_end ] --END-- [ RunTime:0.000000s ]

[ 2019-10-18T09:38:19+08:00 ] 119.119.77.185 /home/sendsign/signdo/id/472
INFO: [ app_init ] --START--
INFO: Run Behavior\BuildLiteBehavior [ RunTime:0.000000s ]
INFO: [ app_init ] --END-- [ RunTime:0.000000s ]
INFO: [ app_begin ] --START--
INFO: Run Behavior\ReadHtmlCacheBehavior [ RunTime:0.000000s ]
INFO: [ app_begin ] --END-- [ RunTime:0.000000s ]
SQL: SHOW COLUMNS FROM `linshi` [ RunTime:0.0000s ]
SQL: SELECT * FROM `linshi` WHERE ( id in (472) )  [ RunTime:0.0000s ]
SQL: SELECT * FROM `linshi` WHERE ( id='472' ) LIMIT 1   [ RunTime:0.0000s ]
INFO: [ view_parse ] --START--
INFO: [ template_filter ] --START--
INFO: Run Behavior\ContentReplaceBehavior [ RunTime:0.000000s ]
INFO: [ template_filter ] --END-- [ RunTime:0.000000s ]
NOTIC: [8] Undefined variable: minfo D:\phpstudy_pro\WWW\wqxts\Application\Runtime\Cache\Home\816be5c54cb9ea3118847978b861428e.php 第 114 行.
NOTIC: [8] Undefined variable: minfo D:\phpstudy_pro\WWW\wqxts\Application\Runtime\Cache\Home\816be5c54cb9ea3118847978b861428e.php 第 126 行.
NOTIC: [8] Undefined variable: list D:\phpstudy_pro\WWW\wqxts\Application\Runtime\Cache\Home\816be5c54cb9ea3118847978b861428e.php 第 132 行.
INFO: Run Behavior\ParseTemplateBehavior [ RunTime:0.046800s ]
INFO: [ view_parse ] --END-- [ RunTime:0.046800s ]
INFO: [ view_filter ] --START--
INFO: Run Behavior\WriteHtmlCacheBehavior [ RunTime:0.000000s ]
INFO: [ view_filter ] --END-- [ RunTime:0.000000s ]
INFO: [ app_end ] --START--
INFO: Run Behavior\ShowPageTraceBehavior [ RunTime:0.000000s ]
INFO: [ app_end ] --END-- [ RunTime:0.000000s ]

[ 2019-10-18T09:40:13+08:00 ] 119.119.77.185 /index.php/Home/Sendsign/templist/imgid/472.html
INFO: [ app_init ] --START--
INFO: Run Behavior\BuildLiteBehavior [ RunTime:0.000000s ]
INFO: [ app_init ] --END-- [ RunTime:0.000000s ]
INFO: [ app_begin ] --START--
INFO: Run Behavior\ReadHtmlCacheBehavior [ RunTime:0.000000s ]
INFO: [ app_begin ] --END-- [ RunTime:0.000000s ]
NOTIC: [8] Undefined index: htid D:\phpstudy_pro\WWW\wqxts\Application\Home\Controller\SendsignController.class.php 第 209 行.
INFO: [ view_parse ] --START--
INFO: [ template_filter ] --START--
INFO: Run Behavior\ContentReplaceBehavior [ RunTime:0.000000s ]
INFO: [ template_filter ] --END-- [ RunTime:0.000000s ]
NOTIC: [8] Undefined variable: key D:\phpstudy_pro\WWW\wqxts\Application\Runtime\Cache\Home\ab75eba17681d7ec0c2f3132ac2d3efc.php 第 65 行.
INFO: Run Behavior\ParseTemplateBehavior [ RunTime:0.015600s ]
INFO: [ view_parse ] --END-- [ RunTime:0.015600s ]
INFO: [ view_filter ] --START--
INFO: Run Behavior\WriteHtmlCacheBehavior [ RunTime:0.000000s ]
INFO: [ view_filter ] --END-- [ RunTime:0.000000s ]
INFO: [ app_end ] --START--
INFO: Run Behavior\ShowPageTraceBehavior [ RunTime:0.000000s ]
INFO: [ app_end ] --END-- [ RunTime:0.000000s ]

[ 2019-10-18T09:40:13+08:00 ] 119.119.77.185 /home/sendsign/gettemplist?page=1
INFO: [ app_init ] --START--
INFO: Run Behavior\BuildLiteBehavior [ RunTime:0.000000s ]
INFO: [ app_init ] --END-- [ RunTime:0.015600s ]
INFO: [ app_begin ] --START--
INFO: Run Behavior\ReadHtmlCacheBehavior [ RunTime:0.000000s ]
INFO: [ app_begin ] --END-- [ RunTime:0.000000s ]
INFO: [ app_end ] --START--
INFO: Run Behavior\ShowPageTraceBehavior [ RunTime:0.000000s ]
INFO: [ app_end ] --END-- [ RunTime:0.000000s ]

[ 2019-10-18T09:42:46+08:00 ] 119.119.77.185 /home/sendsign/getchoseseallist
INFO: [ app_init ] --START--
INFO: Run Behavior\BuildLiteBehavior [ RunTime:0.000000s ]
INFO: [ app_init ] --END-- [ RunTime:0.000000s ]
INFO: [ app_begin ] --START--
INFO: Run Behavior\ReadHtmlCacheBehavior [ RunTime:0.015600s ]
INFO: [ app_begin ] --END-- [ RunTime:0.015600s ]
INFO: [ app_end ] --START--
INFO: Run Behavior\ShowPageTraceBehavior [ RunTime:0.000000s ]
INFO: [ app_end ] --END-- [ RunTime:0.000000s ]

[ 2019-10-18T09:48:51+08:00 ] 119.119.77.185 /home/sendsign/signdo/id/472
INFO: [ app_init ] --START--
INFO: Run Behavior\BuildLiteBehavior [ RunTime:0.000000s ]
INFO: [ app_init ] --END-- [ RunTime:0.000000s ]
INFO: [ app_begin ] --START--
INFO: Run Behavior\ReadHtmlCacheBehavior [ RunTime:0.015600s ]
INFO: [ app_begin ] --END-- [ RunTime:0.015600s ]
SQL: SHOW COLUMNS FROM `linshi` [ RunTime:0.0312s ]
SQL: SELECT * FROM `linshi` WHERE ( id in (472) )  [ RunTime:0.0312s ]
SQL: SELECT * FROM `linshi` WHERE ( id='472' ) LIMIT 1   [ RunTime:0.0000s ]
INFO: [ view_parse ] --START--
INFO: [ template_filter ] --START--
INFO: Run Behavior\ContentReplaceBehavior [ RunTime:0.000000s ]
INFO: [ template_filter ] --END-- [ RunTime:0.000000s ]
NOTIC: [8] Undefined variable: minfo D:\phpstudy_pro\WWW\wqxts\Application\Runtime\Cache\Home\816be5c54cb9ea3118847978b861428e.php 第 114 行.
NOTIC: [8] Undefined variable: minfo D:\phpstudy_pro\WWW\wqxts\Application\Runtime\Cache\Home\816be5c54cb9ea3118847978b861428e.php 第 126 行.
NOTIC: [8] Undefined variable: list D:\phpstudy_pro\WWW\wqxts\Application\Runtime\Cache\Home\816be5c54cb9ea3118847978b861428e.php 第 132 行.
INFO: Run Behavior\ParseTemplateBehavior [ RunTime:0.031200s ]
INFO: [ view_parse ] --END-- [ RunTime:0.031200s ]
INFO: [ view_filter ] --START--
INFO: Run Behavior\WriteHtmlCacheBehavior [ RunTime:0.000000s ]
INFO: [ view_filter ] --END-- [ RunTime:0.000000s ]
INFO: [ app_end ] --START--
INFO: Run Behavior\ShowPageTraceBehavior [ RunTime:0.000000s ]
INFO: [ app_end ] --END-- [ RunTime:0.000000s ]

[ 2019-10-18T09:49:07+08:00 ] 119.119.77.185 /home/sendsign/getsignaturelist
INFO: [ app_init ] --START--
INFO: Run Behavior\BuildLiteBehavior [ RunTime:0.000000s ]
INFO: [ app_init ] --END-- [ RunTime:0.000000s ]
INFO: [ app_begin ] --START--
INFO: Run Behavior\ReadHtmlCacheBehavior [ RunTime:0.015600s ]
INFO: [ app_begin ] --END-- [ RunTime:0.015600s ]
INFO: [ app_end ] --START--
INFO: Run Behavior\ShowPageTraceBehavior [ RunTime:0.000000s ]
INFO: [ app_end ] --END-- [ RunTime:0.000000s ]

[ 2019-10-18T09:49:14+08:00 ] 119.119.77.185 /home/sendsign/getsignaturelist
INFO: [ app_init ] --START--
INFO: Run Behavior\BuildLiteBehavior [ RunTime:0.000000s ]
INFO: [ app_init ] --END-- [ RunTime:0.000000s ]
INFO: [ app_begin ] --START--
INFO: Run Behavior\ReadHtmlCacheBehavior [ RunTime:0.000000s ]
INFO: [ app_begin ] --END-- [ RunTime:0.000000s ]
INFO: [ app_end ] --START--
INFO: Run Behavior\ShowPageTraceBehavior [ RunTime:0.000000s ]
INFO: [ app_end ] --END-- [ RunTime:0.000000s ]

[ 2019-10-18T09:49:25+08:00 ] 119.119.77.185 /home/sendsign/getchoseseallist
INFO: [ app_init ] --START--
INFO: Run Behavior\BuildLiteBehavior [ RunTime:0.000000s ]
INFO: [ app_init ] --END-- [ RunTime:0.000000s ]
INFO: [ app_begin ] --START--
INFO: Run Behavior\ReadHtmlCacheBehavior [ RunTime:0.000000s ]
INFO: [ app_begin ] --END-- [ RunTime:0.000000s ]
INFO: [ app_end ] --START--
INFO: Run Behavior\ShowPageTraceBehavior [ RunTime:0.000000s ]
INFO: [ app_end ] --END-- [ RunTime:0.000000s ]

[ 2019-10-18T09:49:29+08:00 ] 119.119.77.185 /home/sendsign/getseallist
INFO: [ app_init ] --START--
INFO: Run Behavior\BuildLiteBehavior [ RunTime:0.000000s ]
INFO: [ app_init ] --END-- [ RunTime:0.000000s ]
INFO: [ app_begin ] --START--
INFO: Run Behavior\ReadHtmlCacheBehavior [ RunTime:0.000000s ]
INFO: [ app_begin ] --END-- [ RunTime:0.000000s ]
INFO: [ app_end ] --START--
INFO: Run Behavior\ShowPageTraceBehavior [ RunTime:0.000000s ]
INFO: [ app_end ] --END-- [ RunTime:0.000000s ]

[ 2019-10-18T10:03:53+08:00 ] 119.119.77.185 /
INFO: [ app_init ] --START--
INFO: Run Behavior\BuildLiteBehavior [ RunTime:0.000000s ]
INFO: [ app_init ] --END-- [ RunTime:0.000000s ]
INFO: [ app_begin ] --START--
INFO: Run Behavior\ReadHtmlCacheBehavior [ RunTime:0.000000s ]
INFO: [ app_begin ] --END-- [ RunTime:0.000000s ]
INFO: [ view_parse ] --START--
INFO: [ template_filter ] --START--
INFO: Run Behavior\ContentReplaceBehavior [ RunTime:0.000000s ]
INFO: [ template_filter ] --END-- [ RunTime:0.000000s ]
INFO: Run Behavior\ParseTemplateBehavior [ RunTime:0.015600s ]
INFO: [ view_parse ] --END-- [ RunTime:0.015600s ]
INFO: [ view_filter ] --START--
INFO: Run Behavior\WriteHtmlCacheBehavior [ RunTime:0.000000s ]
INFO: [ view_filter ] --END-- [ RunTime:0.000000s ]
INFO: [ app_end ] --START--
INFO: Run Behavior\ShowPageTraceBehavior [ RunTime:0.000000s ]
INFO: [ app_end ] --END-- [ RunTime:0.000000s ]

[ 2019-10-18T10:03:55+08:00 ] 119.119.77.185 /home/index/yzinfo
INFO: [ app_init ] --START--
INFO: Run Behavior\BuildLiteBehavior [ RunTime:0.000000s ]
INFO: [ app_init ] --END-- [ RunTime:0.000000s ]
INFO: [ app_begin ] --START--
INFO: Run Behavior\ReadHtmlCacheBehavior [ RunTime:0.015601s ]
INFO: [ app_begin ] --END-- [ RunTime:0.015601s ]
SQL: SHOW COLUMNS FROM `customer` [ RunTime:0.0000s ]
SQL: SELECT * FROM `customer` WHERE ( tel='13700045004' ) LIMIT 1   [ RunTime:0.0000s ]
SQL: UPDATE `customer` SET `token`='4e504cf24be03219a7e643062b691e50' WHERE ( id='924' ) [ RunTime:0.0000s ]
NOTIC: [8] Undefined index: sign D:\phpstudy_pro\WWW\wqxts\Application\Home\Controller\IndexController.class.php 第 62 行.
SQL: SHOW COLUMNS FROM `seal` [ RunTime:0.0000s ]
SQL: SELECT * FROM `seal` WHERE ( id='47' ) LIMIT 1   [ RunTime:0.0156s ]

[ 2019-10-18T10:03:58+08:00 ] 119.119.77.185 /home/netsign/index
INFO: [ app_init ] --START--
INFO: Run Behavior\BuildLiteBehavior [ RunTime:0.000000s ]
INFO: [ app_init ] --END-- [ RunTime:0.000000s ]
INFO: [ app_begin ] --START--
INFO: Run Behavior\ReadHtmlCacheBehavior [ RunTime:0.000000s ]
INFO: [ app_begin ] --END-- [ RunTime:0.000000s ]
INFO: [ view_parse ] --START--
INFO: [ template_filter ] --START--
INFO: Run Behavior\ContentReplaceBehavior [ RunTime:0.000000s ]
INFO: [ template_filter ] --END-- [ RunTime:0.000000s ]
INFO: Run Behavior\ParseTemplateBehavior [ RunTime:0.015600s ]
INFO: [ view_parse ] --END-- [ RunTime:0.015600s ]
INFO: [ view_filter ] --START--
INFO: Run Behavior\WriteHtmlCacheBehavior [ RunTime:0.000000s ]
INFO: [ view_filter ] --END-- [ RunTime:0.000000s ]
INFO: [ app_end ] --START--
INFO: Run Behavior\ShowPageTraceBehavior [ RunTime:0.000000s ]
INFO: [ app_end ] --END-- [ RunTime:0.000000s ]

[ 2019-10-18T10:03:59+08:00 ] 119.119.77.185 /index.php/Home/Sendsign/index.html
INFO: [ app_init ] --START--
INFO: Run Behavior\BuildLiteBehavior [ RunTime:0.000000s ]
INFO: [ app_init ] --END-- [ RunTime:0.000000s ]
INFO: [ app_begin ] --START--
INFO: Run Behavior\ReadHtmlCacheBehavior [ RunTime:0.000000s ]
INFO: [ app_begin ] --END-- [ RunTime:0.000000s ]
INFO: [ view_parse ] --START--
INFO: [ template_filter ] --START--
INFO: Run Behavior\ContentReplaceBehavior [ RunTime:0.000000s ]
INFO: [ template_filter ] --END-- [ RunTime:0.000000s ]
INFO: Run Behavior\ParseTemplateBehavior [ RunTime:0.015601s ]
INFO: [ view_parse ] --END-- [ RunTime:0.015601s ]
INFO: [ view_filter ] --START--
INFO: Run Behavior\WriteHtmlCacheBehavior [ RunTime:0.000000s ]
INFO: [ view_filter ] --END-- [ RunTime:0.000000s ]
INFO: [ app_end ] --START--
INFO: Run Behavior\ShowPageTraceBehavior [ RunTime:0.000000s ]
INFO: [ app_end ] --END-- [ RunTime:0.000000s ]

[ 2019-10-18T10:04:00+08:00 ] 119.119.77.185 /index.php/Home/Sendsign/photo.html
INFO: [ app_init ] --START--
INFO: Run Behavior\BuildLiteBehavior [ RunTime:0.000000s ]
INFO: [ app_init ] --END-- [ RunTime:0.000000s ]
INFO: [ app_begin ] --START--
INFO: Run Behavior\ReadHtmlCacheBehavior [ RunTime:0.015600s ]
INFO: [ app_begin ] --END-- [ RunTime:0.015600s ]
INFO: [ view_parse ] --START--
INFO: [ template_filter ] --START--
INFO: Run Behavior\ContentReplaceBehavior [ RunTime:0.000000s ]
INFO: [ template_filter ] --END-- [ RunTime:0.000000s ]
INFO: Run Behavior\ParseTemplateBehavior [ RunTime:0.015600s ]
INFO: [ view_parse ] --END-- [ RunTime:0.031200s ]
INFO: [ view_filter ] --START--
INFO: Run Behavior\WriteHtmlCacheBehavior [ RunTime:0.000000s ]
INFO: [ view_filter ] --END-- [ RunTime:0.000000s ]
INFO: [ app_end ] --START--
INFO: Run Behavior\ShowPageTraceBehavior [ RunTime:0.000000s ]
INFO: [ app_end ] --END-- [ RunTime:0.000000s ]

[ 2019-10-18T10:04:26+08:00 ] 119.119.77.185 /home/sendsign/upload
INFO: [ app_init ] --START--
INFO: Run Behavior\BuildLiteBehavior [ RunTime:0.000000s ]
INFO: [ app_init ] --END-- [ RunTime:0.000000s ]
INFO: [ app_begin ] --START--
INFO: Run Behavior\ReadHtmlCacheBehavior [ RunTime:0.000000s ]
INFO: [ app_begin ] --END-- [ RunTime:0.000000s ]
NOTIC: [2] call_user_func() expects parameter 1 to be a valid callback, no array or string given D:\phpstudy_pro\WWW\wqxts\ThinkPHP\Library\Think\Upload.class.php 第 170 行.
SQL: SHOW COLUMNS FROM `linshi` [ RunTime:0.0000s ]
SQL: INSERT INTO `linshi` (`img`) VALUES ('/images/924/2019-10-18/5da91daa0331f.jpg') [ RunTime:0.0624s ]
INFO: [ app_end ] --START--
INFO: Run Behavior\ShowPageTraceBehavior [ RunTime:0.000000s ]
INFO: [ app_end ] --END-- [ RunTime:0.000000s ]

[ 2019-10-18T10:04:39+08:00 ] 119.119.77.185 /home/sendsign/signdo/id/473
INFO: [ app_init ] --START--
INFO: Run Behavior\BuildLiteBehavior [ RunTime:0.000000s ]
INFO: [ app_init ] --END-- [ RunTime:0.000000s ]
INFO: [ app_begin ] --START--
INFO: Run Behavior\ReadHtmlCacheBehavior [ RunTime:0.000000s ]
INFO: [ app_begin ] --END-- [ RunTime:0.000000s ]
SQL: SHOW COLUMNS FROM `linshi` [ RunTime:0.0000s ]
SQL: SELECT * FROM `linshi` WHERE ( id in (473) )  [ RunTime:0.0000s ]
SQL: SELECT * FROM `linshi` WHERE ( id='473' ) LIMIT 1   [ RunTime:0.0000s ]
INFO: [ view_parse ] --START--
INFO: [ template_filter ] --START--
INFO: Run Behavior\ContentReplaceBehavior [ RunTime:0.000000s ]
INFO: [ template_filter ] --END-- [ RunTime:0.000000s ]
NOTIC: [8] Undefined variable: minfo D:\phpstudy_pro\WWW\wqxts\Application\Runtime\Cache\Home\816be5c54cb9ea3118847978b861428e.php 第 114 行.
NOTIC: [8] Undefined variable: minfo D:\phpstudy_pro\WWW\wqxts\Application\Runtime\Cache\Home\816be5c54cb9ea3118847978b861428e.php 第 126 行.
NOTIC: [8] Undefined variable: list D:\phpstudy_pro\WWW\wqxts\Application\Runtime\Cache\Home\816be5c54cb9ea3118847978b861428e.php 第 132 行.
INFO: Run Behavior\ParseTemplateBehavior [ RunTime:0.031200s ]
INFO: [ view_parse ] --END-- [ RunTime:0.031200s ]
INFO: [ view_filter ] --START--
INFO: Run Behavior\WriteHtmlCacheBehavior [ RunTime:0.000000s ]
INFO: [ view_filter ] --END-- [ RunTime:0.000000s ]
INFO: [ app_end ] --START--
INFO: Run Behavior\ShowPageTraceBehavior [ RunTime:0.015600s ]
INFO: [ app_end ] --END-- [ RunTime:0.015600s ]

[ 2019-10-18T10:04:50+08:00 ] 119.119.77.185 /home/sendsign/getchoseseallist
INFO: [ app_init ] --START--
INFO: Run Behavior\BuildLiteBehavior [ RunTime:0.000000s ]
INFO: [ app_init ] --END-- [ RunTime:0.000000s ]
INFO: [ app_begin ] --START--
INFO: Run Behavior\ReadHtmlCacheBehavior [ RunTime:0.000000s ]
INFO: [ app_begin ] --END-- [ RunTime:0.000000s ]
INFO: [ app_end ] --START--
INFO: Run Behavior\ShowPageTraceBehavior [ RunTime:0.000000s ]
INFO: [ app_end ] --END-- [ RunTime:0.000000s ]

[ 2019-10-18T10:07:21+08:00 ] 119.119.77.185 /home/sendsign/upload
INFO: [ app_init ] --START--
INFO: Run Behavior\BuildLiteBehavior [ RunTime:0.000000s ]
INFO: [ app_init ] --END-- [ RunTime:0.000000s ]
INFO: [ app_begin ] --START--
INFO: Run Behavior\ReadHtmlCacheBehavior [ RunTime:0.000000s ]
INFO: [ app_begin ] --END-- [ RunTime:0.000000s ]
NOTIC: [2] call_user_func() expects parameter 1 to be a valid callback, no array or string given D:\phpstudy_pro\WWW\wqxts\ThinkPHP\Library\Think\Upload.class.php 第 170 行.
SQL: SHOW COLUMNS FROM `linshi` [ RunTime:0.0000s ]
SQL: INSERT INTO `linshi` (`img`) VALUES ('/images/924/2019-10-18/5da91e58effd3.jpg') [ RunTime:0.0624s ]
INFO: [ app_end ] --START--
INFO: Run Behavior\ShowPageTraceBehavior [ RunTime:0.000000s ]
INFO: [ app_end ] --END-- [ RunTime:0.000000s ]

[ 2019-10-18T10:07:27+08:00 ] 119.119.77.185 /home/sendsign/signdo/id/474
INFO: [ app_init ] --START--
INFO: Run Behavior\BuildLiteBehavior [ RunTime:0.000000s ]
INFO: [ app_init ] --END-- [ RunTime:0.000000s ]
INFO: [ app_begin ] --START--
INFO: Run Behavior\ReadHtmlCacheBehavior [ RunTime:0.000000s ]
INFO: [ app_begin ] --END-- [ RunTime:0.000000s ]
SQL: SHOW COLUMNS FROM `linshi` [ RunTime:0.0000s ]
SQL: SELECT * FROM `linshi` WHERE ( id in (474) )  [ RunTime:0.0000s ]
SQL: SELECT * FROM `linshi` WHERE ( id='474' ) LIMIT 1   [ RunTime:0.0000s ]
INFO: [ view_parse ] --START--
INFO: [ template_filter ] --START--
INFO: Run Behavior\ContentReplaceBehavior [ RunTime:0.000000s ]
INFO: [ template_filter ] --END-- [ RunTime:0.015600s ]
NOTIC: [8] Undefined variable: minfo D:\phpstudy_pro\WWW\wqxts\Application\Runtime\Cache\Home\816be5c54cb9ea3118847978b861428e.php 第 114 行.
NOTIC: [8] Undefined variable: minfo D:\phpstudy_pro\WWW\wqxts\Application\Runtime\Cache\Home\816be5c54cb9ea3118847978b861428e.php 第 126 行.
NOTIC: [8] Undefined variable: list D:\phpstudy_pro\WWW\wqxts\Application\Runtime\Cache\Home\816be5c54cb9ea3118847978b861428e.php 第 132 行.
INFO: Run Behavior\ParseTemplateBehavior [ RunTime:0.031200s ]
INFO: [ view_parse ] --END-- [ RunTime:0.031200s ]
INFO: [ view_filter ] --START--
INFO: Run Behavior\WriteHtmlCacheBehavior [ RunTime:0.000000s ]
INFO: [ view_filter ] --END-- [ RunTime:0.000000s ]
INFO: [ app_end ] --START--
INFO: Run Behavior\ShowPageTraceBehavior [ RunTime:0.000000s ]
INFO: [ app_end ] --END-- [ RunTime:0.000000s ]

[ 2019-10-18T10:07:34+08:00 ] 119.119.77.185 /home/sendsign/getchoseseallist
INFO: [ app_init ] --START--
INFO: Run Behavior\BuildLiteBehavior [ RunTime:0.000000s ]
INFO: [ app_init ] --END-- [ RunTime:0.000000s ]
INFO: [ app_begin ] --START--
INFO: Run Behavior\ReadHtmlCacheBehavior [ RunTime:0.000000s ]
INFO: [ app_begin ] --END-- [ RunTime:0.000000s ]
INFO: [ app_end ] --START--
INFO: Run Behavior\ShowPageTraceBehavior [ RunTime:0.000000s ]
INFO: [ app_end ] --END-- [ RunTime:0.000000s ]

[ 2019-10-18T10:07:51+08:00 ] 119.119.77.185 /home/sendsign/getseallist
INFO: [ app_init ] --START--
INFO: Run Behavior\BuildLiteBehavior [ RunTime:0.000000s ]
INFO: [ app_init ] --END-- [ RunTime:0.000000s ]
INFO: [ app_begin ] --START--
INFO: Run Behavior\ReadHtmlCacheBehavior [ RunTime:0.000000s ]
INFO: [ app_begin ] --END-- [ RunTime:0.000000s ]
INFO: [ app_end ] --START--
INFO: Run Behavior\ShowPageTraceBehavior [ RunTime:0.000000s ]
INFO: [ app_end ] --END-- [ RunTime:0.000000s ]

[ 2019-10-18T10:08:01+08:00 ] 119.119.77.185 /home/sendsign/getchoseseallist
INFO: [ app_init ] --START--
INFO: Run Behavior\BuildLiteBehavior [ RunTime:0.000000s ]
INFO: [ app_init ] --END-- [ RunTime:0.000000s ]
INFO: [ app_begin ] --START--
INFO: Run Behavior\ReadHtmlCacheBehavior [ RunTime:0.000000s ]
INFO: [ app_begin ] --END-- [ RunTime:0.000000s ]
INFO: [ app_end ] --START--
INFO: Run Behavior\ShowPageTraceBehavior [ RunTime:0.000000s ]
INFO: [ app_end ] --END-- [ RunTime:0.000000s ]

[ 2019-10-18T10:08:39+08:00 ] 119.119.77.185 /home/sendsign/getsignaturelist
INFO: [ app_init ] --START--
INFO: Run Behavior\BuildLiteBehavior [ RunTime:0.000000s ]
INFO: [ app_init ] --END-- [ RunTime:0.000000s ]
INFO: [ app_begin ] --START--
INFO: Run Behavior\ReadHtmlCacheBehavior [ RunTime:0.000000s ]
INFO: [ app_begin ] --END-- [ RunTime:0.000000s ]
INFO: [ app_end ] --START--
INFO: Run Behavior\ShowPageTraceBehavior [ RunTime:0.015600s ]
INFO: [ app_end ] --END-- [ RunTime:0.015600s ]

[ 2019-10-18T10:08:51+08:00 ] 119.119.77.185 /home/sendsign/getsignaturelist
INFO: [ app_init ] --START--
INFO: Run Behavior\BuildLiteBehavior [ RunTime:0.000000s ]
INFO: [ app_init ] --END-- [ RunTime:0.000000s ]
INFO: [ app_begin ] --START--
INFO: Run Behavior\ReadHtmlCacheBehavior [ RunTime:0.000000s ]
INFO: [ app_begin ] --END-- [ RunTime:0.000000s ]
INFO: [ app_end ] --START--
INFO: Run Behavior\ShowPageTraceBehavior [ RunTime:0.015600s ]
INFO: [ app_end ] --END-- [ RunTime:0.015600s ]

[ 2019-10-18T10:09:28+08:00 ] 119.119.77.185 /home/sendsign/getseallist
INFO: [ app_init ] --START--
INFO: Run Behavior\BuildLiteBehavior [ RunTime:0.000000s ]
INFO: [ app_init ] --END-- [ RunTime:0.000000s ]
INFO: [ app_begin ] --START--
INFO: Run Behavior\ReadHtmlCacheBehavior [ RunTime:0.000000s ]
INFO: [ app_begin ] --END-- [ RunTime:0.000000s ]
INFO: [ app_end ] --START--
INFO: Run Behavior\ShowPageTraceBehavior [ RunTime:0.000000s ]
INFO: [ app_end ] --END-- [ RunTime:0.000000s ]

[ 2019-10-18T10:09:32+08:00 ] 119.119.77.185 /home/sendsign/signdo/id/474
INFO: [ app_init ] --START--
INFO: Run Behavior\BuildLiteBehavior [ RunTime:0.000000s ]
INFO: [ app_init ] --END-- [ RunTime:0.000000s ]
INFO: [ app_begin ] --START--
INFO: Run Behavior\ReadHtmlCacheBehavior [ RunTime:0.000000s ]
INFO: [ app_begin ] --END-- [ RunTime:0.000000s ]
SQL: SHOW COLUMNS FROM `linshi` [ RunTime:0.0000s ]
SQL: SELECT * FROM `linshi` WHERE ( id in (474) )  [ RunTime:0.0000s ]
SQL: SELECT * FROM `linshi` WHERE ( id='474' ) LIMIT 1   [ RunTime:0.0000s ]
INFO: [ view_parse ] --START--
INFO: [ template_filter ] --START--
INFO: Run Behavior\ContentReplaceBehavior [ RunTime:0.000000s ]
INFO: [ template_filter ] --END-- [ RunTime:0.000000s ]
NOTIC: [8] Undefined variable: minfo D:\phpstudy_pro\WWW\wqxts\Application\Runtime\Cache\Home\816be5c54cb9ea3118847978b861428e.php 第 114 行.
NOTIC: [8] Undefined variable: minfo D:\phpstudy_pro\WWW\wqxts\Application\Runtime\Cache\Home\816be5c54cb9ea3118847978b861428e.php 第 126 行.
NOTIC: [8] Undefined variable: list D:\phpstudy_pro\WWW\wqxts\Application\Runtime\Cache\Home\816be5c54cb9ea3118847978b861428e.php 第 132 行.
INFO: Run Behavior\ParseTemplateBehavior [ RunTime:0.031200s ]
INFO: [ view_parse ] --END-- [ RunTime:0.031200s ]
INFO: [ view_filter ] --START--
INFO: Run Behavior\WriteHtmlCacheBehavior [ RunTime:0.000000s ]
INFO: [ view_filter ] --END-- [ RunTime:0.000000s ]
INFO: [ app_end ] --START--
INFO: Run Behavior\ShowPageTraceBehavior [ RunTime:0.015600s ]
INFO: [ app_end ] --END-- [ RunTime:0.015600s ]

[ 2019-10-18T10:09:41+08:00 ] 119.119.77.185 /index.php/Home/Sendsign/templist/imgid/474.html
INFO: [ app_init ] --START--
INFO: Run Behavior\BuildLiteBehavior [ RunTime:0.000000s ]
INFO: [ app_init ] --END-- [ RunTime:0.000000s ]
INFO: [ app_begin ] --START--
INFO: Run Behavior\ReadHtmlCacheBehavior [ RunTime:0.000000s ]
INFO: [ app_begin ] --END-- [ RunTime:0.000000s ]
NOTIC: [8] Undefined index: htid D:\phpstudy_pro\WWW\wqxts\Application\Home\Controller\SendsignController.class.php 第 209 行.
INFO: [ view_parse ] --START--
INFO: [ template_filter ] --START--
INFO: Run Behavior\ContentReplaceBehavior [ RunTime:0.000000s ]
INFO: [ template_filter ] --END-- [ RunTime:0.000000s ]
NOTIC: [8] Undefined variable: key D:\phpstudy_pro\WWW\wqxts\Application\Runtime\Cache\Home\ab75eba17681d7ec0c2f3132ac2d3efc.php 第 65 行.
INFO: Run Behavior\ParseTemplateBehavior [ RunTime:0.015600s ]
INFO: [ view_parse ] --END-- [ RunTime:0.015600s ]
INFO: [ view_filter ] --START--
INFO: Run Behavior\WriteHtmlCacheBehavior [ RunTime:0.000000s ]
INFO: [ view_filter ] --END-- [ RunTime:0.000000s ]
INFO: [ app_end ] --START--
INFO: Run Behavior\ShowPageTraceBehavior [ RunTime:0.000000s ]
INFO: [ app_end ] --END-- [ RunTime:0.000000s ]

[ 2019-10-18T10:09:41+08:00 ] 119.119.77.185 /home/sendsign/gettemplist?page=1
INFO: [ app_init ] --START--
INFO: Run Behavior\BuildLiteBehavior [ RunTime:0.000000s ]
INFO: [ app_init ] --END-- [ RunTime:0.000000s ]
INFO: [ app_begin ] --START--
INFO: Run Behavior\ReadHtmlCacheBehavior [ RunTime:0.000000s ]
INFO: [ app_begin ] --END-- [ RunTime:0.000000s ]
INFO: [ app_end ] --START--
INFO: Run Behavior\ShowPageTraceBehavior [ RunTime:0.000000s ]
INFO: [ app_end ] --END-- [ RunTime:0.000000s ]

[ 2019-10-18T10:09:43+08:00 ] 119.119.77.185 /home/sendsign/tempinfo/id/305/imgid/474/htid/
INFO: [ app_init ] --START--
INFO: Run Behavior\BuildLiteBehavior [ RunTime:0.000000s ]
INFO: [ app_init ] --END-- [ RunTime:0.000000s ]
INFO: [ app_begin ] --START--
INFO: Run Behavior\ReadHtmlCacheBehavior [ RunTime:0.000000s ]
INFO: [ app_begin ] --END-- [ RunTime:0.000000s ]
NOTIC: [8] Undefined index: htid D:\phpstudy_pro\WWW\wqxts\Application\Home\Controller\SendsignController.class.php 第 225 行.
INFO: [ view_parse ] --START--
INFO: [ template_filter ] --START--
INFO: Run Behavior\ContentReplaceBehavior [ RunTime:0.000000s ]
INFO: [ template_filter ] --END-- [ RunTime:0.000000s ]
INFO: Run Behavior\ParseTemplateBehavior [ RunTime:0.046800s ]
INFO: [ view_parse ] --END-- [ RunTime:0.046800s ]
INFO: [ view_filter ] --START--
INFO: Run Behavior\WriteHtmlCacheBehavior [ RunTime:0.000000s ]
INFO: [ view_filter ] --END-- [ RunTime:0.000000s ]
INFO: [ app_end ] --START--
INFO: Run Behavior\ShowPageTraceBehavior [ RunTime:0.000000s ]
INFO: [ app_end ] --END-- [ RunTime:0.000000s ]

[ 2019-10-18T10:09:51+08:00 ] 119.119.77.185 /home/sendsign/getchoseseallist
INFO: [ app_init ] --START--
INFO: Run Behavior\BuildLiteBehavior [ RunTime:0.000000s ]
INFO: [ app_init ] --END-- [ RunTime:0.000000s ]
INFO: [ app_begin ] --START--
INFO: Run Behavior\ReadHtmlCacheBehavior [ RunTime:0.000000s ]
INFO: [ app_begin ] --END-- [ RunTime:0.000000s ]
INFO: [ app_end ] --START--
INFO: Run Behavior\ShowPageTraceBehavior [ RunTime:0.000000s ]
INFO: [ app_end ] --END-- [ RunTime:0.000000s ]

[ 2019-10-18T10:10:26+08:00 ] 119.119.77.185 /home/sendsign/getsignaturelist
INFO: [ app_init ] --START--
INFO: Run Behavior\BuildLiteBehavior [ RunTime:0.000000s ]
INFO: [ app_init ] --END-- [ RunTime:0.000000s ]
INFO: [ app_begin ] --START--
INFO: Run Behavior\ReadHtmlCacheBehavior [ RunTime:0.015600s ]
INFO: [ app_begin ] --END-- [ RunTime:0.015600s ]
INFO: [ app_end ] --START--
INFO: Run Behavior\ShowPageTraceBehavior [ RunTime:0.000000s ]
INFO: [ app_end ] --END-- [ RunTime:0.000000s ]

[ 2019-10-18T10:10:31+08:00 ] 119.119.77.185 /home/sendsign/getsignaturelist
INFO: [ app_init ] --START--
INFO: Run Behavior\BuildLiteBehavior [ RunTime:0.000000s ]
INFO: [ app_init ] --END-- [ RunTime:0.000000s ]
INFO: [ app_begin ] --START--
INFO: Run Behavior\ReadHtmlCacheBehavior [ RunTime:0.000000s ]
INFO: [ app_begin ] --END-- [ RunTime:0.000000s ]
INFO: [ app_end ] --START--
INFO: Run Behavior\ShowPageTraceBehavior [ RunTime:0.015600s ]
INFO: [ app_end ] --END-- [ RunTime:0.015600s ]

[ 2019-10-18T10:10:39+08:00 ] 119.119.77.185 /home/sendsign/signdoing
INFO: [ app_init ] --START--
INFO: Run Behavior\BuildLiteBehavior [ RunTime:0.000000s ]
INFO: [ app_init ] --END-- [ RunTime:0.000000s ]
INFO: [ app_begin ] --START--
INFO: Run Behavior\ReadHtmlCacheBehavior [ RunTime:0.000000s ]
INFO: [ app_begin ] --END-- [ RunTime:0.000000s ]
NOTIC: [8] Undefined index: htid D:\phpstudy_pro\WWW\wqxts\Application\Home\Controller\SendsignController.class.php 第 405 行.
SQL: SHOW COLUMNS FROM `template` [ RunTime:0.0000s ]
SQL: INSERT INTO `template` (`name`,`creattime`,`status`,`totalnode`) VALUES ('XX签署文件','1571364638','1','2') [ RunTime:0.0468s ]
SQL: SHOW COLUMNS FROM `templateson` [ RunTime:0.0000s ]
SQL: INSERT INTO `templateson` (`fid`,`uid`,`orders`,`type`) VALUES ('309','924','1','1') [ RunTime:0.0468s ]
SQL: INSERT INTO `templateson` (`fid`,`uid`,`orders`,`type`) VALUES ('309','925','2','1') [ RunTime:0.0468s ]
SQL: SELECT * FROM `templateson` WHERE ( fid='309' )  [ RunTime:0.0000s ]
SQL: SHOW COLUMNS FROM `sign` [ RunTime:0.0000s ]
SQL: INSERT INTO `sign` (`uid`,`mid`,`endtime`,`starttime`,`savetime`,`totalnode`,`nownode`,`status`,`htid`) VALUES ('924','309','1571634569','1571364638','1571364638','2','1','1',NULL) [ RunTime:0.0312s ]
SQL: SHOW COLUMNS FROM `signson` [ RunTime:0.0000s ]
SQL: INSERT INTO `signson` (`fid`,`issign`,`tsid`,`remark`) VALUES ('433','1','590','') [ RunTime:0.0468s ]
SQL: INSERT INTO `signson` (`fid`,`issign`,`tsid`,`remark`) VALUES ('433','1','591','') [ RunTime:0.0468s ]
SQL: SHOW COLUMNS FROM `linshi` [ RunTime:0.0000s ]
SQL: SELECT * FROM `linshi` WHERE ( id in(474) )  [ RunTime:0.0000s ]
SQL: SHOW COLUMNS FROM `signimg` [ RunTime:0.0156s ]
SQL: INSERT INTO `signimg` (`sid`,`img`) VALUES ('433','/images/924/2019-10-18/5da91e58effd3.jpg') [ RunTime:0.0780s ]
SQL: UPDATE `sign` SET `img`='1664' WHERE ( id='433' ) [ RunTime:0.0312s ]
SQL: DELETE FROM `linshi` WHERE ( id in(474) ) [ RunTime:0.0312s ]
SQL: SELECT * FROM `sign` WHERE ( id='433' ) LIMIT 1   [ RunTime:0.0000s ]
SQL: SELECT * FROM `template` WHERE ( id='309' ) LIMIT 1   [ RunTime:0.0000s ]
SQL: SELECT * FROM `templateson` WHERE ( fid='309' ) ORDER BY orders asc LIMIT 1   [ RunTime:0.0000s ]
SQL: SHOW COLUMNS FROM `customer` [ RunTime:0.0156s ]
SQL: SELECT * FROM `customer` WHERE ( id='924' ) LIMIT 1   [ RunTime:0.0000s ]
INFO: [ app_end ] --START--
INFO: Run Behavior\ShowPageTraceBehavior [ RunTime:0.015600s ]
INFO: [ app_end ] --END-- [ RunTime:0.015600s ]

[ 2019-10-18T10:10:40+08:00 ] 119.119.77.185 /home/sendsign/forminfo/id/433
INFO: [ app_init ] --START--
INFO: Run Behavior\BuildLiteBehavior [ RunTime:0.000000s ]
INFO: [ app_init ] --END-- [ RunTime:0.000000s ]
INFO: [ app_begin ] --START--
INFO: Run Behavior\ReadHtmlCacheBehavior [ RunTime:0.000000s ]
INFO: [ app_begin ] --END-- [ RunTime:0.000000s ]
INFO: [ view_parse ] --START--
INFO: [ template_filter ] --START--
INFO: Run Behavior\ContentReplaceBehavior [ RunTime:0.000000s ]
INFO: [ template_filter ] --END-- [ RunTime:0.000000s ]
INFO: Run Behavior\ParseTemplateBehavior [ RunTime:0.031200s ]
INFO: [ view_parse ] --END-- [ RunTime:0.031200s ]
INFO: [ view_filter ] --START--
INFO: Run Behavior\WriteHtmlCacheBehavior [ RunTime:0.000000s ]
INFO: [ view_filter ] --END-- [ RunTime:0.000000s ]
INFO: [ app_end ] --START--
INFO: Run Behavior\ShowPageTraceBehavior [ RunTime:0.000000s ]
INFO: [ app_end ] --END-- [ RunTime:0.000000s ]

[ 2019-10-18T10:10:43+08:00 ] 119.119.77.185 /home/sendsign/signnamesign/type/1/id/433/orders/1
INFO: [ app_init ] --START--
INFO: Run Behavior\BuildLiteBehavior [ RunTime:0.000000s ]
INFO: [ app_init ] --END-- [ RunTime:0.000000s ]
INFO: [ app_begin ] --START--
INFO: Run Behavior\ReadHtmlCacheBehavior [ RunTime:0.000000s ]
INFO: [ app_begin ] --END-- [ RunTime:0.000000s ]
SQL: SHOW COLUMNS FROM `imgtime` [ RunTime:0.0000s ]
SQL: SELECT * FROM `imgtime` WHERE ( id=1 ) LIMIT 1   [ RunTime:0.0312s ]
SQL: UPDATE `imgtime` SET `str`='2019-10-18' WHERE ( id=1 ) [ RunTime:0.0468s ]
INFO: [ view_parse ] --START--
INFO: [ template_filter ] --START--
INFO: Run Behavior\ContentReplaceBehavior [ RunTime:0.000000s ]
INFO: [ template_filter ] --END-- [ RunTime:0.000000s ]
INFO: Run Behavior\ParseTemplateBehavior [ RunTime:0.062401s ]
INFO: [ view_parse ] --END-- [ RunTime:0.062401s ]
INFO: [ view_filter ] --START--
INFO: Run Behavior\WriteHtmlCacheBehavior [ RunTime:0.000000s ]
INFO: [ view_filter ] --END-- [ RunTime:0.000000s ]
INFO: [ app_end ] --START--
INFO: Run Behavior\ShowPageTraceBehavior [ RunTime:0.000000s ]
INFO: [ app_end ] --END-- [ RunTime:0.000000s ]

[ 2019-10-18T10:10:58+08:00 ] 119.119.77.185 /home/sendsign/getseallist
INFO: [ app_init ] --START--
INFO: Run Behavior\BuildLiteBehavior [ RunTime:0.000000s ]
INFO: [ app_init ] --END-- [ RunTime:0.000000s ]
INFO: [ app_begin ] --START--
INFO: Run Behavior\ReadHtmlCacheBehavior [ RunTime:0.000000s ]
INFO: [ app_begin ] --END-- [ RunTime:0.000000s ]
INFO: [ app_end ] --START--
INFO: Run Behavior\ShowPageTraceBehavior [ RunTime:0.000000s ]
INFO: [ app_end ] --END-- [ RunTime:0.000000s ]

[ 2019-10-18T10:11:03+08:00 ] 119.119.77.185 /home/sendsign/signdoing
INFO: [ app_init ] --START--
INFO: Run Behavior\BuildLiteBehavior [ RunTime:0.000000s ]
INFO: [ app_init ] --END-- [ RunTime:0.000000s ]
INFO: [ app_begin ] --START--
INFO: Run Behavior\ReadHtmlCacheBehavior [ RunTime:0.000000s ]
INFO: [ app_begin ] --END-- [ RunTime:0.000000s ]
NOTIC: [8] Undefined index: htid D:\phpstudy_pro\WWW\wqxts\Application\Home\Controller\SendsignController.class.php 第 405 行.
SQL: SHOW COLUMNS FROM `template` [ RunTime:0.0156s ]
SQL: INSERT INTO `template` (`name`,`creattime`,`status`,`totalnode`) VALUES ('XX签署文件','1571364662','1','2') [ RunTime:0.0468s ]
SQL: SHOW COLUMNS FROM `templateson` [ RunTime:0.0000s ]
SQL: INSERT INTO `templateson` (`fid`,`uid`,`orders`,`type`) VALUES ('310','476','1','2') [ RunTime:0.0312s ]
SQL: INSERT INTO `templateson` (`fid`,`uid`,`orders`,`type`) VALUES ('310','925','2','1') [ RunTime:0.1092s ]
SQL: SELECT * FROM `templateson` WHERE ( fid='310' )  [ RunTime:0.0000s ]
SQL: SHOW COLUMNS FROM `sign` [ RunTime:0.0000s ]
SQL: INSERT INTO `sign` (`uid`,`mid`,`endtime`,`starttime`,`savetime`,`totalnode`,`nownode`,`status`,`htid`) VALUES ('924','310','1571634569','1571364662','1571364662','2','1','1',NULL) [ RunTime:0.0312s ]
SQL: SHOW COLUMNS FROM `signson` [ RunTime:0.0156s ]
SQL: INSERT INTO `signson` (`fid`,`issign`,`tsid`,`remark`) VALUES ('434','1','592','') [ RunTime:0.0312s ]
SQL: INSERT INTO `signson` (`fid`,`issign`,`tsid`,`remark`) VALUES ('434','1','593','') [ RunTime:0.0468s ]
SQL: SHOW COLUMNS FROM `linshi` [ RunTime:0.0000s ]
SQL: SELECT * FROM `linshi` WHERE ( id in(474) )  [ RunTime:0.0000s ]
NOTIC: [8] Undefined variable: sidarr D:\phpstudy_pro\WWW\wqxts\Application\Home\Controller\SendsignController.class.php 第 542 行.
NOTIC: [2] implode(): Invalid arguments passed D:\phpstudy_pro\WWW\wqxts\Application\Home\Controller\SendsignController.class.php 第 542 行.
SQL: UPDATE `sign` SET `img`=NULL WHERE ( id='434' ) [ RunTime:0.0000s ]
SQL: DELETE FROM `linshi` WHERE ( id in(474) ) [ RunTime:0.0000s ]
SQL: SELECT * FROM `sign` WHERE ( id='434' ) LIMIT 1   [ RunTime:0.0000s ]
SQL: SELECT * FROM `template` WHERE ( id='310' ) LIMIT 1   [ RunTime:0.0000s ]
SQL: SELECT * FROM `templateson` WHERE ( fid='310' ) ORDER BY orders asc LIMIT 1   [ RunTime:0.0000s ]
SQL: SHOW COLUMNS FROM `customer` [ RunTime:0.0156s ]
SQL: SELECT * FROM `customer` WHERE ( id='476' ) LIMIT 1   [ RunTime:0.0000s ]
INFO: [ app_end ] --START--
INFO: Run Behavior\ShowPageTraceBehavior [ RunTime:0.000000s ]
INFO: [ app_end ] --END-- [ RunTime:0.000000s ]

[ 2019-10-18T10:11:04+08:00 ] 119.119.77.185 /home/sendsign/forminfo/id/434
INFO: [ app_init ] --START--
INFO: Run Behavior\BuildLiteBehavior [ RunTime:0.000000s ]
INFO: [ app_init ] --END-- [ RunTime:0.000000s ]
INFO: [ app_begin ] --START--
INFO: Run Behavior\ReadHtmlCacheBehavior [ RunTime:0.000000s ]
INFO: [ app_begin ] --END-- [ RunTime:0.000000s ]
INFO: [ view_parse ] --START--
INFO: [ template_filter ] --START--
INFO: Run Behavior\ContentReplaceBehavior [ RunTime:0.000000s ]
INFO: [ template_filter ] --END-- [ RunTime:0.000000s ]
INFO: Run Behavior\ParseTemplateBehavior [ RunTime:0.031200s ]
INFO: [ view_parse ] --END-- [ RunTime:0.031200s ]
INFO: [ view_filter ] --START--
INFO: Run Behavior\WriteHtmlCacheBehavior [ RunTime:0.000000s ]
INFO: [ view_filter ] --END-- [ RunTime:0.000000s ]
INFO: [ app_end ] --START--
INFO: Run Behavior\ShowPageTraceBehavior [ RunTime:0.000000s ]
INFO: [ app_end ] --END-- [ RunTime:0.000000s ]

[ 2019-10-18T10:11:13+08:00 ] 119.119.77.185 /
INFO: [ app_init ] --START--
INFO: Run Behavior\BuildLiteBehavior [ RunTime:0.000000s ]
INFO: [ app_init ] --END-- [ RunTime:0.000000s ]
INFO: [ app_begin ] --START--
INFO: Run Behavior\ReadHtmlCacheBehavior [ RunTime:0.000000s ]
INFO: [ app_begin ] --END-- [ RunTime:0.000000s ]
INFO: [ view_parse ] --START--
INFO: [ template_filter ] --START--
INFO: Run Behavior\ContentReplaceBehavior [ RunTime:0.000000s ]
INFO: [ template_filter ] --END-- [ RunTime:0.000000s ]
INFO: Run Behavior\ParseTemplateBehavior [ RunTime:0.015600s ]
INFO: [ view_parse ] --END-- [ RunTime:0.015600s ]
INFO: [ view_filter ] --START--
INFO: Run Behavior\WriteHtmlCacheBehavior [ RunTime:0.000000s ]
INFO: [ view_filter ] --END-- [ RunTime:0.000000s ]
INFO: [ app_end ] --START--
INFO: Run Behavior\ShowPageTraceBehavior [ RunTime:0.000000s ]
INFO: [ app_end ] --END-- [ RunTime:0.000000s ]

[ 2019-10-18T10:11:17+08:00 ] 119.119.77.185 /home/index/yzinfo
INFO: [ app_init ] --START--
INFO: Run Behavior\BuildLiteBehavior [ RunTime:0.000000s ]
INFO: [ app_init ] --END-- [ RunTime:0.000000s ]
INFO: [ app_begin ] --START--
INFO: Run Behavior\ReadHtmlCacheBehavior [ RunTime:0.000000s ]
INFO: [ app_begin ] --END-- [ RunTime:0.000000s ]
SQL: SHOW COLUMNS FROM `customer` [ RunTime:0.0000s ]
SQL: SELECT * FROM `customer` WHERE ( tel='13700045004' ) LIMIT 1   [ RunTime:0.0000s ]
SQL: UPDATE `customer` SET `token`='4e504cf24be03219a7e643062b691e50' WHERE ( id='924' ) [ RunTime:0.0000s ]
NOTIC: [8] Undefined index: sign D:\phpstudy_pro\WWW\wqxts\Application\Home\Controller\IndexController.class.php 第 62 行.
SQL: SHOW COLUMNS FROM `seal` [ RunTime:0.0156s ]
SQL: SELECT * FROM `seal` WHERE ( id='47' ) LIMIT 1   [ RunTime:0.0000s ]

[ 2019-10-18T10:11:18+08:00 ] 119.119.77.185 /home/netsign/index
INFO: [ app_init ] --START--
INFO: Run Behavior\BuildLiteBehavior [ RunTime:0.000000s ]
INFO: [ app_init ] --END-- [ RunTime:0.015600s ]
INFO: [ app_begin ] --START--
INFO: Run Behavior\ReadHtmlCacheBehavior [ RunTime:0.000000s ]
INFO: [ app_begin ] --END-- [ RunTime:0.000000s ]
INFO: [ view_parse ] --START--
INFO: [ template_filter ] --START--
INFO: Run Behavior\ContentReplaceBehavior [ RunTime:0.000000s ]
INFO: [ template_filter ] --END-- [ RunTime:0.000000s ]
INFO: Run Behavior\ParseTemplateBehavior [ RunTime:0.015600s ]
INFO: [ view_parse ] --END-- [ RunTime:0.015600s ]
INFO: [ view_filter ] --START--
INFO: Run Behavior\WriteHtmlCacheBehavior [ RunTime:0.000000s ]
INFO: [ view_filter ] --END-- [ RunTime:0.000000s ]
INFO: [ app_end ] --START--
INFO: Run Behavior\ShowPageTraceBehavior [ RunTime:0.015600s ]
INFO: [ app_end ] --END-- [ RunTime:0.015600s ]

[ 2019-10-18T10:11:20+08:00 ] 119.119.77.185 /index.php/Home/Sendsign/index.html
INFO: [ app_init ] --START--
INFO: Run Behavior\BuildLiteBehavior [ RunTime:0.000000s ]
INFO: [ app_init ] --END-- [ RunTime:0.000000s ]
INFO: [ app_begin ] --START--
INFO: Run Behavior\ReadHtmlCacheBehavior [ RunTime:0.000000s ]
INFO: [ app_begin ] --END-- [ RunTime:0.000000s ]
INFO: [ view_parse ] --START--
INFO: [ template_filter ] --START--
INFO: Run Behavior\ContentReplaceBehavior [ RunTime:0.000000s ]
INFO: [ template_filter ] --END-- [ RunTime:0.000000s ]
INFO: Run Behavior\ParseTemplateBehavior [ RunTime:0.015600s ]
INFO: [ view_parse ] --END-- [ RunTime:0.015600s ]
INFO: [ view_filter ] --START--
INFO: Run Behavior\WriteHtmlCacheBehavior [ RunTime:0.000000s ]
INFO: [ view_filter ] --END-- [ RunTime:0.000000s ]
INFO: [ app_end ] --START--
INFO: Run Behavior\ShowPageTraceBehavior [ RunTime:0.000000s ]
INFO: [ app_end ] --END-- [ RunTime:0.000000s ]

[ 2019-10-18T10:11:22+08:00 ] 119.119.77.185 /index.php/Home/sendsign/waitmysignlist.html
INFO: [ app_init ] --START--
INFO: Run Behavior\BuildLiteBehavior [ RunTime:0.000000s ]
INFO: [ app_init ] --END-- [ RunTime:0.000000s ]
INFO: [ app_begin ] --START--
INFO: Run Behavior\ReadHtmlCacheBehavior [ RunTime:0.000000s ]
INFO: [ app_begin ] --END-- [ RunTime:0.000000s ]
INFO: [ view_parse ] --START--
INFO: [ template_filter ] --START--
INFO: Run Behavior\ContentReplaceBehavior [ RunTime:0.000000s ]
INFO: [ template_filter ] --END-- [ RunTime:0.000000s ]
NOTIC: [8] Undefined variable: key D:\phpstudy_pro\WWW\wqxts\Application\Runtime\Cache\Home\f8697f77745c52b43c8a0d84592b27e5.php 第 148 行.
INFO: Run Behavior\ParseTemplateBehavior [ RunTime:0.015600s ]
INFO: [ view_parse ] --END-- [ RunTime:0.015600s ]
INFO: [ view_filter ] --START--
INFO: Run Behavior\WriteHtmlCacheBehavior [ RunTime:0.000000s ]
INFO: [ view_filter ] --END-- [ RunTime:0.000000s ]
INFO: [ app_end ] --START--
INFO: Run Behavior\ShowPageTraceBehavior [ RunTime:0.000000s ]
INFO: [ app_end ] --END-- [ RunTime:0.000000s ]

[ 2019-10-18T10:11:23+08:00 ] 119.119.77.185 /home/sendsign/getwaitmysignlist?page=1
INFO: [ app_init ] --START--
INFO: Run Behavior\BuildLiteBehavior [ RunTime:0.000000s ]
INFO: [ app_init ] --END-- [ RunTime:0.000000s ]
INFO: [ app_begin ] --START--
INFO: Run Behavior\ReadHtmlCacheBehavior [ RunTime:0.000000s ]
INFO: [ app_begin ] --END-- [ RunTime:0.000000s ]
INFO: [ app_end ] --START--
INFO: Run Behavior\ShowPageTraceBehavior [ RunTime:0.000000s ]
INFO: [ app_end ] --END-- [ RunTime:0.000000s ]

[ 2019-10-18T10:11:26+08:00 ] 119.119.77.185 /home/sendsign/forminfo/id/433
INFO: [ app_init ] --START--
INFO: Run Behavior\BuildLiteBehavior [ RunTime:0.000000s ]
INFO: [ app_init ] --END-- [ RunTime:0.000000s ]
INFO: [ app_begin ] --START--
INFO: Run Behavior\ReadHtmlCacheBehavior [ RunTime:0.000000s ]
INFO: [ app_begin ] --END-- [ RunTime:0.000000s ]
INFO: [ view_parse ] --START--
INFO: [ template_filter ] --START--
INFO: Run Behavior\ContentReplaceBehavior [ RunTime:0.000000s ]
INFO: [ template_filter ] --END-- [ RunTime:0.000000s ]
INFO: Run Behavior\ParseTemplateBehavior [ RunTime:0.031200s ]
INFO: [ view_parse ] --END-- [ RunTime:0.031200s ]
INFO: [ view_filter ] --START--
INFO: Run Behavior\WriteHtmlCacheBehavior [ RunTime:0.000000s ]
INFO: [ view_filter ] --END-- [ RunTime:0.000000s ]
INFO: [ app_end ] --START--
INFO: Run Behavior\ShowPageTraceBehavior [ RunTime:0.000000s ]
INFO: [ app_end ] --END-- [ RunTime:0.000000s ]

[ 2019-10-18T10:11:29+08:00 ] 119.119.77.185 /home/sendsign/signnamesign/type/1/id/433/orders/1
INFO: [ app_init ] --START--
INFO: Run Behavior\BuildLiteBehavior [ RunTime:0.000000s ]
INFO: [ app_init ] --END-- [ RunTime:0.000000s ]
INFO: [ app_begin ] --START--
INFO: Run Behavior\ReadHtmlCacheBehavior [ RunTime:0.000000s ]
INFO: [ app_begin ] --END-- [ RunTime:0.000000s ]
SQL: SHOW COLUMNS FROM `imgtime` [ RunTime:0.0000s ]
SQL: SELECT * FROM `imgtime` WHERE ( id=1 ) LIMIT 1   [ RunTime:0.0000s ]
INFO: [ view_parse ] --START--
INFO: [ template_filter ] --START--
INFO: Run Behavior\ContentReplaceBehavior [ RunTime:0.000000s ]
INFO: [ template_filter ] --END-- [ RunTime:0.000000s ]
INFO: Run Behavior\ParseTemplateBehavior [ RunTime:0.031200s ]
INFO: [ view_parse ] --END-- [ RunTime:0.031200s ]
INFO: [ view_filter ] --START--
INFO: Run Behavior\WriteHtmlCacheBehavior [ RunTime:0.000000s ]
INFO: [ view_filter ] --END-- [ RunTime:0.000000s ]
INFO: [ app_end ] --START--
INFO: Run Behavior\ShowPageTraceBehavior [ RunTime:0.000000s ]
INFO: [ app_end ] --END-- [ RunTime:0.000000s ]

[ 2019-10-18T10:12:46+08:00 ] 119.119.77.185 /
INFO: [ app_init ] --START--
INFO: Run Behavior\BuildLiteBehavior [ RunTime:0.000000s ]
INFO: [ app_init ] --END-- [ RunTime:0.000000s ]
INFO: [ app_begin ] --START--
INFO: Run Behavior\ReadHtmlCacheBehavior [ RunTime:0.000000s ]
INFO: [ app_begin ] --END-- [ RunTime:0.000000s ]
INFO: [ view_parse ] --START--
INFO: [ template_filter ] --START--
INFO: Run Behavior\ContentReplaceBehavior [ RunTime:0.000000s ]
INFO: [ template_filter ] --END-- [ RunTime:0.000000s ]
INFO: Run Behavior\ParseTemplateBehavior [ RunTime:0.015600s ]
INFO: [ view_parse ] --END-- [ RunTime:0.015600s ]
INFO: [ view_filter ] --START--
INFO: Run Behavior\WriteHtmlCacheBehavior [ RunTime:0.000000s ]
INFO: [ view_filter ] --END-- [ RunTime:0.000000s ]
INFO: [ app_end ] --START--
INFO: Run Behavior\ShowPageTraceBehavior [ RunTime:0.015600s ]
INFO: [ app_end ] --END-- [ RunTime:0.015600s ]

[ 2019-10-18T10:12:48+08:00 ] 119.119.77.185 /home/index/yzinfo
INFO: [ app_init ] --START--
INFO: Run Behavior\BuildLiteBehavior [ RunTime:0.000000s ]
INFO: [ app_init ] --END-- [ RunTime:0.000000s ]
INFO: [ app_begin ] --START--
INFO: Run Behavior\ReadHtmlCacheBehavior [ RunTime:0.000000s ]
INFO: [ app_begin ] --END-- [ RunTime:0.000000s ]
SQL: SHOW COLUMNS FROM `customer` [ RunTime:0.0000s ]
SQL: SELECT * FROM `customer` WHERE ( tel='13700045004' ) LIMIT 1   [ RunTime:0.0000s ]
SQL: UPDATE `customer` SET `token`='4e504cf24be03219a7e643062b691e50' WHERE ( id='924' ) [ RunTime:0.0000s ]
NOTIC: [8] Undefined index: sign D:\phpstudy_pro\WWW\wqxts\Application\Home\Controller\IndexController.class.php 第 62 行.
SQL: SHOW COLUMNS FROM `seal` [ RunTime:0.0000s ]
SQL: SELECT * FROM `seal` WHERE ( id='47' ) LIMIT 1   [ RunTime:0.0000s ]

[ 2019-10-18T10:12:51+08:00 ] 119.119.77.185 /home/netsign/index
INFO: [ app_init ] --START--
INFO: Run Behavior\BuildLiteBehavior [ RunTime:0.000000s ]
INFO: [ app_init ] --END-- [ RunTime:0.015600s ]
INFO: [ app_begin ] --START--
INFO: Run Behavior\ReadHtmlCacheBehavior [ RunTime:0.000000s ]
INFO: [ app_begin ] --END-- [ RunTime:0.000000s ]
INFO: [ view_parse ] --START--
INFO: [ template_filter ] --START--
INFO: Run Behavior\ContentReplaceBehavior [ RunTime:0.000000s ]
INFO: [ template_filter ] --END-- [ RunTime:0.000000s ]
INFO: Run Behavior\ParseTemplateBehavior [ RunTime:0.015600s ]
INFO: [ view_parse ] --END-- [ RunTime:0.015600s ]
INFO: [ view_filter ] --START--
INFO: Run Behavior\WriteHtmlCacheBehavior [ RunTime:0.000000s ]
INFO: [ view_filter ] --END-- [ RunTime:0.000000s ]
INFO: [ app_end ] --START--
INFO: Run Behavior\ShowPageTraceBehavior [ RunTime:0.000000s ]
INFO: [ app_end ] --END-- [ RunTime:0.000000s ]

[ 2019-10-18T10:12:52+08:00 ] 119.119.77.185 /index.php/Home/Sendsign/index.html
INFO: [ app_init ] --START--
INFO: Run Behavior\BuildLiteBehavior [ RunTime:0.000000s ]
INFO: [ app_init ] --END-- [ RunTime:0.000000s ]
INFO: [ app_begin ] --START--
INFO: Run Behavior\ReadHtmlCacheBehavior [ RunTime:0.000000s ]
INFO: [ app_begin ] --END-- [ RunTime:0.000000s ]
INFO: [ view_parse ] --START--
INFO: [ template_filter ] --START--
INFO: Run Behavior\ContentReplaceBehavior [ RunTime:0.000000s ]
INFO: [ template_filter ] --END-- [ RunTime:0.000000s ]
INFO: Run Behavior\ParseTemplateBehavior [ RunTime:0.015600s ]
INFO: [ view_parse ] --END-- [ RunTime:0.015600s ]
INFO: [ view_filter ] --START--
INFO: Run Behavior\WriteHtmlCacheBehavior [ RunTime:0.000000s ]
INFO: [ view_filter ] --END-- [ RunTime:0.000000s ]
INFO: [ app_end ] --START--
INFO: Run Behavior\ShowPageTraceBehavior [ RunTime:0.000000s ]
INFO: [ app_end ] --END-- [ RunTime:0.000000s ]

[ 2019-10-18T10:12:53+08:00 ] 119.119.77.185 /index.php/Home/Sendsign/photo.html
INFO: [ app_init ] --START--
INFO: Run Behavior\BuildLiteBehavior [ RunTime:0.000000s ]
INFO: [ app_init ] --END-- [ RunTime:0.000000s ]
INFO: [ app_begin ] --START--
INFO: Run Behavior\ReadHtmlCacheBehavior [ RunTime:0.000000s ]
INFO: [ app_begin ] --END-- [ RunTime:0.000000s ]
INFO: [ view_parse ] --START--
INFO: [ template_filter ] --START--
INFO: Run Behavior\ContentReplaceBehavior [ RunTime:0.000000s ]
INFO: [ template_filter ] --END-- [ RunTime:0.000000s ]
INFO: Run Behavior\ParseTemplateBehavior [ RunTime:0.015600s ]
INFO: [ view_parse ] --END-- [ RunTime:0.015600s ]
INFO: [ view_filter ] --START--
INFO: Run Behavior\WriteHtmlCacheBehavior [ RunTime:0.000000s ]
INFO: [ view_filter ] --END-- [ RunTime:0.000000s ]
INFO: [ app_end ] --START--
INFO: Run Behavior\ShowPageTraceBehavior [ RunTime:0.000000s ]
INFO: [ app_end ] --END-- [ RunTime:0.000000s ]

[ 2019-10-18T10:13:34+08:00 ] 119.119.77.185 /home/sendsign/upload
INFO: [ app_init ] --START--
INFO: Run Behavior\BuildLiteBehavior [ RunTime:0.000000s ]
INFO: [ app_init ] --END-- [ RunTime:0.000000s ]
INFO: [ app_begin ] --START--
INFO: Run Behavior\ReadHtmlCacheBehavior [ RunTime:0.000000s ]
INFO: [ app_begin ] --END-- [ RunTime:0.000000s ]
NOTIC: [2] call_user_func() expects parameter 1 to be a valid callback, no array or string given D:\phpstudy_pro\WWW\wqxts\ThinkPHP\Library\Think\Upload.class.php 第 170 行.
SQL: SHOW COLUMNS FROM `linshi` [ RunTime:0.0000s ]
SQL: INSERT INTO `linshi` (`img`) VALUES ('/images/924/2019-10-18/5da91fce34292.jpg') [ RunTime:0.0624s ]
INFO: [ app_end ] --START--
INFO: Run Behavior\ShowPageTraceBehavior [ RunTime:0.000000s ]
INFO: [ app_end ] --END-- [ RunTime:0.000000s ]

[ 2019-10-18T10:13:36+08:00 ] 119.119.77.185 /home/sendsign/signdo/id/475
INFO: [ app_init ] --START--
INFO: Run Behavior\BuildLiteBehavior [ RunTime:0.000000s ]
INFO: [ app_init ] --END-- [ RunTime:0.000000s ]
INFO: [ app_begin ] --START--
INFO: Run Behavior\ReadHtmlCacheBehavior [ RunTime:0.000000s ]
INFO: [ app_begin ] --END-- [ RunTime:0.000000s ]
SQL: SHOW COLUMNS FROM `linshi` [ RunTime:0.0000s ]
SQL: SELECT * FROM `linshi` WHERE ( id in (475) )  [ RunTime:0.0000s ]
SQL: SELECT * FROM `linshi` WHERE ( id='475' ) LIMIT 1   [ RunTime:0.0000s ]
INFO: [ view_parse ] --START--
INFO: [ template_filter ] --START--
INFO: Run Behavior\ContentReplaceBehavior [ RunTime:0.000000s ]
INFO: [ template_filter ] --END-- [ RunTime:0.000000s ]
NOTIC: [8] Undefined variable: minfo D:\phpstudy_pro\WWW\wqxts\Application\Runtime\Cache\Home\816be5c54cb9ea3118847978b861428e.php 第 114 行.
NOTIC: [8] Undefined variable: minfo D:\phpstudy_pro\WWW\wqxts\Application\Runtime\Cache\Home\816be5c54cb9ea3118847978b861428e.php 第 126 行.
NOTIC: [8] Undefined variable: list D:\phpstudy_pro\WWW\wqxts\Application\Runtime\Cache\Home\816be5c54cb9ea3118847978b861428e.php 第 132 行.
INFO: Run Behavior\ParseTemplateBehavior [ RunTime:0.031200s ]
INFO: [ view_parse ] --END-- [ RunTime:0.031200s ]
INFO: [ view_filter ] --START--
INFO: Run Behavior\WriteHtmlCacheBehavior [ RunTime:0.015600s ]
INFO: [ view_filter ] --END-- [ RunTime:0.015600s ]
INFO: [ app_end ] --START--
INFO: Run Behavior\ShowPageTraceBehavior [ RunTime:0.000000s ]
INFO: [ app_end ] --END-- [ RunTime:0.000000s ]

[ 2019-10-18T10:13:42+08:00 ] 119.119.77.185 /home/sendsign/getchoseseallist
INFO: [ app_init ] --START--
INFO: Run Behavior\BuildLiteBehavior [ RunTime:0.000000s ]
INFO: [ app_init ] --END-- [ RunTime:0.000000s ]
INFO: [ app_begin ] --START--
INFO: Run Behavior\ReadHtmlCacheBehavior [ RunTime:0.000000s ]
INFO: [ app_begin ] --END-- [ RunTime:0.000000s ]
INFO: [ app_end ] --START--
INFO: Run Behavior\ShowPageTraceBehavior [ RunTime:0.000000s ]
INFO: [ app_end ] --END-- [ RunTime:0.000000s ]

[ 2019-10-18T10:14:07+08:00 ] 119.119.77.185 /home/sendsign/getseallist
INFO: [ app_init ] --START--
INFO: Run Behavior\BuildLiteBehavior [ RunTime:0.000000s ]
INFO: [ app_init ] --END-- [ RunTime:0.000000s ]
INFO: [ app_begin ] --START--
INFO: Run Behavior\ReadHtmlCacheBehavior [ RunTime:0.000000s ]
INFO: [ app_begin ] --END-- [ RunTime:0.000000s ]
INFO: [ app_end ] --START--
INFO: Run Behavior\ShowPageTraceBehavior [ RunTime:0.000000s ]
INFO: [ app_end ] --END-- [ RunTime:0.000000s ]

[ 2019-10-18T10:14:11+08:00 ] 119.119.77.185 /home/sendsign/getsignaturelist
INFO: [ app_init ] --START--
INFO: Run Behavior\BuildLiteBehavior [ RunTime:0.000000s ]
INFO: [ app_init ] --END-- [ RunTime:0.000000s ]
INFO: [ app_begin ] --START--
INFO: Run Behavior\ReadHtmlCacheBehavior [ RunTime:0.000000s ]
INFO: [ app_begin ] --END-- [ RunTime:0.000000s ]
INFO: [ app_end ] --START--
INFO: Run Behavior\ShowPageTraceBehavior [ RunTime:0.015600s ]
INFO: [ app_end ] --END-- [ RunTime:0.015600s ]

[ 2019-10-18T10:14:16+08:00 ] 119.119.77.185 /home/sendsign/getsignaturelist
INFO: [ app_init ] --START--
INFO: Run Behavior\BuildLiteBehavior [ RunTime:0.000000s ]
INFO: [ app_init ] --END-- [ RunTime:0.000000s ]
INFO: [ app_begin ] --START--
INFO: Run Behavior\ReadHtmlCacheBehavior [ RunTime:0.000000s ]
INFO: [ app_begin ] --END-- [ RunTime:0.000000s ]
INFO: [ app_end ] --START--
INFO: Run Behavior\ShowPageTraceBehavior [ RunTime:0.000000s ]
INFO: [ app_end ] --END-- [ RunTime:0.000000s ]

[ 2019-10-18T10:14:50+08:00 ] 119.119.77.185 /home/sendsign/signdoing
INFO: [ app_init ] --START--
INFO: Run Behavior\BuildLiteBehavior [ RunTime:0.000000s ]
INFO: [ app_init ] --END-- [ RunTime:0.000000s ]
INFO: [ app_begin ] --START--
INFO: Run Behavior\ReadHtmlCacheBehavior [ RunTime:0.000000s ]
INFO: [ app_begin ] --END-- [ RunTime:0.000000s ]
NOTIC: [8] Undefined index: htid D:\phpstudy_pro\WWW\wqxts\Application\Home\Controller\SendsignController.class.php 第 405 行.
SQL: SHOW COLUMNS FROM `template` [ RunTime:0.0156s ]
SQL: INSERT INTO `template` (`name`,`creattime`,`status`,`totalnode`) VALUES ('XX签署文件','1571364885','1','3') [ RunTime:0.0468s ]
SQL: SHOW COLUMNS FROM `templateson` [ RunTime:0.0000s ]
SQL: INSERT INTO `templateson` (`fid`,`uid`,`orders`,`type`) VALUES ('311','924','1','2') [ RunTime:0.0312s ]
SQL: INSERT INTO `templateson` (`fid`,`uid`,`orders`,`type`) VALUES ('311','924','2','1') [ RunTime:0.0624s ]
SQL: INSERT INTO `templateson` (`fid`,`uid`,`orders`,`type`) VALUES ('311','925','3','1') [ RunTime:0.0312s ]
SQL: SELECT * FROM `templateson` WHERE ( fid='311' )  [ RunTime:0.0000s ]
SQL: SHOW COLUMNS FROM `sign` [ RunTime:0.0156s ]
SQL: INSERT INTO `sign` (`uid`,`mid`,`endtime`,`starttime`,`savetime`,`totalnode`,`nownode`,`status`,`htid`) VALUES ('924','311','1571624013','1571364885','1571364885','3','1','1',NULL) [ RunTime:0.0468s ]
SQL: SHOW COLUMNS FROM `signson` [ RunTime:0.0000s ]
SQL: INSERT INTO `signson` (`fid`,`issign`,`tsid`,`remark`) VALUES ('435','1','594','') [ RunTime:0.0312s ]
SQL: INSERT INTO `signson` (`fid`,`issign`,`tsid`,`remark`) VALUES ('435','1','595','') [ RunTime:0.0312s ]
SQL: INSERT INTO `signson` (`fid`,`issign`,`tsid`,`remark`) VALUES ('435','1','596','') [ RunTime:0.0156s ]
SQL: SHOW COLUMNS FROM `linshi` [ RunTime:0.0156s ]
SQL: SELECT * FROM `linshi` WHERE ( id in(475) )  [ RunTime:0.0000s ]
SQL: SHOW COLUMNS FROM `signimg` [ RunTime:0.0000s ]
SQL: INSERT INTO `signimg` (`sid`,`img`) VALUES ('435','/images/924/2019-10-18/5da91fce34292.jpg') [ RunTime:0.0468s ]
SQL: UPDATE `sign` SET `img`='1665' WHERE ( id='435' ) [ RunTime:0.0156s ]
SQL: DELETE FROM `linshi` WHERE ( id in(475) ) [ RunTime:0.0312s ]
SQL: SELECT * FROM `sign` WHERE ( id='435' ) LIMIT 1   [ RunTime:0.0000s ]
SQL: SELECT * FROM `template` WHERE ( id='311' ) LIMIT 1   [ RunTime:0.0000s ]
SQL: SELECT * FROM `templateson` WHERE ( fid='311' ) ORDER BY orders asc LIMIT 1   [ RunTime:0.0000s ]
SQL: SHOW COLUMNS FROM `customer` [ RunTime:0.0156s ]
SQL: SELECT * FROM `customer` WHERE ( id='924' ) LIMIT 1   [ RunTime:0.0000s ]
INFO: [ app_end ] --START--
INFO: Run Behavior\ShowPageTraceBehavior [ RunTime:0.000000s ]
INFO: [ app_end ] --END-- [ RunTime:0.000000s ]

[ 2019-10-18T10:14:51+08:00 ] 119.119.77.185 /home/sendsign/signdoing
INFO: [ app_init ] --START--
INFO: Run Behavior\BuildLiteBehavior [ RunTime:0.000000s ]
INFO: [ app_init ] --END-- [ RunTime:0.000000s ]
INFO: [ app_begin ] --START--
INFO: Run Behavior\ReadHtmlCacheBehavior [ RunTime:0.000000s ]
INFO: [ app_begin ] --END-- [ RunTime:0.000000s ]
NOTIC: [8] Undefined index: htid D:\phpstudy_pro\WWW\wqxts\Application\Home\Controller\SendsignController.class.php 第 405 行.
SQL: SHOW COLUMNS FROM `template` [ RunTime:0.0000s ]
SQL: INSERT INTO `template` (`name`,`creattime`,`status`,`totalnode`) VALUES ('XX签署文件','1571364890','1','3') [ RunTime:0.0468s ]
SQL: SHOW COLUMNS FROM `templateson` [ RunTime:0.0000s ]
SQL: INSERT INTO `templateson` (`fid`,`uid`,`orders`,`type`) VALUES ('312','924','1','2') [ RunTime:0.0312s ]
SQL: INSERT INTO `templateson` (`fid`,`uid`,`orders`,`type`) VALUES ('312','924','2','1') [ RunTime:0.0312s ]
SQL: INSERT INTO `templateson` (`fid`,`uid`,`orders`,`type`) VALUES ('312','925','3','1') [ RunTime:0.0312s ]
SQL: SELECT * FROM `templateson` WHERE ( fid='312' )  [ RunTime:0.0000s ]
SQL: SHOW COLUMNS FROM `sign` [ RunTime:0.0000s ]
SQL: INSERT INTO `sign` (`uid`,`mid`,`endtime`,`starttime`,`savetime`,`totalnode`,`nownode`,`status`,`htid`) VALUES ('924','312','1571624013','1571364890','1571364890','3','1','1',NULL) [ RunTime:0.0624s ]
SQL: SHOW COLUMNS FROM `signson` [ RunTime:0.0000s ]
SQL: INSERT INTO `signson` (`fid`,`issign`,`tsid`,`remark`) VALUES ('436','1','597','') [ RunTime:0.0312s ]
SQL: INSERT INTO `signson` (`fid`,`issign`,`tsid`,`remark`) VALUES ('436','1','598','') [ RunTime:0.1248s ]
SQL: INSERT INTO `signson` (`fid`,`issign`,`tsid`,`remark`) VALUES ('436','1','599','') [ RunTime:0.0312s ]
SQL: SHOW COLUMNS FROM `linshi` [ RunTime:0.0000s ]
SQL: SELECT * FROM `linshi` WHERE ( id in(475) )  [ RunTime:0.0156s ]
NOTIC: [8] Undefined variable: sidarr D:\phpstudy_pro\WWW\wqxts\Application\Home\Controller\SendsignController.class.php 第 542 行.
NOTIC: [2] implode(): Invalid arguments passed D:\phpstudy_pro\WWW\wqxts\Application\Home\Controller\SendsignController.class.php 第 542 行.
SQL: UPDATE `sign` SET `img`=NULL WHERE ( id='436' ) [ RunTime:0.0000s ]
SQL: DELETE FROM `linshi` WHERE ( id in(475) ) [ RunTime:0.0000s ]
SQL: SELECT * FROM `sign` WHERE ( id='436' ) LIMIT 1   [ RunTime:0.0000s ]
SQL: SELECT * FROM `template` WHERE ( id='312' ) LIMIT 1   [ RunTime:0.0000s ]
SQL: SELECT * FROM `templateson` WHERE ( fid='312' ) ORDER BY orders asc LIMIT 1   [ RunTime:0.0000s ]
SQL: SHOW COLUMNS FROM `customer` [ RunTime:0.0000s ]
SQL: SELECT * FROM `customer` WHERE ( id='924' ) LIMIT 1   [ RunTime:0.0000s ]
INFO: [ app_end ] --START--
INFO: Run Behavior\ShowPageTraceBehavior [ RunTime:0.000000s ]
INFO: [ app_end ] --END-- [ RunTime:0.000000s ]

[ 2019-10-18T10:14:52+08:00 ] 119.119.77.185 /home/sendsign/signdoing
INFO: [ app_init ] --START--
INFO: Run Behavior\BuildLiteBehavior [ RunTime:0.000000s ]
INFO: [ app_init ] --END-- [ RunTime:0.000000s ]
INFO: [ app_begin ] --START--
INFO: Run Behavior\ReadHtmlCacheBehavior [ RunTime:0.000000s ]
INFO: [ app_begin ] --END-- [ RunTime:0.000000s ]
NOTIC: [8] Undefined index: htid D:\phpstudy_pro\WWW\wqxts\Application\Home\Controller\SendsignController.class.php 第 405 行.
SQL: SHOW COLUMNS FROM `template` [ RunTime:0.0000s ]
SQL: INSERT INTO `template` (`name`,`creattime`,`status`,`totalnode`) VALUES ('XX签署文件','1571364891','1','3') [ RunTime:0.0312s ]
SQL: SHOW COLUMNS FROM `templateson` [ RunTime:0.0000s ]
SQL: INSERT INTO `templateson` (`fid`,`uid`,`orders`,`type`) VALUES ('313','924','1','2') [ RunTime:0.0312s ]
SQL: INSERT INTO `templateson` (`fid`,`uid`,`orders`,`type`) VALUES ('313','924','2','1') [ RunTime:0.0312s ]
SQL: INSERT INTO `templateson` (`fid`,`uid`,`orders`,`type`) VALUES ('313','925','3','1') [ RunTime:0.0312s ]
SQL: SELECT * FROM `templateson` WHERE ( fid='313' )  [ RunTime:0.0000s ]
SQL: SHOW COLUMNS FROM `sign` [ RunTime:0.0156s ]
SQL: INSERT INTO `sign` (`uid`,`mid`,`endtime`,`starttime`,`savetime`,`totalnode`,`nownode`,`status`,`htid`) VALUES ('924','313','1571624013','1571364891','1571364891','3','1','1',NULL) [ RunTime:0.0468s ]
SQL: SHOW COLUMNS FROM `signson` [ RunTime:0.0000s ]
SQL: INSERT INTO `signson` (`fid`,`issign`,`tsid`,`remark`) VALUES ('437','1','600','') [ RunTime:0.0312s ]
SQL: INSERT INTO `signson` (`fid`,`issign`,`tsid`,`remark`) VALUES ('437','1','601','') [ RunTime:0.0156s ]
SQL: INSERT INTO `signson` (`fid`,`issign`,`tsid`,`remark`) VALUES ('437','1','602','') [ RunTime:0.0624s ]
SQL: SHOW COLUMNS FROM `linshi` [ RunTime:0.0156s ]
SQL: SELECT * FROM `linshi` WHERE ( id in(475) )  [ RunTime:0.0000s ]
NOTIC: [8] Undefined variable: sidarr D:\phpstudy_pro\WWW\wqxts\Application\Home\Controller\SendsignController.class.php 第 542 行.
NOTIC: [2] implode(): Invalid arguments passed D:\phpstudy_pro\WWW\wqxts\Application\Home\Controller\SendsignController.class.php 第 542 行.
SQL: UPDATE `sign` SET `img`=NULL WHERE ( id='437' ) [ RunTime:0.0000s ]
SQL: DELETE FROM `linshi` WHERE ( id in(475) ) [ RunTime:0.0000s ]
SQL: SELECT * FROM `sign` WHERE ( id='437' ) LIMIT 1   [ RunTime:0.0000s ]
SQL: SELECT * FROM `template` WHERE ( id='313' ) LIMIT 1   [ RunTime:0.0000s ]
SQL: SELECT * FROM `templateson` WHERE ( fid='313' ) ORDER BY orders asc LIMIT 1   [ RunTime:0.0000s ]
SQL: SHOW COLUMNS FROM `customer` [ RunTime:0.0000s ]
SQL: SELECT * FROM `customer` WHERE ( id='924' ) LIMIT 1   [ RunTime:0.0000s ]
INFO: [ app_end ] --START--
INFO: Run Behavior\ShowPageTraceBehavior [ RunTime:0.000000s ]
INFO: [ app_end ] --END-- [ RunTime:0.000000s ]

[ 2019-10-18T10:14:54+08:00 ] 119.119.77.185 /home/sendsign/signdoing
INFO: [ app_init ] --START--
INFO: Run Behavior\BuildLiteBehavior [ RunTime:0.000000s ]
INFO: [ app_init ] --END-- [ RunTime:0.000000s ]
INFO: [ app_begin ] --START--
INFO: Run Behavior\ReadHtmlCacheBehavior [ RunTime:0.000000s ]
INFO: [ app_begin ] --END-- [ RunTime:0.000000s ]
NOTIC: [8] Undefined index: htid D:\phpstudy_pro\WWW\wqxts\Application\Home\Controller\SendsignController.class.php 第 405 行.
SQL: SHOW COLUMNS FROM `template` [ RunTime:0.0000s ]
SQL: INSERT INTO `template` (`name`,`creattime`,`status`,`totalnode`) VALUES ('XX签署文件','1571364892','1','3') [ RunTime:0.0468s ]
SQL: SHOW COLUMNS FROM `templateson` [ RunTime:0.0000s ]
SQL: INSERT INTO `templateson` (`fid`,`uid`,`orders`,`type`) VALUES ('314','924','1','2') [ RunTime:0.0468s ]
SQL: INSERT INTO `templateson` (`fid`,`uid`,`orders`,`type`) VALUES ('314','924','2','1') [ RunTime:0.0468s ]
SQL: INSERT INTO `templateson` (`fid`,`uid`,`orders`,`type`) VALUES ('314','925','3','1') [ RunTime:0.0468s ]
SQL: SELECT * FROM `templateson` WHERE ( fid='314' )  [ RunTime:0.0000s ]
SQL: SHOW COLUMNS FROM `sign` [ RunTime:0.0000s ]
SQL: INSERT INTO `sign` (`uid`,`mid`,`endtime`,`starttime`,`savetime`,`totalnode`,`nownode`,`status`,`htid`) VALUES ('924','314','1571624013','1571364892','1571364892','3','1','1',NULL) [ RunTime:0.0312s ]
SQL: SHOW COLUMNS FROM `signson` [ RunTime:0.0156s ]
SQL: INSERT INTO `signson` (`fid`,`issign`,`tsid`,`remark`) VALUES ('438','1','603','') [ RunTime:0.0468s ]
SQL: INSERT INTO `signson` (`fid`,`issign`,`tsid`,`remark`) VALUES ('438','1','604','') [ RunTime:0.0312s ]
SQL: INSERT INTO `signson` (`fid`,`issign`,`tsid`,`remark`) VALUES ('438','1','605','') [ RunTime:0.0468s ]
SQL: SHOW COLUMNS FROM `linshi` [ RunTime:0.0000s ]
SQL: SELECT * FROM `linshi` WHERE ( id in(475) )  [ RunTime:0.0000s ]
NOTIC: [8] Undefined variable: sidarr D:\phpstudy_pro\WWW\wqxts\Application\Home\Controller\SendsignController.class.php 第 542 行.
NOTIC: [2] implode(): Invalid arguments passed D:\phpstudy_pro\WWW\wqxts\Application\Home\Controller\SendsignController.class.php 第 542 行.
SQL: UPDATE `sign` SET `img`=NULL WHERE ( id='438' ) [ RunTime:0.0000s ]
SQL: DELETE FROM `linshi` WHERE ( id in(475) ) [ RunTime:0.0000s ]
SQL: SELECT * FROM `sign` WHERE ( id='438' ) LIMIT 1   [ RunTime:0.0000s ]
SQL: SELECT * FROM `template` WHERE ( id='314' ) LIMIT 1   [ RunTime:0.0000s ]
SQL: SELECT * FROM `templateson` WHERE ( fid='314' ) ORDER BY orders asc LIMIT 1   [ RunTime:0.0000s ]
SQL: SHOW COLUMNS FROM `customer` [ RunTime:0.0000s ]
SQL: SELECT * FROM `customer` WHERE ( id='924' ) LIMIT 1   [ RunTime:0.0000s ]
INFO: [ app_end ] --START--
INFO: Run Behavior\ShowPageTraceBehavior [ RunTime:0.015600s ]
INFO: [ app_end ] --END-- [ RunTime:0.015600s ]

[ 2019-10-18T10:14:56+08:00 ] 119.119.77.185 /home/sendsign/signdoing
INFO: [ app_init ] --START--
INFO: Run Behavior\BuildLiteBehavior [ RunTime:0.000000s ]
INFO: [ app_init ] --END-- [ RunTime:0.000000s ]
INFO: [ app_begin ] --START--
INFO: Run Behavior\ReadHtmlCacheBehavior [ RunTime:0.000000s ]
INFO: [ app_begin ] --END-- [ RunTime:0.000000s ]
NOTIC: [8] Undefined index: htid D:\phpstudy_pro\WWW\wqxts\Application\Home\Controller\SendsignController.class.php 第 405 行.
SQL: SHOW COLUMNS FROM `template` [ RunTime:0.0000s ]
SQL: INSERT INTO `template` (`name`,`creattime`,`status`,`totalnode`) VALUES ('XX签署文件','1571364894','1','3') [ RunTime:0.0468s ]
SQL: SHOW COLUMNS FROM `templateson` [ RunTime:0.0000s ]
SQL: INSERT INTO `templateson` (`fid`,`uid`,`orders`,`type`) VALUES ('315','924','1','2') [ RunTime:0.0312s ]
SQL: INSERT INTO `templateson` (`fid`,`uid`,`orders`,`type`) VALUES ('315','924','2','1') [ RunTime:0.0780s ]
SQL: INSERT INTO `templateson` (`fid`,`uid`,`orders`,`type`) VALUES ('315','925','3','1') [ RunTime:0.0312s ]
SQL: SELECT * FROM `templateson` WHERE ( fid='315' )  [ RunTime:0.0000s ]
SQL: SHOW COLUMNS FROM `sign` [ RunTime:0.0156s ]
SQL: INSERT INTO `sign` (`uid`,`mid`,`endtime`,`starttime`,`savetime`,`totalnode`,`nownode`,`status`,`htid`) VALUES ('924','315','1571624013','1571364894','1571364894','3','1','1',NULL) [ RunTime:0.0312s ]
SQL: SHOW COLUMNS FROM `signson` [ RunTime:0.0156s ]
SQL: INSERT INTO `signson` (`fid`,`issign`,`tsid`,`remark`) VALUES ('439','1','606','') [ RunTime:0.0468s ]
SQL: INSERT INTO `signson` (`fid`,`issign`,`tsid`,`remark`) VALUES ('439','1','607','') [ RunTime:0.0624s ]
SQL: INSERT INTO `signson` (`fid`,`issign`,`tsid`,`remark`) VALUES ('439','1','608','') [ RunTime:0.0468s ]
SQL: SHOW COLUMNS FROM `linshi` [ RunTime:0.0000s ]
SQL: SELECT * FROM `linshi` WHERE ( id in(475) )  [ RunTime:0.0000s ]
NOTIC: [8] Undefined variable: sidarr D:\phpstudy_pro\WWW\wqxts\Application\Home\Controller\SendsignController.class.php 第 542 行.
NOTIC: [2] implode(): Invalid arguments passed D:\phpstudy_pro\WWW\wqxts\Application\Home\Controller\SendsignController.class.php 第 542 行.
SQL: UPDATE `sign` SET `img`=NULL WHERE ( id='439' ) [ RunTime:0.0156s ]
SQL: DELETE FROM `linshi` WHERE ( id in(475) ) [ RunTime:0.0000s ]
SQL: SELECT * FROM `sign` WHERE ( id='439' ) LIMIT 1   [ RunTime:0.0000s ]
SQL: SELECT * FROM `template` WHERE ( id='315' ) LIMIT 1   [ RunTime:0.0000s ]
SQL: SELECT * FROM `templateson` WHERE ( fid='315' ) ORDER BY orders asc LIMIT 1   [ RunTime:0.0000s ]
SQL: SHOW COLUMNS FROM `customer` [ RunTime:0.0000s ]
SQL: SELECT * FROM `customer` WHERE ( id='924' ) LIMIT 1   [ RunTime:0.0000s ]
INFO: [ app_end ] --START--
INFO: Run Behavior\ShowPageTraceBehavior [ RunTime:0.000000s ]
INFO: [ app_end ] --END-- [ RunTime:0.000000s ]

[ 2019-10-18T10:14:58+08:00 ] 119.119.77.185 /home/sendsign/signdoing
INFO: [ app_init ] --START--
INFO: Run Behavior\BuildLiteBehavior [ RunTime:0.000000s ]
INFO: [ app_init ] --END-- [ RunTime:0.000000s ]
INFO: [ app_begin ] --START--
INFO: Run Behavior\ReadHtmlCacheBehavior [ RunTime:0.000000s ]
INFO: [ app_begin ] --END-- [ RunTime:0.000000s ]
NOTIC: [8] Undefined index: htid D:\phpstudy_pro\WWW\wqxts\Application\Home\Controller\SendsignController.class.php 第 405 行.
SQL: SHOW COLUMNS FROM `template` [ RunTime:0.0000s ]
SQL: INSERT INTO `template` (`name`,`creattime`,`status`,`totalnode`) VALUES ('XX签署文件','1571364896','1','3') [ RunTime:0.0468s ]
SQL: SHOW COLUMNS FROM `templateson` [ RunTime:0.0000s ]
SQL: INSERT INTO `templateson` (`fid`,`uid`,`orders`,`type`) VALUES ('316','924','1','2') [ RunTime:0.0468s ]
SQL: INSERT INTO `templateson` (`fid`,`uid`,`orders`,`type`) VALUES ('316','924','2','1') [ RunTime:0.0312s ]
SQL: INSERT INTO `templateson` (`fid`,`uid`,`orders`,`type`) VALUES ('316','925','3','1') [ RunTime:0.0624s ]
SQL: SELECT * FROM `templateson` WHERE ( fid='316' )  [ RunTime:0.0000s ]
SQL: SHOW COLUMNS FROM `sign` [ RunTime:0.0156s ]
SQL: INSERT INTO `sign` (`uid`,`mid`,`endtime`,`starttime`,`savetime`,`totalnode`,`nownode`,`status`,`htid`) VALUES ('924','316','1571624013','1571364896','1571364896','3','1','1',NULL) [ RunTime:0.0468s ]
SQL: SHOW COLUMNS FROM `signson` [ RunTime:0.0000s ]
SQL: INSERT INTO `signson` (`fid`,`issign`,`tsid`,`remark`) VALUES ('440','1','609','') [ RunTime:0.0312s ]
SQL: INSERT INTO `signson` (`fid`,`issign`,`tsid`,`remark`) VALUES ('440','1','610','') [ RunTime:0.0312s ]
SQL: INSERT INTO `signson` (`fid`,`issign`,`tsid`,`remark`) VALUES ('440','1','611','') [ RunTime:0.0312s ]
SQL: SHOW COLUMNS FROM `linshi` [ RunTime:0.0156s ]
SQL: SELECT * FROM `linshi` WHERE ( id in(475) )  [ RunTime:0.0000s ]
NOTIC: [8] Undefined variable: sidarr D:\phpstudy_pro\WWW\wqxts\Application\Home\Controller\SendsignController.class.php 第 542 行.
NOTIC: [2] implode(): Invalid arguments passed D:\phpstudy_pro\WWW\wqxts\Application\Home\Controller\SendsignController.class.php 第 542 行.
SQL: UPDATE `sign` SET `img`=NULL WHERE ( id='440' ) [ RunTime:0.0000s ]
SQL: DELETE FROM `linshi` WHERE ( id in(475) ) [ RunTime:0.0000s ]
SQL: SELECT * FROM `sign` WHERE ( id='440' ) LIMIT 1   [ RunTime:0.0000s ]
SQL: SELECT * FROM `template` WHERE ( id='316' ) LIMIT 1   [ RunTime:0.0000s ]
SQL: SELECT * FROM `templateson` WHERE ( fid='316' ) ORDER BY orders asc LIMIT 1   [ RunTime:0.0000s ]
SQL: SHOW COLUMNS FROM `customer` [ RunTime:0.0000s ]
SQL: SELECT * FROM `customer` WHERE ( id='924' ) LIMIT 1   [ RunTime:0.0000s ]
INFO: [ app_end ] --START--
INFO: Run Behavior\ShowPageTraceBehavior [ RunTime:0.000000s ]
INFO: [ app_end ] --END-- [ RunTime:0.000000s ]

[ 2019-10-18T10:14:58+08:00 ] 119.119.77.185 /home/sendsign/forminfo/id/435
INFO: [ app_init ] --START--
INFO: Run Behavior\BuildLiteBehavior [ RunTime:0.000000s ]
INFO: [ app_init ] --END-- [ RunTime:0.000000s ]
INFO: [ app_begin ] --START--
INFO: Run Behavior\ReadHtmlCacheBehavior [ RunTime:0.000000s ]
INFO: [ app_begin ] --END-- [ RunTime:0.000000s ]
INFO: [ view_parse ] --START--
INFO: [ template_filter ] --START--
INFO: Run Behavior\ContentReplaceBehavior [ RunTime:0.000000s ]
INFO: [ template_filter ] --END-- [ RunTime:0.000000s ]
INFO: Run Behavior\ParseTemplateBehavior [ RunTime:0.015600s ]
INFO: [ view_parse ] --END-- [ RunTime:0.015600s ]
INFO: [ view_filter ] --START--
INFO: Run Behavior\WriteHtmlCacheBehavior [ RunTime:0.015600s ]
INFO: [ view_filter ] --END-- [ RunTime:0.015600s ]
INFO: [ app_end ] --START--
INFO: Run Behavior\ShowPageTraceBehavior [ RunTime:0.000000s ]
INFO: [ app_end ] --END-- [ RunTime:0.000000s ]

[ 2019-10-18T10:14:58+08:00 ] 119.119.77.185 /home/sendsign/forminfo/id/436
INFO: [ app_init ] --START--
INFO: Run Behavior\BuildLiteBehavior [ RunTime:0.000000s ]
INFO: [ app_init ] --END-- [ RunTime:0.000000s ]
INFO: [ app_begin ] --START--
INFO: Run Behavior\ReadHtmlCacheBehavior [ RunTime:0.000000s ]
INFO: [ app_begin ] --END-- [ RunTime:0.000000s ]
INFO: [ view_parse ] --START--
INFO: [ template_filter ] --START--
INFO: Run Behavior\ContentReplaceBehavior [ RunTime:0.000000s ]
INFO: [ template_filter ] --END-- [ RunTime:0.000000s ]
INFO: Run Behavior\ParseTemplateBehavior [ RunTime:0.031200s ]
INFO: [ view_parse ] --END-- [ RunTime:0.031200s ]
INFO: [ view_filter ] --START--
INFO: Run Behavior\WriteHtmlCacheBehavior [ RunTime:0.000000s ]
INFO: [ view_filter ] --END-- [ RunTime:0.000000s ]
INFO: [ app_end ] --START--
INFO: Run Behavior\ShowPageTraceBehavior [ RunTime:0.000000s ]
INFO: [ app_end ] --END-- [ RunTime:0.000000s ]

[ 2019-10-18T10:15:11+08:00 ] 119.119.77.185 /
INFO: [ app_init ] --START--
INFO: Run Behavior\BuildLiteBehavior [ RunTime:0.000000s ]
INFO: [ app_init ] --END-- [ RunTime:0.000000s ]
INFO: [ app_begin ] --START--
INFO: Run Behavior\ReadHtmlCacheBehavior [ RunTime:0.000000s ]
INFO: [ app_begin ] --END-- [ RunTime:0.000000s ]
INFO: [ view_parse ] --START--
INFO: [ template_filter ] --START--
INFO: Run Behavior\ContentReplaceBehavior [ RunTime:0.000000s ]
INFO: [ template_filter ] --END-- [ RunTime:0.000000s ]
INFO: Run Behavior\ParseTemplateBehavior [ RunTime:0.015600s ]
INFO: [ view_parse ] --END-- [ RunTime:0.015600s ]
INFO: [ view_filter ] --START--
INFO: Run Behavior\WriteHtmlCacheBehavior [ RunTime:0.000000s ]
INFO: [ view_filter ] --END-- [ RunTime:0.000000s ]
INFO: [ app_end ] --START--
INFO: Run Behavior\ShowPageTraceBehavior [ RunTime:0.000000s ]
INFO: [ app_end ] --END-- [ RunTime:0.000000s ]

[ 2019-10-18T10:15:20+08:00 ] 119.119.77.185 /home/index/yzinfo
INFO: [ app_init ] --START--
INFO: Run Behavior\BuildLiteBehavior [ RunTime:0.000000s ]
INFO: [ app_init ] --END-- [ RunTime:0.000000s ]
INFO: [ app_begin ] --START--
INFO: Run Behavior\ReadHtmlCacheBehavior [ RunTime:0.000000s ]
INFO: [ app_begin ] --END-- [ RunTime:0.000000s ]
SQL: SHOW COLUMNS FROM `customer` [ RunTime:0.0000s ]
SQL: SELECT * FROM `customer` WHERE ( tel='13700045004' ) LIMIT 1   [ RunTime:0.0000s ]
SQL: UPDATE `customer` SET `token`='4e504cf24be03219a7e643062b691e50' WHERE ( id='924' ) [ RunTime:0.0000s ]
NOTIC: [8] Undefined index: sign D:\phpstudy_pro\WWW\wqxts\Application\Home\Controller\IndexController.class.php 第 62 行.
SQL: SHOW COLUMNS FROM `seal` [ RunTime:0.0156s ]
SQL: SELECT * FROM `seal` WHERE ( id='47' ) LIMIT 1   [ RunTime:0.0000s ]

[ 2019-10-18T10:15:21+08:00 ] 119.119.77.185 /home/netsign/index
INFO: [ app_init ] --START--
INFO: Run Behavior\BuildLiteBehavior [ RunTime:0.000000s ]
INFO: [ app_init ] --END-- [ RunTime:0.000000s ]
INFO: [ app_begin ] --START--
INFO: Run Behavior\ReadHtmlCacheBehavior [ RunTime:0.000000s ]
INFO: [ app_begin ] --END-- [ RunTime:0.000000s ]
INFO: [ view_parse ] --START--
INFO: [ template_filter ] --START--
INFO: Run Behavior\ContentReplaceBehavior [ RunTime:0.000000s ]
INFO: [ template_filter ] --END-- [ RunTime:0.000000s ]
INFO: Run Behavior\ParseTemplateBehavior [ RunTime:0.015600s ]
INFO: [ view_parse ] --END-- [ RunTime:0.015600s ]
INFO: [ view_filter ] --START--
INFO: Run Behavior\WriteHtmlCacheBehavior [ RunTime:0.000000s ]
INFO: [ view_filter ] --END-- [ RunTime:0.000000s ]
INFO: [ app_end ] --START--
INFO: Run Behavior\ShowPageTraceBehavior [ RunTime:0.000000s ]
INFO: [ app_end ] --END-- [ RunTime:0.000000s ]

[ 2019-10-18T10:15:23+08:00 ] 119.119.77.185 /index.php/Home/Sendsign/index.html
INFO: [ app_init ] --START--
INFO: Run Behavior\BuildLiteBehavior [ RunTime:0.000000s ]
INFO: [ app_init ] --END-- [ RunTime:0.000000s ]
INFO: [ app_begin ] --START--
INFO: Run Behavior\ReadHtmlCacheBehavior [ RunTime:0.000000s ]
INFO: [ app_begin ] --END-- [ RunTime:0.000000s ]
INFO: [ view_parse ] --START--
INFO: [ template_filter ] --START--
INFO: Run Behavior\ContentReplaceBehavior [ RunTime:0.000000s ]
INFO: [ template_filter ] --END-- [ RunTime:0.000000s ]
INFO: Run Behavior\ParseTemplateBehavior [ RunTime:0.031201s ]
INFO: [ view_parse ] --END-- [ RunTime:0.031201s ]
INFO: [ view_filter ] --START--
INFO: Run Behavior\WriteHtmlCacheBehavior [ RunTime:0.000000s ]
INFO: [ view_filter ] --END-- [ RunTime:0.000000s ]
INFO: [ app_end ] --START--
INFO: Run Behavior\ShowPageTraceBehavior [ RunTime:0.000000s ]
INFO: [ app_end ] --END-- [ RunTime:0.000000s ]

[ 2019-10-18T10:15:24+08:00 ] 119.119.77.185 /index.php/Home/sendsign/waitmysignlist.html
INFO: [ app_init ] --START--
INFO: Run Behavior\BuildLiteBehavior [ RunTime:0.000000s ]
INFO: [ app_init ] --END-- [ RunTime:0.000000s ]
INFO: [ app_begin ] --START--
INFO: Run Behavior\ReadHtmlCacheBehavior [ RunTime:0.000000s ]
INFO: [ app_begin ] --END-- [ RunTime:0.000000s ]
INFO: [ view_parse ] --START--
INFO: [ template_filter ] --START--
INFO: Run Behavior\ContentReplaceBehavior [ RunTime:0.000000s ]
INFO: [ template_filter ] --END-- [ RunTime:0.000000s ]
NOTIC: [8] Undefined variable: key D:\phpstudy_pro\WWW\wqxts\Application\Runtime\Cache\Home\f8697f77745c52b43c8a0d84592b27e5.php 第 148 行.
INFO: Run Behavior\ParseTemplateBehavior [ RunTime:0.031200s ]
INFO: [ view_parse ] --END-- [ RunTime:0.031200s ]
INFO: [ view_filter ] --START--
INFO: Run Behavior\WriteHtmlCacheBehavior [ RunTime:0.000000s ]
INFO: [ view_filter ] --END-- [ RunTime:0.000000s ]
INFO: [ app_end ] --START--
INFO: Run Behavior\ShowPageTraceBehavior [ RunTime:0.000000s ]
INFO: [ app_end ] --END-- [ RunTime:0.000000s ]

[ 2019-10-18T10:15:25+08:00 ] 119.119.77.185 /home/sendsign/getwaitmysignlist?page=1
INFO: [ app_init ] --START--
INFO: Run Behavior\BuildLiteBehavior [ RunTime:0.000000s ]
INFO: [ app_init ] --END-- [ RunTime:0.000000s ]
INFO: [ app_begin ] --START--
INFO: Run Behavior\ReadHtmlCacheBehavior [ RunTime:0.000000s ]
INFO: [ app_begin ] --END-- [ RunTime:0.000000s ]
INFO: [ app_end ] --START--
INFO: Run Behavior\ShowPageTraceBehavior [ RunTime:0.000000s ]
INFO: [ app_end ] --END-- [ RunTime:0.000000s ]

[ 2019-10-18T10:15:26+08:00 ] 119.119.77.185 /home/sendsign/forminfo/id/440
INFO: [ app_init ] --START--
INFO: Run Behavior\BuildLiteBehavior [ RunTime:0.000000s ]
INFO: [ app_init ] --END-- [ RunTime:0.000000s ]
INFO: [ app_begin ] --START--
INFO: Run Behavior\ReadHtmlCacheBehavior [ RunTime:0.000000s ]
INFO: [ app_begin ] --END-- [ RunTime:0.000000s ]
INFO: [ view_parse ] --START--
INFO: [ template_filter ] --START--
INFO: Run Behavior\ContentReplaceBehavior [ RunTime:0.000000s ]
INFO: [ template_filter ] --END-- [ RunTime:0.000000s ]
INFO: Run Behavior\ParseTemplateBehavior [ RunTime:0.031200s ]
INFO: [ view_parse ] --END-- [ RunTime:0.031200s ]
INFO: [ view_filter ] --START--
INFO: Run Behavior\WriteHtmlCacheBehavior [ RunTime:0.000000s ]
INFO: [ view_filter ] --END-- [ RunTime:0.000000s ]
INFO: [ app_end ] --START--
INFO: Run Behavior\ShowPageTraceBehavior [ RunTime:0.000000s ]
INFO: [ app_end ] --END-- [ RunTime:0.000000s ]

[ 2019-10-18T10:15:28+08:00 ] 119.119.77.185 /home/sendsign/signnamesign/type/2/id/440/orders/1
INFO: [ app_init ] --START--
INFO: Run Behavior\BuildLiteBehavior [ RunTime:0.000000s ]
INFO: [ app_init ] --END-- [ RunTime:0.000000s ]
INFO: [ app_begin ] --START--
INFO: Run Behavior\ReadHtmlCacheBehavior [ RunTime:0.000000s ]
INFO: [ app_begin ] --END-- [ RunTime:0.000000s ]
SQL: SHOW COLUMNS FROM `imgtime` [ RunTime:0.0000s ]
SQL: SELECT * FROM `imgtime` WHERE ( id=1 ) LIMIT 1   [ RunTime:0.0000s ]
INFO: [ view_parse ] --START--
INFO: [ template_filter ] --START--
INFO: Run Behavior\ContentReplaceBehavior [ RunTime:0.000000s ]
INFO: [ template_filter ] --END-- [ RunTime:0.000000s ]
INFO: Run Behavior\ParseTemplateBehavior [ RunTime:0.031200s ]
INFO: [ view_parse ] --END-- [ RunTime:0.031200s ]
INFO: [ view_filter ] --START--
INFO: Run Behavior\WriteHtmlCacheBehavior [ RunTime:0.000000s ]
INFO: [ view_filter ] --END-- [ RunTime:0.000000s ]
INFO: [ app_end ] --START--
INFO: Run Behavior\ShowPageTraceBehavior [ RunTime:0.000000s ]
INFO: [ app_end ] --END-- [ RunTime:0.000000s ]

[ 2019-10-18T10:15:37+08:00 ] 119.119.77.185 /home/sendsign/signnamesign/type/2/id/440/orders/1
INFO: [ app_init ] --START--
INFO: Run Behavior\BuildLiteBehavior [ RunTime:0.000000s ]
INFO: [ app_init ] --END-- [ RunTime:0.000000s ]
INFO: [ app_begin ] --START--
INFO: Run Behavior\ReadHtmlCacheBehavior [ RunTime:0.000000s ]
INFO: [ app_begin ] --END-- [ RunTime:0.000000s ]
SQL: SHOW COLUMNS FROM `imgtime` [ RunTime:0.0000s ]
SQL: SELECT * FROM `imgtime` WHERE ( id=1 ) LIMIT 1   [ RunTime:0.0000s ]
INFO: [ view_parse ] --START--
INFO: [ template_filter ] --START--
INFO: Run Behavior\ContentReplaceBehavior [ RunTime:0.000000s ]
INFO: [ template_filter ] --END-- [ RunTime:0.000000s ]
INFO: Run Behavior\ParseTemplateBehavior [ RunTime:0.031200s ]
INFO: [ view_parse ] --END-- [ RunTime:0.031200s ]
INFO: [ view_filter ] --START--
INFO: Run Behavior\WriteHtmlCacheBehavior [ RunTime:0.000000s ]
INFO: [ view_filter ] --END-- [ RunTime:0.000000s ]
INFO: [ app_end ] --START--
INFO: Run Behavior\ShowPageTraceBehavior [ RunTime:0.000000s ]
INFO: [ app_end ] --END-- [ RunTime:0.000000s ]

[ 2019-10-18T10:15:39+08:00 ] 119.119.77.185 /home/sendsign/getwaitmysignlist?page=1
INFO: [ app_init ] --START--
INFO: Run Behavior\BuildLiteBehavior [ RunTime:0.000000s ]
INFO: [ app_init ] --END-- [ RunTime:0.000000s ]
INFO: [ app_begin ] --START--
INFO: Run Behavior\ReadHtmlCacheBehavior [ RunTime:0.000000s ]
INFO: [ app_begin ] --END-- [ RunTime:0.000000s ]
INFO: [ app_end ] --START--
INFO: Run Behavior\ShowPageTraceBehavior [ RunTime:0.015600s ]
INFO: [ app_end ] --END-- [ RunTime:0.015600s ]

[ 2019-10-18T10:15:43+08:00 ] 119.119.77.185 /home/sendsign/forminfo/id/435
INFO: [ app_init ] --START--
INFO: Run Behavior\BuildLiteBehavior [ RunTime:0.000000s ]
INFO: [ app_init ] --END-- [ RunTime:0.000000s ]
INFO: [ app_begin ] --START--
INFO: Run Behavior\ReadHtmlCacheBehavior [ RunTime:0.015600s ]
INFO: [ app_begin ] --END-- [ RunTime:0.015600s ]
INFO: [ view_parse ] --START--
INFO: [ template_filter ] --START--
INFO: Run Behavior\ContentReplaceBehavior [ RunTime:0.000000s ]
INFO: [ template_filter ] --END-- [ RunTime:0.000000s ]
INFO: Run Behavior\ParseTemplateBehavior [ RunTime:0.031200s ]
INFO: [ view_parse ] --END-- [ RunTime:0.031200s ]
INFO: [ view_filter ] --START--
INFO: Run Behavior\WriteHtmlCacheBehavior [ RunTime:0.000000s ]
INFO: [ view_filter ] --END-- [ RunTime:0.000000s ]
INFO: [ app_end ] --START--
INFO: Run Behavior\ShowPageTraceBehavior [ RunTime:0.000000s ]
INFO: [ app_end ] --END-- [ RunTime:0.000000s ]

[ 2019-10-18T10:15:45+08:00 ] 119.119.77.185 /home/sendsign/signnamesign/type/2/id/435/orders/1
INFO: [ app_init ] --START--
INFO: Run Behavior\BuildLiteBehavior [ RunTime:0.000000s ]
INFO: [ app_init ] --END-- [ RunTime:0.000000s ]
INFO: [ app_begin ] --START--
INFO: Run Behavior\ReadHtmlCacheBehavior [ RunTime:0.000000s ]
INFO: [ app_begin ] --END-- [ RunTime:0.000000s ]
SQL: SHOW COLUMNS FROM `imgtime` [ RunTime:0.0000s ]
SQL: SELECT * FROM `imgtime` WHERE ( id=1 ) LIMIT 1   [ RunTime:0.0000s ]
INFO: [ view_parse ] --START--
INFO: [ template_filter ] --START--
INFO: Run Behavior\ContentReplaceBehavior [ RunTime:0.015600s ]
INFO: [ template_filter ] --END-- [ RunTime:0.015600s ]
INFO: Run Behavior\ParseTemplateBehavior [ RunTime:0.015600s ]
INFO: [ view_parse ] --END-- [ RunTime:0.015600s ]
INFO: [ view_filter ] --START--
INFO: Run Behavior\WriteHtmlCacheBehavior [ RunTime:0.000000s ]
INFO: [ view_filter ] --END-- [ RunTime:0.000000s ]
INFO: [ app_end ] --START--
INFO: Run Behavior\ShowPageTraceBehavior [ RunTime:0.000000s ]
INFO: [ app_end ] --END-- [ RunTime:0.000000s ]

[ 2019-10-18T10:16:09+08:00 ] 119.119.77.185 /home/sendsign/sendsigndo
INFO: [ app_init ] --START--
INFO: Run Behavior\BuildLiteBehavior [ RunTime:0.000000s ]
INFO: [ app_init ] --END-- [ RunTime:0.000000s ]
INFO: [ app_begin ] --START--
INFO: Run Behavior\ReadHtmlCacheBehavior [ RunTime:0.000000s ]
INFO: [ app_begin ] --END-- [ RunTime:0.000000s ]
SQL: SHOW COLUMNS FROM `sign` [ RunTime:0.0000s ]
SQL: SELECT * FROM `sign` WHERE ( id='435' ) LIMIT 1   [ RunTime:0.0000s ]
SQL: SHOW COLUMNS FROM `templateson` [ RunTime:0.0000s ]
SQL: SELECT * FROM `templateson` WHERE ( fid='311' and uid='924' and orders='1' ) LIMIT 1   [ RunTime:0.0000s ]
SQL: SHOW COLUMNS FROM `signson` [ RunTime:0.0000s ]
SQL: SELECT * FROM `signson` WHERE ( fid='435' and tsid='594' ) LIMIT 1   [ RunTime:0.0000s ]
SQL: SHOW COLUMNS FROM `signimg` [ RunTime:0.0000s ]
SQL: SELECT * FROM `signimg` WHERE ( sid='435' )  [ RunTime:0.0000s ]
SQL: SHOW COLUMNS FROM `customer` [ RunTime:0.0000s ]
SQL: SELECT * FROM `customer` WHERE ( id='924' ) LIMIT 1   [ RunTime:0.0000s ]
SQL: SELECT * FROM `sign` WHERE ( id='435' ) LIMIT 1   [ RunTime:0.0000s ]
SQL: SELECT * FROM `templateson` WHERE ( uid='924' and fid='311' and orders='1' ) LIMIT 1   [ RunTime:0.0000s ]
SQL: SHOW COLUMNS FROM `seal` [ RunTime:0.0156s ]
SQL: SELECT * FROM `seal` WHERE ( id='47' ) LIMIT 1   [ RunTime:0.0000s ]
ERR: Call to undefined function Home\Controller\exif_read_data()

[ 2019-10-18T10:16:10+08:00 ] 119.119.77.185 /home/sendsign/sendsigndo
INFO: [ app_init ] --START--
INFO: Run Behavior\BuildLiteBehavior [ RunTime:0.000000s ]
INFO: [ app_init ] --END-- [ RunTime:0.000000s ]
INFO: [ app_begin ] --START--
INFO: Run Behavior\ReadHtmlCacheBehavior [ RunTime:0.000000s ]
INFO: [ app_begin ] --END-- [ RunTime:0.000000s ]
SQL: SHOW COLUMNS FROM `sign` [ RunTime:0.0156s ]
SQL: SELECT * FROM `sign` WHERE ( id='435' ) LIMIT 1   [ RunTime:0.0000s ]
SQL: SHOW COLUMNS FROM `templateson` [ RunTime:0.0000s ]
SQL: SELECT * FROM `templateson` WHERE ( fid='311' and uid='924' and orders='1' ) LIMIT 1   [ RunTime:0.0000s ]
SQL: SHOW COLUMNS FROM `signson` [ RunTime:0.0000s ]
SQL: SELECT * FROM `signson` WHERE ( fid='435' and tsid='594' ) LIMIT 1   [ RunTime:0.0000s ]
SQL: SHOW COLUMNS FROM `signimg` [ RunTime:0.0000s ]
SQL: SELECT * FROM `signimg` WHERE ( sid='435' )  [ RunTime:0.0000s ]
SQL: SHOW COLUMNS FROM `customer` [ RunTime:0.0156s ]
SQL: SELECT * FROM `customer` WHERE ( id='924' ) LIMIT 1   [ RunTime:0.0000s ]
SQL: SELECT * FROM `sign` WHERE ( id='435' ) LIMIT 1   [ RunTime:0.0000s ]
SQL: SELECT * FROM `templateson` WHERE ( uid='924' and fid='311' and orders='1' ) LIMIT 1   [ RunTime:0.0000s ]
SQL: SHOW COLUMNS FROM `seal` [ RunTime:0.0000s ]
SQL: SELECT * FROM `seal` WHERE ( id='47' ) LIMIT 1   [ RunTime:0.0000s ]
ERR: Call to undefined function Home\Controller\exif_read_data()

[ 2019-10-18T10:16:16+08:00 ] 119.119.77.185 /home/sendsign/sendsigndo
INFO: [ app_init ] --START--
INFO: Run Behavior\BuildLiteBehavior [ RunTime:0.000000s ]
INFO: [ app_init ] --END-- [ RunTime:0.000000s ]
INFO: [ app_begin ] --START--
INFO: Run Behavior\ReadHtmlCacheBehavior [ RunTime:0.000000s ]
INFO: [ app_begin ] --END-- [ RunTime:0.000000s ]
SQL: SHOW COLUMNS FROM `sign` [ RunTime:0.0000s ]
SQL: SELECT * FROM `sign` WHERE ( id='435' ) LIMIT 1   [ RunTime:0.0000s ]
SQL: SHOW COLUMNS FROM `templateson` [ RunTime:0.0000s ]
SQL: SELECT * FROM `templateson` WHERE ( fid='311' and uid='924' and orders='1' ) LIMIT 1   [ RunTime:0.0000s ]
SQL: SHOW COLUMNS FROM `signson` [ RunTime:0.0156s ]
SQL: SELECT * FROM `signson` WHERE ( fid='435' and tsid='594' ) LIMIT 1   [ RunTime:0.0000s ]
SQL: SHOW COLUMNS FROM `signimg` [ RunTime:0.0000s ]
SQL: SELECT * FROM `signimg` WHERE ( sid='435' )  [ RunTime:0.0000s ]
SQL: SHOW COLUMNS FROM `customer` [ RunTime:0.0000s ]
SQL: SELECT * FROM `customer` WHERE ( id='924' ) LIMIT 1   [ RunTime:0.0000s ]
SQL: SELECT * FROM `sign` WHERE ( id='435' ) LIMIT 1   [ RunTime:0.0000s ]
SQL: SELECT * FROM `templateson` WHERE ( uid='924' and fid='311' and orders='1' ) LIMIT 1   [ RunTime:0.0000s ]
SQL: SHOW COLUMNS FROM `seal` [ RunTime:0.0156s ]
SQL: SELECT * FROM `seal` WHERE ( id='47' ) LIMIT 1   [ RunTime:0.0000s ]
ERR: Call to undefined function Home\Controller\exif_read_data()

[ 2019-10-18T10:16:20+08:00 ] 119.119.77.185 /home/sendsign/sendsigndo
INFO: [ app_init ] --START--
INFO: Run Behavior\BuildLiteBehavior [ RunTime:0.000000s ]
INFO: [ app_init ] --END-- [ RunTime:0.000000s ]
INFO: [ app_begin ] --START--
INFO: Run Behavior\ReadHtmlCacheBehavior [ RunTime:0.000000s ]
INFO: [ app_begin ] --END-- [ RunTime:0.000000s ]
SQL: SHOW COLUMNS FROM `sign` [ RunTime:0.0000s ]
SQL: SELECT * FROM `sign` WHERE ( id='435' ) LIMIT 1   [ RunTime:0.0000s ]
SQL: SHOW COLUMNS FROM `templateson` [ RunTime:0.0000s ]
SQL: SELECT * FROM `templateson` WHERE ( fid='311' and uid='924' and orders='1' ) LIMIT 1   [ RunTime:0.0000s ]
SQL: SHOW COLUMNS FROM `signson` [ RunTime:0.0000s ]
SQL: SELECT * FROM `signson` WHERE ( fid='435' and tsid='594' ) LIMIT 1   [ RunTime:0.0156s ]
SQL: SHOW COLUMNS FROM `signimg` [ RunTime:0.0000s ]
SQL: SELECT * FROM `signimg` WHERE ( sid='435' )  [ RunTime:0.0000s ]
SQL: SHOW COLUMNS FROM `customer` [ RunTime:0.0000s ]
SQL: SELECT * FROM `customer` WHERE ( id='924' ) LIMIT 1   [ RunTime:0.0000s ]
SQL: SELECT * FROM `sign` WHERE ( id='435' ) LIMIT 1   [ RunTime:0.0000s ]
SQL: SELECT * FROM `templateson` WHERE ( uid='924' and fid='311' and orders='1' ) LIMIT 1   [ RunTime:0.0000s ]
SQL: SHOW COLUMNS FROM `seal` [ RunTime:0.0156s ]
SQL: SELECT * FROM `seal` WHERE ( id='47' ) LIMIT 1   [ RunTime:0.0000s ]
ERR: Call to undefined function Home\Controller\exif_read_data()

[ 2019-10-18T10:16:20+08:00 ] 119.119.77.185 /home/sendsign/sendsigndo
INFO: [ app_init ] --START--
INFO: Run Behavior\BuildLiteBehavior [ RunTime:0.000000s ]
INFO: [ app_init ] --END-- [ RunTime:0.000000s ]
INFO: [ app_begin ] --START--
INFO: Run Behavior\ReadHtmlCacheBehavior [ RunTime:0.000000s ]
INFO: [ app_begin ] --END-- [ RunTime:0.000000s ]
SQL: SHOW COLUMNS FROM `sign` [ RunTime:0.0000s ]
SQL: SELECT * FROM `sign` WHERE ( id='435' ) LIMIT 1   [ RunTime:0.0000s ]
SQL: SHOW COLUMNS FROM `templateson` [ RunTime:0.0000s ]
SQL: SELECT * FROM `templateson` WHERE ( fid='311' and uid='924' and orders='1' ) LIMIT 1   [ RunTime:0.0000s ]
SQL: SHOW COLUMNS FROM `signson` [ RunTime:0.0000s ]
SQL: SELECT * FROM `signson` WHERE ( fid='435' and tsid='594' ) LIMIT 1   [ RunTime:0.0000s ]
SQL: SHOW COLUMNS FROM `signimg` [ RunTime:0.0000s ]
SQL: SELECT * FROM `signimg` WHERE ( sid='435' )  [ RunTime:0.0000s ]
SQL: SHOW COLUMNS FROM `customer` [ RunTime:0.0156s ]
SQL: SELECT * FROM `customer` WHERE ( id='924' ) LIMIT 1   [ RunTime:0.0000s ]
SQL: SELECT * FROM `sign` WHERE ( id='435' ) LIMIT 1   [ RunTime:0.0000s ]
SQL: SELECT * FROM `templateson` WHERE ( uid='924' and fid='311' and orders='1' ) LIMIT 1   [ RunTime:0.0000s ]
SQL: SHOW COLUMNS FROM `seal` [ RunTime:0.0000s ]
SQL: SELECT * FROM `seal` WHERE ( id='47' ) LIMIT 1   [ RunTime:0.0000s ]
ERR: Call to undefined function Home\Controller\exif_read_data()

[ 2019-10-18T10:16:20+08:00 ] 119.119.77.185 /home/sendsign/sendsigndo
INFO: [ app_init ] --START--
INFO: Run Behavior\BuildLiteBehavior [ RunTime:0.000000s ]
INFO: [ app_init ] --END-- [ RunTime:0.000000s ]
INFO: [ app_begin ] --START--
INFO: Run Behavior\ReadHtmlCacheBehavior [ RunTime:0.000000s ]
INFO: [ app_begin ] --END-- [ RunTime:0.000000s ]
SQL: SHOW COLUMNS FROM `sign` [ RunTime:0.0000s ]
SQL: SELECT * FROM `sign` WHERE ( id='435' ) LIMIT 1   [ RunTime:0.0156s ]
SQL: SHOW COLUMNS FROM `templateson` [ RunTime:0.0000s ]
SQL: SELECT * FROM `templateson` WHERE ( fid='311' and uid='924' and orders='1' ) LIMIT 1   [ RunTime:0.0000s ]
SQL: SHOW COLUMNS FROM `signson` [ RunTime:0.0000s ]
SQL: SELECT * FROM `signson` WHERE ( fid='435' and tsid='594' ) LIMIT 1   [ RunTime:0.0000s ]
SQL: SHOW COLUMNS FROM `signimg` [ RunTime:0.0000s ]
SQL: SELECT * FROM `signimg` WHERE ( sid='435' )  [ RunTime:0.0000s ]
SQL: SHOW COLUMNS FROM `customer` [ RunTime:0.0000s ]
SQL: SELECT * FROM `customer` WHERE ( id='924' ) LIMIT 1   [ RunTime:0.0156s ]
SQL: SELECT * FROM `sign` WHERE ( id='435' ) LIMIT 1   [ RunTime:0.0000s ]
SQL: SELECT * FROM `templateson` WHERE ( uid='924' and fid='311' and orders='1' ) LIMIT 1   [ RunTime:0.0000s ]
SQL: SHOW COLUMNS FROM `seal` [ RunTime:0.0000s ]
SQL: SELECT * FROM `seal` WHERE ( id='47' ) LIMIT 1   [ RunTime:0.0000s ]
ERR: Call to undefined function Home\Controller\exif_read_data()

