[ 2020-07-20T08:38:51+08:00 ] 127.0.0.1 /favicon.ico
INFO: [ app_init ] --START--
INFO: Run Behavior\BuildLiteBehavior [ RunTime:0.000059s ]
INFO: [ app_init ] --END-- [ RunTime:0.002954s ]
ERR: 无法加载模块:Favicon

[ 2020-07-20T08:42:16+08:00 ] 127.0.0.1 /files/swiper/js/swiper.min.js.map
INFO: [ app_init ] --START--
INFO: Run Behavior\BuildLiteBehavior [ RunTime:0.000065s ]
INFO: [ app_init ] --END-- [ RunTime:0.004681s ]
ERR: 无法加载模块:Files

[ 2020-07-20T08:42:26+08:00 ] 127.0.0.1 /files/swiper/js/swiper.min.js.map
INFO: [ app_init ] --START--
INFO: Run Behavior\BuildLiteBehavior [ RunTime:0.000087s ]
INFO: [ app_init ] --END-- [ RunTime:0.007116s ]
ERR: 无法加载模块:Files

[ 2020-07-20T08:42:48+08:00 ] 127.0.0.1 /files/swiper/js/swiper.min.js.map
INFO: [ app_init ] --START--
INFO: Run Behavior\BuildLiteBehavior [ RunTime:0.000063s ]
INFO: [ app_init ] --END-- [ RunTime:0.003549s ]
ERR: 无法加载模块:Files

[ 2020-07-20T08:45:57+08:00 ] 127.0.0.1 /files/swiper/js/swiper.min.js.map
INFO: [ app_init ] --START--
INFO: Run Behavior\BuildLiteBehavior [ RunTime:0.000078s ]
INFO: [ app_init ] --END-- [ RunTime:0.002932s ]
ERR: 无法加载模块:Files

[ 2020-07-20T08:50:03+08:00 ] 127.0.0.1 /files/swiper/js/swiper.min.js.map
INFO: [ app_init ] --START--
INFO: Run Behavior\BuildLiteBehavior [ RunTime:0.000081s ]
INFO: [ app_init ] --END-- [ RunTime:0.004852s ]
ERR: 无法加载模块:Files

[ 2020-07-20T08:50:18+08:00 ] 127.0.0.1 /files/swiper/js/swiper.min.js.map
INFO: [ app_init ] --START--
INFO: Run Behavior\BuildLiteBehavior [ RunTime:0.000065s ]
INFO: [ app_init ] --END-- [ RunTime:0.004775s ]
ERR: 无法加载模块:Files

[ 2020-07-20T08:51:43+08:00 ] 127.0.0.1 /files/swiper/js/swiper.min.js.map
INFO: [ app_init ] --START--
INFO: Run Behavior\BuildLiteBehavior [ RunTime:0.000068s ]
INFO: [ app_init ] --END-- [ RunTime:0.041658s ]
ERR: 无法加载模块:Files

[ 2020-07-20T08:53:50+08:00 ] 127.0.0.1 /files/swiper/js/swiper.min.js.map
INFO: [ app_init ] --START--
INFO: Run Behavior\BuildLiteBehavior [ RunTime:0.000068s ]
INFO: [ app_init ] --END-- [ RunTime:0.003399s ]
ERR: 无法加载模块:Files

[ 2020-07-20T08:53:55+08:00 ] 127.0.0.1 /files/swiper/js/swiper.min.js.map
INFO: [ app_init ] --START--
INFO: Run Behavior\BuildLiteBehavior [ RunTime:0.000063s ]
INFO: [ app_init ] --END-- [ RunTime:0.002921s ]
ERR: 无法加载模块:Files

[ 2020-07-20T08:55:02+08:00 ] 127.0.0.1 /files/swiper/js/swiper.min.js.map
INFO: [ app_init ] --START--
INFO: Run Behavior\BuildLiteBehavior [ RunTime:0.000069s ]
INFO: [ app_init ] --END-- [ RunTime:0.011051s ]
ERR: 无法加载模块:Files

[ 2020-07-20T08:55:56+08:00 ] 127.0.0.1 /files/swiper/js/swiper.min.js.map
INFO: [ app_init ] --START--
INFO: Run Behavior\BuildLiteBehavior [ RunTime:0.000041s ]
INFO: [ app_init ] --END-- [ RunTime:0.001799s ]
ERR: 无法加载模块:Files

[ 2020-07-20T08:58:50+08:00 ] 127.0.0.1 /files/swiper/js/swiper.min.js.map
INFO: [ app_init ] --START--
INFO: Run Behavior\BuildLiteBehavior [ RunTime:0.000568s ]
INFO: [ app_init ] --END-- [ RunTime:0.016090s ]
ERR: 无法加载模块:Files

[ 2020-07-20T08:58:54+08:00 ] 127.0.0.1 /files/swiper/js/swiper.min.js.map
INFO: [ app_init ] --START--
INFO: Run Behavior\BuildLiteBehavior [ RunTime:0.000068s ]
INFO: [ app_init ] --END-- [ RunTime:0.018686s ]
ERR: 无法加载模块:Files

[ 2020-07-20T08:58:58+08:00 ] 127.0.0.1 /files/swiper/js/swiper.min.js.map
INFO: [ app_init ] --START--
INFO: Run Behavior\BuildLiteBehavior [ RunTime:0.000061s ]
INFO: [ app_init ] --END-- [ RunTime:0.008296s ]
ERR: 无法加载模块:Files

[ 2020-07-20T08:58:58+08:00 ] 127.0.0.1 /favicon.ico
INFO: [ app_init ] --START--
INFO: Run Behavior\BuildLiteBehavior [ RunTime:0.000062s ]
INFO: [ app_init ] --END-- [ RunTime:0.004353s ]
ERR: 无法加载模块:Favicon

[ 2020-07-20T08:59:32+08:00 ] 127.0.0.1 /favicon.ico
INFO: [ app_init ] --START--
INFO: Run Behavior\BuildLiteBehavior [ RunTime:0.000066s ]
INFO: [ app_init ] --END-- [ RunTime:0.002612s ]
ERR: 无法加载模块:Favicon

[ 2020-07-20T09:01:54+08:00 ] 127.0.0.1 /files/swiper/js/swiper.min.js.map
INFO: [ app_init ] --START--
INFO: Run Behavior\BuildLiteBehavior [ RunTime:0.000076s ]
INFO: [ app_init ] --END-- [ RunTime:0.002817s ]
ERR: 无法加载模块:Files

[ 2020-07-20T09:04:50+08:00 ] 127.0.0.1 /files/swiper/js/swiper.min.js.map
INFO: [ app_init ] --START--
INFO: Run Behavior\BuildLiteBehavior [ RunTime:0.000080s ]
INFO: [ app_init ] --END-- [ RunTime:0.002730s ]
ERR: 无法加载模块:Files

[ 2020-07-20T09:05:23+08:00 ] 127.0.0.1 /files/swiper/js/swiper.min.js.map
INFO: [ app_init ] --START--
INFO: Run Behavior\BuildLiteBehavior [ RunTime:0.000065s ]
INFO: [ app_init ] --END-- [ RunTime:0.002605s ]
ERR: 无法加载模块:Files

[ 2020-07-20T09:05:46+08:00 ] 127.0.0.1 /signname/351/20190903/20190903/1567486906.png
INFO: [ app_init ] --START--
INFO: Run Behavior\BuildLiteBehavior [ RunTime:0.000044s ]
INFO: [ app_init ] --END-- [ RunTime:0.002915s ]
ERR: 无法加载模块:Signname

[ 2020-07-20T09:23:55+08:00 ] 127.0.0.1 /favicon.ico
INFO: [ app_init ] --START--
INFO: Run Behavior\BuildLiteBehavior [ RunTime:0.000057s ]
INFO: [ app_init ] --END-- [ RunTime:0.002606s ]
ERR: 无法加载模块:Favicon

[ 2020-07-20T09:25:09+08:00 ] 127.0.0.1 /favicon.ico
INFO: [ app_init ] --START--
INFO: Run Behavior\BuildLiteBehavior [ RunTime:0.000042s ]
INFO: [ app_init ] --END-- [ RunTime:0.001851s ]
ERR: 无法加载模块:Favicon

[ 2020-07-20T11:11:55+08:00 ] 127.0.0.1 /favicon.ico
INFO: [ app_init ] --START--
INFO: Run Behavior\BuildLiteBehavior [ RunTime:0.000028s ]
INFO: [ app_init ] --END-- [ RunTime:0.001046s ]
ERR: 无法加载模块:Favicon

[ 2020-07-20T11:31:15+08:00 ] 127.0.0.1 /files/swiper/js/swiper.min.js.map
INFO: [ app_init ] --START--
INFO: Run Behavior\BuildLiteBehavior [ RunTime:0.000027s ]
INFO: [ app_init ] --END-- [ RunTime:0.000951s ]
ERR: 无法加载模块:Files

[ 2020-07-20T11:32:12+08:00 ] 127.0.0.1 /files/swiper/js/swiper.min.js.map
INFO: [ app_init ] --START--
INFO: Run Behavior\BuildLiteBehavior [ RunTime:0.000023s ]
INFO: [ app_init ] --END-- [ RunTime:0.000910s ]
ERR: 无法加载模块:Files

[ 2020-07-20T11:33:15+08:00 ] 127.0.0.1 ///signname/352/20190903/20190903/1567486662.png
INFO: [ app_init ] --START--
INFO: Run Behavior\BuildLiteBehavior [ RunTime:0.000024s ]
INFO: [ app_init ] --END-- [ RunTime:0.000994s ]
ERR: 无法加载模块:Signname

[ 2020-07-20T11:33:15+08:00 ] 127.0.0.1 /files/swiper/js/swiper.min.js.map
INFO: [ app_init ] --START--
INFO: Run Behavior\BuildLiteBehavior [ RunTime:0.000022s ]
INFO: [ app_init ] --END-- [ RunTime:0.001032s ]
ERR: 无法加载模块:Files

[ 2020-07-20T11:33:20+08:00 ] 127.0.0.1 /files/swiper/js/swiper.min.js.map
INFO: [ app_init ] --START--
INFO: Run Behavior\BuildLiteBehavior [ RunTime:0.000017s ]
INFO: [ app_init ] --END-- [ RunTime:0.000632s ]
ERR: 无法加载模块:Files

[ 2020-07-20T11:34:53+08:00 ] 127.0.0.1 /files/swiper/js/swiper.min.js.map
INFO: [ app_init ] --START--
INFO: Run Behavior\BuildLiteBehavior [ RunTime:0.000021s ]
INFO: [ app_init ] --END-- [ RunTime:0.000855s ]
ERR: 无法加载模块:Files

[ 2020-07-20T11:34:53+08:00 ] 127.0.0.1 /files/swiper/js/swiper.min.js.map
INFO: [ app_init ] --START--
INFO: Run Behavior\BuildLiteBehavior [ RunTime:0.000037s ]
INFO: [ app_init ] --END-- [ RunTime:0.001047s ]
ERR: 无法加载模块:Files

[ 2020-07-20T11:35:09+08:00 ] 127.0.0.1 ///signname/351/20190903/20190903/1567486906.png
INFO: [ app_init ] --START--
INFO: Run Behavior\BuildLiteBehavior [ RunTime:0.000030s ]
INFO: [ app_init ] --END-- [ RunTime:0.000960s ]
ERR: 无法加载模块:Signname

[ 2020-07-20T11:35:10+08:00 ] 127.0.0.1 /files/swiper/js/swiper.min.js.map
INFO: [ app_init ] --START--
INFO: Run Behavior\BuildLiteBehavior [ RunTime:0.000026s ]
INFO: [ app_init ] --END-- [ RunTime:0.001099s ]
ERR: 无法加载模块:Files

[ 2020-07-20T11:35:10+08:00 ] 127.0.0.1 /files/swiper/js/swiper.min.js.map
INFO: [ app_init ] --START--
INFO: Run Behavior\BuildLiteBehavior [ RunTime:0.000026s ]
INFO: [ app_init ] --END-- [ RunTime:0.001003s ]
ERR: 无法加载模块:Files

[ 2020-07-20T12:27:32+08:00 ] 127.0.0.1 ///signname/351/20190903/20190903/1567486906.png
INFO: [ app_init ] --START--
INFO: Run Behavior\BuildLiteBehavior [ RunTime:0.000027s ]
INFO: [ app_init ] --END-- [ RunTime:0.002100s ]
ERR: 无法加载模块:Signname

[ 2020-07-20T12:28:29+08:00 ] 127.0.0.1 /files/swiper/js/swiper.min.js.map
INFO: [ app_init ] --START--
INFO: Run Behavior\BuildLiteBehavior [ RunTime:0.000021s ]
INFO: [ app_init ] --END-- [ RunTime:0.000783s ]
ERR: 无法加载模块:Files

[ 2020-07-20T12:28:29+08:00 ] 127.0.0.1 /files/swiper/js/swiper.min.js.map
INFO: [ app_init ] --START--
INFO: Run Behavior\BuildLiteBehavior [ RunTime:0.000017s ]
INFO: [ app_init ] --END-- [ RunTime:0.000742s ]
ERR: 无法加载模块:Files

[ 2020-07-20T12:28:33+08:00 ] 127.0.0.1 /files/swiper/js/swiper.min.js.map
INFO: [ app_init ] --START--
INFO: Run Behavior\BuildLiteBehavior [ RunTime:0.000020s ]
INFO: [ app_init ] --END-- [ RunTime:0.000798s ]
ERR: 无法加载模块:Files

[ 2020-07-20T12:28:33+08:00 ] 127.0.0.1 /files/swiper/js/swiper.min.js.map
INFO: [ app_init ] --START--
INFO: Run Behavior\BuildLiteBehavior [ RunTime:0.000024s ]
INFO: [ app_init ] --END-- [ RunTime:0.001115s ]
ERR: 无法加载模块:Files

[ 2020-07-20T12:29:15+08:00 ] 127.0.0.1 /files/swiper/js/swiper.min.js.map
INFO: [ app_init ] --START--
INFO: Run Behavior\BuildLiteBehavior [ RunTime:0.000016s ]
INFO: [ app_init ] --END-- [ RunTime:0.000767s ]
ERR: 无法加载模块:Files

[ 2020-07-20T12:29:17+08:00 ] 127.0.0.1 /files/swiper/js/swiper.min.js.map
INFO: [ app_init ] --START--
INFO: Run Behavior\BuildLiteBehavior [ RunTime:0.000027s ]
INFO: [ app_init ] --END-- [ RunTime:0.001261s ]
ERR: 无法加载模块:Files

[ 2020-07-20T12:29:38+08:00 ] 127.0.0.1 /files/swiper/js/swiper.min.js.map
INFO: [ app_init ] --START--
INFO: Run Behavior\BuildLiteBehavior [ RunTime:0.000022s ]
INFO: [ app_init ] --END-- [ RunTime:0.000855s ]
ERR: 无法加载模块:Files

[ 2020-07-20T12:29:38+08:00 ] 127.0.0.1 /files/swiper/js/swiper.min.js.map
INFO: [ app_init ] --START--
INFO: Run Behavior\BuildLiteBehavior [ RunTime:0.000027s ]
INFO: [ app_init ] --END-- [ RunTime:0.000939s ]
ERR: 无法加载模块:Files

[ 2020-07-20T12:30:41+08:00 ] 127.0.0.1 ///signname/352/20190903/20190903/1567486662.png
INFO: [ app_init ] --START--
INFO: Run Behavior\BuildLiteBehavior [ RunTime:0.000033s ]
INFO: [ app_init ] --END-- [ RunTime:0.001153s ]
ERR: 无法加载模块:Signname

[ 2020-07-20T12:30:41+08:00 ] 127.0.0.1 /files/swiper/js/swiper.min.js.map
INFO: [ app_init ] --START--
INFO: Run Behavior\BuildLiteBehavior [ RunTime:0.000022s ]
INFO: [ app_init ] --END-- [ RunTime:0.000835s ]
ERR: 无法加载模块:Files

[ 2020-07-20T12:30:43+08:00 ] 127.0.0.1 ///signname/352/20190903/20190903/1567486662.png
INFO: [ app_init ] --START--
INFO: Run Behavior\BuildLiteBehavior [ RunTime:0.000025s ]
INFO: [ app_init ] --END-- [ RunTime:0.001031s ]
ERR: 无法加载模块:Signname

[ 2020-07-20T12:31:56+08:00 ] 127.0.0.1 /files/swiper/js/swiper.min.js.map
INFO: [ app_init ] --START--
INFO: Run Behavior\BuildLiteBehavior [ RunTime:0.000013s ]
INFO: [ app_init ] --END-- [ RunTime:0.000531s ]
ERR: 无法加载模块:Files

[ 2020-07-20T13:00:13+08:00 ] 127.0.0.1 /files/swiper/js/swiper.min.js.map
INFO: [ app_init ] --START--
INFO: Run Behavior\BuildLiteBehavior [ RunTime:0.000024s ]
INFO: [ app_init ] --END-- [ RunTime:0.001215s ]
ERR: 无法加载模块:Files

[ 2020-07-20T13:00:13+08:00 ] 127.0.0.1 /files/swiper/js/swiper.min.js.map
INFO: [ app_init ] --START--
INFO: Run Behavior\BuildLiteBehavior [ RunTime:0.000024s ]
INFO: [ app_init ] --END-- [ RunTime:0.000978s ]
ERR: 无法加载模块:Files

[ 2020-07-20T13:00:17+08:00 ] 127.0.0.1 /files/swiper/js/swiper.min.js.map
INFO: [ app_init ] --START--
INFO: Run Behavior\BuildLiteBehavior [ RunTime:0.000021s ]
INFO: [ app_init ] --END-- [ RunTime:0.000879s ]
ERR: 无法加载模块:Files

[ 2020-07-20T13:00:17+08:00 ] 127.0.0.1 /files/swiper/js/swiper.min.js.map
INFO: [ app_init ] --START--
INFO: Run Behavior\BuildLiteBehavior [ RunTime:0.000023s ]
INFO: [ app_init ] --END-- [ RunTime:0.001469s ]
ERR: 无法加载模块:Files

[ 2020-07-20T13:01:50+08:00 ] 127.0.0.1 ///signname/352/20190903/20190903/1567486662.png
INFO: [ app_init ] --START--
INFO: Run Behavior\BuildLiteBehavior [ RunTime:0.000025s ]
INFO: [ app_init ] --END-- [ RunTime:0.001060s ]
ERR: 无法加载模块:Signname

[ 2020-07-20T13:03:59+08:00 ] 127.0.0.1 /files/swiper/js/swiper.min.js.map
INFO: [ app_init ] --START--
INFO: Run Behavior\BuildLiteBehavior [ RunTime:0.000022s ]
INFO: [ app_init ] --END-- [ RunTime:0.000844s ]
ERR: 无法加载模块:Files

[ 2020-07-20T13:04:03+08:00 ] 127.0.0.1 /files/swiper/js/swiper.min.js.map
INFO: [ app_init ] --START--
INFO: Run Behavior\BuildLiteBehavior [ RunTime:0.000023s ]
INFO: [ app_init ] --END-- [ RunTime:0.000861s ]
ERR: 无法加载模块:Files

[ 2020-07-20T13:06:16+08:00 ] 127.0.0.1 /files/swiper/js/swiper.min.js.map
INFO: [ app_init ] --START--
INFO: Run Behavior\BuildLiteBehavior [ RunTime:0.000024s ]
INFO: [ app_init ] --END-- [ RunTime:0.000775s ]
ERR: 无法加载模块:Files

[ 2020-07-20T13:13:18+08:00 ] 127.0.0.1 /files/swiper/js/swiper.min.js.map
INFO: [ app_init ] --START--
INFO: Run Behavior\BuildLiteBehavior [ RunTime:0.000022s ]
INFO: [ app_init ] --END-- [ RunTime:0.000659s ]
ERR: 无法加载模块:Files

[ 2020-07-20T13:13:22+08:00 ] 127.0.0.1 /files/swiper/js/swiper.min.js.map
INFO: [ app_init ] --START--
INFO: Run Behavior\BuildLiteBehavior [ RunTime:0.000014s ]
INFO: [ app_init ] --END-- [ RunTime:0.000674s ]
ERR: 无法加载模块:Files

[ 2020-07-20T13:14:53+08:00 ] 127.0.0.1 /files/swiper/js/swiper.min.js.map
INFO: [ app_init ] --START--
INFO: Run Behavior\BuildLiteBehavior [ RunTime:0.000014s ]
INFO: [ app_init ] --END-- [ RunTime:0.000524s ]
ERR: 无法加载模块:Files

[ 2020-07-20T13:15:29+08:00 ] 127.0.0.1 /files/swiper/js/swiper.min.js.map
INFO: [ app_init ] --START--
INFO: Run Behavior\BuildLiteBehavior [ RunTime:0.000022s ]
INFO: [ app_init ] --END-- [ RunTime:0.000631s ]
ERR: 无法加载模块:Files

[ 2020-07-20T13:17:46+08:00 ] 127.0.0.1 /files/swiper/js/swiper.min.js.map
INFO: [ app_init ] --START--
INFO: Run Behavior\BuildLiteBehavior [ RunTime:0.000015s ]
INFO: [ app_init ] --END-- [ RunTime:0.000721s ]
ERR: 无法加载模块:Files

[ 2020-07-20T13:18:46+08:00 ] 127.0.0.1 /files/swiper/js/swiper.min.js.map
INFO: [ app_init ] --START--
INFO: Run Behavior\BuildLiteBehavior [ RunTime:0.000022s ]
INFO: [ app_init ] --END-- [ RunTime:0.000683s ]
ERR: 无法加载模块:Files

[ 2020-07-20T13:18:46+08:00 ] 127.0.0.1 /files/swiper/js/swiper.min.js.map
INFO: [ app_init ] --START--
INFO: Run Behavior\BuildLiteBehavior [ RunTime:0.000021s ]
INFO: [ app_init ] --END-- [ RunTime:0.000835s ]
ERR: 无法加载模块:Files

[ 2020-07-20T13:19:07+08:00 ] 127.0.0.1 /files/swiper/js/swiper.min.js.map
INFO: [ app_init ] --START--
INFO: Run Behavior\BuildLiteBehavior [ RunTime:0.000022s ]
INFO: [ app_init ] --END-- [ RunTime:0.000769s ]
ERR: 无法加载模块:Files

[ 2020-07-20T13:19:07+08:00 ] 127.0.0.1 /files/swiper/js/swiper.min.js.map
INFO: [ app_init ] --START--
INFO: Run Behavior\BuildLiteBehavior [ RunTime:0.000016s ]
INFO: [ app_init ] --END-- [ RunTime:0.000749s ]
ERR: 无法加载模块:Files

[ 2020-07-20T13:19:22+08:00 ] 127.0.0.1 /files/swiper/js/swiper.min.js.map
INFO: [ app_init ] --START--
INFO: Run Behavior\BuildLiteBehavior [ RunTime:0.000021s ]
INFO: [ app_init ] --END-- [ RunTime:0.000879s ]
ERR: 无法加载模块:Files

[ 2020-07-20T13:19:22+08:00 ] 127.0.0.1 /files/swiper/js/swiper.min.js.map
INFO: [ app_init ] --START--
INFO: Run Behavior\BuildLiteBehavior [ RunTime:0.000023s ]
INFO: [ app_init ] --END-- [ RunTime:0.001563s ]
ERR: 无法加载模块:Files

[ 2020-07-20T13:19:40+08:00 ] 127.0.0.1 /files/swiper/js/swiper.min.js.map
INFO: [ app_init ] --START--
INFO: Run Behavior\BuildLiteBehavior [ RunTime:0.000013s ]
INFO: [ app_init ] --END-- [ RunTime:0.000551s ]
ERR: 无法加载模块:Files

[ 2020-07-20T13:19:57+08:00 ] 127.0.0.1 /files/swiper/js/swiper.min.js.map
INFO: [ app_init ] --START--
INFO: Run Behavior\BuildLiteBehavior [ RunTime:0.000025s ]
INFO: [ app_init ] --END-- [ RunTime:0.001022s ]
ERR: 无法加载模块:Files

[ 2020-07-20T13:20:01+08:00 ] 127.0.0.1 /files/swiper/js/swiper.min.js.map
INFO: [ app_init ] --START--
INFO: Run Behavior\BuildLiteBehavior [ RunTime:0.000020s ]
INFO: [ app_init ] --END-- [ RunTime:0.001100s ]
ERR: 无法加载模块:Files

[ 2020-07-20T13:23:52+08:00 ] 127.0.0.1 /files/swiper/js/swiper.min.js.map
INFO: [ app_init ] --START--
INFO: Run Behavior\BuildLiteBehavior [ RunTime:0.000022s ]
INFO: [ app_init ] --END-- [ RunTime:0.000816s ]
ERR: 无法加载模块:Files

[ 2020-07-20T13:23:52+08:00 ] 127.0.0.1 /files/swiper/js/swiper.min.js.map
INFO: [ app_init ] --START--
INFO: Run Behavior\BuildLiteBehavior [ RunTime:0.000024s ]
INFO: [ app_init ] --END-- [ RunTime:0.001029s ]
ERR: 无法加载模块:Files

[ 2020-07-20T13:24:10+08:00 ] 127.0.0.1 /files/swiper/js/swiper.min.js.map
INFO: [ app_init ] --START--
INFO: Run Behavior\BuildLiteBehavior [ RunTime:0.000014s ]
INFO: [ app_init ] --END-- [ RunTime:0.000700s ]
ERR: 无法加载模块:Files

[ 2020-07-20T13:24:14+08:00 ] 127.0.0.1 /files/swiper/js/swiper.min.js.map
INFO: [ app_init ] --START--
INFO: Run Behavior\BuildLiteBehavior [ RunTime:0.000025s ]
INFO: [ app_init ] --END-- [ RunTime:0.000870s ]
ERR: 无法加载模块:Files

[ 2020-07-20T13:34:23+08:00 ] 127.0.0.1 /files/swiper/js/swiper.min.js.map
INFO: [ app_init ] --START--
INFO: Run Behavior\BuildLiteBehavior [ RunTime:0.000030s ]
INFO: [ app_init ] --END-- [ RunTime:0.001198s ]
ERR: 无法加载模块:Files

[ 2020-07-20T13:34:36+08:00 ] 127.0.0.1 /files/swiper/js/swiper.min.js.map
INFO: [ app_init ] --START--
INFO: Run Behavior\BuildLiteBehavior [ RunTime:0.000023s ]
INFO: [ app_init ] --END-- [ RunTime:0.001075s ]
ERR: 无法加载模块:Files

[ 2020-07-20T13:35:04+08:00 ] 127.0.0.1 /files/swiper/js/swiper.min.js.map
INFO: [ app_init ] --START--
INFO: Run Behavior\BuildLiteBehavior [ RunTime:0.000023s ]
INFO: [ app_init ] --END-- [ RunTime:0.002570s ]
ERR: 无法加载模块:Files

[ 2020-07-20T13:36:22+08:00 ] 127.0.0.1 /files/swiper/js/swiper.min.js.map
INFO: [ app_init ] --START--
INFO: Run Behavior\BuildLiteBehavior [ RunTime:0.000247s ]
INFO: [ app_init ] --END-- [ RunTime:0.001179s ]
ERR: 无法加载模块:Files

[ 2020-07-20T13:40:18+08:00 ] 127.0.0.1 /files/swiper/js/swiper.min.js.map
INFO: [ app_init ] --START--
INFO: Run Behavior\BuildLiteBehavior [ RunTime:0.000023s ]
INFO: [ app_init ] --END-- [ RunTime:0.001059s ]
ERR: 无法加载模块:Files

[ 2020-07-20T13:40:19+08:00 ] 127.0.0.1 /files/swiper/js/swiper.min.js.map
INFO: [ app_init ] --START--
INFO: Run Behavior\BuildLiteBehavior [ RunTime:0.000027s ]
INFO: [ app_init ] --END-- [ RunTime:0.001206s ]
ERR: 无法加载模块:Files

[ 2020-07-20T13:40:21+08:00 ] 127.0.0.1 /files/swiper/js/swiper.min.js.map
INFO: [ app_init ] --START--
INFO: Run Behavior\BuildLiteBehavior [ RunTime:0.000023s ]
INFO: [ app_init ] --END-- [ RunTime:0.001108s ]
ERR: 无法加载模块:Files

[ 2020-07-20T13:40:28+08:00 ] 127.0.0.1 /files/swiper/js/swiper.min.js.map
INFO: [ app_init ] --START--
INFO: Run Behavior\BuildLiteBehavior [ RunTime:0.000027s ]
INFO: [ app_init ] --END-- [ RunTime:0.000862s ]
ERR: 无法加载模块:Files

[ 2020-07-20T13:40:57+08:00 ] 127.0.0.1 /files/swiper/js/swiper.min.js.map
INFO: [ app_init ] --START--
INFO: Run Behavior\BuildLiteBehavior [ RunTime:0.000023s ]
INFO: [ app_init ] --END-- [ RunTime:0.001010s ]
ERR: 无法加载模块:Files

[ 2020-07-20T13:42:36+08:00 ] 127.0.0.1 /files/swiper/js/swiper.min.js.map
INFO: [ app_init ] --START--
INFO: Run Behavior\BuildLiteBehavior [ RunTime:0.000023s ]
INFO: [ app_init ] --END-- [ RunTime:0.000874s ]
ERR: 无法加载模块:Files

[ 2020-07-20T13:42:46+08:00 ] 127.0.0.1 /files/swiper/js/swiper.min.js.map
INFO: [ app_init ] --START--
INFO: Run Behavior\BuildLiteBehavior [ RunTime:0.000021s ]
INFO: [ app_init ] --END-- [ RunTime:0.001551s ]
ERR: 无法加载模块:Files

[ 2020-07-20T13:43:51+08:00 ] 127.0.0.1 /files/swiper/js/swiper.min.js.map
INFO: [ app_init ] --START--
INFO: Run Behavior\BuildLiteBehavior [ RunTime:0.000022s ]
INFO: [ app_init ] --END-- [ RunTime:0.001219s ]
ERR: 无法加载模块:Files

[ 2020-07-20T13:47:15+08:00 ] 127.0.0.1 /files/swiper/js/swiper.min.js.map
INFO: [ app_init ] --START--
INFO: Run Behavior\BuildLiteBehavior [ RunTime:0.000032s ]
INFO: [ app_init ] --END-- [ RunTime:0.001822s ]
ERR: 无法加载模块:Files

[ 2020-07-20T13:49:27+08:00 ] 127.0.0.1 /files/swiper/js/swiper.min.js.map
INFO: [ app_init ] --START--
INFO: Run Behavior\BuildLiteBehavior [ RunTime:0.000024s ]
INFO: [ app_init ] --END-- [ RunTime:0.002057s ]
ERR: 无法加载模块:Files

[ 2020-07-20T14:09:23+08:00 ] 127.0.0.1 /files/swiper/js/swiper.min.js.map
INFO: [ app_init ] --START--
INFO: Run Behavior\BuildLiteBehavior [ RunTime:0.000026s ]
INFO: [ app_init ] --END-- [ RunTime:0.001442s ]
ERR: 无法加载模块:Files

[ 2020-07-20T14:22:48+08:00 ] 127.0.0.1 /files/swiper/js/swiper.min.js.map
INFO: [ app_init ] --START--
INFO: Run Behavior\BuildLiteBehavior [ RunTime:0.000016s ]
INFO: [ app_init ] --END-- [ RunTime:0.000847s ]
ERR: 无法加载模块:Files

[ 2020-07-20T14:22:54+08:00 ] 127.0.0.1 /files/swiper/js/swiper.min.js.map
INFO: [ app_init ] --START--
INFO: Run Behavior\BuildLiteBehavior [ RunTime:0.000015s ]
INFO: [ app_init ] --END-- [ RunTime:0.000909s ]
ERR: 无法加载模块:Files

[ 2020-07-20T14:32:13+08:00 ] 127.0.0.1 /files/swiper/js/swiper.min.js.map
INFO: [ app_init ] --START--
INFO: Run Behavior\BuildLiteBehavior [ RunTime:0.000023s ]
INFO: [ app_init ] --END-- [ RunTime:0.001036s ]
ERR: 无法加载模块:Files

[ 2020-07-20T14:32:26+08:00 ] 127.0.0.1 /files/swiper/js/swiper.min.js.map
INFO: [ app_init ] --START--
INFO: Run Behavior\BuildLiteBehavior [ RunTime:0.000022s ]
INFO: [ app_init ] --END-- [ RunTime:0.001054s ]
ERR: 无法加载模块:Files

[ 2020-07-20T14:32:29+08:00 ] 127.0.0.1 /files/swiper/js/swiper.min.js.map
INFO: [ app_init ] --START--
INFO: Run Behavior\BuildLiteBehavior [ RunTime:0.000025s ]
INFO: [ app_init ] --END-- [ RunTime:0.001261s ]
ERR: 无法加载模块:Files

[ 2020-07-20T14:32:30+08:00 ] 127.0.0.1 /files/swiper/js/swiper.min.js.map
INFO: [ app_init ] --START--
INFO: Run Behavior\BuildLiteBehavior [ RunTime:0.000025s ]
INFO: [ app_init ] --END-- [ RunTime:0.000828s ]
ERR: 无法加载模块:Files

[ 2020-07-20T14:35:06+08:00 ] 127.0.0.1 /files/swiper/js/swiper.min.js.map
INFO: [ app_init ] --START--
INFO: Run Behavior\BuildLiteBehavior [ RunTime:0.000023s ]
INFO: [ app_init ] --END-- [ RunTime:0.001271s ]
ERR: 无法加载模块:Files

[ 2020-07-20T14:35:12+08:00 ] 127.0.0.1 /files/swiper/js/swiper.min.js.map
INFO: [ app_init ] --START--
INFO: Run Behavior\BuildLiteBehavior [ RunTime:0.000022s ]
INFO: [ app_init ] --END-- [ RunTime:0.000853s ]
ERR: 无法加载模块:Files

[ 2020-07-20T14:45:41+08:00 ] 127.0.0.1 /files/swiper/js/swiper.min.js.map
INFO: [ app_init ] --START--
INFO: Run Behavior\BuildLiteBehavior [ RunTime:0.000030s ]
INFO: [ app_init ] --END-- [ RunTime:0.000964s ]
ERR: 无法加载模块:Files

[ 2020-07-20T14:47:01+08:00 ] 127.0.0.1 /files/swiper/js/swiper.min.js.map
INFO: [ app_init ] --START--
INFO: Run Behavior\BuildLiteBehavior [ RunTime:0.000016s ]
INFO: [ app_init ] --END-- [ RunTime:0.001034s ]
ERR: 无法加载模块:Files

[ 2020-07-20T14:53:56+08:00 ] 127.0.0.1 /files/swiper/js/swiper.min.js.map
INFO: [ app_init ] --START--
INFO: Run Behavior\BuildLiteBehavior [ RunTime:0.000022s ]
INFO: [ app_init ] --END-- [ RunTime:0.001005s ]
ERR: 无法加载模块:Files

[ 2020-07-20T14:55:16+08:00 ] 127.0.0.1 /files/swiper/js/swiper.min.js.map
INFO: [ app_init ] --START--
INFO: Run Behavior\BuildLiteBehavior [ RunTime:0.000025s ]
INFO: [ app_init ] --END-- [ RunTime:0.001155s ]
ERR: 无法加载模块:Files

[ 2020-07-20T14:55:55+08:00 ] 127.0.0.1 //Uploads/2019-09-03/5d6defa770006.png
INFO: [ app_init ] --START--
INFO: Run Behavior\BuildLiteBehavior [ RunTime:0.000025s ]
INFO: [ app_init ] --END-- [ RunTime:0.000802s ]
ERR: 无法加载模块:Uploads

[ 2020-07-20T14:55:55+08:00 ] 127.0.0.1 //Uploads/2019-09-03/5d6def78d5a85.png
INFO: [ app_init ] --START--
INFO: Run Behavior\BuildLiteBehavior [ RunTime:0.000018s ]
INFO: [ app_init ] --END-- [ RunTime:0.000827s ]
ERR: 无法加载模块:Uploads

[ 2020-07-20T14:55:55+08:00 ] 127.0.0.1 //Uploads/2019-09-03/5d6def86c9796.png
INFO: [ app_init ] --START--
INFO: Run Behavior\BuildLiteBehavior [ RunTime:0.000018s ]
INFO: [ app_init ] --END-- [ RunTime:0.000710s ]
ERR: 无法加载模块:Uploads

[ 2020-07-20T14:57:30+08:00 ] 127.0.0.1 /files/swiper/js/swiper.min.js.map
INFO: [ app_init ] --START--
INFO: Run Behavior\BuildLiteBehavior [ RunTime:0.000027s ]
INFO: [ app_init ] --END-- [ RunTime:0.001477s ]
ERR: 无法加载模块:Files

[ 2020-07-20T14:57:40+08:00 ] 127.0.0.1 /files/swiper/js/swiper.min.js.map
INFO: [ app_init ] --START--
INFO: Run Behavior\BuildLiteBehavior [ RunTime:0.000023s ]
INFO: [ app_init ] --END-- [ RunTime:0.001037s ]
ERR: 无法加载模块:Files

[ 2020-07-20T14:57:56+08:00 ] 127.0.0.1 /files/swiper/js/swiper.min.js.map
INFO: [ app_init ] --START--
INFO: Run Behavior\BuildLiteBehavior [ RunTime:0.000023s ]
INFO: [ app_init ] --END-- [ RunTime:0.000964s ]
ERR: 无法加载模块:Files

[ 2020-07-20T14:57:58+08:00 ] 127.0.0.1 //Uploads/2019-09-03/5d6def78d5a85.png
INFO: [ app_init ] --START--
INFO: Run Behavior\BuildLiteBehavior [ RunTime:0.000023s ]
INFO: [ app_init ] --END-- [ RunTime:0.000891s ]
ERR: 无法加载模块:Uploads

[ 2020-07-20T14:57:58+08:00 ] 127.0.0.1 //Uploads/2019-09-03/5d6defa770006.png
INFO: [ app_init ] --START--
INFO: Run Behavior\BuildLiteBehavior [ RunTime:0.000023s ]
INFO: [ app_init ] --END-- [ RunTime:0.000867s ]
ERR: 无法加载模块:Uploads

[ 2020-07-20T14:58:02+08:00 ] 127.0.0.1 /files/swiper/js/swiper.min.js.map
INFO: [ app_init ] --START--
INFO: Run Behavior\BuildLiteBehavior [ RunTime:0.000026s ]
INFO: [ app_init ] --END-- [ RunTime:0.001115s ]
ERR: 无法加载模块:Files

[ 2020-07-20T15:01:50+08:00 ] 127.0.0.1 /files/swiper/js/swiper.min.js.map
INFO: [ app_init ] --START--
INFO: Run Behavior\BuildLiteBehavior [ RunTime:0.000026s ]
INFO: [ app_init ] --END-- [ RunTime:0.001650s ]
ERR: 无法加载模块:Files

[ 2020-07-20T15:02:02+08:00 ] 127.0.0.1 /files/swiper/js/swiper.min.js.map
INFO: [ app_init ] --START--
INFO: Run Behavior\BuildLiteBehavior [ RunTime:0.000021s ]
INFO: [ app_init ] --END-- [ RunTime:0.000914s ]
ERR: 无法加载模块:Files

[ 2020-07-20T15:02:14+08:00 ] 127.0.0.1 //Uploads/2019-09-03/5d6def78d5a85.png
INFO: [ app_init ] --START--
INFO: Run Behavior\BuildLiteBehavior [ RunTime:0.000020s ]
INFO: [ app_init ] --END-- [ RunTime:0.000757s ]
ERR: 无法加载模块:Uploads

[ 2020-07-20T15:02:14+08:00 ] 127.0.0.1 //Uploads/2019-09-03/5d6defa770006.png
INFO: [ app_init ] --START--
INFO: Run Behavior\BuildLiteBehavior [ RunTime:0.000025s ]
INFO: [ app_init ] --END-- [ RunTime:0.000948s ]
ERR: 无法加载模块:Uploads

[ 2020-07-20T15:02:21+08:00 ] 127.0.0.1 //Uploads/2019-09-03/5d6defa770006.png
INFO: [ app_init ] --START--
INFO: Run Behavior\BuildLiteBehavior [ RunTime:0.000026s ]
INFO: [ app_init ] --END-- [ RunTime:0.000834s ]
ERR: 无法加载模块:Uploads

[ 2020-07-20T15:02:21+08:00 ] 127.0.0.1 //Uploads/2019-09-03/5d6def78d5a85.png
INFO: [ app_init ] --START--
INFO: Run Behavior\BuildLiteBehavior [ RunTime:0.000023s ]
INFO: [ app_init ] --END-- [ RunTime:0.001013s ]
ERR: 无法加载模块:Uploads

[ 2020-07-20T15:04:43+08:00 ] 127.0.0.1 /files/swiper/js/swiper.min.js.map
INFO: [ app_init ] --START--
INFO: Run Behavior\BuildLiteBehavior [ RunTime:0.000024s ]
INFO: [ app_init ] --END-- [ RunTime:0.001904s ]
ERR: 无法加载模块:Files

[ 2020-07-20T15:43:38+08:00 ] 127.0.0.1 /files/swiper/js/swiper.min.js.map
INFO: [ app_init ] --START--
INFO: Run Behavior\BuildLiteBehavior [ RunTime:0.000023s ]
INFO: [ app_init ] --END-- [ RunTime:0.001466s ]
ERR: 无法加载模块:Files

[ 2020-07-20T15:43:38+08:00 ] 127.0.0.1 /files/swiper/js/swiper.min.js.map
INFO: [ app_init ] --START--
INFO: Run Behavior\BuildLiteBehavior [ RunTime:0.000022s ]
INFO: [ app_init ] --END-- [ RunTime:0.000991s ]
ERR: 无法加载模块:Files

[ 2020-07-20T15:43:55+08:00 ] 127.0.0.1 /files/swiper/js/swiper.min.js.map
INFO: [ app_init ] --START--
INFO: Run Behavior\BuildLiteBehavior [ RunTime:0.000024s ]
INFO: [ app_init ] --END-- [ RunTime:0.001808s ]
ERR: 无法加载模块:Files

[ 2020-07-20T16:09:44+08:00 ] 127.0.0.1 /ding/gettoken
INFO: [ app_init ] --START--
INFO: Run Behavior\BuildLiteBehavior [ RunTime:0.000015s ]
INFO: [ app_init ] --END-- [ RunTime:0.000858s ]
ERR: 无法加载模块:Ding

[ 2020-07-20T16:09:56+08:00 ] 127.0.0.1 /ding.php/gettoken
INFO: [ app_init ] --START--
INFO: Run Behavior\BuildLiteBehavior [ RunTime:0.000018s ]
INFO: [ app_init ] --END-- [ RunTime:0.001067s ]
ERR: 无法加载模块:Ding.php

