[ 2019-08-08T22:19:30+08:00 ] 127.0.0.1 /api/login/appindex/userid/535/token/30a69459ba80304091b56cee4ff938b9
INFO: [ app_init ] --START--
INFO: Run Behavior\BuildLiteBehavior [ RunTime:0.000000s ]
INFO: [ app_init ] --END-- [ RunTime:0.001000s ]
INFO: [ app_begin ] --START--
INFO: Run Behavior\ReadHtmlCacheBehavior [ RunTime:0.001000s ]
INFO: [ app_begin ] --END-- [ RunTime:0.001000s ]
SQL: SHOW COLUMNS FROM `customer` [ RunTime:0.0030s ]
SQL: SELECT * FROM `customer` WHERE ( id='535' ) LIMIT 1   [ RunTime:0.0010s ]
INFO: [ app_end ] --START--
INFO: Run Behavior\ShowPageTraceBehavior [ RunTime:0.002000s ]
INFO: [ app_end ] --END-- [ RunTime:0.002000s ]

[ 2019-08-08T22:19:35+08:00 ] 127.0.0.1 /api/netsign/index/userid/535/token/30a69459ba80304091b56cee4ff938b9
INFO: [ app_init ] --START--
INFO: Run Behavior\BuildLiteBehavior [ RunTime:0.000000s ]
INFO: [ app_init ] --END-- [ RunTime:0.001000s ]
INFO: [ app_begin ] --START--
INFO: Run Behavior\ReadHtmlCacheBehavior [ RunTime:0.002000s ]
INFO: [ app_begin ] --END-- [ RunTime:0.002000s ]
SQL: SHOW COLUMNS FROM `customer` [ RunTime:0.0030s ]
SQL: SELECT * FROM `customer` WHERE ( id='535' ) LIMIT 1   [ RunTime:0.0010s ]
SQL: select * from sign as so,

(select a.*,b.orders,b.uid from signson as a , templateson as b where b.uid = 535 and a.tsid = b.id and a.issign = 1 group by a.fid) as son where so.id = son.fid and so.status = 1 and so.nownode = son.orders [ RunTime:0.0010s ]
SQL: select * from sign where status=1 and uid='535' [ RunTime:0.0010s ]
SQL: SHOW COLUMNS FROM `senduid` [ RunTime:0.0040s ]
SQL: SELECT COUNT(*) AS tp_count FROM `senduid` WHERE ( receiveuid = '535' and status = '2' and isout ='2'     ) LIMIT 1   [ RunTime:0.0010s ]
SQL: SELECT
	*
FROM
	(
		SELECT
			b. NAME,
			a.id,
			a.starttime,
			a.endtime,
	        a.savetime,
	        a.status
		FROM
			sign AS a,
			template AS b
		WHERE
			a.uid = '535'
		AND a.mid = b.id 
		UNION ALL
			SELECT
				c. NAME,
				d.id,
				d.starttime,
				d.endtime,
			    d.savetime,
			    d.status
			FROM
				(
					SELECT
						a.*, b. NAME
					FROM
						(
							SELECT
								fid,
								orders
							FROM
								templateson
							WHERE
								uid = '535'
							GROUP BY
								fid
						) AS a,
						template AS b
					WHERE
						a.fid = b.id
				) AS c
			, sign AS d where c.fid = d.mid 
	) e
GROUP BY
	id order by savetime desc
LIMIT 10 [ RunTime:0.0010s ]
INFO: [ app_end ] --START--
INFO: Run Behavior\ShowPageTraceBehavior [ RunTime:0.002000s ]
INFO: [ app_end ] --END-- [ RunTime:0.002000s ]

[ 2019-08-08T22:19:43+08:00 ] 127.0.0.1 /api/netsign/signall/userid/535/token/30a69459ba80304091b56cee4ff938b9/page/1
INFO: [ app_init ] --START--
INFO: Run Behavior\BuildLiteBehavior [ RunTime:0.000000s ]
INFO: [ app_init ] --END-- [ RunTime:0.001000s ]
INFO: [ app_begin ] --START--
INFO: Run Behavior\ReadHtmlCacheBehavior [ RunTime:0.002000s ]
INFO: [ app_begin ] --END-- [ RunTime:0.002000s ]
SQL: SHOW COLUMNS FROM `customer` [ RunTime:0.0030s ]
SQL: SELECT * FROM `customer` WHERE ( id='535' ) LIMIT 1   [ RunTime:0.0010s ]
SQL: select * from (
select @last := '1' as mystatus,b.name,a.id,a.savetime,a.starttime,a.endtime,a.status from sign as a ,template as b  where a.uid='535' and a.mid = b.id UNION all select @last := '2' as mystatus,c.name,d.id,d.savetime,d.starttime,d.endtime,d.`status` from (
select a.*,b.name from (SELECT fid,orders FROM templateson WHERE uid = '535' GROUP BY fid) as a,template as b where a.fid=b.id) as c , sign as d where c.fid = d.mid ) e group by id
			order by savetime desc limit 0,10 [ RunTime:0.0020s ]
INFO: [ app_end ] --START--
INFO: Run Behavior\ShowPageTraceBehavior [ RunTime:0.002000s ]
INFO: [ app_end ] --END-- [ RunTime:0.003000s ]

[ 2019-08-08T22:19:45+08:00 ] 127.0.0.1 /api/netsign/signname/userid/535/token/30a69459ba80304091b56cee4ff938b9
INFO: [ app_init ] --START--
INFO: Run Behavior\BuildLiteBehavior [ RunTime:0.001000s ]
INFO: [ app_init ] --END-- [ RunTime:0.001000s ]
INFO: [ app_begin ] --START--
INFO: Run Behavior\ReadHtmlCacheBehavior [ RunTime:0.001000s ]
INFO: [ app_begin ] --END-- [ RunTime:0.001000s ]
NOTIC: [8] Undefined index: fid D:\phpstudy_pro\WWW\wqxts\Application\Api\Controller\NetsignController.class.php 第 303 行.
NOTIC: [8] Undefined index: title D:\phpstudy_pro\WWW\wqxts\Application\Api\Controller\NetsignController.class.php 第 304 行.
SQL: SHOW COLUMNS FROM `customer` [ RunTime:0.0030s ]
SQL: SELECT * FROM `customer` WHERE ( id='535' ) LIMIT 1   [ RunTime:0.0010s ]
SQL: SHOW COLUMNS FROM `framework` [ RunTime:0.0030s ]
SQL: SELECT `id`,`node_name` FROM `framework` WHERE ( type_id=0 ) LIMIT 1   [ RunTime:0.0000s ]
SQL: SELECT `id`,`node_name` FROM `framework` WHERE ( type_id=66 )  [ RunTime:0.0000s ]
SQL: SELECT `id`,`username`,`worker`,`tel`,`topimage` FROM `customer` WHERE ( pid=66 and status=1 )  [ RunTime:0.0010s ]
NOTIC: [8] Undefined variable: udatas D:\phpstudy_pro\WWW\wqxts\Application\Api\Controller\NetsignController.class.php 第 338 行.
NOTIC: [2] count(): Parameter must be an array or an object that implements Countable D:\phpstudy_pro\WWW\wqxts\Application\Api\Controller\NetsignController.class.php 第 338 行.
INFO: [ app_end ] --START--
INFO: Run Behavior\ShowPageTraceBehavior [ RunTime:0.002000s ]
INFO: [ app_end ] --END-- [ RunTime:0.002000s ]

[ 2019-08-08T22:19:47+08:00 ] 127.0.0.1 /api/netsign/signname/userid/535/token/30a69459ba80304091b56cee4ff938b9/fid/99/title/
INFO: [ app_init ] --START--
INFO: Run Behavior\BuildLiteBehavior [ RunTime:0.000000s ]
INFO: [ app_init ] --END-- [ RunTime:0.001000s ]
INFO: [ app_begin ] --START--
INFO: Run Behavior\ReadHtmlCacheBehavior [ RunTime:0.001000s ]
INFO: [ app_begin ] --END-- [ RunTime:0.001000s ]
NOTIC: [8] Undefined index: title D:\phpstudy_pro\WWW\wqxts\Application\Api\Controller\NetsignController.class.php 第 304 行.
SQL: SHOW COLUMNS FROM `customer` [ RunTime:0.0020s ]
SQL: SELECT * FROM `customer` WHERE ( id='535' ) LIMIT 1   [ RunTime:0.0010s ]
SQL: SHOW COLUMNS FROM `framework` [ RunTime:0.0020s ]
SQL: SELECT `id`,`node_name` FROM `framework` WHERE ( type_id=0 ) LIMIT 1   [ RunTime:0.0010s ]
SQL: SELECT `id`,`node_name` FROM `framework` WHERE ( type_id='99' )  [ RunTime:0.0010s ]
SQL: SELECT * FROM `customer` WHERE ( pid='99' )  [ RunTime:0.0020s ]
SQL: SELECT `id`,`username`,`worker`,`tel`,`topimage` FROM `customer` WHERE ( pid='99' and status=1 )  [ RunTime:0.0010s ]
INFO: [ app_end ] --START--
INFO: Run Behavior\ShowPageTraceBehavior [ RunTime:0.001001s ]
INFO: [ app_end ] --END-- [ RunTime:0.001001s ]

[ 2019-08-08T22:20:17+08:00 ] 127.0.0.1 /api/netsign/signname/userid/535/token/30a69459ba80304091b56cee4ff938b9/fid/0/title/
INFO: [ app_init ] --START--
INFO: Run Behavior\BuildLiteBehavior [ RunTime:0.000000s ]
INFO: [ app_init ] --END-- [ RunTime:0.001000s ]
INFO: [ app_begin ] --START--
INFO: Run Behavior\ReadHtmlCacheBehavior [ RunTime:0.002000s ]
INFO: [ app_begin ] --END-- [ RunTime:0.002000s ]
NOTIC: [8] Undefined index: title D:\phpstudy_pro\WWW\wqxts\Application\Api\Controller\NetsignController.class.php 第 304 行.
SQL: SHOW COLUMNS FROM `customer` [ RunTime:0.0030s ]
SQL: SELECT * FROM `customer` WHERE ( id='535' ) LIMIT 1   [ RunTime:0.0010s ]
SQL: SHOW COLUMNS FROM `framework` [ RunTime:0.0030s ]
SQL: SELECT `id`,`node_name` FROM `framework` WHERE ( type_id=0 ) LIMIT 1   [ RunTime:0.0010s ]
SQL: SELECT `id`,`node_name` FROM `framework` WHERE ( type_id=66 )  [ RunTime:0.0010s ]
SQL: SELECT `id`,`username`,`worker`,`tel`,`topimage` FROM `customer` WHERE ( pid=66 and status=1 )  [ RunTime:0.0020s ]
NOTIC: [8] Undefined variable: udatas D:\phpstudy_pro\WWW\wqxts\Application\Api\Controller\NetsignController.class.php 第 338 行.
NOTIC: [2] count(): Parameter must be an array or an object that implements Countable D:\phpstudy_pro\WWW\wqxts\Application\Api\Controller\NetsignController.class.php 第 338 行.
INFO: [ app_end ] --START--
INFO: Run Behavior\ShowPageTraceBehavior [ RunTime:0.002000s ]
INFO: [ app_end ] --END-- [ RunTime:0.002000s ]

[ 2019-08-08T22:20:24+08:00 ] 127.0.0.1 /api/netsign/signname/userid/535/token/30a69459ba80304091b56cee4ff938b9/fid/153/title/
INFO: [ app_init ] --START--
INFO: Run Behavior\BuildLiteBehavior [ RunTime:0.000000s ]
INFO: [ app_init ] --END-- [ RunTime:0.001000s ]
INFO: [ app_begin ] --START--
INFO: Run Behavior\ReadHtmlCacheBehavior [ RunTime:0.001000s ]
INFO: [ app_begin ] --END-- [ RunTime:0.001000s ]
NOTIC: [8] Undefined index: title D:\phpstudy_pro\WWW\wqxts\Application\Api\Controller\NetsignController.class.php 第 304 行.
SQL: SHOW COLUMNS FROM `customer` [ RunTime:0.0030s ]
SQL: SELECT * FROM `customer` WHERE ( id='535' ) LIMIT 1   [ RunTime:0.0010s ]
SQL: SHOW COLUMNS FROM `framework` [ RunTime:0.0030s ]
SQL: SELECT `id`,`node_name` FROM `framework` WHERE ( type_id=0 ) LIMIT 1   [ RunTime:0.0010s ]
SQL: SELECT `id`,`node_name` FROM `framework` WHERE ( type_id='153' )  [ RunTime:0.0010s ]
SQL: SELECT * FROM `customer` WHERE ( pid='153' )  [ RunTime:0.0020s ]
SQL: SELECT `id`,`username`,`worker`,`tel`,`topimage` FROM `customer` WHERE ( pid='153' and status=1 )  [ RunTime:0.0010s ]
INFO: [ app_end ] --START--
INFO: Run Behavior\ShowPageTraceBehavior [ RunTime:0.001000s ]
INFO: [ app_end ] --END-- [ RunTime:0.001000s ]

[ 2019-08-08T22:20:26+08:00 ] 127.0.0.1 /api/netsign/signname/userid/535/token/30a69459ba80304091b56cee4ff938b9/fid/0/title/
INFO: [ app_init ] --START--
INFO: Run Behavior\BuildLiteBehavior [ RunTime:0.000000s ]
INFO: [ app_init ] --END-- [ RunTime:0.002001s ]
INFO: [ app_begin ] --START--
INFO: Run Behavior\ReadHtmlCacheBehavior [ RunTime:0.002000s ]
INFO: [ app_begin ] --END-- [ RunTime:0.002000s ]
NOTIC: [8] Undefined index: title D:\phpstudy_pro\WWW\wqxts\Application\Api\Controller\NetsignController.class.php 第 304 行.
SQL: SHOW COLUMNS FROM `customer` [ RunTime:0.0030s ]
SQL: SELECT * FROM `customer` WHERE ( id='535' ) LIMIT 1   [ RunTime:0.0010s ]
SQL: SHOW COLUMNS FROM `framework` [ RunTime:0.0030s ]
SQL: SELECT `id`,`node_name` FROM `framework` WHERE ( type_id=0 ) LIMIT 1   [ RunTime:0.0010s ]
SQL: SELECT `id`,`node_name` FROM `framework` WHERE ( type_id=66 )  [ RunTime:0.0010s ]
SQL: SELECT `id`,`username`,`worker`,`tel`,`topimage` FROM `customer` WHERE ( pid=66 and status=1 )  [ RunTime:0.0020s ]
NOTIC: [8] Undefined variable: udatas D:\phpstudy_pro\WWW\wqxts\Application\Api\Controller\NetsignController.class.php 第 338 行.
NOTIC: [2] count(): Parameter must be an array or an object that implements Countable D:\phpstudy_pro\WWW\wqxts\Application\Api\Controller\NetsignController.class.php 第 338 行.
INFO: [ app_end ] --START--
INFO: Run Behavior\ShowPageTraceBehavior [ RunTime:0.002000s ]
INFO: [ app_end ] --END-- [ RunTime:0.002000s ]

[ 2019-08-08T22:20:36+08:00 ] 127.0.0.1 /api/netsign/signname/userid/535/token/30a69459ba80304091b56cee4ff938b9/fid/119/title/
INFO: [ app_init ] --START--
INFO: Run Behavior\BuildLiteBehavior [ RunTime:0.000000s ]
INFO: [ app_init ] --END-- [ RunTime:0.001000s ]
INFO: [ app_begin ] --START--
INFO: Run Behavior\ReadHtmlCacheBehavior [ RunTime:0.002000s ]
INFO: [ app_begin ] --END-- [ RunTime:0.002000s ]
NOTIC: [8] Undefined index: title D:\phpstudy_pro\WWW\wqxts\Application\Api\Controller\NetsignController.class.php 第 304 行.
SQL: SHOW COLUMNS FROM `customer` [ RunTime:0.0040s ]
SQL: SELECT * FROM `customer` WHERE ( id='535' ) LIMIT 1   [ RunTime:0.0010s ]
SQL: SHOW COLUMNS FROM `framework` [ RunTime:0.0040s ]
SQL: SELECT `id`,`node_name` FROM `framework` WHERE ( type_id=0 ) LIMIT 1   [ RunTime:0.0010s ]
SQL: SELECT `id`,`node_name` FROM `framework` WHERE ( type_id='119' )  [ RunTime:0.0010s ]
SQL: SELECT * FROM `customer` WHERE ( pid='119' )  [ RunTime:0.0030s ]
SQL: SELECT `id`,`username`,`worker`,`tel`,`topimage` FROM `customer` WHERE ( pid='119' and status=1 )  [ RunTime:0.0020s ]
INFO: [ app_end ] --START--
INFO: Run Behavior\ShowPageTraceBehavior [ RunTime:0.002000s ]
INFO: [ app_end ] --END-- [ RunTime:0.002000s ]

[ 2019-08-08T22:20:40+08:00 ] 127.0.0.1 /api/netsign/userinfo/userid/535/token/30a69459ba80304091b56cee4ff938b9/id/535
INFO: [ app_init ] --START--
INFO: Run Behavior\BuildLiteBehavior [ RunTime:0.000000s ]
INFO: [ app_init ] --END-- [ RunTime:0.001000s ]
INFO: [ app_begin ] --START--
INFO: Run Behavior\ReadHtmlCacheBehavior [ RunTime:0.002000s ]
INFO: [ app_begin ] --END-- [ RunTime:0.002000s ]
SQL: SHOW COLUMNS FROM `customer` [ RunTime:0.0040s ]
SQL: SELECT * FROM `customer` WHERE ( id='535' ) LIMIT 1   [ RunTime:0.0010s ]
SQL: SELECT * FROM `customer` WHERE ( id='535' ) LIMIT 1   [ RunTime:0.0010s ]
SQL: SHOW COLUMNS FROM `framework` [ RunTime:0.0030s ]
SQL: SELECT * FROM `framework` WHERE ( id='119' ) LIMIT 1   [ RunTime:0.0010s ]
SQL: SHOW COLUMNS FROM `templateson` [ RunTime:0.0050s ]
SQL: SELECT COUNT(*) AS tp_count FROM `templateson` WHERE ( uid='535' and type=1 ) LIMIT 1   [ RunTime:0.0010s ]
SQL: SELECT COUNT(*) AS tp_count FROM `templateson` WHERE ( uid='535' and type=2 ) LIMIT 1   [ RunTime:0.0010s ]
INFO: [ app_end ] --START--
INFO: Run Behavior\ShowPageTraceBehavior [ RunTime:0.002000s ]
INFO: [ app_end ] --END-- [ RunTime:0.002000s ]

[ 2019-08-08T22:20:51+08:00 ] 127.0.0.1 /api/netsign/signname/userid/535/token/30a69459ba80304091b56cee4ff938b9
INFO: [ app_init ] --START--
INFO: Run Behavior\BuildLiteBehavior [ RunTime:0.000000s ]
INFO: [ app_init ] --END-- [ RunTime:0.001000s ]
INFO: [ app_begin ] --START--
INFO: Run Behavior\ReadHtmlCacheBehavior [ RunTime:0.002000s ]
INFO: [ app_begin ] --END-- [ RunTime:0.002000s ]
NOTIC: [8] Undefined index: fid D:\phpstudy_pro\WWW\wqxts\Application\Api\Controller\NetsignController.class.php 第 303 行.
NOTIC: [8] Undefined index: title D:\phpstudy_pro\WWW\wqxts\Application\Api\Controller\NetsignController.class.php 第 304 行.
SQL: SHOW COLUMNS FROM `customer` [ RunTime:0.0030s ]
SQL: SELECT * FROM `customer` WHERE ( id='535' ) LIMIT 1   [ RunTime:0.0010s ]
SQL: SHOW COLUMNS FROM `framework` [ RunTime:0.0030s ]
SQL: SELECT `id`,`node_name` FROM `framework` WHERE ( type_id=0 ) LIMIT 1   [ RunTime:0.0010s ]
SQL: SELECT `id`,`node_name` FROM `framework` WHERE ( type_id=66 )  [ RunTime:0.0010s ]
SQL: SELECT `id`,`username`,`worker`,`tel`,`topimage` FROM `customer` WHERE ( pid=66 and status=1 )  [ RunTime:0.0010s ]
NOTIC: [8] Undefined variable: udatas D:\phpstudy_pro\WWW\wqxts\Application\Api\Controller\NetsignController.class.php 第 338 行.
NOTIC: [2] count(): Parameter must be an array or an object that implements Countable D:\phpstudy_pro\WWW\wqxts\Application\Api\Controller\NetsignController.class.php 第 338 行.
INFO: [ app_end ] --START--
INFO: Run Behavior\ShowPageTraceBehavior [ RunTime:0.001000s ]
INFO: [ app_end ] --END-- [ RunTime:0.001000s ]

[ 2019-08-08T22:20:54+08:00 ] 127.0.0.1 /api/netsign/signname/userid/535/token/30a69459ba80304091b56cee4ff938b9/fid/104/title/
INFO: [ app_init ] --START--
INFO: Run Behavior\BuildLiteBehavior [ RunTime:0.000000s ]
INFO: [ app_init ] --END-- [ RunTime:0.001000s ]
INFO: [ app_begin ] --START--
INFO: Run Behavior\ReadHtmlCacheBehavior [ RunTime:0.002000s ]
INFO: [ app_begin ] --END-- [ RunTime:0.002000s ]
NOTIC: [8] Undefined index: title D:\phpstudy_pro\WWW\wqxts\Application\Api\Controller\NetsignController.class.php 第 304 行.
SQL: SHOW COLUMNS FROM `customer` [ RunTime:0.0030s ]
SQL: SELECT * FROM `customer` WHERE ( id='535' ) LIMIT 1   [ RunTime:0.0010s ]
SQL: SHOW COLUMNS FROM `framework` [ RunTime:0.0030s ]
SQL: SELECT `id`,`node_name` FROM `framework` WHERE ( type_id=0 ) LIMIT 1   [ RunTime:0.0010s ]
SQL: SELECT `id`,`node_name` FROM `framework` WHERE ( type_id='104' )  [ RunTime:0.0010s ]
SQL: SELECT * FROM `customer` WHERE ( pid='104' )  [ RunTime:0.0020s ]
SQL: SELECT `id`,`username`,`worker`,`tel`,`topimage` FROM `customer` WHERE ( pid='104' and status=1 )  [ RunTime:0.0010s ]
INFO: [ app_end ] --START--
INFO: Run Behavior\ShowPageTraceBehavior [ RunTime:0.003000s ]
INFO: [ app_end ] --END-- [ RunTime:0.003000s ]

[ 2019-08-08T22:21:05+08:00 ] 127.0.0.1 /api/netsign/signall/userid/535/token/30a69459ba80304091b56cee4ff938b9/page/1
INFO: [ app_init ] --START--
INFO: Run Behavior\BuildLiteBehavior [ RunTime:0.000000s ]
INFO: [ app_init ] --END-- [ RunTime:0.000000s ]
INFO: [ app_begin ] --START--
INFO: Run Behavior\ReadHtmlCacheBehavior [ RunTime:0.001000s ]
INFO: [ app_begin ] --END-- [ RunTime:0.001000s ]
SQL: SHOW COLUMNS FROM `customer` [ RunTime:0.0030s ]
SQL: SELECT * FROM `customer` WHERE ( id='535' ) LIMIT 1   [ RunTime:0.0010s ]
SQL: select * from (
select @last := '1' as mystatus,b.name,a.id,a.savetime,a.starttime,a.endtime,a.status from sign as a ,template as b  where a.uid='535' and a.mid = b.id UNION all select @last := '2' as mystatus,c.name,d.id,d.savetime,d.starttime,d.endtime,d.`status` from (
select a.*,b.name from (SELECT fid,orders FROM templateson WHERE uid = '535' GROUP BY fid) as a,template as b where a.fid=b.id) as c , sign as d where c.fid = d.mid ) e group by id
			order by savetime desc limit 0,10 [ RunTime:0.0010s ]
INFO: [ app_end ] --START--
INFO: Run Behavior\ShowPageTraceBehavior [ RunTime:0.001000s ]
INFO: [ app_end ] --END-- [ RunTime:0.001000s ]

[ 2019-08-08T22:21:10+08:00 ] 127.0.0.1 /api/netsign/signname/userid/535/token/30a69459ba80304091b56cee4ff938b9
INFO: [ app_init ] --START--
INFO: Run Behavior\BuildLiteBehavior [ RunTime:0.000000s ]
INFO: [ app_init ] --END-- [ RunTime:0.001000s ]
INFO: [ app_begin ] --START--
INFO: Run Behavior\ReadHtmlCacheBehavior [ RunTime:0.001000s ]
INFO: [ app_begin ] --END-- [ RunTime:0.001000s ]
NOTIC: [8] Undefined index: fid D:\phpstudy_pro\WWW\wqxts\Application\Api\Controller\NetsignController.class.php 第 303 行.
NOTIC: [8] Undefined index: title D:\phpstudy_pro\WWW\wqxts\Application\Api\Controller\NetsignController.class.php 第 304 行.
SQL: SHOW COLUMNS FROM `customer` [ RunTime:0.0040s ]
SQL: SELECT * FROM `customer` WHERE ( id='535' ) LIMIT 1   [ RunTime:0.0010s ]
SQL: SHOW COLUMNS FROM `framework` [ RunTime:0.0030s ]
SQL: SELECT `id`,`node_name` FROM `framework` WHERE ( type_id=0 ) LIMIT 1   [ RunTime:0.0010s ]
SQL: SELECT `id`,`node_name` FROM `framework` WHERE ( type_id=66 )  [ RunTime:0.0010s ]
SQL: SELECT `id`,`username`,`worker`,`tel`,`topimage` FROM `customer` WHERE ( pid=66 and status=1 )  [ RunTime:0.0020s ]
NOTIC: [8] Undefined variable: udatas D:\phpstudy_pro\WWW\wqxts\Application\Api\Controller\NetsignController.class.php 第 338 行.
NOTIC: [2] count(): Parameter must be an array or an object that implements Countable D:\phpstudy_pro\WWW\wqxts\Application\Api\Controller\NetsignController.class.php 第 338 行.
INFO: [ app_end ] --START--
INFO: Run Behavior\ShowPageTraceBehavior [ RunTime:0.003001s ]
INFO: [ app_end ] --END-- [ RunTime:0.004001s ]

[ 2019-08-08T22:21:18+08:00 ] 127.0.0.1 /api/netsign/signname/userid/535/token/30a69459ba80304091b56cee4ff938b9/fid/116/title/
INFO: [ app_init ] --START--
INFO: Run Behavior\BuildLiteBehavior [ RunTime:0.000000s ]
INFO: [ app_init ] --END-- [ RunTime:0.001000s ]
INFO: [ app_begin ] --START--
INFO: Run Behavior\ReadHtmlCacheBehavior [ RunTime:0.001000s ]
INFO: [ app_begin ] --END-- [ RunTime:0.001000s ]
NOTIC: [8] Undefined index: title D:\phpstudy_pro\WWW\wqxts\Application\Api\Controller\NetsignController.class.php 第 304 行.
SQL: SHOW COLUMNS FROM `customer` [ RunTime:0.0030s ]
SQL: SELECT * FROM `customer` WHERE ( id='535' ) LIMIT 1   [ RunTime:0.0010s ]
SQL: SHOW COLUMNS FROM `framework` [ RunTime:0.0030s ]
SQL: SELECT `id`,`node_name` FROM `framework` WHERE ( type_id=0 ) LIMIT 1   [ RunTime:0.0010s ]
SQL: SELECT `id`,`node_name` FROM `framework` WHERE ( type_id='116' )  [ RunTime:0.0010s ]
SQL: SELECT * FROM `customer` WHERE ( pid='116' )  [ RunTime:0.0020s ]
SQL: SELECT `id`,`username`,`worker`,`tel`,`topimage` FROM `customer` WHERE ( pid='116' and status=1 )  [ RunTime:0.0010s ]
INFO: [ app_end ] --START--
INFO: Run Behavior\ShowPageTraceBehavior [ RunTime:0.002000s ]
INFO: [ app_end ] --END-- [ RunTime:0.002000s ]

[ 2019-08-08T22:21:38+08:00 ] 127.0.0.1 /api/netsign/signall/userid/535/token/30a69459ba80304091b56cee4ff938b9/page/1
INFO: [ app_init ] --START--
INFO: Run Behavior\BuildLiteBehavior [ RunTime:0.000000s ]
INFO: [ app_init ] --END-- [ RunTime:0.001001s ]
INFO: [ app_begin ] --START--
INFO: Run Behavior\ReadHtmlCacheBehavior [ RunTime:0.001000s ]
INFO: [ app_begin ] --END-- [ RunTime:0.001000s ]
SQL: SHOW COLUMNS FROM `customer` [ RunTime:0.0040s ]
SQL: SELECT * FROM `customer` WHERE ( id='535' ) LIMIT 1   [ RunTime:0.0010s ]
SQL: select * from (
select @last := '1' as mystatus,b.name,a.id,a.savetime,a.starttime,a.endtime,a.status from sign as a ,template as b  where a.uid='535' and a.mid = b.id UNION all select @last := '2' as mystatus,c.name,d.id,d.savetime,d.starttime,d.endtime,d.`status` from (
select a.*,b.name from (SELECT fid,orders FROM templateson WHERE uid = '535' GROUP BY fid) as a,template as b where a.fid=b.id) as c , sign as d where c.fid = d.mid ) e group by id
			order by savetime desc limit 0,10 [ RunTime:0.0030s ]
INFO: [ app_end ] --START--
INFO: Run Behavior\ShowPageTraceBehavior [ RunTime:0.002000s ]
INFO: [ app_end ] --END-- [ RunTime:0.002000s ]

[ 2019-08-08T22:21:40+08:00 ] 127.0.0.1 /api/netsign/signname/userid/535/token/30a69459ba80304091b56cee4ff938b9
INFO: [ app_init ] --START--
INFO: Run Behavior\BuildLiteBehavior [ RunTime:0.000000s ]
INFO: [ app_init ] --END-- [ RunTime:0.001000s ]
INFO: [ app_begin ] --START--
INFO: Run Behavior\ReadHtmlCacheBehavior [ RunTime:0.001000s ]
INFO: [ app_begin ] --END-- [ RunTime:0.001000s ]
NOTIC: [8] Undefined index: fid D:\phpstudy_pro\WWW\wqxts\Application\Api\Controller\NetsignController.class.php 第 303 行.
NOTIC: [8] Undefined index: title D:\phpstudy_pro\WWW\wqxts\Application\Api\Controller\NetsignController.class.php 第 304 行.
SQL: SHOW COLUMNS FROM `customer` [ RunTime:0.0030s ]
SQL: SELECT * FROM `customer` WHERE ( id='535' ) LIMIT 1   [ RunTime:0.0010s ]
SQL: SHOW COLUMNS FROM `framework` [ RunTime:0.0030s ]
SQL: SELECT `id`,`node_name` FROM `framework` WHERE ( type_id=0 ) LIMIT 1   [ RunTime:0.0010s ]
SQL: SELECT `id`,`node_name` FROM `framework` WHERE ( type_id=66 )  [ RunTime:0.0010s ]
SQL: SELECT `id`,`username`,`worker`,`tel`,`topimage` FROM `customer` WHERE ( pid=66 and status=1 )  [ RunTime:0.0010s ]
NOTIC: [8] Undefined variable: udatas D:\phpstudy_pro\WWW\wqxts\Application\Api\Controller\NetsignController.class.php 第 338 行.
NOTIC: [2] count(): Parameter must be an array or an object that implements Countable D:\phpstudy_pro\WWW\wqxts\Application\Api\Controller\NetsignController.class.php 第 338 行.
INFO: [ app_end ] --START--
INFO: Run Behavior\ShowPageTraceBehavior [ RunTime:0.002000s ]
INFO: [ app_end ] --END-- [ RunTime:0.002000s ]

[ 2019-08-08T22:21:47+08:00 ] 127.0.0.1 /api/netsign/signname/userid/535/token/30a69459ba80304091b56cee4ff938b9/fid/117/title/
INFO: [ app_init ] --START--
INFO: Run Behavior\BuildLiteBehavior [ RunTime:0.000000s ]
INFO: [ app_init ] --END-- [ RunTime:0.001000s ]
INFO: [ app_begin ] --START--
INFO: Run Behavior\ReadHtmlCacheBehavior [ RunTime:0.002000s ]
INFO: [ app_begin ] --END-- [ RunTime:0.002000s ]
NOTIC: [8] Undefined index: title D:\phpstudy_pro\WWW\wqxts\Application\Api\Controller\NetsignController.class.php 第 304 行.
SQL: SHOW COLUMNS FROM `customer` [ RunTime:0.0040s ]
SQL: SELECT * FROM `customer` WHERE ( id='535' ) LIMIT 1   [ RunTime:0.0010s ]
SQL: SHOW COLUMNS FROM `framework` [ RunTime:0.0040s ]
SQL: SELECT `id`,`node_name` FROM `framework` WHERE ( type_id=0 ) LIMIT 1   [ RunTime:0.0010s ]
SQL: SELECT `id`,`node_name` FROM `framework` WHERE ( type_id='117' )  [ RunTime:0.0010s ]
SQL: SELECT * FROM `customer` WHERE ( pid='117' )  [ RunTime:0.0020s ]
SQL: SELECT `id`,`username`,`worker`,`tel`,`topimage` FROM `customer` WHERE ( pid='117' and status=1 )  [ RunTime:0.0020s ]
INFO: [ app_end ] --START--
INFO: Run Behavior\ShowPageTraceBehavior [ RunTime:0.003000s ]
INFO: [ app_end ] --END-- [ RunTime:0.003000s ]

[ 2019-08-08T22:22:24+08:00 ] 127.0.0.1 /api/netsign/signall/userid/535/token/30a69459ba80304091b56cee4ff938b9/page/1
INFO: [ app_init ] --START--
INFO: Run Behavior\BuildLiteBehavior [ RunTime:0.000000s ]
INFO: [ app_init ] --END-- [ RunTime:0.000000s ]
INFO: [ app_begin ] --START--
INFO: Run Behavior\ReadHtmlCacheBehavior [ RunTime:0.001000s ]
INFO: [ app_begin ] --END-- [ RunTime:0.001000s ]
SQL: SHOW COLUMNS FROM `customer` [ RunTime:0.0030s ]
SQL: SELECT * FROM `customer` WHERE ( id='535' ) LIMIT 1   [ RunTime:0.0010s ]
SQL: select * from (
select @last := '1' as mystatus,b.name,a.id,a.savetime,a.starttime,a.endtime,a.status from sign as a ,template as b  where a.uid='535' and a.mid = b.id UNION all select @last := '2' as mystatus,c.name,d.id,d.savetime,d.starttime,d.endtime,d.`status` from (
select a.*,b.name from (SELECT fid,orders FROM templateson WHERE uid = '535' GROUP BY fid) as a,template as b where a.fid=b.id) as c , sign as d where c.fid = d.mid ) e group by id
			order by savetime desc limit 0,10 [ RunTime:0.0020s ]
INFO: [ app_end ] --START--
INFO: Run Behavior\ShowPageTraceBehavior [ RunTime:0.001000s ]
INFO: [ app_end ] --END-- [ RunTime:0.001000s ]

[ 2019-08-08T22:22:26+08:00 ] 127.0.0.1 /api/netsign/signname/userid/535/token/30a69459ba80304091b56cee4ff938b9
INFO: [ app_init ] --START--
INFO: Run Behavior\BuildLiteBehavior [ RunTime:0.000000s ]
INFO: [ app_init ] --END-- [ RunTime:0.001000s ]
INFO: [ app_begin ] --START--
INFO: Run Behavior\ReadHtmlCacheBehavior [ RunTime:0.002000s ]
INFO: [ app_begin ] --END-- [ RunTime:0.002000s ]
NOTIC: [8] Undefined index: fid D:\phpstudy_pro\WWW\wqxts\Application\Api\Controller\NetsignController.class.php 第 303 行.
NOTIC: [8] Undefined index: title D:\phpstudy_pro\WWW\wqxts\Application\Api\Controller\NetsignController.class.php 第 304 行.
SQL: SHOW COLUMNS FROM `customer` [ RunTime:0.0020s ]
SQL: SELECT * FROM `customer` WHERE ( id='535' ) LIMIT 1   [ RunTime:0.0000s ]
SQL: SHOW COLUMNS FROM `framework` [ RunTime:0.0020s ]
SQL: SELECT `id`,`node_name` FROM `framework` WHERE ( type_id=0 ) LIMIT 1   [ RunTime:0.0010s ]
SQL: SELECT `id`,`node_name` FROM `framework` WHERE ( type_id=66 )  [ RunTime:0.0010s ]
SQL: SELECT `id`,`username`,`worker`,`tel`,`topimage` FROM `customer` WHERE ( pid=66 and status=1 )  [ RunTime:0.0020s ]
NOTIC: [8] Undefined variable: udatas D:\phpstudy_pro\WWW\wqxts\Application\Api\Controller\NetsignController.class.php 第 338 行.
NOTIC: [2] count(): Parameter must be an array or an object that implements Countable D:\phpstudy_pro\WWW\wqxts\Application\Api\Controller\NetsignController.class.php 第 338 行.
INFO: [ app_end ] --START--
INFO: Run Behavior\ShowPageTraceBehavior [ RunTime:0.002000s ]
INFO: [ app_end ] --END-- [ RunTime:0.002000s ]

[ 2019-08-08T22:22:32+08:00 ] 127.0.0.1 /api/netsign/signname/userid/535/token/30a69459ba80304091b56cee4ff938b9/fid/118/title/
INFO: [ app_init ] --START--
INFO: Run Behavior\BuildLiteBehavior [ RunTime:0.000000s ]
INFO: [ app_init ] --END-- [ RunTime:0.001000s ]
INFO: [ app_begin ] --START--
INFO: Run Behavior\ReadHtmlCacheBehavior [ RunTime:0.002000s ]
INFO: [ app_begin ] --END-- [ RunTime:0.002000s ]
NOTIC: [8] Undefined index: title D:\phpstudy_pro\WWW\wqxts\Application\Api\Controller\NetsignController.class.php 第 304 行.
SQL: SHOW COLUMNS FROM `customer` [ RunTime:0.0040s ]
SQL: SELECT * FROM `customer` WHERE ( id='535' ) LIMIT 1   [ RunTime:0.0010s ]
SQL: SHOW COLUMNS FROM `framework` [ RunTime:0.0030s ]
SQL: SELECT `id`,`node_name` FROM `framework` WHERE ( type_id=0 ) LIMIT 1   [ RunTime:0.0000s ]
SQL: SELECT `id`,`node_name` FROM `framework` WHERE ( type_id='118' )  [ RunTime:0.0010s ]
SQL: SELECT * FROM `customer` WHERE ( pid='118' )  [ RunTime:0.0020s ]
SQL: SELECT `id`,`username`,`worker`,`tel`,`topimage` FROM `customer` WHERE ( pid='118' and status=1 )  [ RunTime:0.0020s ]
INFO: [ app_end ] --START--
INFO: Run Behavior\ShowPageTraceBehavior [ RunTime:0.002000s ]
INFO: [ app_end ] --END-- [ RunTime:0.002000s ]

[ 2019-08-08T22:22:50+08:00 ] 127.0.0.1 /api/netsign/userinfo/userid/535/token/30a69459ba80304091b56cee4ff938b9/id/522
INFO: [ app_init ] --START--
INFO: Run Behavior\BuildLiteBehavior [ RunTime:0.000000s ]
INFO: [ app_init ] --END-- [ RunTime:0.001001s ]
INFO: [ app_begin ] --START--
INFO: Run Behavior\ReadHtmlCacheBehavior [ RunTime:0.002000s ]
INFO: [ app_begin ] --END-- [ RunTime:0.002000s ]
SQL: SHOW COLUMNS FROM `customer` [ RunTime:0.0040s ]
SQL: SELECT * FROM `customer` WHERE ( id='535' ) LIMIT 1   [ RunTime:0.0020s ]
SQL: SELECT * FROM `customer` WHERE ( id='522' ) LIMIT 1   [ RunTime:0.0010s ]
SQL: SHOW COLUMNS FROM `framework` [ RunTime:0.0030s ]
SQL: SELECT * FROM `framework` WHERE ( id='118' ) LIMIT 1   [ RunTime:0.0010s ]
SQL: SHOW COLUMNS FROM `templateson` [ RunTime:0.0030s ]
SQL: SELECT COUNT(*) AS tp_count FROM `templateson` WHERE ( uid='522' and type=1 ) LIMIT 1   [ RunTime:0.0010s ]
SQL: SELECT COUNT(*) AS tp_count FROM `templateson` WHERE ( uid='522' and type=2 ) LIMIT 1   [ RunTime:0.0010s ]
INFO: [ app_end ] --START--
INFO: Run Behavior\ShowPageTraceBehavior [ RunTime:0.002001s ]
INFO: [ app_end ] --END-- [ RunTime:0.002001s ]

[ 2019-08-08T22:23:12+08:00 ] 127.0.0.1 /api/netsign/signname/userid/535/token/30a69459ba80304091b56cee4ff938b9
INFO: [ app_init ] --START--
INFO: Run Behavior\BuildLiteBehavior [ RunTime:0.000000s ]
INFO: [ app_init ] --END-- [ RunTime:0.001000s ]
INFO: [ app_begin ] --START--
INFO: Run Behavior\ReadHtmlCacheBehavior [ RunTime:0.002000s ]
INFO: [ app_begin ] --END-- [ RunTime:0.002000s ]
NOTIC: [8] Undefined index: fid D:\phpstudy_pro\WWW\wqxts\Application\Api\Controller\NetsignController.class.php 第 303 行.
NOTIC: [8] Undefined index: title D:\phpstudy_pro\WWW\wqxts\Application\Api\Controller\NetsignController.class.php 第 304 行.
SQL: SHOW COLUMNS FROM `customer` [ RunTime:0.0030s ]
SQL: SELECT * FROM `customer` WHERE ( id='535' ) LIMIT 1   [ RunTime:0.0010s ]
SQL: SHOW COLUMNS FROM `framework` [ RunTime:0.0030s ]
SQL: SELECT `id`,`node_name` FROM `framework` WHERE ( type_id=0 ) LIMIT 1   [ RunTime:0.0000s ]
SQL: SELECT `id`,`node_name` FROM `framework` WHERE ( type_id=66 )  [ RunTime:0.0010s ]
SQL: SELECT `id`,`username`,`worker`,`tel`,`topimage` FROM `customer` WHERE ( pid=66 and status=1 )  [ RunTime:0.0020s ]
NOTIC: [8] Undefined variable: udatas D:\phpstudy_pro\WWW\wqxts\Application\Api\Controller\NetsignController.class.php 第 338 行.
NOTIC: [2] count(): Parameter must be an array or an object that implements Countable D:\phpstudy_pro\WWW\wqxts\Application\Api\Controller\NetsignController.class.php 第 338 行.
INFO: [ app_end ] --START--
INFO: Run Behavior\ShowPageTraceBehavior [ RunTime:0.002000s ]
INFO: [ app_end ] --END-- [ RunTime:0.002000s ]

[ 2019-08-08T22:23:29+08:00 ] 127.0.0.1 /api/netsign/signname/userid/535/token/30a69459ba80304091b56cee4ff938b9/fid/150/title/
INFO: [ app_init ] --START--
INFO: Run Behavior\BuildLiteBehavior [ RunTime:0.000000s ]
INFO: [ app_init ] --END-- [ RunTime:0.002000s ]
INFO: [ app_begin ] --START--
INFO: Run Behavior\ReadHtmlCacheBehavior [ RunTime:0.002000s ]
INFO: [ app_begin ] --END-- [ RunTime:0.002000s ]
NOTIC: [8] Undefined index: title D:\phpstudy_pro\WWW\wqxts\Application\Api\Controller\NetsignController.class.php 第 304 行.
SQL: SHOW COLUMNS FROM `customer` [ RunTime:0.0030s ]
SQL: SELECT * FROM `customer` WHERE ( id='535' ) LIMIT 1   [ RunTime:0.0010s ]
SQL: SHOW COLUMNS FROM `framework` [ RunTime:0.0030s ]
SQL: SELECT `id`,`node_name` FROM `framework` WHERE ( type_id=0 ) LIMIT 1   [ RunTime:0.0010s ]
SQL: SELECT `id`,`node_name` FROM `framework` WHERE ( type_id='150' )  [ RunTime:0.0010s ]
SQL: SELECT * FROM `customer` WHERE ( pid='150' )  [ RunTime:0.0020s ]
SQL: SELECT `id`,`username`,`worker`,`tel`,`topimage` FROM `customer` WHERE ( pid='150' and status=1 )  [ RunTime:0.0020s ]
INFO: [ app_end ] --START--
INFO: Run Behavior\ShowPageTraceBehavior [ RunTime:0.002000s ]
INFO: [ app_end ] --END-- [ RunTime:0.002000s ]

[ 2019-08-08T22:23:33+08:00 ] 127.0.0.1 /api/netsign/signname/userid/535/token/30a69459ba80304091b56cee4ff938b9/fid/0/title/
INFO: [ app_init ] --START--
INFO: Run Behavior\BuildLiteBehavior [ RunTime:0.000000s ]
INFO: [ app_init ] --END-- [ RunTime:0.001000s ]
INFO: [ app_begin ] --START--
INFO: Run Behavior\ReadHtmlCacheBehavior [ RunTime:0.002000s ]
INFO: [ app_begin ] --END-- [ RunTime:0.002000s ]
NOTIC: [8] Undefined index: title D:\phpstudy_pro\WWW\wqxts\Application\Api\Controller\NetsignController.class.php 第 304 行.
SQL: SHOW COLUMNS FROM `customer` [ RunTime:0.0040s ]
SQL: SELECT * FROM `customer` WHERE ( id='535' ) LIMIT 1   [ RunTime:0.0010s ]
SQL: SHOW COLUMNS FROM `framework` [ RunTime:0.0030s ]
SQL: SELECT `id`,`node_name` FROM `framework` WHERE ( type_id=0 ) LIMIT 1   [ RunTime:0.0010s ]
SQL: SELECT `id`,`node_name` FROM `framework` WHERE ( type_id=66 )  [ RunTime:0.0010s ]
SQL: SELECT `id`,`username`,`worker`,`tel`,`topimage` FROM `customer` WHERE ( pid=66 and status=1 )  [ RunTime:0.0010s ]
NOTIC: [8] Undefined variable: udatas D:\phpstudy_pro\WWW\wqxts\Application\Api\Controller\NetsignController.class.php 第 338 行.
NOTIC: [2] count(): Parameter must be an array or an object that implements Countable D:\phpstudy_pro\WWW\wqxts\Application\Api\Controller\NetsignController.class.php 第 338 行.
INFO: [ app_end ] --START--
INFO: Run Behavior\ShowPageTraceBehavior [ RunTime:0.002000s ]
INFO: [ app_end ] --END-- [ RunTime:0.002000s ]

[ 2019-08-08T22:23:43+08:00 ] 127.0.0.1 /api/netsign/signname/userid/535/token/30a69459ba80304091b56cee4ff938b9/fid/119/title/
INFO: [ app_init ] --START--
INFO: Run Behavior\BuildLiteBehavior [ RunTime:0.000000s ]
INFO: [ app_init ] --END-- [ RunTime:0.002000s ]
INFO: [ app_begin ] --START--
INFO: Run Behavior\ReadHtmlCacheBehavior [ RunTime:0.002000s ]
INFO: [ app_begin ] --END-- [ RunTime:0.002000s ]
NOTIC: [8] Undefined index: title D:\phpstudy_pro\WWW\wqxts\Application\Api\Controller\NetsignController.class.php 第 304 行.
SQL: SHOW COLUMNS FROM `customer` [ RunTime:0.0030s ]
SQL: SELECT * FROM `customer` WHERE ( id='535' ) LIMIT 1   [ RunTime:0.0010s ]
SQL: SHOW COLUMNS FROM `framework` [ RunTime:0.0030s ]
SQL: SELECT `id`,`node_name` FROM `framework` WHERE ( type_id=0 ) LIMIT 1   [ RunTime:0.0010s ]
SQL: SELECT `id`,`node_name` FROM `framework` WHERE ( type_id='119' )  [ RunTime:0.0010s ]
SQL: SELECT * FROM `customer` WHERE ( pid='119' )  [ RunTime:0.0020s ]
SQL: SELECT `id`,`username`,`worker`,`tel`,`topimage` FROM `customer` WHERE ( pid='119' and status=1 )  [ RunTime:0.0020s ]
INFO: [ app_end ] --START--
INFO: Run Behavior\ShowPageTraceBehavior [ RunTime:0.002000s ]
INFO: [ app_end ] --END-- [ RunTime:0.002000s ]

[ 2019-08-08T22:23:52+08:00 ] 127.0.0.1 /api/netsign/userinfo/userid/535/token/30a69459ba80304091b56cee4ff938b9/id/538
INFO: [ app_init ] --START--
INFO: Run Behavior\BuildLiteBehavior [ RunTime:0.000000s ]
INFO: [ app_init ] --END-- [ RunTime:0.001000s ]
INFO: [ app_begin ] --START--
INFO: Run Behavior\ReadHtmlCacheBehavior [ RunTime:0.002000s ]
INFO: [ app_begin ] --END-- [ RunTime:0.002000s ]
SQL: SHOW COLUMNS FROM `customer` [ RunTime:0.0040s ]
SQL: SELECT * FROM `customer` WHERE ( id='535' ) LIMIT 1   [ RunTime:0.0010s ]
SQL: SELECT * FROM `customer` WHERE ( id='538' ) LIMIT 1   [ RunTime:0.0010s ]
SQL: SHOW COLUMNS FROM `framework` [ RunTime:0.0030s ]
SQL: SELECT * FROM `framework` WHERE ( id='119' ) LIMIT 1   [ RunTime:0.0010s ]
SQL: SHOW COLUMNS FROM `templateson` [ RunTime:0.0030s ]
SQL: SELECT COUNT(*) AS tp_count FROM `templateson` WHERE ( uid='538' and type=1 ) LIMIT 1   [ RunTime:0.0010s ]
SQL: SELECT COUNT(*) AS tp_count FROM `templateson` WHERE ( uid='538' and type=2 ) LIMIT 1   [ RunTime:0.0000s ]
INFO: [ app_end ] --START--
INFO: Run Behavior\ShowPageTraceBehavior [ RunTime:0.001000s ]
INFO: [ app_end ] --END-- [ RunTime:0.002000s ]

[ 2019-08-08T22:23:56+08:00 ] 127.0.0.1 /api/netsign/signname/userid/535/token/30a69459ba80304091b56cee4ff938b9
INFO: [ app_init ] --START--
INFO: Run Behavior\BuildLiteBehavior [ RunTime:0.000000s ]
INFO: [ app_init ] --END-- [ RunTime:0.001000s ]
INFO: [ app_begin ] --START--
INFO: Run Behavior\ReadHtmlCacheBehavior [ RunTime:0.002000s ]
INFO: [ app_begin ] --END-- [ RunTime:0.002000s ]
NOTIC: [8] Undefined index: fid D:\phpstudy_pro\WWW\wqxts\Application\Api\Controller\NetsignController.class.php 第 303 行.
NOTIC: [8] Undefined index: title D:\phpstudy_pro\WWW\wqxts\Application\Api\Controller\NetsignController.class.php 第 304 行.
SQL: SHOW COLUMNS FROM `customer` [ RunTime:0.0030s ]
SQL: SELECT * FROM `customer` WHERE ( id='535' ) LIMIT 1   [ RunTime:0.0010s ]
SQL: SHOW COLUMNS FROM `framework` [ RunTime:0.0030s ]
SQL: SELECT `id`,`node_name` FROM `framework` WHERE ( type_id=0 ) LIMIT 1   [ RunTime:0.0000s ]
SQL: SELECT `id`,`node_name` FROM `framework` WHERE ( type_id=66 )  [ RunTime:0.0000s ]
SQL: SELECT `id`,`username`,`worker`,`tel`,`topimage` FROM `customer` WHERE ( pid=66 and status=1 )  [ RunTime:0.0010s ]
NOTIC: [8] Undefined variable: udatas D:\phpstudy_pro\WWW\wqxts\Application\Api\Controller\NetsignController.class.php 第 338 行.
NOTIC: [2] count(): Parameter must be an array or an object that implements Countable D:\phpstudy_pro\WWW\wqxts\Application\Api\Controller\NetsignController.class.php 第 338 行.
INFO: [ app_end ] --START--
INFO: Run Behavior\ShowPageTraceBehavior [ RunTime:0.002001s ]
INFO: [ app_end ] --END-- [ RunTime:0.002001s ]

[ 2019-08-08T22:24:03+08:00 ] 127.0.0.1 /api/netsign/signname/userid/535/token/30a69459ba80304091b56cee4ff938b9/fid/119/title/
INFO: [ app_init ] --START--
INFO: Run Behavior\BuildLiteBehavior [ RunTime:0.000000s ]
INFO: [ app_init ] --END-- [ RunTime:0.001000s ]
INFO: [ app_begin ] --START--
INFO: Run Behavior\ReadHtmlCacheBehavior [ RunTime:0.002000s ]
INFO: [ app_begin ] --END-- [ RunTime:0.002000s ]
NOTIC: [8] Undefined index: title D:\phpstudy_pro\WWW\wqxts\Application\Api\Controller\NetsignController.class.php 第 304 行.
SQL: SHOW COLUMNS FROM `customer` [ RunTime:0.0040s ]
SQL: SELECT * FROM `customer` WHERE ( id='535' ) LIMIT 1   [ RunTime:0.0020s ]
SQL: SHOW COLUMNS FROM `framework` [ RunTime:0.0030s ]
SQL: SELECT `id`,`node_name` FROM `framework` WHERE ( type_id=0 ) LIMIT 1   [ RunTime:0.0010s ]
SQL: SELECT `id`,`node_name` FROM `framework` WHERE ( type_id='119' )  [ RunTime:0.0010s ]
SQL: SELECT * FROM `customer` WHERE ( pid='119' )  [ RunTime:0.0030s ]
SQL: SELECT `id`,`username`,`worker`,`tel`,`topimage` FROM `customer` WHERE ( pid='119' and status=1 )  [ RunTime:0.0020s ]
INFO: [ app_end ] --START--
INFO: Run Behavior\ShowPageTraceBehavior [ RunTime:0.002000s ]
INFO: [ app_end ] --END-- [ RunTime:0.002000s ]

[ 2019-08-08T22:24:05+08:00 ] 127.0.0.1 /api/netsign/userinfo/userid/535/token/30a69459ba80304091b56cee4ff938b9/id/535
INFO: [ app_init ] --START--
INFO: Run Behavior\BuildLiteBehavior [ RunTime:0.000000s ]
INFO: [ app_init ] --END-- [ RunTime:0.001000s ]
INFO: [ app_begin ] --START--
INFO: Run Behavior\ReadHtmlCacheBehavior [ RunTime:0.001000s ]
INFO: [ app_begin ] --END-- [ RunTime:0.001000s ]
SQL: SHOW COLUMNS FROM `customer` [ RunTime:0.0030s ]
SQL: SELECT * FROM `customer` WHERE ( id='535' ) LIMIT 1   [ RunTime:0.0010s ]
SQL: SELECT * FROM `customer` WHERE ( id='535' ) LIMIT 1   [ RunTime:0.0010s ]
SQL: SHOW COLUMNS FROM `framework` [ RunTime:0.0030s ]
SQL: SELECT * FROM `framework` WHERE ( id='119' ) LIMIT 1   [ RunTime:0.0010s ]
SQL: SHOW COLUMNS FROM `templateson` [ RunTime:0.0030s ]
SQL: SELECT COUNT(*) AS tp_count FROM `templateson` WHERE ( uid='535' and type=1 ) LIMIT 1   [ RunTime:0.0010s ]
SQL: SELECT COUNT(*) AS tp_count FROM `templateson` WHERE ( uid='535' and type=2 ) LIMIT 1   [ RunTime:0.0010s ]
INFO: [ app_end ] --START--
INFO: Run Behavior\ShowPageTraceBehavior [ RunTime:0.002001s ]
INFO: [ app_end ] --END-- [ RunTime:0.002001s ]

[ 2019-08-08T22:24:20+08:00 ] 127.0.0.1 /api/netsign/signname/userid/535/token/30a69459ba80304091b56cee4ff938b9
INFO: [ app_init ] --START--
INFO: Run Behavior\BuildLiteBehavior [ RunTime:0.000000s ]
INFO: [ app_init ] --END-- [ RunTime:0.001000s ]
INFO: [ app_begin ] --START--
INFO: Run Behavior\ReadHtmlCacheBehavior [ RunTime:0.008000s ]
INFO: [ app_begin ] --END-- [ RunTime:0.008000s ]
NOTIC: [8] Undefined index: fid D:\phpstudy_pro\WWW\wqxts\Application\Api\Controller\NetsignController.class.php 第 303 行.
NOTIC: [8] Undefined index: title D:\phpstudy_pro\WWW\wqxts\Application\Api\Controller\NetsignController.class.php 第 304 行.
SQL: SHOW COLUMNS FROM `customer` [ RunTime:0.0030s ]
SQL: SELECT * FROM `customer` WHERE ( id='535' ) LIMIT 1   [ RunTime:0.0000s ]
SQL: SHOW COLUMNS FROM `framework` [ RunTime:0.0020s ]
SQL: SELECT `id`,`node_name` FROM `framework` WHERE ( type_id=0 ) LIMIT 1   [ RunTime:0.0010s ]
SQL: SELECT `id`,`node_name` FROM `framework` WHERE ( type_id=66 )  [ RunTime:0.0010s ]
SQL: SELECT `id`,`username`,`worker`,`tel`,`topimage` FROM `customer` WHERE ( pid=66 and status=1 )  [ RunTime:0.0020s ]
NOTIC: [8] Undefined variable: udatas D:\phpstudy_pro\WWW\wqxts\Application\Api\Controller\NetsignController.class.php 第 338 行.
NOTIC: [2] count(): Parameter must be an array or an object that implements Countable D:\phpstudy_pro\WWW\wqxts\Application\Api\Controller\NetsignController.class.php 第 338 行.
INFO: [ app_end ] --START--
INFO: Run Behavior\ShowPageTraceBehavior [ RunTime:0.002000s ]
INFO: [ app_end ] --END-- [ RunTime:0.002000s ]

[ 2019-08-08T22:24:23+08:00 ] 127.0.0.1 /api/netsign/signname/userid/535/token/30a69459ba80304091b56cee4ff938b9/fid/106/title/
INFO: [ app_init ] --START--
INFO: Run Behavior\BuildLiteBehavior [ RunTime:0.000000s ]
INFO: [ app_init ] --END-- [ RunTime:0.001000s ]
INFO: [ app_begin ] --START--
INFO: Run Behavior\ReadHtmlCacheBehavior [ RunTime:0.002000s ]
INFO: [ app_begin ] --END-- [ RunTime:0.002000s ]
NOTIC: [8] Undefined index: title D:\phpstudy_pro\WWW\wqxts\Application\Api\Controller\NetsignController.class.php 第 304 行.
SQL: SHOW COLUMNS FROM `customer` [ RunTime:0.0030s ]
SQL: SELECT * FROM `customer` WHERE ( id='535' ) LIMIT 1   [ RunTime:0.0010s ]
SQL: SHOW COLUMNS FROM `framework` [ RunTime:0.0030s ]
SQL: SELECT `id`,`node_name` FROM `framework` WHERE ( type_id=0 ) LIMIT 1   [ RunTime:0.0010s ]
SQL: SELECT `id`,`node_name` FROM `framework` WHERE ( type_id='106' )  [ RunTime:0.0010s ]
SQL: SELECT * FROM `customer` WHERE ( pid='106' )  [ RunTime:0.0010s ]
SQL: SELECT `id`,`username`,`worker`,`tel`,`topimage` FROM `customer` WHERE ( pid='106' and status=1 )  [ RunTime:0.0010s ]
INFO: [ app_end ] --START--
INFO: Run Behavior\ShowPageTraceBehavior [ RunTime:0.002001s ]
INFO: [ app_end ] --END-- [ RunTime:0.002001s ]

[ 2019-08-08T22:24:31+08:00 ] 127.0.0.1 /api/netsign/signall/userid/535/token/30a69459ba80304091b56cee4ff938b9/page/1
INFO: [ app_init ] --START--
INFO: Run Behavior\BuildLiteBehavior [ RunTime:0.000000s ]
INFO: [ app_init ] --END-- [ RunTime:0.001000s ]
INFO: [ app_begin ] --START--
INFO: Run Behavior\ReadHtmlCacheBehavior [ RunTime:0.001000s ]
INFO: [ app_begin ] --END-- [ RunTime:0.001000s ]
SQL: SHOW COLUMNS FROM `customer` [ RunTime:0.0030s ]
SQL: SELECT * FROM `customer` WHERE ( id='535' ) LIMIT 1   [ RunTime:0.0010s ]
SQL: select * from (
select @last := '1' as mystatus,b.name,a.id,a.savetime,a.starttime,a.endtime,a.status from sign as a ,template as b  where a.uid='535' and a.mid = b.id UNION all select @last := '2' as mystatus,c.name,d.id,d.savetime,d.starttime,d.endtime,d.`status` from (
select a.*,b.name from (SELECT fid,orders FROM templateson WHERE uid = '535' GROUP BY fid) as a,template as b where a.fid=b.id) as c , sign as d where c.fid = d.mid ) e group by id
			order by savetime desc limit 0,10 [ RunTime:0.0020s ]
INFO: [ app_end ] --START--
INFO: Run Behavior\ShowPageTraceBehavior [ RunTime:0.001000s ]
INFO: [ app_end ] --END-- [ RunTime:0.001000s ]

[ 2019-08-08T22:24:32+08:00 ] 127.0.0.1 /api/netsign/signname/userid/535/token/30a69459ba80304091b56cee4ff938b9
INFO: [ app_init ] --START--
INFO: Run Behavior\BuildLiteBehavior [ RunTime:0.000000s ]
INFO: [ app_init ] --END-- [ RunTime:0.001000s ]
INFO: [ app_begin ] --START--
INFO: Run Behavior\ReadHtmlCacheBehavior [ RunTime:0.002000s ]
INFO: [ app_begin ] --END-- [ RunTime:0.002000s ]
NOTIC: [8] Undefined index: fid D:\phpstudy_pro\WWW\wqxts\Application\Api\Controller\NetsignController.class.php 第 303 行.
NOTIC: [8] Undefined index: title D:\phpstudy_pro\WWW\wqxts\Application\Api\Controller\NetsignController.class.php 第 304 行.
SQL: SHOW COLUMNS FROM `customer` [ RunTime:0.0030s ]
SQL: SELECT * FROM `customer` WHERE ( id='535' ) LIMIT 1   [ RunTime:0.0010s ]
SQL: SHOW COLUMNS FROM `framework` [ RunTime:0.0030s ]
SQL: SELECT `id`,`node_name` FROM `framework` WHERE ( type_id=0 ) LIMIT 1   [ RunTime:0.0010s ]
SQL: SELECT `id`,`node_name` FROM `framework` WHERE ( type_id=66 )  [ RunTime:0.0010s ]
SQL: SELECT `id`,`username`,`worker`,`tel`,`topimage` FROM `customer` WHERE ( pid=66 and status=1 )  [ RunTime:0.0020s ]
NOTIC: [8] Undefined variable: udatas D:\phpstudy_pro\WWW\wqxts\Application\Api\Controller\NetsignController.class.php 第 338 行.
NOTIC: [2] count(): Parameter must be an array or an object that implements Countable D:\phpstudy_pro\WWW\wqxts\Application\Api\Controller\NetsignController.class.php 第 338 行.
INFO: [ app_end ] --START--
INFO: Run Behavior\ShowPageTraceBehavior [ RunTime:0.002000s ]
INFO: [ app_end ] --END-- [ RunTime:0.002000s ]

[ 2019-08-08T22:24:34+08:00 ] 127.0.0.1 /api/netsign/signname/userid/535/token/30a69459ba80304091b56cee4ff938b9/fid/102/title/
INFO: [ app_init ] --START--
INFO: Run Behavior\BuildLiteBehavior [ RunTime:0.000000s ]
INFO: [ app_init ] --END-- [ RunTime:0.001000s ]
INFO: [ app_begin ] --START--
INFO: Run Behavior\ReadHtmlCacheBehavior [ RunTime:0.001000s ]
INFO: [ app_begin ] --END-- [ RunTime:0.001000s ]
NOTIC: [8] Undefined index: title D:\phpstudy_pro\WWW\wqxts\Application\Api\Controller\NetsignController.class.php 第 304 行.
SQL: SHOW COLUMNS FROM `customer` [ RunTime:0.0020s ]
SQL: SELECT * FROM `customer` WHERE ( id='535' ) LIMIT 1   [ RunTime:0.0010s ]
SQL: SHOW COLUMNS FROM `framework` [ RunTime:0.0020s ]
SQL: SELECT `id`,`node_name` FROM `framework` WHERE ( type_id=0 ) LIMIT 1   [ RunTime:0.0010s ]
SQL: SELECT `id`,`node_name` FROM `framework` WHERE ( type_id='102' )  [ RunTime:0.0010s ]
SQL: SELECT * FROM `customer` WHERE ( pid='102' )  [ RunTime:0.0020s ]
SQL: SELECT `id`,`username`,`worker`,`tel`,`topimage` FROM `customer` WHERE ( pid='102' and status=1 )  [ RunTime:0.0010s ]
INFO: [ app_end ] --START--
INFO: Run Behavior\ShowPageTraceBehavior [ RunTime:0.002000s ]
INFO: [ app_end ] --END-- [ RunTime:0.002000s ]

[ 2019-08-08T22:24:57+08:00 ] 127.0.0.1 /api/netsign/signall/userid/535/token/30a69459ba80304091b56cee4ff938b9/page/1
INFO: [ app_init ] --START--
INFO: Run Behavior\BuildLiteBehavior [ RunTime:0.000000s ]
INFO: [ app_init ] --END-- [ RunTime:0.001000s ]
INFO: [ app_begin ] --START--
INFO: Run Behavior\ReadHtmlCacheBehavior [ RunTime:0.001000s ]
INFO: [ app_begin ] --END-- [ RunTime:0.001000s ]
SQL: SHOW COLUMNS FROM `customer` [ RunTime:0.0030s ]
SQL: SELECT * FROM `customer` WHERE ( id='535' ) LIMIT 1   [ RunTime:0.0010s ]
SQL: select * from (
select @last := '1' as mystatus,b.name,a.id,a.savetime,a.starttime,a.endtime,a.status from sign as a ,template as b  where a.uid='535' and a.mid = b.id UNION all select @last := '2' as mystatus,c.name,d.id,d.savetime,d.starttime,d.endtime,d.`status` from (
select a.*,b.name from (SELECT fid,orders FROM templateson WHERE uid = '535' GROUP BY fid) as a,template as b where a.fid=b.id) as c , sign as d where c.fid = d.mid ) e group by id
			order by savetime desc limit 0,10 [ RunTime:0.0020s ]
INFO: [ app_end ] --START--
INFO: Run Behavior\ShowPageTraceBehavior [ RunTime:0.002000s ]
INFO: [ app_end ] --END-- [ RunTime:0.002000s ]

[ 2019-08-08T22:24:59+08:00 ] 127.0.0.1 /api/netsign/signname/userid/535/token/30a69459ba80304091b56cee4ff938b9
INFO: [ app_init ] --START--
INFO: Run Behavior\BuildLiteBehavior [ RunTime:0.000000s ]
INFO: [ app_init ] --END-- [ RunTime:0.001000s ]
INFO: [ app_begin ] --START--
INFO: Run Behavior\ReadHtmlCacheBehavior [ RunTime:0.002001s ]
INFO: [ app_begin ] --END-- [ RunTime:0.002001s ]
NOTIC: [8] Undefined index: fid D:\phpstudy_pro\WWW\wqxts\Application\Api\Controller\NetsignController.class.php 第 303 行.
NOTIC: [8] Undefined index: title D:\phpstudy_pro\WWW\wqxts\Application\Api\Controller\NetsignController.class.php 第 304 行.
SQL: SHOW COLUMNS FROM `customer` [ RunTime:0.0030s ]
SQL: SELECT * FROM `customer` WHERE ( id='535' ) LIMIT 1   [ RunTime:0.0010s ]
SQL: SHOW COLUMNS FROM `framework` [ RunTime:0.0020s ]
SQL: SELECT `id`,`node_name` FROM `framework` WHERE ( type_id=0 ) LIMIT 1   [ RunTime:0.0000s ]
SQL: SELECT `id`,`node_name` FROM `framework` WHERE ( type_id=66 )  [ RunTime:0.0010s ]
SQL: SELECT `id`,`username`,`worker`,`tel`,`topimage` FROM `customer` WHERE ( pid=66 and status=1 )  [ RunTime:0.0010s ]
NOTIC: [8] Undefined variable: udatas D:\phpstudy_pro\WWW\wqxts\Application\Api\Controller\NetsignController.class.php 第 338 行.
NOTIC: [2] count(): Parameter must be an array or an object that implements Countable D:\phpstudy_pro\WWW\wqxts\Application\Api\Controller\NetsignController.class.php 第 338 行.
INFO: [ app_end ] --START--
INFO: Run Behavior\ShowPageTraceBehavior [ RunTime:0.001000s ]
INFO: [ app_end ] --END-- [ RunTime:0.002000s ]

[ 2019-08-08T22:25:05+08:00 ] 127.0.0.1 /api/netsign/signname/userid/535/token/30a69459ba80304091b56cee4ff938b9/fid/100/title/
INFO: [ app_init ] --START--
INFO: Run Behavior\BuildLiteBehavior [ RunTime:0.000000s ]
INFO: [ app_init ] --END-- [ RunTime:0.001000s ]
INFO: [ app_begin ] --START--
INFO: Run Behavior\ReadHtmlCacheBehavior [ RunTime:0.001000s ]
INFO: [ app_begin ] --END-- [ RunTime:0.001000s ]
NOTIC: [8] Undefined index: title D:\phpstudy_pro\WWW\wqxts\Application\Api\Controller\NetsignController.class.php 第 304 行.
SQL: SHOW COLUMNS FROM `customer` [ RunTime:0.0030s ]
SQL: SELECT * FROM `customer` WHERE ( id='535' ) LIMIT 1   [ RunTime:0.0010s ]
SQL: SHOW COLUMNS FROM `framework` [ RunTime:0.0020s ]
SQL: SELECT `id`,`node_name` FROM `framework` WHERE ( type_id=0 ) LIMIT 1   [ RunTime:0.0000s ]
SQL: SELECT `id`,`node_name` FROM `framework` WHERE ( type_id='100' )  [ RunTime:0.0000s ]
SQL: SELECT * FROM `customer` WHERE ( pid='100' )  [ RunTime:0.0010s ]
SQL: SELECT `id`,`username`,`worker`,`tel`,`topimage` FROM `customer` WHERE ( pid='100' and status=1 )  [ RunTime:0.0010s ]
INFO: [ app_end ] --START--
INFO: Run Behavior\ShowPageTraceBehavior [ RunTime:0.002001s ]
INFO: [ app_end ] --END-- [ RunTime:0.002001s ]

[ 2019-08-08T22:25:24+08:00 ] 127.0.0.1 /api/netsign/signall/userid/535/token/30a69459ba80304091b56cee4ff938b9/page/1
INFO: [ app_init ] --START--
INFO: Run Behavior\BuildLiteBehavior [ RunTime:0.000000s ]
INFO: [ app_init ] --END-- [ RunTime:0.002000s ]
INFO: [ app_begin ] --START--
INFO: Run Behavior\ReadHtmlCacheBehavior [ RunTime:0.002000s ]
INFO: [ app_begin ] --END-- [ RunTime:0.002000s ]
SQL: SHOW COLUMNS FROM `customer` [ RunTime:0.0030s ]
SQL: SELECT * FROM `customer` WHERE ( id='535' ) LIMIT 1   [ RunTime:0.0010s ]
SQL: select * from (
select @last := '1' as mystatus,b.name,a.id,a.savetime,a.starttime,a.endtime,a.status from sign as a ,template as b  where a.uid='535' and a.mid = b.id UNION all select @last := '2' as mystatus,c.name,d.id,d.savetime,d.starttime,d.endtime,d.`status` from (
select a.*,b.name from (SELECT fid,orders FROM templateson WHERE uid = '535' GROUP BY fid) as a,template as b where a.fid=b.id) as c , sign as d where c.fid = d.mid ) e group by id
			order by savetime desc limit 0,10 [ RunTime:0.0020s ]
INFO: [ app_end ] --START--
INFO: Run Behavior\ShowPageTraceBehavior [ RunTime:0.002000s ]
INFO: [ app_end ] --END-- [ RunTime:0.002000s ]

[ 2019-08-08T22:25:25+08:00 ] 127.0.0.1 /api/netsign/signname/userid/535/token/30a69459ba80304091b56cee4ff938b9
INFO: [ app_init ] --START--
INFO: Run Behavior\BuildLiteBehavior [ RunTime:0.000000s ]
INFO: [ app_init ] --END-- [ RunTime:0.002000s ]
INFO: [ app_begin ] --START--
INFO: Run Behavior\ReadHtmlCacheBehavior [ RunTime:0.002000s ]
INFO: [ app_begin ] --END-- [ RunTime:0.002000s ]
NOTIC: [8] Undefined index: fid D:\phpstudy_pro\WWW\wqxts\Application\Api\Controller\NetsignController.class.php 第 303 行.
NOTIC: [8] Undefined index: title D:\phpstudy_pro\WWW\wqxts\Application\Api\Controller\NetsignController.class.php 第 304 行.
SQL: SHOW COLUMNS FROM `customer` [ RunTime:0.0040s ]
SQL: SELECT * FROM `customer` WHERE ( id='535' ) LIMIT 1   [ RunTime:0.0010s ]
SQL: SHOW COLUMNS FROM `framework` [ RunTime:0.0030s ]
SQL: SELECT `id`,`node_name` FROM `framework` WHERE ( type_id=0 ) LIMIT 1   [ RunTime:0.0010s ]
SQL: SELECT `id`,`node_name` FROM `framework` WHERE ( type_id=66 )  [ RunTime:0.0020s ]
SQL: SELECT `id`,`username`,`worker`,`tel`,`topimage` FROM `customer` WHERE ( pid=66 and status=1 )  [ RunTime:0.0020s ]
NOTIC: [8] Undefined variable: udatas D:\phpstudy_pro\WWW\wqxts\Application\Api\Controller\NetsignController.class.php 第 338 行.
NOTIC: [2] count(): Parameter must be an array or an object that implements Countable D:\phpstudy_pro\WWW\wqxts\Application\Api\Controller\NetsignController.class.php 第 338 行.
INFO: [ app_end ] --START--
INFO: Run Behavior\ShowPageTraceBehavior [ RunTime:0.002000s ]
INFO: [ app_end ] --END-- [ RunTime:0.002000s ]

[ 2019-08-08T22:25:30+08:00 ] 127.0.0.1 /api/netsign/signname/userid/535/token/30a69459ba80304091b56cee4ff938b9/fid/107/title/
INFO: [ app_init ] --START--
INFO: Run Behavior\BuildLiteBehavior [ RunTime:0.000000s ]
INFO: [ app_init ] --END-- [ RunTime:0.001000s ]
INFO: [ app_begin ] --START--
INFO: Run Behavior\ReadHtmlCacheBehavior [ RunTime:0.001000s ]
INFO: [ app_begin ] --END-- [ RunTime:0.001000s ]
NOTIC: [8] Undefined index: title D:\phpstudy_pro\WWW\wqxts\Application\Api\Controller\NetsignController.class.php 第 304 行.
SQL: SHOW COLUMNS FROM `customer` [ RunTime:0.0040s ]
SQL: SELECT * FROM `customer` WHERE ( id='535' ) LIMIT 1   [ RunTime:0.0010s ]
SQL: SHOW COLUMNS FROM `framework` [ RunTime:0.0030s ]
SQL: SELECT `id`,`node_name` FROM `framework` WHERE ( type_id=0 ) LIMIT 1   [ RunTime:0.0010s ]
SQL: SELECT `id`,`node_name` FROM `framework` WHERE ( type_id='107' )  [ RunTime:0.0000s ]
SQL: SELECT * FROM `customer` WHERE ( pid='107' )  [ RunTime:0.0020s ]
SQL: SELECT `id`,`username`,`worker`,`tel`,`topimage` FROM `customer` WHERE ( pid='107' and status=1 )  [ RunTime:0.0020s ]
INFO: [ app_end ] --START--
INFO: Run Behavior\ShowPageTraceBehavior [ RunTime:0.003000s ]
INFO: [ app_end ] --END-- [ RunTime:0.003000s ]

[ 2019-08-08T22:25:44+08:00 ] 127.0.0.1 /api/netsign/signall/userid/535/token/30a69459ba80304091b56cee4ff938b9/page/1
INFO: [ app_init ] --START--
INFO: Run Behavior\BuildLiteBehavior [ RunTime:0.000000s ]
INFO: [ app_init ] --END-- [ RunTime:0.001000s ]
INFO: [ app_begin ] --START--
INFO: Run Behavior\ReadHtmlCacheBehavior [ RunTime:0.001000s ]
INFO: [ app_begin ] --END-- [ RunTime:0.001000s ]
SQL: SHOW COLUMNS FROM `customer` [ RunTime:0.0030s ]
SQL: SELECT * FROM `customer` WHERE ( id='535' ) LIMIT 1   [ RunTime:0.0010s ]
SQL: select * from (
select @last := '1' as mystatus,b.name,a.id,a.savetime,a.starttime,a.endtime,a.status from sign as a ,template as b  where a.uid='535' and a.mid = b.id UNION all select @last := '2' as mystatus,c.name,d.id,d.savetime,d.starttime,d.endtime,d.`status` from (
select a.*,b.name from (SELECT fid,orders FROM templateson WHERE uid = '535' GROUP BY fid) as a,template as b where a.fid=b.id) as c , sign as d where c.fid = d.mid ) e group by id
			order by savetime desc limit 0,10 [ RunTime:0.0020s ]
INFO: [ app_end ] --START--
INFO: Run Behavior\ShowPageTraceBehavior [ RunTime:0.001000s ]
INFO: [ app_end ] --END-- [ RunTime:0.001000s ]

[ 2019-08-08T22:25:49+08:00 ] 127.0.0.1 /api/netsign/signall/userid/535/token/30a69459ba80304091b56cee4ff938b9/page/1
INFO: [ app_init ] --START--
INFO: Run Behavior\BuildLiteBehavior [ RunTime:0.000000s ]
INFO: [ app_init ] --END-- [ RunTime:0.002000s ]
INFO: [ app_begin ] --START--
INFO: Run Behavior\ReadHtmlCacheBehavior [ RunTime:0.002001s ]
INFO: [ app_begin ] --END-- [ RunTime:0.002001s ]
SQL: SHOW COLUMNS FROM `customer` [ RunTime:0.0030s ]
SQL: SELECT * FROM `customer` WHERE ( id='535' ) LIMIT 1   [ RunTime:0.0010s ]
SQL: select * from (
select @last := '1' as mystatus,b.name,a.id,a.savetime,a.starttime,a.endtime,a.status from sign as a ,template as b  where a.uid='535' and a.mid = b.id UNION all select @last := '2' as mystatus,c.name,d.id,d.savetime,d.starttime,d.endtime,d.`status` from (
select a.*,b.name from (SELECT fid,orders FROM templateson WHERE uid = '535' GROUP BY fid) as a,template as b where a.fid=b.id) as c , sign as d where c.fid = d.mid ) e group by id
			order by savetime desc limit 0,10 [ RunTime:0.0020s ]
INFO: [ app_end ] --START--
INFO: Run Behavior\ShowPageTraceBehavior [ RunTime:0.002000s ]
INFO: [ app_end ] --END-- [ RunTime:0.002000s ]

[ 2019-08-08T22:25:51+08:00 ] 127.0.0.1 /api/netsign/index/userid/535/token/30a69459ba80304091b56cee4ff938b9
INFO: [ app_init ] --START--
INFO: Run Behavior\BuildLiteBehavior [ RunTime:0.000000s ]
INFO: [ app_init ] --END-- [ RunTime:0.001000s ]
INFO: [ app_begin ] --START--
INFO: Run Behavior\ReadHtmlCacheBehavior [ RunTime:0.002000s ]
INFO: [ app_begin ] --END-- [ RunTime:0.002000s ]
SQL: SHOW COLUMNS FROM `customer` [ RunTime:0.0040s ]
SQL: SELECT * FROM `customer` WHERE ( id='535' ) LIMIT 1   [ RunTime:0.0010s ]
SQL: select * from sign as so,

(select a.*,b.orders,b.uid from signson as a , templateson as b where b.uid = 535 and a.tsid = b.id and a.issign = 1 group by a.fid) as son where so.id = son.fid and so.status = 1 and so.nownode = son.orders [ RunTime:0.0010s ]
SQL: select * from sign where status=1 and uid='535' [ RunTime:0.0020s ]
SQL: SHOW COLUMNS FROM `senduid` [ RunTime:0.0030s ]
SQL: SELECT COUNT(*) AS tp_count FROM `senduid` WHERE ( receiveuid = '535' and status = '2' and isout ='2'     ) LIMIT 1   [ RunTime:0.0010s ]
SQL: SELECT
	*
FROM
	(
		SELECT
			b. NAME,
			a.id,
			a.starttime,
			a.endtime,
	        a.savetime,
	        a.status
		FROM
			sign AS a,
			template AS b
		WHERE
			a.uid = '535'
		AND a.mid = b.id 
		UNION ALL
			SELECT
				c. NAME,
				d.id,
				d.starttime,
				d.endtime,
			    d.savetime,
			    d.status
			FROM
				(
					SELECT
						a.*, b. NAME
					FROM
						(
							SELECT
								fid,
								orders
							FROM
								templateson
							WHERE
								uid = '535'
							GROUP BY
								fid
						) AS a,
						template AS b
					WHERE
						a.fid = b.id
				) AS c
			, sign AS d where c.fid = d.mid 
	) e
GROUP BY
	id order by savetime desc
LIMIT 10 [ RunTime:0.0020s ]
INFO: [ app_end ] --START--
INFO: Run Behavior\ShowPageTraceBehavior [ RunTime:0.002000s ]
INFO: [ app_end ] --END-- [ RunTime:0.002000s ]

[ 2019-08-08T22:25:55+08:00 ] 127.0.0.1 /api/netsign/signall/userid/535/token/30a69459ba80304091b56cee4ff938b9/page/1
INFO: [ app_init ] --START--
INFO: Run Behavior\BuildLiteBehavior [ RunTime:0.000000s ]
INFO: [ app_init ] --END-- [ RunTime:0.002000s ]
INFO: [ app_begin ] --START--
INFO: Run Behavior\ReadHtmlCacheBehavior [ RunTime:0.002000s ]
INFO: [ app_begin ] --END-- [ RunTime:0.002000s ]
SQL: SHOW COLUMNS FROM `customer` [ RunTime:0.0030s ]
SQL: SELECT * FROM `customer` WHERE ( id='535' ) LIMIT 1   [ RunTime:0.0010s ]
SQL: select * from (
select @last := '1' as mystatus,b.name,a.id,a.savetime,a.starttime,a.endtime,a.status from sign as a ,template as b  where a.uid='535' and a.mid = b.id UNION all select @last := '2' as mystatus,c.name,d.id,d.savetime,d.starttime,d.endtime,d.`status` from (
select a.*,b.name from (SELECT fid,orders FROM templateson WHERE uid = '535' GROUP BY fid) as a,template as b where a.fid=b.id) as c , sign as d where c.fid = d.mid ) e group by id
			order by savetime desc limit 0,10 [ RunTime:0.0020s ]
INFO: [ app_end ] --START--
INFO: Run Behavior\ShowPageTraceBehavior [ RunTime:0.001000s ]
INFO: [ app_end ] --END-- [ RunTime:0.002000s ]

[ 2019-08-08T22:25:56+08:00 ] 127.0.0.1 /api/netsign/index/userid/535/token/30a69459ba80304091b56cee4ff938b9
INFO: [ app_init ] --START--
INFO: Run Behavior\BuildLiteBehavior [ RunTime:0.000000s ]
INFO: [ app_init ] --END-- [ RunTime:0.001000s ]
INFO: [ app_begin ] --START--
INFO: Run Behavior\ReadHtmlCacheBehavior [ RunTime:0.002000s ]
INFO: [ app_begin ] --END-- [ RunTime:0.002000s ]
SQL: SHOW COLUMNS FROM `customer` [ RunTime:0.0020s ]
SQL: SELECT * FROM `customer` WHERE ( id='535' ) LIMIT 1   [ RunTime:0.0000s ]
SQL: select * from sign as so,

(select a.*,b.orders,b.uid from signson as a , templateson as b where b.uid = 535 and a.tsid = b.id and a.issign = 1 group by a.fid) as son where so.id = son.fid and so.status = 1 and so.nownode = son.orders [ RunTime:0.0010s ]
SQL: select * from sign where status=1 and uid='535' [ RunTime:0.0010s ]
SQL: SHOW COLUMNS FROM `senduid` [ RunTime:0.0020s ]
SQL: SELECT COUNT(*) AS tp_count FROM `senduid` WHERE ( receiveuid = '535' and status = '2' and isout ='2'     ) LIMIT 1   [ RunTime:0.0000s ]
SQL: SELECT
	*
FROM
	(
		SELECT
			b. NAME,
			a.id,
			a.starttime,
			a.endtime,
	        a.savetime,
	        a.status
		FROM
			sign AS a,
			template AS b
		WHERE
			a.uid = '535'
		AND a.mid = b.id 
		UNION ALL
			SELECT
				c. NAME,
				d.id,
				d.starttime,
				d.endtime,
			    d.savetime,
			    d.status
			FROM
				(
					SELECT
						a.*, b. NAME
					FROM
						(
							SELECT
								fid,
								orders
							FROM
								templateson
							WHERE
								uid = '535'
							GROUP BY
								fid
						) AS a,
						template AS b
					WHERE
						a.fid = b.id
				) AS c
			, sign AS d where c.fid = d.mid 
	) e
GROUP BY
	id order by savetime desc
LIMIT 10 [ RunTime:0.0010s ]
INFO: [ app_end ] --START--
INFO: Run Behavior\ShowPageTraceBehavior [ RunTime:0.002000s ]
INFO: [ app_end ] --END-- [ RunTime:0.002000s ]

[ 2019-08-08T22:25:57+08:00 ] 127.0.0.1 /api/login/appindex/userid/535/token/30a69459ba80304091b56cee4ff938b9
INFO: [ app_init ] --START--
INFO: Run Behavior\BuildLiteBehavior [ RunTime:0.000000s ]
INFO: [ app_init ] --END-- [ RunTime:0.001000s ]
INFO: [ app_begin ] --START--
INFO: Run Behavior\ReadHtmlCacheBehavior [ RunTime:0.002000s ]
INFO: [ app_begin ] --END-- [ RunTime:0.002000s ]
SQL: SHOW COLUMNS FROM `customer` [ RunTime:0.0040s ]
SQL: SELECT * FROM `customer` WHERE ( id='535' ) LIMIT 1   [ RunTime:0.0010s ]
INFO: [ app_end ] --START--
INFO: Run Behavior\ShowPageTraceBehavior [ RunTime:0.002000s ]
INFO: [ app_end ] --END-- [ RunTime:0.002000s ]

[ 2019-08-08T22:26:02+08:00 ] 127.0.0.1 /api/netsign/swws/userid/535/token/30a69459ba80304091b56cee4ff938b9
INFO: [ app_init ] --START--
INFO: Run Behavior\BuildLiteBehavior [ RunTime:0.000000s ]
INFO: [ app_init ] --END-- [ RunTime:0.002000s ]
INFO: [ app_begin ] --START--
INFO: Run Behavior\ReadHtmlCacheBehavior [ RunTime:0.002000s ]
INFO: [ app_begin ] --END-- [ RunTime:0.002000s ]
NOTIC: [8] Undefined index: page D:\phpstudy_pro\WWW\wqxts\Application\Api\Controller\NetsignController.class.php 第 1457 行.
NOTIC: [8] Undefined index: pid D:\phpstudy_pro\WWW\wqxts\Application\Api\Controller\NetsignController.class.php 第 1458 行.
NOTIC: [8] Undefined index: title D:\phpstudy_pro\WWW\wqxts\Application\Api\Controller\NetsignController.class.php 第 1459 行.
SQL: SHOW COLUMNS FROM `customer` [ RunTime:0.0040s ]
SQL: SELECT * FROM `customer` WHERE ( id='535' ) LIMIT 1   [ RunTime:0.0010s ]
SQL: SHOW COLUMNS FROM `swwscolumn` [ RunTime:0.0040s ]
NOTIC: [2] Invalid argument supplied for foreach() D:\phpstudy_pro\WWW\wqxts\ThinkPHP\Library\Think\Db\Driver.class.php 第 504 行.
SQL: SELECT * FROM `swwscolumn` ORDER BY id asc  [ RunTime:0.0010s ]
SQL: SHOW COLUMNS FROM `swws` [ RunTime:0.0050s ]
SQL: SELECT * FROM `swws` WHERE ( pid='1' and 1 ) ORDER BY id desc LIMIT 0,10   [ RunTime:0.0010s ]
INFO: [ app_end ] --START--
INFO: Run Behavior\ShowPageTraceBehavior [ RunTime:0.003000s ]
INFO: [ app_end ] --END-- [ RunTime:0.003000s ]

[ 2019-08-08T22:26:03+08:00 ] 127.0.0.1 /api/netsign/swws/userid/535/token/30a69459ba80304091b56cee4ff938b9/page/1/pid/1
INFO: [ app_init ] --START--
INFO: Run Behavior\BuildLiteBehavior [ RunTime:0.000000s ]
INFO: [ app_init ] --END-- [ RunTime:0.001000s ]
INFO: [ app_begin ] --START--
INFO: Run Behavior\ReadHtmlCacheBehavior [ RunTime:0.002000s ]
INFO: [ app_begin ] --END-- [ RunTime:0.002000s ]
NOTIC: [8] Undefined index: title D:\phpstudy_pro\WWW\wqxts\Application\Api\Controller\NetsignController.class.php 第 1459 行.
SQL: SHOW COLUMNS FROM `customer` [ RunTime:0.0030s ]
SQL: SELECT * FROM `customer` WHERE ( id='535' ) LIMIT 1   [ RunTime:0.0010s ]
SQL: SHOW COLUMNS FROM `swwscolumn` [ RunTime:0.0020s ]
NOTIC: [2] Invalid argument supplied for foreach() D:\phpstudy_pro\WWW\wqxts\ThinkPHP\Library\Think\Db\Driver.class.php 第 504 行.
SQL: SELECT * FROM `swwscolumn` ORDER BY id asc  [ RunTime:0.0000s ]
SQL: SHOW COLUMNS FROM `swws` [ RunTime:0.0030s ]
SQL: SELECT * FROM `swws` WHERE ( pid='1' and 1 ) ORDER BY id desc LIMIT 0,10   [ RunTime:0.0010s ]
INFO: [ app_end ] --START--
INFO: Run Behavior\ShowPageTraceBehavior [ RunTime:0.002000s ]
INFO: [ app_end ] --END-- [ RunTime:0.002000s ]

[ 2019-08-08T22:26:33+08:00 ] 127.0.0.1 /api/netsign/swws/userid/535/token/30a69459ba80304091b56cee4ff938b9
INFO: [ app_init ] --START--
INFO: Run Behavior\BuildLiteBehavior [ RunTime:0.000000s ]
INFO: [ app_init ] --END-- [ RunTime:0.001000s ]
INFO: [ app_begin ] --START--
INFO: Run Behavior\ReadHtmlCacheBehavior [ RunTime:0.002000s ]
INFO: [ app_begin ] --END-- [ RunTime:0.002000s ]
NOTIC: [8] Undefined index: page D:\phpstudy_pro\WWW\wqxts\Application\Api\Controller\NetsignController.class.php 第 1457 行.
NOTIC: [8] Undefined index: pid D:\phpstudy_pro\WWW\wqxts\Application\Api\Controller\NetsignController.class.php 第 1458 行.
NOTIC: [8] Undefined index: title D:\phpstudy_pro\WWW\wqxts\Application\Api\Controller\NetsignController.class.php 第 1459 行.
SQL: SHOW COLUMNS FROM `customer` [ RunTime:0.0030s ]
SQL: SELECT * FROM `customer` WHERE ( id='535' ) LIMIT 1   [ RunTime:0.0010s ]
SQL: SHOW COLUMNS FROM `swwscolumn` [ RunTime:0.0020s ]
NOTIC: [2] Invalid argument supplied for foreach() D:\phpstudy_pro\WWW\wqxts\ThinkPHP\Library\Think\Db\Driver.class.php 第 504 行.
SQL: SELECT * FROM `swwscolumn` ORDER BY id asc  [ RunTime:0.0010s ]
SQL: SHOW COLUMNS FROM `swws` [ RunTime:0.0020s ]
SQL: SELECT * FROM `swws` WHERE ( pid='1' and 1 ) ORDER BY id desc LIMIT 0,10   [ RunTime:0.0010s ]
INFO: [ app_end ] --START--
INFO: Run Behavior\ShowPageTraceBehavior [ RunTime:0.002000s ]
INFO: [ app_end ] --END-- [ RunTime:0.002000s ]

[ 2019-08-08T22:26:34+08:00 ] 127.0.0.1 /api/netsign/swws/userid/535/token/30a69459ba80304091b56cee4ff938b9/page/1/pid/1
INFO: [ app_init ] --START--
INFO: Run Behavior\BuildLiteBehavior [ RunTime:0.000000s ]
INFO: [ app_init ] --END-- [ RunTime:0.001000s ]
INFO: [ app_begin ] --START--
INFO: Run Behavior\ReadHtmlCacheBehavior [ RunTime:0.001000s ]
INFO: [ app_begin ] --END-- [ RunTime:0.001000s ]
NOTIC: [8] Undefined index: title D:\phpstudy_pro\WWW\wqxts\Application\Api\Controller\NetsignController.class.php 第 1459 行.
SQL: SHOW COLUMNS FROM `customer` [ RunTime:0.0030s ]
SQL: SELECT * FROM `customer` WHERE ( id='535' ) LIMIT 1   [ RunTime:0.0010s ]
SQL: SHOW COLUMNS FROM `swwscolumn` [ RunTime:0.0030s ]
NOTIC: [2] Invalid argument supplied for foreach() D:\phpstudy_pro\WWW\wqxts\ThinkPHP\Library\Think\Db\Driver.class.php 第 504 行.
SQL: SELECT * FROM `swwscolumn` ORDER BY id asc  [ RunTime:0.0010s ]
SQL: SHOW COLUMNS FROM `swws` [ RunTime:0.0030s ]
SQL: SELECT * FROM `swws` WHERE ( pid='1' and 1 ) ORDER BY id desc LIMIT 0,10   [ RunTime:0.0010s ]
INFO: [ app_end ] --START--
INFO: Run Behavior\ShowPageTraceBehavior [ RunTime:0.002000s ]
INFO: [ app_end ] --END-- [ RunTime:0.002000s ]

[ 2019-08-08T22:26:42+08:00 ] 127.0.0.1 /api/netsign/swws/userid/535/token/30a69459ba80304091b56cee4ff938b9
INFO: [ app_init ] --START--
INFO: Run Behavior\BuildLiteBehavior [ RunTime:0.000000s ]
INFO: [ app_init ] --END-- [ RunTime:0.001000s ]
INFO: [ app_begin ] --START--
INFO: Run Behavior\ReadHtmlCacheBehavior [ RunTime:0.002000s ]
INFO: [ app_begin ] --END-- [ RunTime:0.002000s ]
NOTIC: [8] Undefined index: page D:\phpstudy_pro\WWW\wqxts\Application\Api\Controller\NetsignController.class.php 第 1457 行.
NOTIC: [8] Undefined index: pid D:\phpstudy_pro\WWW\wqxts\Application\Api\Controller\NetsignController.class.php 第 1458 行.
NOTIC: [8] Undefined index: title D:\phpstudy_pro\WWW\wqxts\Application\Api\Controller\NetsignController.class.php 第 1459 行.
SQL: SHOW COLUMNS FROM `customer` [ RunTime:0.0040s ]
SQL: SELECT * FROM `customer` WHERE ( id='535' ) LIMIT 1   [ RunTime:0.0010s ]
SQL: SHOW COLUMNS FROM `swwscolumn` [ RunTime:0.0030s ]
NOTIC: [2] Invalid argument supplied for foreach() D:\phpstudy_pro\WWW\wqxts\ThinkPHP\Library\Think\Db\Driver.class.php 第 504 行.
SQL: SELECT * FROM `swwscolumn` ORDER BY id asc  [ RunTime:0.0010s ]
SQL: SHOW COLUMNS FROM `swws` [ RunTime:0.0030s ]
SQL: SELECT * FROM `swws` WHERE ( pid='1' and 1 ) ORDER BY id desc LIMIT 0,10   [ RunTime:0.0010s ]
INFO: [ app_end ] --START--
INFO: Run Behavior\ShowPageTraceBehavior [ RunTime:0.002000s ]
INFO: [ app_end ] --END-- [ RunTime:0.002000s ]

[ 2019-08-08T22:26:43+08:00 ] 127.0.0.1 /api/login/appindex/userid/535/token/30a69459ba80304091b56cee4ff938b9
INFO: [ app_init ] --START--
INFO: Run Behavior\BuildLiteBehavior [ RunTime:0.000000s ]
INFO: [ app_init ] --END-- [ RunTime:0.001000s ]
INFO: [ app_begin ] --START--
INFO: Run Behavior\ReadHtmlCacheBehavior [ RunTime:0.002000s ]
INFO: [ app_begin ] --END-- [ RunTime:0.002000s ]
SQL: SHOW COLUMNS FROM `customer` [ RunTime:0.0040s ]
SQL: SELECT * FROM `customer` WHERE ( id='535' ) LIMIT 1   [ RunTime:0.0010s ]
INFO: [ app_end ] --START--
INFO: Run Behavior\ShowPageTraceBehavior [ RunTime:0.002000s ]
INFO: [ app_end ] --END-- [ RunTime:0.003000s ]

[ 2019-08-08T22:26:46+08:00 ] 127.0.0.1 /api/netsign/bullhorn/userid/535/token/30a69459ba80304091b56cee4ff938b9
INFO: [ app_init ] --START--
INFO: Run Behavior\BuildLiteBehavior [ RunTime:0.000000s ]
INFO: [ app_init ] --END-- [ RunTime:0.001000s ]
INFO: [ app_begin ] --START--
INFO: Run Behavior\ReadHtmlCacheBehavior [ RunTime:0.002000s ]
INFO: [ app_begin ] --END-- [ RunTime:0.002000s ]
NOTIC: [8] Undefined index: page D:\phpstudy_pro\WWW\wqxts\Application\Api\Controller\NetsignController.class.php 第 1636 行.
SQL: SHOW COLUMNS FROM `customer` [ RunTime:0.0040s ]
SQL: SELECT * FROM `customer` WHERE ( id='535' ) LIMIT 1   [ RunTime:0.0010s ]
SQL: SHOW COLUMNS FROM `bullhorn` [ RunTime:0.0040s ]
NOTIC: [2] Invalid argument supplied for foreach() D:\phpstudy_pro\WWW\wqxts\ThinkPHP\Library\Think\Db\Driver.class.php 第 504 行.
SQL: SELECT * FROM `bullhorn` ORDER BY id desc LIMIT 0,10   [ RunTime:0.0020s ]
INFO: [ app_end ] --START--
INFO: Run Behavior\ShowPageTraceBehavior [ RunTime:0.002000s ]
INFO: [ app_end ] --END-- [ RunTime:0.002000s ]

[ 2019-08-08T22:27:00+08:00 ] 127.0.0.1 /api/netsign/bullhorn/userid/535/token/30a69459ba80304091b56cee4ff938b9
INFO: [ app_init ] --START--
INFO: Run Behavior\BuildLiteBehavior [ RunTime:0.000000s ]
INFO: [ app_init ] --END-- [ RunTime:0.000000s ]
INFO: [ app_begin ] --START--
INFO: Run Behavior\ReadHtmlCacheBehavior [ RunTime:0.001000s ]
INFO: [ app_begin ] --END-- [ RunTime:0.001000s ]
NOTIC: [8] Undefined index: page D:\phpstudy_pro\WWW\wqxts\Application\Api\Controller\NetsignController.class.php 第 1636 行.
SQL: SHOW COLUMNS FROM `customer` [ RunTime:0.0030s ]
SQL: SELECT * FROM `customer` WHERE ( id='535' ) LIMIT 1   [ RunTime:0.0010s ]
SQL: SHOW COLUMNS FROM `bullhorn` [ RunTime:0.0030s ]
NOTIC: [2] Invalid argument supplied for foreach() D:\phpstudy_pro\WWW\wqxts\ThinkPHP\Library\Think\Db\Driver.class.php 第 504 行.
SQL: SELECT * FROM `bullhorn` ORDER BY id desc LIMIT 0,10   [ RunTime:0.0010s ]
INFO: [ app_end ] --START--
INFO: Run Behavior\ShowPageTraceBehavior [ RunTime:0.003000s ]
INFO: [ app_end ] --END-- [ RunTime:0.003000s ]

[ 2019-08-08T22:27:01+08:00 ] 127.0.0.1 /api/login/appindex/userid/535/token/30a69459ba80304091b56cee4ff938b9
INFO: [ app_init ] --START--
INFO: Run Behavior\BuildLiteBehavior [ RunTime:0.000000s ]
INFO: [ app_init ] --END-- [ RunTime:0.001000s ]
INFO: [ app_begin ] --START--
INFO: Run Behavior\ReadHtmlCacheBehavior [ RunTime:0.002000s ]
INFO: [ app_begin ] --END-- [ RunTime:0.002000s ]
SQL: SHOW COLUMNS FROM `customer` [ RunTime:0.0020s ]
SQL: SELECT * FROM `customer` WHERE ( id='535' ) LIMIT 1   [ RunTime:0.0010s ]
INFO: [ app_end ] --START--
INFO: Run Behavior\ShowPageTraceBehavior [ RunTime:0.001000s ]
INFO: [ app_end ] --END-- [ RunTime:0.001000s ]

[ 2019-08-08T22:27:04+08:00 ] 127.0.0.1 /api/netsign/mysignname/userid/535/token/30a69459ba80304091b56cee4ff938b9
INFO: [ app_init ] --START--
INFO: Run Behavior\BuildLiteBehavior [ RunTime:0.000000s ]
INFO: [ app_init ] --END-- [ RunTime:0.001000s ]
INFO: [ app_begin ] --START--
INFO: Run Behavior\ReadHtmlCacheBehavior [ RunTime:0.001000s ]
INFO: [ app_begin ] --END-- [ RunTime:0.001000s ]
SQL: SHOW COLUMNS FROM `customer` [ RunTime:0.0040s ]
SQL: SELECT * FROM `customer` WHERE ( id='535' ) LIMIT 1   [ RunTime:0.0010s ]
SQL: SELECT * FROM `customer` WHERE ( id='535' ) LIMIT 1   [ RunTime:0.0010s ]
INFO: [ app_end ] --START--
INFO: Run Behavior\ShowPageTraceBehavior [ RunTime:0.002000s ]
INFO: [ app_end ] --END-- [ RunTime:0.002000s ]

[ 2019-08-08T22:27:14+08:00 ] 127.0.0.1 /api/netsign/mysignname/userid/535/token/30a69459ba80304091b56cee4ff938b9
INFO: [ app_init ] --START--
INFO: Run Behavior\BuildLiteBehavior [ RunTime:0.000000s ]
INFO: [ app_init ] --END-- [ RunTime:0.001000s ]
INFO: [ app_begin ] --START--
INFO: Run Behavior\ReadHtmlCacheBehavior [ RunTime:0.002000s ]
INFO: [ app_begin ] --END-- [ RunTime:0.002000s ]
SQL: SHOW COLUMNS FROM `customer` [ RunTime:0.0020s ]
SQL: SELECT * FROM `customer` WHERE ( id='535' ) LIMIT 1   [ RunTime:0.0010s ]
SQL: SELECT * FROM `customer` WHERE ( id='535' ) LIMIT 1   [ RunTime:0.0010s ]
INFO: [ app_end ] --START--
INFO: Run Behavior\ShowPageTraceBehavior [ RunTime:0.001001s ]
INFO: [ app_end ] --END-- [ RunTime:0.001001s ]

[ 2019-08-08T22:27:16+08:00 ] 127.0.0.1 /api/login/appindex/userid/535/token/30a69459ba80304091b56cee4ff938b9
INFO: [ app_init ] --START--
INFO: Run Behavior\BuildLiteBehavior [ RunTime:0.000000s ]
INFO: [ app_init ] --END-- [ RunTime:0.001000s ]
INFO: [ app_begin ] --START--
INFO: Run Behavior\ReadHtmlCacheBehavior [ RunTime:0.002000s ]
INFO: [ app_begin ] --END-- [ RunTime:0.002000s ]
SQL: SHOW COLUMNS FROM `customer` [ RunTime:0.0030s ]
SQL: SELECT * FROM `customer` WHERE ( id='535' ) LIMIT 1   [ RunTime:0.0010s ]
INFO: [ app_end ] --START--
INFO: Run Behavior\ShowPageTraceBehavior [ RunTime:0.002000s ]
INFO: [ app_end ] --END-- [ RunTime:0.002000s ]

