[ 2019-08-30T18:34:51+08:00 ] 127.0.0.1 /api/login/appindex/userid/924/token/b3990a7caa9b3f058fd9c430e66991e8
INFO: [ app_init ] --START--
INFO: Run Behavior\BuildLiteBehavior [ RunTime:0.000000s ]
INFO: [ app_init ] --END-- [ RunTime:0.001000s ]
INFO: [ app_begin ] --START--
INFO: Run Behavior\ReadHtmlCacheBehavior [ RunTime:0.002000s ]
INFO: [ app_begin ] --END-- [ RunTime:0.002000s ]
SQL: SHOW COLUMNS FROM `customer` [ RunTime:0.0040s ]
SQL: SELECT * FROM `customer` WHERE ( id='924' ) LIMIT 1   [ RunTime:0.0010s ]
INFO: [ app_end ] --START--
INFO: Run Behavior\ShowPageTraceBehavior [ RunTime:0.003000s ]
INFO: [ app_end ] --END-- [ RunTime:0.003000s ]

[ 2019-08-30T18:34:59+08:00 ] 127.0.0.1 /api/netsign/index/userid/924/token/b3990a7caa9b3f058fd9c430e66991e8
INFO: [ app_init ] --START--
INFO: Run Behavior\BuildLiteBehavior [ RunTime:0.000000s ]
INFO: [ app_init ] --END-- [ RunTime:0.001000s ]
INFO: [ app_begin ] --START--
INFO: Run Behavior\ReadHtmlCacheBehavior [ RunTime:0.002000s ]
INFO: [ app_begin ] --END-- [ RunTime:0.002000s ]
SQL: SHOW COLUMNS FROM `customer` [ RunTime:0.0030s ]
SQL: SELECT * FROM `customer` WHERE ( id='924' ) LIMIT 1   [ RunTime:0.0010s ]
SQL: select * from sign as so,

(select a.*,b.orders,b.uid from signson as a , templateson as b where b.uid = 924 and a.tsid = b.id and a.issign = 1 group by a.fid) as son where so.id = son.fid and so.status = 1 and so.nownode = son.orders [ RunTime:0.0020s ]
SQL: select * from sign where status=1 and uid='924' [ RunTime:0.0020s ]
SQL: select * from signson as a , templateson as b where a.tsid = b.id and a.fid='416' and b.orders='3' [ RunTime:0.0010s ]
SQL: SHOW COLUMNS FROM `senduid` [ RunTime:0.0050s ]
SQL: SELECT COUNT(*) AS tp_count FROM `senduid` WHERE ( receiveuid = '924' and status = '2' and isout ='2'     ) LIMIT 1   [ RunTime:0.0010s ]
SQL: SELECT
	*
FROM
	(
		SELECT
			b. NAME,
			a.id,
			a.starttime,
			a.endtime,
	        a.savetime,
	        a.status
		FROM
			sign AS a,
			template AS b
		WHERE
			a.uid = '924'
		AND a.mid = b.id 
		UNION ALL
			SELECT
				c. NAME,
				d.id,
				d.starttime,
				d.endtime,
			    d.savetime,
			    d.status
			FROM
				(
					SELECT
						a.*, b. NAME
					FROM
						(
							SELECT
								fid,
								orders
							FROM
								templateson
							WHERE
								uid = '924'
							GROUP BY
								fid
						) AS a,
						template AS b
					WHERE
						a.fid = b.id
				) AS c
			, sign AS d where c.fid = d.mid 
	) e
GROUP BY
	id order by savetime desc
LIMIT 10 [ RunTime:0.0030s ]
SQL: SHOW COLUMNS FROM `sign` [ RunTime:0.0040s ]
SQL: UPDATE `sign` SET `status`='4' WHERE ( id='427' ) [ RunTime:0.0510s ]
INFO: [ app_end ] --START--
INFO: Run Behavior\ShowPageTraceBehavior [ RunTime:0.002000s ]
INFO: [ app_end ] --END-- [ RunTime:0.002000s ]

[ 2019-08-30T19:10:32+08:00 ] 127.0.0.1 /api/netsign/swws/userid/924/token/b3990a7caa9b3f058fd9c430e66991e8
INFO: [ app_init ] --START--
INFO: Run Behavior\BuildLiteBehavior [ RunTime:0.000000s ]
INFO: [ app_init ] --END-- [ RunTime:0.002000s ]
INFO: [ app_begin ] --START--
INFO: Run Behavior\ReadHtmlCacheBehavior [ RunTime:0.002000s ]
INFO: [ app_begin ] --END-- [ RunTime:0.002000s ]
NOTIC: [8] Undefined index: page D:\phpstudy_pro\WWW\wqxts\Application\Api\Controller\NetsignController.class.php 第 1457 行.
NOTIC: [8] Undefined index: pid D:\phpstudy_pro\WWW\wqxts\Application\Api\Controller\NetsignController.class.php 第 1458 行.
NOTIC: [8] Undefined index: title D:\phpstudy_pro\WWW\wqxts\Application\Api\Controller\NetsignController.class.php 第 1459 行.
SQL: SHOW COLUMNS FROM `customer` [ RunTime:0.0030s ]
SQL: SELECT * FROM `customer` WHERE ( id='924' ) LIMIT 1   [ RunTime:0.0010s ]
SQL: SHOW COLUMNS FROM `swwscolumn` [ RunTime:0.0030s ]
NOTIC: [2] Invalid argument supplied for foreach() D:\phpstudy_pro\WWW\wqxts\ThinkPHP\Library\Think\Db\Driver.class.php 第 504 行.
SQL: SELECT * FROM `swwscolumn` ORDER BY id asc  [ RunTime:0.0020s ]
SQL: SHOW COLUMNS FROM `swws` [ RunTime:0.0030s ]
SQL: SELECT * FROM `swws` WHERE ( pid='1' and 1 ) ORDER BY id desc LIMIT 0,10   [ RunTime:0.0010s ]
INFO: [ app_end ] --START--
INFO: Run Behavior\ShowPageTraceBehavior [ RunTime:0.002000s ]
INFO: [ app_end ] --END-- [ RunTime:0.002000s ]

[ 2019-08-30T19:10:33+08:00 ] 127.0.0.1 /api/netsign/swws/userid/924/token/b3990a7caa9b3f058fd9c430e66991e8/page/1/pid/1
INFO: [ app_init ] --START--
INFO: Run Behavior\BuildLiteBehavior [ RunTime:0.000000s ]
INFO: [ app_init ] --END-- [ RunTime:0.001000s ]
INFO: [ app_begin ] --START--
INFO: Run Behavior\ReadHtmlCacheBehavior [ RunTime:0.002000s ]
INFO: [ app_begin ] --END-- [ RunTime:0.002000s ]
NOTIC: [8] Undefined index: title D:\phpstudy_pro\WWW\wqxts\Application\Api\Controller\NetsignController.class.php 第 1459 行.
SQL: SHOW COLUMNS FROM `customer` [ RunTime:0.0040s ]
SQL: SELECT * FROM `customer` WHERE ( id='924' ) LIMIT 1   [ RunTime:0.0020s ]
SQL: SHOW COLUMNS FROM `swwscolumn` [ RunTime:0.0030s ]
NOTIC: [2] Invalid argument supplied for foreach() D:\phpstudy_pro\WWW\wqxts\ThinkPHP\Library\Think\Db\Driver.class.php 第 504 行.
SQL: SELECT * FROM `swwscolumn` ORDER BY id asc  [ RunTime:0.0000s ]
SQL: SHOW COLUMNS FROM `swws` [ RunTime:0.0030s ]
SQL: SELECT * FROM `swws` WHERE ( pid='1' and 1 ) ORDER BY id desc LIMIT 0,10   [ RunTime:0.0010s ]
INFO: [ app_end ] --START--
INFO: Run Behavior\ShowPageTraceBehavior [ RunTime:0.002000s ]
INFO: [ app_end ] --END-- [ RunTime:0.002000s ]

[ 2019-08-30T19:10:42+08:00 ] 127.0.0.1 /api/netsign/swws/userid/924/token/b3990a7caa9b3f058fd9c430e66991e8/page/1/pid/6
INFO: [ app_init ] --START--
INFO: Run Behavior\BuildLiteBehavior [ RunTime:0.000000s ]
INFO: [ app_init ] --END-- [ RunTime:0.001000s ]
INFO: [ app_begin ] --START--
INFO: Run Behavior\ReadHtmlCacheBehavior [ RunTime:0.001000s ]
INFO: [ app_begin ] --END-- [ RunTime:0.002000s ]
NOTIC: [8] Undefined index: title D:\phpstudy_pro\WWW\wqxts\Application\Api\Controller\NetsignController.class.php 第 1459 行.
SQL: SHOW COLUMNS FROM `customer` [ RunTime:0.0030s ]
SQL: SELECT * FROM `customer` WHERE ( id='924' ) LIMIT 1   [ RunTime:0.0010s ]
SQL: SHOW COLUMNS FROM `swwscolumn` [ RunTime:0.0040s ]
NOTIC: [2] Invalid argument supplied for foreach() D:\phpstudy_pro\WWW\wqxts\ThinkPHP\Library\Think\Db\Driver.class.php 第 504 行.
SQL: SELECT * FROM `swwscolumn` ORDER BY id asc  [ RunTime:0.0010s ]
SQL: SHOW COLUMNS FROM `swws` [ RunTime:0.0030s ]
SQL: SELECT * FROM `swws` WHERE ( pid='6' and 1 ) ORDER BY id desc LIMIT 0,10   [ RunTime:0.0010s ]
INFO: [ app_end ] --START--
INFO: Run Behavior\ShowPageTraceBehavior [ RunTime:0.002000s ]
INFO: [ app_end ] --END-- [ RunTime:0.002000s ]

[ 2019-08-30T19:10:42+08:00 ] 127.0.0.1 /api/netsign/swws/userid/924/token/b3990a7caa9b3f058fd9c430e66991e8/page/1/pid/7
INFO: [ app_init ] --START--
INFO: Run Behavior\BuildLiteBehavior [ RunTime:0.000000s ]
INFO: [ app_init ] --END-- [ RunTime:0.001000s ]
INFO: [ app_begin ] --START--
INFO: Run Behavior\ReadHtmlCacheBehavior [ RunTime:0.001000s ]
INFO: [ app_begin ] --END-- [ RunTime:0.002000s ]
NOTIC: [8] Undefined index: title D:\phpstudy_pro\WWW\wqxts\Application\Api\Controller\NetsignController.class.php 第 1459 行.
SQL: SHOW COLUMNS FROM `customer` [ RunTime:0.0040s ]
SQL: SELECT * FROM `customer` WHERE ( id='924' ) LIMIT 1   [ RunTime:0.0010s ]
SQL: SHOW COLUMNS FROM `swwscolumn` [ RunTime:0.0030s ]
NOTIC: [2] Invalid argument supplied for foreach() D:\phpstudy_pro\WWW\wqxts\ThinkPHP\Library\Think\Db\Driver.class.php 第 504 行.
SQL: SELECT * FROM `swwscolumn` ORDER BY id asc  [ RunTime:0.0010s ]
SQL: SHOW COLUMNS FROM `swws` [ RunTime:0.0040s ]
SQL: SELECT * FROM `swws` WHERE ( pid='7' and 1 ) ORDER BY id desc LIMIT 0,10   [ RunTime:0.0010s ]
INFO: [ app_end ] --START--
INFO: Run Behavior\ShowPageTraceBehavior [ RunTime:0.002000s ]
INFO: [ app_end ] --END-- [ RunTime:0.002000s ]

[ 2019-08-30T19:10:43+08:00 ] 127.0.0.1 /api/netsign/swws/userid/924/token/b3990a7caa9b3f058fd9c430e66991e8/page/1/pid/1
INFO: [ app_init ] --START--
INFO: Run Behavior\BuildLiteBehavior [ RunTime:0.000000s ]
INFO: [ app_init ] --END-- [ RunTime:0.001001s ]
INFO: [ app_begin ] --START--
INFO: Run Behavior\ReadHtmlCacheBehavior [ RunTime:0.002000s ]
INFO: [ app_begin ] --END-- [ RunTime:0.002000s ]
NOTIC: [8] Undefined index: title D:\phpstudy_pro\WWW\wqxts\Application\Api\Controller\NetsignController.class.php 第 1459 行.
SQL: SHOW COLUMNS FROM `customer` [ RunTime:0.0040s ]
SQL: SELECT * FROM `customer` WHERE ( id='924' ) LIMIT 1   [ RunTime:0.0010s ]
SQL: SHOW COLUMNS FROM `swwscolumn` [ RunTime:0.0030s ]
NOTIC: [2] Invalid argument supplied for foreach() D:\phpstudy_pro\WWW\wqxts\ThinkPHP\Library\Think\Db\Driver.class.php 第 504 行.
SQL: SELECT * FROM `swwscolumn` ORDER BY id asc  [ RunTime:0.0010s ]
SQL: SHOW COLUMNS FROM `swws` [ RunTime:0.0040s ]
SQL: SELECT * FROM `swws` WHERE ( pid='1' and 1 ) ORDER BY id desc LIMIT 0,10   [ RunTime:0.0010s ]
INFO: [ app_end ] --START--
INFO: Run Behavior\ShowPageTraceBehavior [ RunTime:0.002000s ]
INFO: [ app_end ] --END-- [ RunTime:0.002000s ]

[ 2019-08-30T19:10:49+08:00 ] 127.0.0.1 /api/netsign/swws/userid/924/token/b3990a7caa9b3f058fd9c430e66991e8/page/1/pid/6
INFO: [ app_init ] --START--
INFO: Run Behavior\BuildLiteBehavior [ RunTime:0.000000s ]
INFO: [ app_init ] --END-- [ RunTime:0.001000s ]
INFO: [ app_begin ] --START--
INFO: Run Behavior\ReadHtmlCacheBehavior [ RunTime:0.001000s ]
INFO: [ app_begin ] --END-- [ RunTime:0.001000s ]
NOTIC: [8] Undefined index: title D:\phpstudy_pro\WWW\wqxts\Application\Api\Controller\NetsignController.class.php 第 1459 行.
SQL: SHOW COLUMNS FROM `customer` [ RunTime:0.0030s ]
SQL: SELECT * FROM `customer` WHERE ( id='924' ) LIMIT 1   [ RunTime:0.0020s ]
SQL: SHOW COLUMNS FROM `swwscolumn` [ RunTime:0.0030s ]
NOTIC: [2] Invalid argument supplied for foreach() D:\phpstudy_pro\WWW\wqxts\ThinkPHP\Library\Think\Db\Driver.class.php 第 504 行.
SQL: SELECT * FROM `swwscolumn` ORDER BY id asc  [ RunTime:0.0010s ]
SQL: SHOW COLUMNS FROM `swws` [ RunTime:0.0030s ]
SQL: SELECT * FROM `swws` WHERE ( pid='6' and 1 ) ORDER BY id desc LIMIT 0,10   [ RunTime:0.0020s ]
INFO: [ app_end ] --START--
INFO: Run Behavior\ShowPageTraceBehavior [ RunTime:0.002000s ]
INFO: [ app_end ] --END-- [ RunTime:0.002000s ]

[ 2019-08-30T19:10:54+08:00 ] 127.0.0.1 /api/netsign/swws/userid/924/token/b3990a7caa9b3f058fd9c430e66991e8/page/1/pid/7
INFO: [ app_init ] --START--
INFO: Run Behavior\BuildLiteBehavior [ RunTime:0.000000s ]
INFO: [ app_init ] --END-- [ RunTime:0.001000s ]
INFO: [ app_begin ] --START--
INFO: Run Behavior\ReadHtmlCacheBehavior [ RunTime:0.002000s ]
INFO: [ app_begin ] --END-- [ RunTime:0.002000s ]
NOTIC: [8] Undefined index: title D:\phpstudy_pro\WWW\wqxts\Application\Api\Controller\NetsignController.class.php 第 1459 行.
SQL: SHOW COLUMNS FROM `customer` [ RunTime:0.0040s ]
SQL: SELECT * FROM `customer` WHERE ( id='924' ) LIMIT 1   [ RunTime:0.0010s ]
SQL: SHOW COLUMNS FROM `swwscolumn` [ RunTime:0.0040s ]
NOTIC: [2] Invalid argument supplied for foreach() D:\phpstudy_pro\WWW\wqxts\ThinkPHP\Library\Think\Db\Driver.class.php 第 504 行.
SQL: SELECT * FROM `swwscolumn` ORDER BY id asc  [ RunTime:0.0010s ]
SQL: SHOW COLUMNS FROM `swws` [ RunTime:0.0030s ]
SQL: SELECT * FROM `swws` WHERE ( pid='7' and 1 ) ORDER BY id desc LIMIT 0,10   [ RunTime:0.0020s ]
INFO: [ app_end ] --START--
INFO: Run Behavior\ShowPageTraceBehavior [ RunTime:0.002000s ]
INFO: [ app_end ] --END-- [ RunTime:0.002000s ]

[ 2019-08-30T19:11:00+08:00 ] 127.0.0.1 /api/netsign/swws/userid/924/token/b3990a7caa9b3f058fd9c430e66991e8/page/1/pid/1
INFO: [ app_init ] --START--
INFO: Run Behavior\BuildLiteBehavior [ RunTime:0.000000s ]
INFO: [ app_init ] --END-- [ RunTime:0.001001s ]
INFO: [ app_begin ] --START--
INFO: Run Behavior\ReadHtmlCacheBehavior [ RunTime:0.002000s ]
INFO: [ app_begin ] --END-- [ RunTime:0.002000s ]
NOTIC: [8] Undefined index: title D:\phpstudy_pro\WWW\wqxts\Application\Api\Controller\NetsignController.class.php 第 1459 行.
SQL: SHOW COLUMNS FROM `customer` [ RunTime:0.0040s ]
SQL: SELECT * FROM `customer` WHERE ( id='924' ) LIMIT 1   [ RunTime:0.0010s ]
SQL: SHOW COLUMNS FROM `swwscolumn` [ RunTime:0.0030s ]
NOTIC: [2] Invalid argument supplied for foreach() D:\phpstudy_pro\WWW\wqxts\ThinkPHP\Library\Think\Db\Driver.class.php 第 504 行.
SQL: SELECT * FROM `swwscolumn` ORDER BY id asc  [ RunTime:0.0010s ]
SQL: SHOW COLUMNS FROM `swws` [ RunTime:0.0030s ]
SQL: SELECT * FROM `swws` WHERE ( pid='1' and 1 ) ORDER BY id desc LIMIT 0,10   [ RunTime:0.0010s ]
INFO: [ app_end ] --START--
INFO: Run Behavior\ShowPageTraceBehavior [ RunTime:0.002000s ]
INFO: [ app_end ] --END-- [ RunTime:0.002000s ]

[ 2019-08-30T19:11:00+08:00 ] 127.0.0.1 /api/netsign/swws/userid/924/token/b3990a7caa9b3f058fd9c430e66991e8/page/1/pid/6
INFO: [ app_init ] --START--
INFO: Run Behavior\BuildLiteBehavior [ RunTime:0.000000s ]
INFO: [ app_init ] --END-- [ RunTime:0.001000s ]
INFO: [ app_begin ] --START--
INFO: Run Behavior\ReadHtmlCacheBehavior [ RunTime:0.002000s ]
INFO: [ app_begin ] --END-- [ RunTime:0.002000s ]
NOTIC: [8] Undefined index: title D:\phpstudy_pro\WWW\wqxts\Application\Api\Controller\NetsignController.class.php 第 1459 行.
SQL: SHOW COLUMNS FROM `customer` [ RunTime:0.0040s ]
SQL: SELECT * FROM `customer` WHERE ( id='924' ) LIMIT 1   [ RunTime:0.0010s ]
SQL: SHOW COLUMNS FROM `swwscolumn` [ RunTime:0.0030s ]
NOTIC: [2] Invalid argument supplied for foreach() D:\phpstudy_pro\WWW\wqxts\ThinkPHP\Library\Think\Db\Driver.class.php 第 504 行.
SQL: SELECT * FROM `swwscolumn` ORDER BY id asc  [ RunTime:0.0010s ]
SQL: SHOW COLUMNS FROM `swws` [ RunTime:0.0030s ]
SQL: SELECT * FROM `swws` WHERE ( pid='6' and 1 ) ORDER BY id desc LIMIT 0,10   [ RunTime:0.0010s ]
INFO: [ app_end ] --START--
INFO: Run Behavior\ShowPageTraceBehavior [ RunTime:0.002001s ]
INFO: [ app_end ] --END-- [ RunTime:0.002001s ]

[ 2019-08-30T19:11:07+08:00 ] 127.0.0.1 /api/netsign/swws/userid/924/token/b3990a7caa9b3f058fd9c430e66991e8/page/1/pid/1
INFO: [ app_init ] --START--
INFO: Run Behavior\BuildLiteBehavior [ RunTime:0.000000s ]
INFO: [ app_init ] --END-- [ RunTime:0.001000s ]
INFO: [ app_begin ] --START--
INFO: Run Behavior\ReadHtmlCacheBehavior [ RunTime:0.002000s ]
INFO: [ app_begin ] --END-- [ RunTime:0.002000s ]
NOTIC: [8] Undefined index: title D:\phpstudy_pro\WWW\wqxts\Application\Api\Controller\NetsignController.class.php 第 1459 行.
SQL: SHOW COLUMNS FROM `customer` [ RunTime:0.0040s ]
SQL: SELECT * FROM `customer` WHERE ( id='924' ) LIMIT 1   [ RunTime:0.0010s ]
SQL: SHOW COLUMNS FROM `swwscolumn` [ RunTime:0.0040s ]
NOTIC: [2] Invalid argument supplied for foreach() D:\phpstudy_pro\WWW\wqxts\ThinkPHP\Library\Think\Db\Driver.class.php 第 504 行.
SQL: SELECT * FROM `swwscolumn` ORDER BY id asc  [ RunTime:0.0010s ]
SQL: SHOW COLUMNS FROM `swws` [ RunTime:0.0030s ]
SQL: SELECT * FROM `swws` WHERE ( pid='1' and 1 ) ORDER BY id desc LIMIT 0,10   [ RunTime:0.0010s ]
INFO: [ app_end ] --START--
INFO: Run Behavior\ShowPageTraceBehavior [ RunTime:0.002000s ]
INFO: [ app_end ] --END-- [ RunTime:0.002000s ]

[ 2019-08-30T19:11:09+08:00 ] 127.0.0.1 /api/netsign/bullhorn/userid/924/token/b3990a7caa9b3f058fd9c430e66991e8
INFO: [ app_init ] --START--
INFO: Run Behavior\BuildLiteBehavior [ RunTime:0.000000s ]
INFO: [ app_init ] --END-- [ RunTime:0.001000s ]
INFO: [ app_begin ] --START--
INFO: Run Behavior\ReadHtmlCacheBehavior [ RunTime:0.001000s ]
INFO: [ app_begin ] --END-- [ RunTime:0.001000s ]
NOTIC: [8] Undefined index: page D:\phpstudy_pro\WWW\wqxts\Application\Api\Controller\NetsignController.class.php 第 1636 行.
SQL: SHOW COLUMNS FROM `customer` [ RunTime:0.0040s ]
SQL: SELECT * FROM `customer` WHERE ( id='924' ) LIMIT 1   [ RunTime:0.0010s ]
SQL: SHOW COLUMNS FROM `bullhorn` [ RunTime:0.0030s ]
NOTIC: [2] Invalid argument supplied for foreach() D:\phpstudy_pro\WWW\wqxts\ThinkPHP\Library\Think\Db\Driver.class.php 第 504 行.
SQL: SELECT * FROM `bullhorn` ORDER BY id desc LIMIT 0,10   [ RunTime:0.0020s ]
INFO: [ app_end ] --START--
INFO: Run Behavior\ShowPageTraceBehavior [ RunTime:0.002001s ]
INFO: [ app_end ] --END-- [ RunTime:0.002001s ]

[ 2019-08-30T19:11:16+08:00 ] 127.0.0.1 /api/netsign/myselfinfo/userid/924/token/b3990a7caa9b3f058fd9c430e66991e8
INFO: [ app_init ] --START--
INFO: Run Behavior\BuildLiteBehavior [ RunTime:0.000000s ]
INFO: [ app_init ] --END-- [ RunTime:0.001000s ]
INFO: [ app_begin ] --START--
INFO: Run Behavior\ReadHtmlCacheBehavior [ RunTime:0.001000s ]
INFO: [ app_begin ] --END-- [ RunTime:0.001000s ]
SQL: SHOW COLUMNS FROM `customer` [ RunTime:0.0030s ]
SQL: SELECT * FROM `customer` WHERE ( id='924' ) LIMIT 1   [ RunTime:0.0010s ]
SQL: SELECT * FROM `customer` WHERE ( id='924' ) LIMIT 1   [ RunTime:0.0010s ]
INFO: [ app_end ] --START--
INFO: Run Behavior\ShowPageTraceBehavior [ RunTime:0.001000s ]
INFO: [ app_end ] --END-- [ RunTime:0.002000s ]

[ 2019-08-30T19:11:36+08:00 ] 127.0.0.1 /api/login/appindex/userid/924/token/b3990a7caa9b3f058fd9c430e66991e8
INFO: [ app_init ] --START--
INFO: Run Behavior\BuildLiteBehavior [ RunTime:0.000000s ]
INFO: [ app_init ] --END-- [ RunTime:0.001000s ]
INFO: [ app_begin ] --START--
INFO: Run Behavior\ReadHtmlCacheBehavior [ RunTime:0.001000s ]
INFO: [ app_begin ] --END-- [ RunTime:0.001000s ]
SQL: SHOW COLUMNS FROM `customer` [ RunTime:0.0040s ]
SQL: SELECT * FROM `customer` WHERE ( id='924' ) LIMIT 1   [ RunTime:0.0010s ]
INFO: [ app_end ] --START--
INFO: Run Behavior\ShowPageTraceBehavior [ RunTime:0.002000s ]
INFO: [ app_end ] --END-- [ RunTime:0.002000s ]

[ 2019-08-30T19:17:06+08:00 ] 127.0.0.1 /api/login/appindex/userid/924/token/b3990a7caa9b3f058fd9c430e66991e8
INFO: [ app_init ] --START--
INFO: Run Behavior\BuildLiteBehavior [ RunTime:0.000000s ]
INFO: [ app_init ] --END-- [ RunTime:0.002000s ]
INFO: [ app_begin ] --START--
INFO: Run Behavior\ReadHtmlCacheBehavior [ RunTime:0.001000s ]
INFO: [ app_begin ] --END-- [ RunTime:0.001000s ]
SQL: SHOW COLUMNS FROM `customer` [ RunTime:0.0030s ]
SQL: SELECT * FROM `customer` WHERE ( id='924' ) LIMIT 1   [ RunTime:0.0010s ]
INFO: [ app_end ] --START--
INFO: Run Behavior\ShowPageTraceBehavior [ RunTime:0.002000s ]
INFO: [ app_end ] --END-- [ RunTime:0.002000s ]

[ 2019-08-30T19:17:09+08:00 ] 127.0.0.1 /api/netsign/myselfinfo/userid/924/token/b3990a7caa9b3f058fd9c430e66991e8
INFO: [ app_init ] --START--
INFO: Run Behavior\BuildLiteBehavior [ RunTime:0.000000s ]
INFO: [ app_init ] --END-- [ RunTime:0.001000s ]
INFO: [ app_begin ] --START--
INFO: Run Behavior\ReadHtmlCacheBehavior [ RunTime:0.001000s ]
INFO: [ app_begin ] --END-- [ RunTime:0.001000s ]
SQL: SHOW COLUMNS FROM `customer` [ RunTime:0.0020s ]
SQL: SELECT * FROM `customer` WHERE ( id='924' ) LIMIT 1   [ RunTime:0.0010s ]
SQL: SELECT * FROM `customer` WHERE ( id='924' ) LIMIT 1   [ RunTime:0.0000s ]
INFO: [ app_end ] --START--
INFO: Run Behavior\ShowPageTraceBehavior [ RunTime:0.001000s ]
INFO: [ app_end ] --END-- [ RunTime:0.001000s ]

[ 2019-08-30T19:17:10+08:00 ] 127.0.0.1 /api/netsign/myselfinfo/userid/924/token/b3990a7caa9b3f058fd9c430e66991e8
INFO: [ app_init ] --START--
INFO: Run Behavior\BuildLiteBehavior [ RunTime:0.000000s ]
INFO: [ app_init ] --END-- [ RunTime:0.002001s ]
INFO: [ app_begin ] --START--
INFO: Run Behavior\ReadHtmlCacheBehavior [ RunTime:0.002000s ]
INFO: [ app_begin ] --END-- [ RunTime:0.002000s ]
SQL: SHOW COLUMNS FROM `customer` [ RunTime:0.0040s ]
SQL: SELECT * FROM `customer` WHERE ( id='924' ) LIMIT 1   [ RunTime:0.0010s ]
SQL: SELECT * FROM `customer` WHERE ( id='924' ) LIMIT 1   [ RunTime:0.0010s ]
INFO: [ app_end ] --START--
INFO: Run Behavior\ShowPageTraceBehavior [ RunTime:0.002000s ]
INFO: [ app_end ] --END-- [ RunTime:0.002000s ]

