[ 2019-12-25T07:51:22+08:00 ] 127.0.0.1 /api/login/appindex/userid/928/token/8160caa982f831258b771933ce58eff7
INFO: [ app_init ] --START--
INFO: Run Behavior\BuildLiteBehavior [ RunTime:0.000000s ]
INFO: [ app_init ] --END-- [ RunTime:0.002000s ]
INFO: [ app_begin ] --START--
INFO: Run Behavior\ReadHtmlCacheBehavior [ RunTime:0.003000s ]
INFO: [ app_begin ] --END-- [ RunTime:0.003000s ]
SQL: SHOW COLUMNS FROM `customer` [ RunTime:0.0040s ]
SQL: SELECT * FROM `customer` WHERE ( id='928' ) LIMIT 1   [ RunTime:0.0020s ]
INFO: [ app_end ] --START--
INFO: Run Behavior\ShowPageTraceBehavior [ RunTime:0.003000s ]
INFO: [ app_end ] --END-- [ RunTime:0.003000s ]

[ 2019-12-25T07:51:26+08:00 ] 127.0.0.1 /api/netsign/myselfinfo/userid/928/token/8160caa982f831258b771933ce58eff7
INFO: [ app_init ] --START--
INFO: Run Behavior\BuildLiteBehavior [ RunTime:0.000000s ]
INFO: [ app_init ] --END-- [ RunTime:0.002000s ]
INFO: [ app_begin ] --START--
INFO: Run Behavior\ReadHtmlCacheBehavior [ RunTime:0.002000s ]
INFO: [ app_begin ] --END-- [ RunTime:0.002000s ]
SQL: SHOW COLUMNS FROM `customer` [ RunTime:0.0040s ]
SQL: SELECT * FROM `customer` WHERE ( id='928' ) LIMIT 1   [ RunTime:0.0010s ]
SQL: SELECT * FROM `customer` WHERE ( id='928' ) LIMIT 1   [ RunTime:0.0010s ]
INFO: [ app_end ] --START--
INFO: Run Behavior\ShowPageTraceBehavior [ RunTime:0.003000s ]
INFO: [ app_end ] --END-- [ RunTime:0.003000s ]

[ 2019-12-25T07:51:28+08:00 ] 127.0.0.1 /api/login/appindex/userid/928/token/8160caa982f831258b771933ce58eff7
INFO: [ app_init ] --START--
INFO: Run Behavior\BuildLiteBehavior [ RunTime:0.000000s ]
INFO: [ app_init ] --END-- [ RunTime:0.001000s ]
INFO: [ app_begin ] --START--
INFO: Run Behavior\ReadHtmlCacheBehavior [ RunTime:0.003001s ]
INFO: [ app_begin ] --END-- [ RunTime:0.003001s ]
SQL: SHOW COLUMNS FROM `customer` [ RunTime:0.0040s ]
SQL: SELECT * FROM `customer` WHERE ( id='928' ) LIMIT 1   [ RunTime:0.0010s ]
INFO: [ app_end ] --START--
INFO: Run Behavior\ShowPageTraceBehavior [ RunTime:0.003000s ]
INFO: [ app_end ] --END-- [ RunTime:0.003000s ]

[ 2019-12-25T07:51:30+08:00 ] 127.0.0.1 /api/netsign/index/userid/928/token/8160caa982f831258b771933ce58eff7
INFO: [ app_init ] --START--
INFO: Run Behavior\BuildLiteBehavior [ RunTime:0.000000s ]
INFO: [ app_init ] --END-- [ RunTime:0.002001s ]
INFO: [ app_begin ] --START--
INFO: Run Behavior\ReadHtmlCacheBehavior [ RunTime:0.002000s ]
INFO: [ app_begin ] --END-- [ RunTime:0.003000s ]
SQL: SHOW COLUMNS FROM `customer` [ RunTime:0.0020s ]
SQL: SELECT * FROM `customer` WHERE ( id='928' ) LIMIT 1   [ RunTime:0.0010s ]
SQL: select * from sign as so,

(select a.*,b.orders,b.uid from signson as a , templateson as b where b.uid = 928 and a.tsid = b.id and a.issign = 1 group by a.fid) as son where so.id = son.fid and so.status = 1 and so.nownode = son.orders [ RunTime:0.0070s ]
SQL: select * from sign where status=1 and uid='928' [ RunTime:0.0020s ]
SQL: select * from signson as a , templateson as b where a.tsid = b.id and a.fid='442' and b.orders='1' [ RunTime:0.0010s ]
SQL: select * from signson as a , templateson as b where a.tsid = b.id and a.fid='443' and b.orders='1' [ RunTime:0.0020s ]
SQL: select * from signson as a , templateson as b where a.tsid = b.id and a.fid='451' and b.orders='1' [ RunTime:0.0010s ]
SQL: select * from signson as a , templateson as b where a.tsid = b.id and a.fid='452' and b.orders='1' [ RunTime:0.0020s ]
SQL: select * from signson as a , templateson as b where a.tsid = b.id and a.fid='454' and b.orders='1' [ RunTime:0.0010s ]
SQL: select * from signson as a , templateson as b where a.tsid = b.id and a.fid='456' and b.orders='1' [ RunTime:0.0010s ]
SQL: select * from signson as a , templateson as b where a.tsid = b.id and a.fid='457' and b.orders='1' [ RunTime:0.0010s ]
SQL: select * from signson as a , templateson as b where a.tsid = b.id and a.fid='458' and b.orders='1' [ RunTime:0.0020s ]
SQL: select * from signson as a , templateson as b where a.tsid = b.id and a.fid='459' and b.orders='1' [ RunTime:0.0010s ]
SQL: select * from signson as a , templateson as b where a.tsid = b.id and a.fid='460' and b.orders='1' [ RunTime:0.0020s ]
SQL: select * from signson as a , templateson as b where a.tsid = b.id and a.fid='462' and b.orders='1' [ RunTime:0.0010s ]
SQL: select * from signson as a , templateson as b where a.tsid = b.id and a.fid='468' and b.orders='1' [ RunTime:0.0010s ]
SQL: select * from signson as a , templateson as b where a.tsid = b.id and a.fid='470' and b.orders='1' [ RunTime:0.0010s ]
SQL: SHOW COLUMNS FROM `senduid` [ RunTime:0.0050s ]
SQL: SELECT COUNT(*) AS tp_count FROM `senduid` WHERE ( receiveuid = '928' and status = '2' and isout ='2'     ) LIMIT 1   [ RunTime:0.0010s ]
SQL: SELECT
	*
FROM
	(
		SELECT
			b. NAME,
			a.id,
			a.starttime,
			a.endtime,
	        a.savetime,
	        a.status
		FROM
			sign AS a,
			template AS b
		WHERE
			a.uid = '928'
		AND a.mid = b.id 
		UNION ALL
			SELECT
				c. NAME,
				d.id,
				d.starttime,
				d.endtime,
			    d.savetime,
			    d.status
			FROM
				(
					SELECT
						a.*, b. NAME
					FROM
						(
							SELECT
								fid,
								orders
							FROM
								templateson
							WHERE
								uid = '928'
							GROUP BY
								fid
						) AS a,
						template AS b
					WHERE
						a.fid = b.id
				) AS c
			, sign AS d where c.fid = d.mid 
	) e
GROUP BY
	id order by savetime desc
LIMIT 10 [ RunTime:0.0050s ]
SQL: SHOW COLUMNS FROM `sign` [ RunTime:0.0040s ]
SQL: UPDATE `sign` SET `status`='4' WHERE ( id='470' ) [ RunTime:0.0570s ]
SQL: UPDATE `sign` SET `status`='4' WHERE ( id='468' ) [ RunTime:0.0750s ]
SQL: UPDATE `sign` SET `status`='4' WHERE ( id='462' ) [ RunTime:0.1120s ]
INFO: [ app_end ] --START--
INFO: Run Behavior\ShowPageTraceBehavior [ RunTime:0.003000s ]
INFO: [ app_end ] --END-- [ RunTime:0.003000s ]

[ 2019-12-25T07:51:37+08:00 ] 127.0.0.1 /api/netsign/signall/userid/928/token/8160caa982f831258b771933ce58eff7/page/1
INFO: [ app_init ] --START--
INFO: Run Behavior\BuildLiteBehavior [ RunTime:0.000000s ]
INFO: [ app_init ] --END-- [ RunTime:0.003000s ]
INFO: [ app_begin ] --START--
INFO: Run Behavior\ReadHtmlCacheBehavior [ RunTime:0.002001s ]
INFO: [ app_begin ] --END-- [ RunTime:0.002001s ]
SQL: SHOW COLUMNS FROM `customer` [ RunTime:0.0040s ]
SQL: SELECT * FROM `customer` WHERE ( id='928' ) LIMIT 1   [ RunTime:0.0010s ]
SQL: select * from (
select @last := '1' as mystatus,b.name,a.id,a.savetime,a.starttime,a.endtime,a.status from sign as a ,template as b  where a.uid='928' and a.mid = b.id UNION all select @last := '2' as mystatus,c.name,d.id,d.savetime,d.starttime,d.endtime,d.`status` from (
select a.*,b.name from (SELECT fid,orders FROM templateson WHERE uid = '928' GROUP BY fid) as a,template as b where a.fid=b.id) as c , sign as d where c.fid = d.mid ) e group by id
			order by savetime desc limit 0,10 [ RunTime:0.0100s ]
INFO: [ app_end ] --START--
INFO: Run Behavior\ShowPageTraceBehavior [ RunTime:0.002000s ]
INFO: [ app_end ] --END-- [ RunTime:0.002000s ]

[ 2019-12-25T07:51:39+08:00 ] 127.0.0.1 /api/netsign/signinfo/userid/928/token/8160caa982f831258b771933ce58eff7/id/467
INFO: [ app_init ] --START--
INFO: Run Behavior\BuildLiteBehavior [ RunTime:0.000000s ]
INFO: [ app_init ] --END-- [ RunTime:0.001000s ]
INFO: [ app_begin ] --START--
INFO: Run Behavior\ReadHtmlCacheBehavior [ RunTime:0.002000s ]
INFO: [ app_begin ] --END-- [ RunTime:0.002000s ]
SQL: SHOW COLUMNS FROM `customer` [ RunTime:0.0040s ]
SQL: SELECT * FROM `customer` WHERE ( id='928' ) LIMIT 1   [ RunTime:0.0020s ]
SQL: select a.id,c.username,c.topimage,a.starttime,a.endtime,b.name,a.status from sign as a,template as b,customer as c where a.id = '467' and a.uid= c.id and a.mid = b.id  [ RunTime:0.0010s ]
SQL: select c.sid,a.remark,a.issign,b.uid,b.orders,b.type,c.username,c.tel from signson as a ,templateson as b ,customer as c where a.fid = '467' and a.tsid = b.id  and b.uid=c.id  order by orders asc [ RunTime:0.0020s ]
SQL: SHOW COLUMNS FROM `seal` [ RunTime:0.0040s ]
SQL: SELECT * FROM `seal` WHERE ( id='31' ) LIMIT 1   [ RunTime:0.0010s ]
SQL: SELECT * FROM `seal` WHERE ( id='31' ) LIMIT 1   [ RunTime:0.0010s ]
INFO: [ app_end ] --START--
INFO: Run Behavior\ShowPageTraceBehavior [ RunTime:0.003000s ]
INFO: [ app_end ] --END-- [ RunTime:0.003000s ]

[ 2019-12-25T07:51:42+08:00 ] 127.0.0.1 /api/netsign/signlook/userid/928/token/8160caa982f831258b771933ce58eff7/id/467
INFO: [ app_init ] --START--
INFO: Run Behavior\BuildLiteBehavior [ RunTime:0.000000s ]
INFO: [ app_init ] --END-- [ RunTime:0.002000s ]
INFO: [ app_begin ] --START--
INFO: Run Behavior\ReadHtmlCacheBehavior [ RunTime:0.002000s ]
INFO: [ app_begin ] --END-- [ RunTime:0.002000s ]
SQL: SHOW COLUMNS FROM `customer` [ RunTime:0.0030s ]
SQL: SELECT * FROM `customer` WHERE ( id='928' ) LIMIT 1   [ RunTime:0.0010s ]
SQL: SHOW COLUMNS FROM `signimg` [ RunTime:0.0040s ]
SQL: SELECT * FROM `signimg` WHERE ( sid='467' )  [ RunTime:0.0240s ]
INFO: [ app_end ] --START--
INFO: Run Behavior\ShowPageTraceBehavior [ RunTime:0.003000s ]
INFO: [ app_end ] --END-- [ RunTime:0.003000s ]

