[ 2019-12-26T17:19:00+08:00 ] 127.0.0.1 /api/login/appindex/userid/928/token/3ddc8ffa28df3d27b1061cae0b46fc64
INFO: [ app_init ] --START--
INFO: Run Behavior\BuildLiteBehavior [ RunTime:0.000000s ]
INFO: [ app_init ] --END-- [ RunTime:0.001000s ]
INFO: [ app_begin ] --START--
INFO: Run Behavior\ReadHtmlCacheBehavior [ RunTime:0.003000s ]
INFO: [ app_begin ] --END-- [ RunTime:0.003000s ]
SQL: SHOW COLUMNS FROM `customer` [ RunTime:0.0040s ]
SQL: SELECT * FROM `customer` WHERE ( id='928' ) LIMIT 1   [ RunTime:0.0020s ]
INFO: [ app_end ] --START--
INFO: Run Behavior\ShowPageTraceBehavior [ RunTime:0.002000s ]
INFO: [ app_end ] --END-- [ RunTime:0.002000s ]

[ 2019-12-26T17:19:03+08:00 ] 127.0.0.1 /api/netsign/swws/userid/928/token/3ddc8ffa28df3d27b1061cae0b46fc64
INFO: [ app_init ] --START--
INFO: Run Behavior\BuildLiteBehavior [ RunTime:0.000000s ]
INFO: [ app_init ] --END-- [ RunTime:0.002000s ]
INFO: [ app_begin ] --START--
INFO: Run Behavior\ReadHtmlCacheBehavior [ RunTime:0.002000s ]
INFO: [ app_begin ] --END-- [ RunTime:0.002000s ]
NOTIC: [8] Undefined index: page D:\phpstudy_pro\WWW\wqxts\Application\Api\Controller\NetsignController.class.php 第 1457 行.
NOTIC: [8] Undefined index: pid D:\phpstudy_pro\WWW\wqxts\Application\Api\Controller\NetsignController.class.php 第 1458 行.
NOTIC: [8] Undefined index: title D:\phpstudy_pro\WWW\wqxts\Application\Api\Controller\NetsignController.class.php 第 1459 行.
SQL: SHOW COLUMNS FROM `customer` [ RunTime:0.0030s ]
SQL: SELECT * FROM `customer` WHERE ( id='928' ) LIMIT 1   [ RunTime:0.0010s ]
SQL: SHOW COLUMNS FROM `swwscolumn` [ RunTime:0.0050s ]
NOTIC: [2] Invalid argument supplied for foreach() D:\phpstudy_pro\WWW\wqxts\ThinkPHP\Library\Think\Db\Driver.class.php 第 504 行.
SQL: SELECT * FROM `swwscolumn` ORDER BY id asc  [ RunTime:0.0010s ]
SQL: SHOW COLUMNS FROM `swws` [ RunTime:0.0040s ]
SQL: SELECT * FROM `swws` WHERE ( pid='1' and 1 ) ORDER BY id desc LIMIT 0,10   [ RunTime:0.0010s ]
INFO: [ app_end ] --START--
INFO: Run Behavior\ShowPageTraceBehavior [ RunTime:0.002001s ]
INFO: [ app_end ] --END-- [ RunTime:0.002001s ]

[ 2019-12-26T17:19:04+08:00 ] 127.0.0.1 /api/netsign/swws/userid/928/token/3ddc8ffa28df3d27b1061cae0b46fc64/page/1/pid/1
INFO: [ app_init ] --START--
INFO: Run Behavior\BuildLiteBehavior [ RunTime:0.000000s ]
INFO: [ app_init ] --END-- [ RunTime:0.002000s ]
INFO: [ app_begin ] --START--
INFO: Run Behavior\ReadHtmlCacheBehavior [ RunTime:0.002000s ]
INFO: [ app_begin ] --END-- [ RunTime:0.002000s ]
NOTIC: [8] Undefined index: title D:\phpstudy_pro\WWW\wqxts\Application\Api\Controller\NetsignController.class.php 第 1459 行.
SQL: SHOW COLUMNS FROM `customer` [ RunTime:0.0020s ]
SQL: SELECT * FROM `customer` WHERE ( id='928' ) LIMIT 1   [ RunTime:0.0010s ]
SQL: SHOW COLUMNS FROM `swwscolumn` [ RunTime:0.0020s ]
NOTIC: [2] Invalid argument supplied for foreach() D:\phpstudy_pro\WWW\wqxts\ThinkPHP\Library\Think\Db\Driver.class.php 第 504 行.
SQL: SELECT * FROM `swwscolumn` ORDER BY id asc  [ RunTime:0.0020s ]
SQL: SHOW COLUMNS FROM `swws` [ RunTime:0.0020s ]
SQL: SELECT * FROM `swws` WHERE ( pid='1' and 1 ) ORDER BY id desc LIMIT 0,10   [ RunTime:0.0010s ]
INFO: [ app_end ] --START--
INFO: Run Behavior\ShowPageTraceBehavior [ RunTime:0.002000s ]
INFO: [ app_end ] --END-- [ RunTime:0.002000s ]

[ 2019-12-26T17:19:07+08:00 ] 127.0.0.1 /api/netsign/index/userid/928/token/3ddc8ffa28df3d27b1061cae0b46fc64
INFO: [ app_init ] --START--
INFO: Run Behavior\BuildLiteBehavior [ RunTime:0.000000s ]
INFO: [ app_init ] --END-- [ RunTime:0.002000s ]
INFO: [ app_begin ] --START--
INFO: Run Behavior\ReadHtmlCacheBehavior [ RunTime:0.002000s ]
INFO: [ app_begin ] --END-- [ RunTime:0.002000s ]
SQL: SHOW COLUMNS FROM `customer` [ RunTime:0.0050s ]
SQL: SELECT * FROM `customer` WHERE ( id='928' ) LIMIT 1   [ RunTime:0.0020s ]
SQL: select * from sign as so,

(select a.*,b.orders,b.uid from signson as a , templateson as b where b.uid = 928 and a.tsid = b.id and a.issign = 1 group by a.fid) as son where so.id = son.fid and so.status = 1 and so.nownode = son.orders [ RunTime:0.0510s ]
SQL: select * from sign where status=1 and uid='928' [ RunTime:0.0020s ]
SQL: select * from signson as a , templateson as b where a.tsid = b.id and a.fid='442' and b.orders='1' [ RunTime:0.0010s ]
SQL: select * from signson as a , templateson as b where a.tsid = b.id and a.fid='443' and b.orders='1' [ RunTime:0.0020s ]
SQL: select * from signson as a , templateson as b where a.tsid = b.id and a.fid='451' and b.orders='1' [ RunTime:0.0010s ]
SQL: select * from signson as a , templateson as b where a.tsid = b.id and a.fid='452' and b.orders='1' [ RunTime:0.0010s ]
SQL: select * from signson as a , templateson as b where a.tsid = b.id and a.fid='454' and b.orders='1' [ RunTime:0.0010s ]
SQL: select * from signson as a , templateson as b where a.tsid = b.id and a.fid='456' and b.orders='1' [ RunTime:0.0010s ]
SQL: select * from signson as a , templateson as b where a.tsid = b.id and a.fid='457' and b.orders='1' [ RunTime:0.0020s ]
SQL: select * from signson as a , templateson as b where a.tsid = b.id and a.fid='458' and b.orders='1' [ RunTime:0.0010s ]
SQL: select * from signson as a , templateson as b where a.tsid = b.id and a.fid='459' and b.orders='1' [ RunTime:0.0020s ]
SQL: select * from signson as a , templateson as b where a.tsid = b.id and a.fid='460' and b.orders='1' [ RunTime:0.0010s ]
SQL: SHOW COLUMNS FROM `senduid` [ RunTime:0.0040s ]
SQL: SELECT COUNT(*) AS tp_count FROM `senduid` WHERE ( receiveuid = '928' and status = '2' and isout ='2'     ) LIMIT 1   [ RunTime:0.0020s ]
SQL: SELECT
	*
FROM
	(
		SELECT
			b. NAME,
			a.id,
			a.starttime,
			a.endtime,
	        a.savetime,
	        a.status
		FROM
			sign AS a,
			template AS b
		WHERE
			a.uid = '928'
		AND a.mid = b.id 
		UNION ALL
			SELECT
				c. NAME,
				d.id,
				d.starttime,
				d.endtime,
			    d.savetime,
			    d.status
			FROM
				(
					SELECT
						a.*, b. NAME
					FROM
						(
							SELECT
								fid,
								orders
							FROM
								templateson
							WHERE
								uid = '928'
							GROUP BY
								fid
						) AS a,
						template AS b
					WHERE
						a.fid = b.id
				) AS c
			, sign AS d where c.fid = d.mid 
	) e
GROUP BY
	id order by savetime desc
LIMIT 10 [ RunTime:0.0150s ]
INFO: [ app_end ] --START--
INFO: Run Behavior\ShowPageTraceBehavior [ RunTime:0.003000s ]
INFO: [ app_end ] --END-- [ RunTime:0.003000s ]

[ 2019-12-26T17:19:25+08:00 ] 127.0.0.1 /api/netsign/index/userid/928/token/3ddc8ffa28df3d27b1061cae0b46fc64
INFO: [ app_init ] --START--
INFO: Run Behavior\BuildLiteBehavior [ RunTime:0.000000s ]
INFO: [ app_init ] --END-- [ RunTime:0.002000s ]
INFO: [ app_begin ] --START--
INFO: Run Behavior\ReadHtmlCacheBehavior [ RunTime:0.002001s ]
INFO: [ app_begin ] --END-- [ RunTime:0.002001s ]
SQL: SHOW COLUMNS FROM `customer` [ RunTime:0.0040s ]
SQL: SELECT * FROM `customer` WHERE ( id='928' ) LIMIT 1   [ RunTime:0.0020s ]
SQL: select * from sign as so,

(select a.*,b.orders,b.uid from signson as a , templateson as b where b.uid = 928 and a.tsid = b.id and a.issign = 1 group by a.fid) as son where so.id = son.fid and so.status = 1 and so.nownode = son.orders [ RunTime:0.0030s ]
SQL: select * from sign where status=1 and uid='928' [ RunTime:0.0010s ]
SQL: select * from signson as a , templateson as b where a.tsid = b.id and a.fid='442' and b.orders='1' [ RunTime:0.0020s ]
SQL: select * from signson as a , templateson as b where a.tsid = b.id and a.fid='443' and b.orders='1' [ RunTime:0.0020s ]
SQL: select * from signson as a , templateson as b where a.tsid = b.id and a.fid='451' and b.orders='1' [ RunTime:0.0010s ]
SQL: select * from signson as a , templateson as b where a.tsid = b.id and a.fid='452' and b.orders='1' [ RunTime:0.0020s ]
SQL: select * from signson as a , templateson as b where a.tsid = b.id and a.fid='454' and b.orders='1' [ RunTime:0.0010s ]
SQL: select * from signson as a , templateson as b where a.tsid = b.id and a.fid='456' and b.orders='1' [ RunTime:0.0020s ]
SQL: select * from signson as a , templateson as b where a.tsid = b.id and a.fid='457' and b.orders='1' [ RunTime:0.0020s ]
SQL: select * from signson as a , templateson as b where a.tsid = b.id and a.fid='458' and b.orders='1' [ RunTime:0.0010s ]
SQL: select * from signson as a , templateson as b where a.tsid = b.id and a.fid='459' and b.orders='1' [ RunTime:0.0020s ]
SQL: select * from signson as a , templateson as b where a.tsid = b.id and a.fid='460' and b.orders='1' [ RunTime:0.0010s ]
SQL: SHOW COLUMNS FROM `senduid` [ RunTime:0.0030s ]
SQL: SELECT COUNT(*) AS tp_count FROM `senduid` WHERE ( receiveuid = '928' and status = '2' and isout ='2'     ) LIMIT 1   [ RunTime:0.0010s ]
SQL: SELECT
	*
FROM
	(
		SELECT
			b. NAME,
			a.id,
			a.starttime,
			a.endtime,
	        a.savetime,
	        a.status
		FROM
			sign AS a,
			template AS b
		WHERE
			a.uid = '928'
		AND a.mid = b.id 
		UNION ALL
			SELECT
				c. NAME,
				d.id,
				d.starttime,
				d.endtime,
			    d.savetime,
			    d.status
			FROM
				(
					SELECT
						a.*, b. NAME
					FROM
						(
							SELECT
								fid,
								orders
							FROM
								templateson
							WHERE
								uid = '928'
							GROUP BY
								fid
						) AS a,
						template AS b
					WHERE
						a.fid = b.id
				) AS c
			, sign AS d where c.fid = d.mid 
	) e
GROUP BY
	id order by savetime desc
LIMIT 10 [ RunTime:0.0030s ]
INFO: [ app_end ] --START--
INFO: Run Behavior\ShowPageTraceBehavior [ RunTime:0.003000s ]
INFO: [ app_end ] --END-- [ RunTime:0.003000s ]

[ 2019-12-26T17:19:48+08:00 ] 127.0.0.1 /api/netsign/signname/userid/928/token/3ddc8ffa28df3d27b1061cae0b46fc64
INFO: [ app_init ] --START--
INFO: Run Behavior\BuildLiteBehavior [ RunTime:0.000000s ]
INFO: [ app_init ] --END-- [ RunTime:0.002000s ]
INFO: [ app_begin ] --START--
INFO: Run Behavior\ReadHtmlCacheBehavior [ RunTime:0.003001s ]
INFO: [ app_begin ] --END-- [ RunTime:0.003001s ]
NOTIC: [8] Undefined index: fid D:\phpstudy_pro\WWW\wqxts\Application\Api\Controller\NetsignController.class.php 第 303 行.
NOTIC: [8] Undefined index: title D:\phpstudy_pro\WWW\wqxts\Application\Api\Controller\NetsignController.class.php 第 304 行.
SQL: SHOW COLUMNS FROM `customer` [ RunTime:0.0030s ]
SQL: SELECT * FROM `customer` WHERE ( id='928' ) LIMIT 1   [ RunTime:0.0020s ]
SQL: SHOW COLUMNS FROM `framework` [ RunTime:0.0040s ]
SQL: SELECT `id`,`node_name` FROM `framework` WHERE ( type_id=0 ) LIMIT 1   [ RunTime:0.0100s ]
SQL: SELECT `id`,`node_name` FROM `framework` WHERE ( type_id=66 )  [ RunTime:0.0010s ]
SQL: SELECT `id`,`username`,`worker`,`tel`,`topimage` FROM `customer` WHERE ( pid=66 and status=1 )  [ RunTime:0.0010s ]
NOTIC: [8] Undefined variable: udatas D:\phpstudy_pro\WWW\wqxts\Application\Api\Controller\NetsignController.class.php 第 338 行.
INFO: [ app_end ] --START--
INFO: Run Behavior\ShowPageTraceBehavior [ RunTime:0.003000s ]
INFO: [ app_end ] --END-- [ RunTime:0.004000s ]

[ 2019-12-26T17:19:48+08:00 ] 127.0.0.1 /api/netsign/seallist/userid/928/token/3ddc8ffa28df3d27b1061cae0b46fc64
INFO: [ app_init ] --START--
INFO: Run Behavior\BuildLiteBehavior [ RunTime:0.000000s ]
INFO: [ app_init ] --END-- [ RunTime:0.002000s ]
INFO: [ app_begin ] --START--
INFO: Run Behavior\ReadHtmlCacheBehavior [ RunTime:0.003000s ]
INFO: [ app_begin ] --END-- [ RunTime:0.003000s ]
NOTIC: [8] Undefined index: id D:\phpstudy_pro\WWW\wqxts\Application\Api\Controller\NetsignController.class.php 第 425 行.
NOTIC: [8] Undefined index: page D:\phpstudy_pro\WWW\wqxts\Application\Api\Controller\NetsignController.class.php 第 426 行.
SQL: SHOW COLUMNS FROM `customer` [ RunTime:0.0040s ]
SQL: SELECT * FROM `customer` WHERE ( id='928' ) LIMIT 1   [ RunTime:0.0020s ]
INFO: [ app_end ] --START--
INFO: Run Behavior\ShowPageTraceBehavior [ RunTime:0.003001s ]
INFO: [ app_end ] --END-- [ RunTime:0.003001s ]

