[ 2019-12-23T09:38:34+08:00 ] 127.0.0.1 /api/login/appindex/userid/925/token/649c63ad3f7030b5a1f0f54b80944578
INFO: [ app_init ] --START--
INFO: Run Behavior\BuildLiteBehavior [ RunTime:0.000000s ]
INFO: [ app_init ] --END-- [ RunTime:0.002000s ]
INFO: [ app_begin ] --START--
INFO: Run Behavior\ReadHtmlCacheBehavior [ RunTime:0.003001s ]
INFO: [ app_begin ] --END-- [ RunTime:0.003001s ]
SQL: SHOW COLUMNS FROM `customer` [ RunTime:0.0040s ]
SQL: SELECT * FROM `customer` WHERE ( id='925' ) LIMIT 1   [ RunTime:0.0020s ]
INFO: [ app_end ] --START--
INFO: Run Behavior\ShowPageTraceBehavior [ RunTime:0.002000s ]
INFO: [ app_end ] --END-- [ RunTime:0.002000s ]

[ 2019-12-23T09:38:45+08:00 ] 127.0.0.1 /api/netsign/index/userid/925/token/649c63ad3f7030b5a1f0f54b80944578
INFO: [ app_init ] --START--
INFO: Run Behavior\BuildLiteBehavior [ RunTime:0.001000s ]
INFO: [ app_init ] --END-- [ RunTime:0.002000s ]
INFO: [ app_begin ] --START--
INFO: Run Behavior\ReadHtmlCacheBehavior [ RunTime:0.003000s ]
INFO: [ app_begin ] --END-- [ RunTime:0.003000s ]
SQL: SHOW COLUMNS FROM `customer` [ RunTime:0.0040s ]
SQL: SELECT * FROM `customer` WHERE ( id='925' ) LIMIT 1   [ RunTime:0.0010s ]
SQL: select * from sign as so,

(select a.*,b.orders,b.uid from signson as a , templateson as b where b.uid = 925 and a.tsid = b.id and a.issign = 1 group by a.fid) as son where so.id = son.fid and so.status = 1 and so.nownode = son.orders [ RunTime:0.0520s ]
SQL: select * from sign where status=1 and uid='925' [ RunTime:0.0010s ]
SQL: SHOW COLUMNS FROM `senduid` [ RunTime:0.0050s ]
SQL: SELECT COUNT(*) AS tp_count FROM `senduid` WHERE ( receiveuid = '925' and status = '2' and isout ='2'     ) LIMIT 1   [ RunTime:0.0100s ]
SQL: SELECT
	*
FROM
	(
		SELECT
			b. NAME,
			a.id,
			a.starttime,
			a.endtime,
	        a.savetime,
	        a.status
		FROM
			sign AS a,
			template AS b
		WHERE
			a.uid = '925'
		AND a.mid = b.id 
		UNION ALL
			SELECT
				c. NAME,
				d.id,
				d.starttime,
				d.endtime,
			    d.savetime,
			    d.status
			FROM
				(
					SELECT
						a.*, b. NAME
					FROM
						(
							SELECT
								fid,
								orders
							FROM
								templateson
							WHERE
								uid = '925'
							GROUP BY
								fid
						) AS a,
						template AS b
					WHERE
						a.fid = b.id
				) AS c
			, sign AS d where c.fid = d.mid 
	) e
GROUP BY
	id order by savetime desc
LIMIT 10 [ RunTime:0.0170s ]
INFO: [ app_end ] --START--
INFO: Run Behavior\ShowPageTraceBehavior [ RunTime:0.002000s ]
INFO: [ app_end ] --END-- [ RunTime:0.002000s ]

[ 2019-12-23T09:39:36+08:00 ] 127.0.0.1 /api/netsign/index/userid/925/token/649c63ad3f7030b5a1f0f54b80944578
INFO: [ app_init ] --START--
INFO: Run Behavior\BuildLiteBehavior [ RunTime:0.000000s ]
INFO: [ app_init ] --END-- [ RunTime:0.001000s ]
INFO: [ app_begin ] --START--
INFO: Run Behavior\ReadHtmlCacheBehavior [ RunTime:0.002000s ]
INFO: [ app_begin ] --END-- [ RunTime:0.002000s ]
SQL: SHOW COLUMNS FROM `customer` [ RunTime:0.0040s ]
SQL: SELECT * FROM `customer` WHERE ( id='925' ) LIMIT 1   [ RunTime:0.0010s ]
SQL: select * from sign as so,

(select a.*,b.orders,b.uid from signson as a , templateson as b where b.uid = 925 and a.tsid = b.id and a.issign = 1 group by a.fid) as son where so.id = son.fid and so.status = 1 and so.nownode = son.orders [ RunTime:0.0030s ]
SQL: select * from sign where status=1 and uid='925' [ RunTime:0.0010s ]
SQL: SHOW COLUMNS FROM `senduid` [ RunTime:0.0040s ]
SQL: SELECT COUNT(*) AS tp_count FROM `senduid` WHERE ( receiveuid = '925' and status = '2' and isout ='2'     ) LIMIT 1   [ RunTime:0.0010s ]
SQL: SELECT
	*
FROM
	(
		SELECT
			b. NAME,
			a.id,
			a.starttime,
			a.endtime,
	        a.savetime,
	        a.status
		FROM
			sign AS a,
			template AS b
		WHERE
			a.uid = '925'
		AND a.mid = b.id 
		UNION ALL
			SELECT
				c. NAME,
				d.id,
				d.starttime,
				d.endtime,
			    d.savetime,
			    d.status
			FROM
				(
					SELECT
						a.*, b. NAME
					FROM
						(
							SELECT
								fid,
								orders
							FROM
								templateson
							WHERE
								uid = '925'
							GROUP BY
								fid
						) AS a,
						template AS b
					WHERE
						a.fid = b.id
				) AS c
			, sign AS d where c.fid = d.mid 
	) e
GROUP BY
	id order by savetime desc
LIMIT 10 [ RunTime:0.0040s ]
INFO: [ app_end ] --START--
INFO: Run Behavior\ShowPageTraceBehavior [ RunTime:0.003001s ]
INFO: [ app_end ] --END-- [ RunTime:0.003001s ]

[ 2019-12-23T09:39:40+08:00 ] 127.0.0.1 /api/netsign/signall/userid/925/token/649c63ad3f7030b5a1f0f54b80944578/page/1
INFO: [ app_init ] --START--
INFO: Run Behavior\BuildLiteBehavior [ RunTime:0.000000s ]
INFO: [ app_init ] --END-- [ RunTime:0.002001s ]
INFO: [ app_begin ] --START--
INFO: Run Behavior\ReadHtmlCacheBehavior [ RunTime:0.003000s ]
INFO: [ app_begin ] --END-- [ RunTime:0.003000s ]
SQL: SHOW COLUMNS FROM `customer` [ RunTime:0.0030s ]
SQL: SELECT * FROM `customer` WHERE ( id='925' ) LIMIT 1   [ RunTime:0.0010s ]
SQL: select * from (
select @last := '1' as mystatus,b.name,a.id,a.savetime,a.starttime,a.endtime,a.status from sign as a ,template as b  where a.uid='925' and a.mid = b.id UNION all select @last := '2' as mystatus,c.name,d.id,d.savetime,d.starttime,d.endtime,d.`status` from (
select a.*,b.name from (SELECT fid,orders FROM templateson WHERE uid = '925' GROUP BY fid) as a,template as b where a.fid=b.id) as c , sign as d where c.fid = d.mid ) e group by id
			order by savetime desc limit 0,10 [ RunTime:0.0090s ]
INFO: [ app_end ] --START--
INFO: Run Behavior\ShowPageTraceBehavior [ RunTime:0.002000s ]
INFO: [ app_end ] --END-- [ RunTime:0.002000s ]

[ 2019-12-23T09:39:43+08:00 ] 127.0.0.1 /api/netsign/signname/userid/925/token/649c63ad3f7030b5a1f0f54b80944578
INFO: [ app_init ] --START--
INFO: Run Behavior\BuildLiteBehavior [ RunTime:0.000000s ]
INFO: [ app_init ] --END-- [ RunTime:0.002000s ]
INFO: [ app_begin ] --START--
INFO: Run Behavior\ReadHtmlCacheBehavior [ RunTime:0.003000s ]
INFO: [ app_begin ] --END-- [ RunTime:0.003000s ]
NOTIC: [8] Undefined index: fid D:\phpstudy_pro\WWW\wqxts\Application\Api\Controller\NetsignController.class.php 第 303 行.
NOTIC: [8] Undefined index: title D:\phpstudy_pro\WWW\wqxts\Application\Api\Controller\NetsignController.class.php 第 304 行.
SQL: SHOW COLUMNS FROM `customer` [ RunTime:0.0040s ]
SQL: SELECT * FROM `customer` WHERE ( id='925' ) LIMIT 1   [ RunTime:0.0010s ]
SQL: SHOW COLUMNS FROM `framework` [ RunTime:0.0050s ]
SQL: SELECT `id`,`node_name` FROM `framework` WHERE ( type_id=0 ) LIMIT 1   [ RunTime:0.0280s ]
SQL: SELECT `id`,`node_name` FROM `framework` WHERE ( type_id=66 )  [ RunTime:0.0010s ]
SQL: SELECT `id`,`username`,`worker`,`tel`,`topimage` FROM `customer` WHERE ( pid=66 and status=1 )  [ RunTime:0.0010s ]
NOTIC: [8] Undefined variable: udatas D:\phpstudy_pro\WWW\wqxts\Application\Api\Controller\NetsignController.class.php 第 338 行.
INFO: [ app_end ] --START--
INFO: Run Behavior\ShowPageTraceBehavior [ RunTime:0.003000s ]
INFO: [ app_end ] --END-- [ RunTime:0.003000s ]

[ 2019-12-23T09:40:39+08:00 ] 127.0.0.1 /api/login/appindex/userid/925/token/649c63ad3f7030b5a1f0f54b80944578
INFO: [ app_init ] --START--
INFO: Run Behavior\BuildLiteBehavior [ RunTime:0.000000s ]
INFO: [ app_init ] --END-- [ RunTime:0.002000s ]
INFO: [ app_begin ] --START--
INFO: Run Behavior\ReadHtmlCacheBehavior [ RunTime:0.002001s ]
INFO: [ app_begin ] --END-- [ RunTime:0.002001s ]
SQL: SHOW COLUMNS FROM `customer` [ RunTime:0.0030s ]
SQL: SELECT * FROM `customer` WHERE ( id='925' ) LIMIT 1   [ RunTime:0.0010s ]
INFO: [ app_end ] --START--
INFO: Run Behavior\ShowPageTraceBehavior [ RunTime:0.002000s ]
INFO: [ app_end ] --END-- [ RunTime:0.002000s ]

[ 2019-12-23T09:40:42+08:00 ] 127.0.0.1 /api/netsign/index/userid/925/token/649c63ad3f7030b5a1f0f54b80944578
INFO: [ app_init ] --START--
INFO: Run Behavior\BuildLiteBehavior [ RunTime:0.000000s ]
INFO: [ app_init ] --END-- [ RunTime:0.002000s ]
INFO: [ app_begin ] --START--
INFO: Run Behavior\ReadHtmlCacheBehavior [ RunTime:0.002000s ]
INFO: [ app_begin ] --END-- [ RunTime:0.002000s ]
SQL: SHOW COLUMNS FROM `customer` [ RunTime:0.0040s ]
SQL: SELECT * FROM `customer` WHERE ( id='925' ) LIMIT 1   [ RunTime:0.0020s ]
SQL: select * from sign as so,

(select a.*,b.orders,b.uid from signson as a , templateson as b where b.uid = 925 and a.tsid = b.id and a.issign = 1 group by a.fid) as son where so.id = son.fid and so.status = 1 and so.nownode = son.orders [ RunTime:0.0030s ]
SQL: select * from sign where status=1 and uid='925' [ RunTime:0.0010s ]
SQL: SHOW COLUMNS FROM `senduid` [ RunTime:0.0040s ]
SQL: SELECT COUNT(*) AS tp_count FROM `senduid` WHERE ( receiveuid = '925' and status = '2' and isout ='2'     ) LIMIT 1   [ RunTime:0.0010s ]
SQL: SELECT
	*
FROM
	(
		SELECT
			b. NAME,
			a.id,
			a.starttime,
			a.endtime,
	        a.savetime,
	        a.status
		FROM
			sign AS a,
			template AS b
		WHERE
			a.uid = '925'
		AND a.mid = b.id 
		UNION ALL
			SELECT
				c. NAME,
				d.id,
				d.starttime,
				d.endtime,
			    d.savetime,
			    d.status
			FROM
				(
					SELECT
						a.*, b. NAME
					FROM
						(
							SELECT
								fid,
								orders
							FROM
								templateson
							WHERE
								uid = '925'
							GROUP BY
								fid
						) AS a,
						template AS b
					WHERE
						a.fid = b.id
				) AS c
			, sign AS d where c.fid = d.mid 
	) e
GROUP BY
	id order by savetime desc
LIMIT 10 [ RunTime:0.0040s ]
INFO: [ app_end ] --START--
INFO: Run Behavior\ShowPageTraceBehavior [ RunTime:0.003000s ]
INFO: [ app_end ] --END-- [ RunTime:0.003000s ]

[ 2019-12-23T09:41:03+08:00 ] 127.0.0.1 /api/netsign/index/userid/925/token/649c63ad3f7030b5a1f0f54b80944578
INFO: [ app_init ] --START--
INFO: Run Behavior\BuildLiteBehavior [ RunTime:0.000000s ]
INFO: [ app_init ] --END-- [ RunTime:0.002000s ]
INFO: [ app_begin ] --START--
INFO: Run Behavior\ReadHtmlCacheBehavior [ RunTime:0.002000s ]
INFO: [ app_begin ] --END-- [ RunTime:0.002000s ]
SQL: SHOW COLUMNS FROM `customer` [ RunTime:0.0040s ]
SQL: SELECT * FROM `customer` WHERE ( id='925' ) LIMIT 1   [ RunTime:0.0010s ]
SQL: select * from sign as so,

(select a.*,b.orders,b.uid from signson as a , templateson as b where b.uid = 925 and a.tsid = b.id and a.issign = 1 group by a.fid) as son where so.id = son.fid and so.status = 1 and so.nownode = son.orders [ RunTime:0.0030s ]
SQL: select * from sign where status=1 and uid='925' [ RunTime:0.0010s ]
SQL: SHOW COLUMNS FROM `senduid` [ RunTime:0.0040s ]
SQL: SELECT COUNT(*) AS tp_count FROM `senduid` WHERE ( receiveuid = '925' and status = '2' and isout ='2'     ) LIMIT 1   [ RunTime:0.0010s ]
SQL: SELECT
	*
FROM
	(
		SELECT
			b. NAME,
			a.id,
			a.starttime,
			a.endtime,
	        a.savetime,
	        a.status
		FROM
			sign AS a,
			template AS b
		WHERE
			a.uid = '925'
		AND a.mid = b.id 
		UNION ALL
			SELECT
				c. NAME,
				d.id,
				d.starttime,
				d.endtime,
			    d.savetime,
			    d.status
			FROM
				(
					SELECT
						a.*, b. NAME
					FROM
						(
							SELECT
								fid,
								orders
							FROM
								templateson
							WHERE
								uid = '925'
							GROUP BY
								fid
						) AS a,
						template AS b
					WHERE
						a.fid = b.id
				) AS c
			, sign AS d where c.fid = d.mid 
	) e
GROUP BY
	id order by savetime desc
LIMIT 10 [ RunTime:0.0040s ]
INFO: [ app_end ] --START--
INFO: Run Behavior\ShowPageTraceBehavior [ RunTime:0.003000s ]
INFO: [ app_end ] --END-- [ RunTime:0.003000s ]

[ 2019-12-23T09:48:45+08:00 ] 127.0.0.1 /api/login/appindex/userid/492/token/649c63ad3f7030b5a1f0f54b80944578
INFO: [ app_init ] --START--
INFO: Run Behavior\BuildLiteBehavior [ RunTime:0.000000s ]
INFO: [ app_init ] --END-- [ RunTime:0.002000s ]
INFO: [ app_begin ] --START--
INFO: Run Behavior\ReadHtmlCacheBehavior [ RunTime:0.002000s ]
INFO: [ app_begin ] --END-- [ RunTime:0.002000s ]
SQL: SHOW COLUMNS FROM `customer` [ RunTime:0.0040s ]
SQL: SELECT * FROM `customer` WHERE ( id='492' ) LIMIT 1   [ RunTime:0.0010s ]
INFO: [ app_end ] --START--
INFO: Run Behavior\ShowPageTraceBehavior [ RunTime:0.002000s ]
INFO: [ app_end ] --END-- [ RunTime:0.003000s ]

[ 2019-12-23T09:48:46+08:00 ] 127.0.0.1 /api/netsign/index/userid/492/token/649c63ad3f7030b5a1f0f54b80944578
INFO: [ app_init ] --START--
INFO: Run Behavior\BuildLiteBehavior [ RunTime:0.000000s ]
INFO: [ app_init ] --END-- [ RunTime:0.002001s ]
INFO: [ app_begin ] --START--
INFO: Run Behavior\ReadHtmlCacheBehavior [ RunTime:0.003000s ]
INFO: [ app_begin ] --END-- [ RunTime:0.003000s ]
SQL: SHOW COLUMNS FROM `customer` [ RunTime:0.0040s ]
SQL: SELECT * FROM `customer` WHERE ( id='492' ) LIMIT 1   [ RunTime:0.0010s ]
SQL: select * from sign as so,

(select a.*,b.orders,b.uid from signson as a , templateson as b where b.uid = 492 and a.tsid = b.id and a.issign = 1 group by a.fid) as son where so.id = son.fid and so.status = 1 and so.nownode = son.orders [ RunTime:0.0020s ]
SQL: select * from sign where status=1 and uid='492' [ RunTime:0.0010s ]
SQL: SHOW COLUMNS FROM `senduid` [ RunTime:0.0040s ]
SQL: SELECT COUNT(*) AS tp_count FROM `senduid` WHERE ( receiveuid = '492' and status = '2' and isout ='2'     ) LIMIT 1   [ RunTime:0.0010s ]
SQL: SELECT
	*
FROM
	(
		SELECT
			b. NAME,
			a.id,
			a.starttime,
			a.endtime,
	        a.savetime,
	        a.status
		FROM
			sign AS a,
			template AS b
		WHERE
			a.uid = '492'
		AND a.mid = b.id 
		UNION ALL
			SELECT
				c. NAME,
				d.id,
				d.starttime,
				d.endtime,
			    d.savetime,
			    d.status
			FROM
				(
					SELECT
						a.*, b. NAME
					FROM
						(
							SELECT
								fid,
								orders
							FROM
								templateson
							WHERE
								uid = '492'
							GROUP BY
								fid
						) AS a,
						template AS b
					WHERE
						a.fid = b.id
				) AS c
			, sign AS d where c.fid = d.mid 
	) e
GROUP BY
	id order by savetime desc
LIMIT 10 [ RunTime:0.0030s ]
INFO: [ app_end ] --START--
INFO: Run Behavior\ShowPageTraceBehavior [ RunTime:0.003000s ]
INFO: [ app_end ] --END-- [ RunTime:0.003000s ]

[ 2019-12-23T09:48:55+08:00 ] 127.0.0.1 /api/login/appindex/userid/925/token/649c63ad3f7030b5a1f0f54b80944578
INFO: [ app_init ] --START--
INFO: Run Behavior\BuildLiteBehavior [ RunTime:0.000000s ]
INFO: [ app_init ] --END-- [ RunTime:0.002000s ]
INFO: [ app_begin ] --START--
INFO: Run Behavior\ReadHtmlCacheBehavior [ RunTime:0.003000s ]
INFO: [ app_begin ] --END-- [ RunTime:0.003000s ]
SQL: SHOW COLUMNS FROM `customer` [ RunTime:0.0030s ]
SQL: SELECT * FROM `customer` WHERE ( id='925' ) LIMIT 1   [ RunTime:0.0010s ]
INFO: [ app_end ] --START--
INFO: Run Behavior\ShowPageTraceBehavior [ RunTime:0.003000s ]
INFO: [ app_end ] --END-- [ RunTime:0.003000s ]

[ 2019-12-23T09:48:57+08:00 ] 127.0.0.1 /api/netsign/index/userid/925/token/649c63ad3f7030b5a1f0f54b80944578
INFO: [ app_init ] --START--
INFO: Run Behavior\BuildLiteBehavior [ RunTime:0.000000s ]
INFO: [ app_init ] --END-- [ RunTime:0.002000s ]
INFO: [ app_begin ] --START--
INFO: Run Behavior\ReadHtmlCacheBehavior [ RunTime:0.002001s ]
INFO: [ app_begin ] --END-- [ RunTime:0.002001s ]
SQL: SHOW COLUMNS FROM `customer` [ RunTime:0.0030s ]
SQL: SELECT * FROM `customer` WHERE ( id='925' ) LIMIT 1   [ RunTime:0.0010s ]
SQL: select * from sign as so,

(select a.*,b.orders,b.uid from signson as a , templateson as b where b.uid = 925 and a.tsid = b.id and a.issign = 1 group by a.fid) as son where so.id = son.fid and so.status = 1 and so.nownode = son.orders [ RunTime:0.0020s ]
SQL: select * from sign where status=1 and uid='925' [ RunTime:0.0010s ]
SQL: SHOW COLUMNS FROM `senduid` [ RunTime:0.0030s ]
SQL: SELECT COUNT(*) AS tp_count FROM `senduid` WHERE ( receiveuid = '925' and status = '2' and isout ='2'     ) LIMIT 1   [ RunTime:0.0010s ]
SQL: SELECT
	*
FROM
	(
		SELECT
			b. NAME,
			a.id,
			a.starttime,
			a.endtime,
	        a.savetime,
	        a.status
		FROM
			sign AS a,
			template AS b
		WHERE
			a.uid = '925'
		AND a.mid = b.id 
		UNION ALL
			SELECT
				c. NAME,
				d.id,
				d.starttime,
				d.endtime,
			    d.savetime,
			    d.status
			FROM
				(
					SELECT
						a.*, b. NAME
					FROM
						(
							SELECT
								fid,
								orders
							FROM
								templateson
							WHERE
								uid = '925'
							GROUP BY
								fid
						) AS a,
						template AS b
					WHERE
						a.fid = b.id
				) AS c
			, sign AS d where c.fid = d.mid 
	) e
GROUP BY
	id order by savetime desc
LIMIT 10 [ RunTime:0.0030s ]
INFO: [ app_end ] --START--
INFO: Run Behavior\ShowPageTraceBehavior [ RunTime:0.001000s ]
INFO: [ app_end ] --END-- [ RunTime:0.001000s ]

[ 2019-12-23T09:49:00+08:00 ] 127.0.0.1 /api/netsign/signname/userid/492/token/649c63ad3f7030b5a1f0f54b80944578
INFO: [ app_init ] --START--
INFO: Run Behavior\BuildLiteBehavior [ RunTime:0.000000s ]
INFO: [ app_init ] --END-- [ RunTime:0.002000s ]
INFO: [ app_begin ] --START--
INFO: Run Behavior\ReadHtmlCacheBehavior [ RunTime:0.002000s ]
INFO: [ app_begin ] --END-- [ RunTime:0.002000s ]
NOTIC: [8] Undefined index: fid D:\phpstudy_pro\WWW\wqxts\Application\Api\Controller\NetsignController.class.php 第 303 行.
NOTIC: [8] Undefined index: title D:\phpstudy_pro\WWW\wqxts\Application\Api\Controller\NetsignController.class.php 第 304 行.
SQL: SHOW COLUMNS FROM `customer` [ RunTime:0.0040s ]
SQL: SELECT * FROM `customer` WHERE ( id='492' ) LIMIT 1   [ RunTime:0.0010s ]
SQL: SHOW COLUMNS FROM `framework` [ RunTime:0.0030s ]
SQL: SELECT `id`,`node_name` FROM `framework` WHERE ( type_id=0 ) LIMIT 1   [ RunTime:0.0010s ]
SQL: SELECT `id`,`node_name` FROM `framework` WHERE ( type_id=66 )  [ RunTime:0.0010s ]
SQL: SELECT `id`,`username`,`worker`,`tel`,`topimage` FROM `customer` WHERE ( pid=66 and status=1 )  [ RunTime:0.0020s ]
NOTIC: [8] Undefined variable: udatas D:\phpstudy_pro\WWW\wqxts\Application\Api\Controller\NetsignController.class.php 第 338 行.
INFO: [ app_end ] --START--
INFO: Run Behavior\ShowPageTraceBehavior [ RunTime:0.003000s ]
INFO: [ app_end ] --END-- [ RunTime:0.003000s ]

[ 2019-12-23T09:49:01+08:00 ] 127.0.0.1 /api/netsign/seallist/userid/492/token/649c63ad3f7030b5a1f0f54b80944578
INFO: [ app_init ] --START--
INFO: Run Behavior\BuildLiteBehavior [ RunTime:0.000000s ]
INFO: [ app_init ] --END-- [ RunTime:0.002000s ]
INFO: [ app_begin ] --START--
INFO: Run Behavior\ReadHtmlCacheBehavior [ RunTime:0.002001s ]
INFO: [ app_begin ] --END-- [ RunTime:0.002001s ]
NOTIC: [8] Undefined index: id D:\phpstudy_pro\WWW\wqxts\Application\Api\Controller\NetsignController.class.php 第 425 行.
NOTIC: [8] Undefined index: page D:\phpstudy_pro\WWW\wqxts\Application\Api\Controller\NetsignController.class.php 第 426 行.
SQL: SHOW COLUMNS FROM `customer` [ RunTime:0.0040s ]
SQL: SELECT * FROM `customer` WHERE ( id='492' ) LIMIT 1   [ RunTime:0.0020s ]
INFO: [ app_end ] --START--
INFO: Run Behavior\ShowPageTraceBehavior [ RunTime:0.002000s ]
INFO: [ app_end ] --END-- [ RunTime:0.002000s ]

[ 2019-12-23T09:49:44+08:00 ] 127.0.0.1 /api/netsign/signname/userid/492/token/649c63ad3f7030b5a1f0f54b80944578/fid/102/title/
INFO: [ app_init ] --START--
INFO: Run Behavior\BuildLiteBehavior [ RunTime:0.000000s ]
INFO: [ app_init ] --END-- [ RunTime:0.002000s ]
INFO: [ app_begin ] --START--
INFO: Run Behavior\ReadHtmlCacheBehavior [ RunTime:0.003000s ]
INFO: [ app_begin ] --END-- [ RunTime:0.003000s ]
NOTIC: [8] Undefined index: title D:\phpstudy_pro\WWW\wqxts\Application\Api\Controller\NetsignController.class.php 第 304 行.
SQL: SHOW COLUMNS FROM `customer` [ RunTime:0.0040s ]
SQL: SELECT * FROM `customer` WHERE ( id='492' ) LIMIT 1   [ RunTime:0.0010s ]
SQL: SHOW COLUMNS FROM `framework` [ RunTime:0.0030s ]
SQL: SELECT `id`,`node_name` FROM `framework` WHERE ( type_id=0 ) LIMIT 1   [ RunTime:0.0020s ]
SQL: SELECT `id`,`node_name` FROM `framework` WHERE ( type_id='102' )  [ RunTime:0.0010s ]
SQL: SELECT * FROM `customer` WHERE ( pid='102' )  [ RunTime:0.0020s ]
SQL: SELECT `id`,`username`,`worker`,`tel`,`topimage` FROM `customer` WHERE ( pid='102' and status=1 )  [ RunTime:0.0010s ]
INFO: [ app_end ] --START--
INFO: Run Behavior\ShowPageTraceBehavior [ RunTime:0.002000s ]
INFO: [ app_end ] --END-- [ RunTime:0.002000s ]

[ 2019-12-23T09:49:54+08:00 ] 127.0.0.1 /api/netsign/signname/userid/492/token/649c63ad3f7030b5a1f0f54b80944578/fid/106/title/
INFO: [ app_init ] --START--
INFO: Run Behavior\BuildLiteBehavior [ RunTime:0.000000s ]
INFO: [ app_init ] --END-- [ RunTime:0.001000s ]
INFO: [ app_begin ] --START--
INFO: Run Behavior\ReadHtmlCacheBehavior [ RunTime:0.002000s ]
INFO: [ app_begin ] --END-- [ RunTime:0.002000s ]
NOTIC: [8] Undefined index: title D:\phpstudy_pro\WWW\wqxts\Application\Api\Controller\NetsignController.class.php 第 304 行.
SQL: SHOW COLUMNS FROM `customer` [ RunTime:0.0040s ]
SQL: SELECT * FROM `customer` WHERE ( id='492' ) LIMIT 1   [ RunTime:0.0010s ]
SQL: SHOW COLUMNS FROM `framework` [ RunTime:0.0030s ]
SQL: SELECT `id`,`node_name` FROM `framework` WHERE ( type_id=0 ) LIMIT 1   [ RunTime:0.0020s ]
SQL: SELECT `id`,`node_name` FROM `framework` WHERE ( type_id='106' )  [ RunTime:0.0010s ]
SQL: SELECT * FROM `customer` WHERE ( pid='106' )  [ RunTime:0.0020s ]
SQL: SELECT `id`,`username`,`worker`,`tel`,`topimage` FROM `customer` WHERE ( pid='106' and status=1 )  [ RunTime:0.0010s ]
INFO: [ app_end ] --START--
INFO: Run Behavior\ShowPageTraceBehavior [ RunTime:0.003000s ]
INFO: [ app_end ] --END-- [ RunTime:0.003000s ]

[ 2019-12-23T09:49:54+08:00 ] 127.0.0.1 /api/netsign/signname/userid/492/token/649c63ad3f7030b5a1f0f54b80944578/fid/106/title/
INFO: [ app_init ] --START--
INFO: Run Behavior\BuildLiteBehavior [ RunTime:0.000000s ]
INFO: [ app_init ] --END-- [ RunTime:0.002000s ]
INFO: [ app_begin ] --START--
INFO: Run Behavior\ReadHtmlCacheBehavior [ RunTime:0.002000s ]
INFO: [ app_begin ] --END-- [ RunTime:0.003000s ]
NOTIC: [8] Undefined index: title D:\phpstudy_pro\WWW\wqxts\Application\Api\Controller\NetsignController.class.php 第 304 行.
SQL: SHOW COLUMNS FROM `customer` [ RunTime:0.0040s ]
SQL: SELECT * FROM `customer` WHERE ( id='492' ) LIMIT 1   [ RunTime:0.0010s ]
SQL: SHOW COLUMNS FROM `framework` [ RunTime:0.0030s ]
SQL: SELECT `id`,`node_name` FROM `framework` WHERE ( type_id=0 ) LIMIT 1   [ RunTime:0.0020s ]
SQL: SELECT `id`,`node_name` FROM `framework` WHERE ( type_id='106' )  [ RunTime:0.0010s ]
SQL: SELECT * FROM `customer` WHERE ( pid='106' )  [ RunTime:0.0020s ]
SQL: SELECT `id`,`username`,`worker`,`tel`,`topimage` FROM `customer` WHERE ( pid='106' and status=1 )  [ RunTime:0.0010s ]
INFO: [ app_end ] --START--
INFO: Run Behavior\ShowPageTraceBehavior [ RunTime:0.003000s ]
INFO: [ app_end ] --END-- [ RunTime:0.003000s ]

[ 2019-12-23T09:49:55+08:00 ] 127.0.0.1 /api/netsign/signname/userid/492/token/649c63ad3f7030b5a1f0f54b80944578/fid/104/title/
INFO: [ app_init ] --START--
INFO: Run Behavior\BuildLiteBehavior [ RunTime:0.000000s ]
INFO: [ app_init ] --END-- [ RunTime:0.002000s ]
INFO: [ app_begin ] --START--
INFO: Run Behavior\ReadHtmlCacheBehavior [ RunTime:0.002000s ]
INFO: [ app_begin ] --END-- [ RunTime:0.002000s ]
NOTIC: [8] Undefined index: title D:\phpstudy_pro\WWW\wqxts\Application\Api\Controller\NetsignController.class.php 第 304 行.
SQL: SHOW COLUMNS FROM `customer` [ RunTime:0.0030s ]
SQL: SELECT * FROM `customer` WHERE ( id='492' ) LIMIT 1   [ RunTime:0.0010s ]
SQL: SHOW COLUMNS FROM `framework` [ RunTime:0.0020s ]
SQL: SELECT `id`,`node_name` FROM `framework` WHERE ( type_id=0 ) LIMIT 1   [ RunTime:0.0010s ]
SQL: SELECT `id`,`node_name` FROM `framework` WHERE ( type_id='104' )  [ RunTime:0.0010s ]
SQL: SELECT * FROM `customer` WHERE ( pid='104' )  [ RunTime:0.0010s ]
SQL: SELECT `id`,`username`,`worker`,`tel`,`topimage` FROM `customer` WHERE ( pid='104' and status=1 )  [ RunTime:0.0010s ]
INFO: [ app_end ] --START--
INFO: Run Behavior\ShowPageTraceBehavior [ RunTime:0.002000s ]
INFO: [ app_end ] --END-- [ RunTime:0.003000s ]

[ 2019-12-23T09:50:00+08:00 ] 127.0.0.1 /api/netsign/signname/userid/492/token/649c63ad3f7030b5a1f0f54b80944578/fid/103/title/
INFO: [ app_init ] --START--
INFO: Run Behavior\BuildLiteBehavior [ RunTime:0.000000s ]
INFO: [ app_init ] --END-- [ RunTime:0.002000s ]
INFO: [ app_begin ] --START--
INFO: Run Behavior\ReadHtmlCacheBehavior [ RunTime:0.003000s ]
INFO: [ app_begin ] --END-- [ RunTime:0.003000s ]
NOTIC: [8] Undefined index: title D:\phpstudy_pro\WWW\wqxts\Application\Api\Controller\NetsignController.class.php 第 304 行.
SQL: SHOW COLUMNS FROM `customer` [ RunTime:0.0040s ]
SQL: SELECT * FROM `customer` WHERE ( id='492' ) LIMIT 1   [ RunTime:0.0010s ]
SQL: SHOW COLUMNS FROM `framework` [ RunTime:0.0030s ]
SQL: SELECT `id`,`node_name` FROM `framework` WHERE ( type_id=0 ) LIMIT 1   [ RunTime:0.0010s ]
SQL: SELECT `id`,`node_name` FROM `framework` WHERE ( type_id='103' )  [ RunTime:0.0010s ]
SQL: SELECT * FROM `customer` WHERE ( pid='103' )  [ RunTime:0.0020s ]
SQL: SELECT `id`,`username`,`worker`,`tel`,`topimage` FROM `customer` WHERE ( pid='103' and status=1 )  [ RunTime:0.0020s ]
INFO: [ app_end ] --START--
INFO: Run Behavior\ShowPageTraceBehavior [ RunTime:0.003000s ]
INFO: [ app_end ] --END-- [ RunTime:0.003000s ]

[ 2019-12-23T09:50:01+08:00 ] 127.0.0.1 /api/netsign/signname/userid/492/token/649c63ad3f7030b5a1f0f54b80944578/fid/103/title/
INFO: [ app_init ] --START--
INFO: Run Behavior\BuildLiteBehavior [ RunTime:0.000000s ]
INFO: [ app_init ] --END-- [ RunTime:0.003001s ]
INFO: [ app_begin ] --START--
INFO: Run Behavior\ReadHtmlCacheBehavior [ RunTime:0.003000s ]
INFO: [ app_begin ] --END-- [ RunTime:0.003000s ]
NOTIC: [8] Undefined index: title D:\phpstudy_pro\WWW\wqxts\Application\Api\Controller\NetsignController.class.php 第 304 行.
SQL: SHOW COLUMNS FROM `customer` [ RunTime:0.0030s ]
SQL: SELECT * FROM `customer` WHERE ( id='492' ) LIMIT 1   [ RunTime:0.0010s ]
SQL: SHOW COLUMNS FROM `framework` [ RunTime:0.0020s ]
SQL: SELECT `id`,`node_name` FROM `framework` WHERE ( type_id=0 ) LIMIT 1   [ RunTime:0.0010s ]
SQL: SELECT `id`,`node_name` FROM `framework` WHERE ( type_id='103' )  [ RunTime:0.0000s ]
SQL: SELECT * FROM `customer` WHERE ( pid='103' )  [ RunTime:0.0010s ]
SQL: SELECT `id`,`username`,`worker`,`tel`,`topimage` FROM `customer` WHERE ( pid='103' and status=1 )  [ RunTime:0.0010s ]
INFO: [ app_end ] --START--
INFO: Run Behavior\ShowPageTraceBehavior [ RunTime:0.002000s ]
INFO: [ app_end ] --END-- [ RunTime:0.002000s ]

[ 2019-12-23T09:50:12+08:00 ] 127.0.0.1 /api/netsign/signname/userid/492/token/649c63ad3f7030b5a1f0f54b80944578/fid/103/title/
INFO: [ app_init ] --START--
INFO: Run Behavior\BuildLiteBehavior [ RunTime:0.000000s ]
INFO: [ app_init ] --END-- [ RunTime:0.002000s ]
INFO: [ app_begin ] --START--
INFO: Run Behavior\ReadHtmlCacheBehavior [ RunTime:0.002000s ]
INFO: [ app_begin ] --END-- [ RunTime:0.002000s ]
NOTIC: [8] Undefined index: title D:\phpstudy_pro\WWW\wqxts\Application\Api\Controller\NetsignController.class.php 第 304 行.
SQL: SHOW COLUMNS FROM `customer` [ RunTime:0.0030s ]
SQL: SELECT * FROM `customer` WHERE ( id='492' ) LIMIT 1   [ RunTime:0.0010s ]
SQL: SHOW COLUMNS FROM `framework` [ RunTime:0.0030s ]
SQL: SELECT `id`,`node_name` FROM `framework` WHERE ( type_id=0 ) LIMIT 1   [ RunTime:0.0010s ]
SQL: SELECT `id`,`node_name` FROM `framework` WHERE ( type_id='103' )  [ RunTime:0.0000s ]
SQL: SELECT * FROM `customer` WHERE ( pid='103' )  [ RunTime:0.0020s ]
SQL: SELECT `id`,`username`,`worker`,`tel`,`topimage` FROM `customer` WHERE ( pid='103' and status=1 )  [ RunTime:0.0010s ]
INFO: [ app_end ] --START--
INFO: Run Behavior\ShowPageTraceBehavior [ RunTime:0.002000s ]
INFO: [ app_end ] --END-- [ RunTime:0.002000s ]

[ 2019-12-23T09:50:12+08:00 ] 127.0.0.1 /api/netsign/signname/userid/492/token/649c63ad3f7030b5a1f0f54b80944578/fid/103/title/
INFO: [ app_init ] --START--
INFO: Run Behavior\BuildLiteBehavior [ RunTime:0.000000s ]
INFO: [ app_init ] --END-- [ RunTime:0.002000s ]
INFO: [ app_begin ] --START--
INFO: Run Behavior\ReadHtmlCacheBehavior [ RunTime:0.002001s ]
INFO: [ app_begin ] --END-- [ RunTime:0.002001s ]
NOTIC: [8] Undefined index: title D:\phpstudy_pro\WWW\wqxts\Application\Api\Controller\NetsignController.class.php 第 304 行.
SQL: SHOW COLUMNS FROM `customer` [ RunTime:0.0040s ]
SQL: SELECT * FROM `customer` WHERE ( id='492' ) LIMIT 1   [ RunTime:0.0010s ]
SQL: SHOW COLUMNS FROM `framework` [ RunTime:0.0030s ]
SQL: SELECT `id`,`node_name` FROM `framework` WHERE ( type_id=0 ) LIMIT 1   [ RunTime:0.0010s ]
SQL: SELECT `id`,`node_name` FROM `framework` WHERE ( type_id='103' )  [ RunTime:0.0010s ]
SQL: SELECT * FROM `customer` WHERE ( pid='103' )  [ RunTime:0.0020s ]
SQL: SELECT `id`,`username`,`worker`,`tel`,`topimage` FROM `customer` WHERE ( pid='103' and status=1 )  [ RunTime:0.0010s ]
INFO: [ app_end ] --START--
INFO: Run Behavior\ShowPageTraceBehavior [ RunTime:0.002000s ]
INFO: [ app_end ] --END-- [ RunTime:0.002000s ]

[ 2019-12-23T09:50:16+08:00 ] 127.0.0.1 /api/netsign/signname/userid/492/token/649c63ad3f7030b5a1f0f54b80944578/fid/103/title/
INFO: [ app_init ] --START--
INFO: Run Behavior\BuildLiteBehavior [ RunTime:0.000000s ]
INFO: [ app_init ] --END-- [ RunTime:0.001000s ]
INFO: [ app_begin ] --START--
INFO: Run Behavior\ReadHtmlCacheBehavior [ RunTime:0.002000s ]
INFO: [ app_begin ] --END-- [ RunTime:0.002000s ]
NOTIC: [8] Undefined index: title D:\phpstudy_pro\WWW\wqxts\Application\Api\Controller\NetsignController.class.php 第 304 行.
SQL: SHOW COLUMNS FROM `customer` [ RunTime:0.0040s ]
SQL: SELECT * FROM `customer` WHERE ( id='492' ) LIMIT 1   [ RunTime:0.0010s ]
SQL: SHOW COLUMNS FROM `framework` [ RunTime:0.0030s ]
SQL: SELECT `id`,`node_name` FROM `framework` WHERE ( type_id=0 ) LIMIT 1   [ RunTime:0.0010s ]
SQL: SELECT `id`,`node_name` FROM `framework` WHERE ( type_id='103' )  [ RunTime:0.0000s ]
SQL: SELECT * FROM `customer` WHERE ( pid='103' )  [ RunTime:0.0020s ]
SQL: SELECT `id`,`username`,`worker`,`tel`,`topimage` FROM `customer` WHERE ( pid='103' and status=1 )  [ RunTime:0.0020s ]
INFO: [ app_end ] --START--
INFO: Run Behavior\ShowPageTraceBehavior [ RunTime:0.003000s ]
INFO: [ app_end ] --END-- [ RunTime:0.003000s ]

[ 2019-12-23T09:50:45+08:00 ] 127.0.0.1 /api/netsign/signname/userid/925/token/649c63ad3f7030b5a1f0f54b80944578
INFO: [ app_init ] --START--
INFO: Run Behavior\BuildLiteBehavior [ RunTime:0.000000s ]
INFO: [ app_init ] --END-- [ RunTime:0.002000s ]
INFO: [ app_begin ] --START--
INFO: Run Behavior\ReadHtmlCacheBehavior [ RunTime:0.002000s ]
INFO: [ app_begin ] --END-- [ RunTime:0.003000s ]
NOTIC: [8] Undefined index: fid D:\phpstudy_pro\WWW\wqxts\Application\Api\Controller\NetsignController.class.php 第 303 行.
NOTIC: [8] Undefined index: title D:\phpstudy_pro\WWW\wqxts\Application\Api\Controller\NetsignController.class.php 第 304 行.
SQL: SHOW COLUMNS FROM `customer` [ RunTime:0.0040s ]
SQL: SELECT * FROM `customer` WHERE ( id='925' ) LIMIT 1   [ RunTime:0.0010s ]
SQL: SHOW COLUMNS FROM `framework` [ RunTime:0.0040s ]
SQL: SELECT `id`,`node_name` FROM `framework` WHERE ( type_id=0 ) LIMIT 1   [ RunTime:0.0010s ]
SQL: SELECT `id`,`node_name` FROM `framework` WHERE ( type_id=66 )  [ RunTime:0.0010s ]
SQL: SELECT `id`,`username`,`worker`,`tel`,`topimage` FROM `customer` WHERE ( pid=66 and status=1 )  [ RunTime:0.0020s ]
NOTIC: [8] Undefined variable: udatas D:\phpstudy_pro\WWW\wqxts\Application\Api\Controller\NetsignController.class.php 第 338 行.
INFO: [ app_end ] --START--
INFO: Run Behavior\ShowPageTraceBehavior [ RunTime:0.003000s ]
INFO: [ app_end ] --END-- [ RunTime:0.003000s ]

[ 2019-12-23T09:50:45+08:00 ] 127.0.0.1 /api/netsign/seallist/userid/925/token/649c63ad3f7030b5a1f0f54b80944578
INFO: [ app_init ] --START--
INFO: Run Behavior\BuildLiteBehavior [ RunTime:0.000000s ]
INFO: [ app_init ] --END-- [ RunTime:0.001000s ]
INFO: [ app_begin ] --START--
INFO: Run Behavior\ReadHtmlCacheBehavior [ RunTime:0.002000s ]
INFO: [ app_begin ] --END-- [ RunTime:0.002000s ]
NOTIC: [8] Undefined index: id D:\phpstudy_pro\WWW\wqxts\Application\Api\Controller\NetsignController.class.php 第 425 行.
NOTIC: [8] Undefined index: page D:\phpstudy_pro\WWW\wqxts\Application\Api\Controller\NetsignController.class.php 第 426 行.
SQL: SHOW COLUMNS FROM `customer` [ RunTime:0.0040s ]
SQL: SELECT * FROM `customer` WHERE ( id='925' ) LIMIT 1   [ RunTime:0.0020s ]
INFO: [ app_end ] --START--
INFO: Run Behavior\ShowPageTraceBehavior [ RunTime:0.003000s ]
INFO: [ app_end ] --END-- [ RunTime:0.003000s ]

[ 2019-12-23T09:50:49+08:00 ] 127.0.0.1 /api/netsign/signname/userid/925/token/649c63ad3f7030b5a1f0f54b80944578/fid/99/title/
INFO: [ app_init ] --START--
INFO: Run Behavior\BuildLiteBehavior [ RunTime:0.000000s ]
INFO: [ app_init ] --END-- [ RunTime:0.002001s ]
INFO: [ app_begin ] --START--
INFO: Run Behavior\ReadHtmlCacheBehavior [ RunTime:0.003000s ]
INFO: [ app_begin ] --END-- [ RunTime:0.003000s ]
NOTIC: [8] Undefined index: title D:\phpstudy_pro\WWW\wqxts\Application\Api\Controller\NetsignController.class.php 第 304 行.
SQL: SHOW COLUMNS FROM `customer` [ RunTime:0.0030s ]
SQL: SELECT * FROM `customer` WHERE ( id='925' ) LIMIT 1   [ RunTime:0.0010s ]
SQL: SHOW COLUMNS FROM `framework` [ RunTime:0.0030s ]
SQL: SELECT `id`,`node_name` FROM `framework` WHERE ( type_id=0 ) LIMIT 1   [ RunTime:0.0010s ]
SQL: SELECT `id`,`node_name` FROM `framework` WHERE ( type_id='99' )  [ RunTime:0.0010s ]
SQL: SELECT * FROM `customer` WHERE ( pid='99' )  [ RunTime:0.0020s ]
SQL: SELECT `id`,`username`,`worker`,`tel`,`topimage` FROM `customer` WHERE ( pid='99' and status=1 )  [ RunTime:0.0010s ]
INFO: [ app_end ] --START--
INFO: Run Behavior\ShowPageTraceBehavior [ RunTime:0.002000s ]
INFO: [ app_end ] --END-- [ RunTime:0.003000s ]

[ 2019-12-23T09:51:00+08:00 ] 127.0.0.1 /api/netsign/signname/userid/925/token/649c63ad3f7030b5a1f0f54b80944578
INFO: [ app_init ] --START--
INFO: Run Behavior\BuildLiteBehavior [ RunTime:0.000000s ]
INFO: [ app_init ] --END-- [ RunTime:0.001000s ]
INFO: [ app_begin ] --START--
INFO: Run Behavior\ReadHtmlCacheBehavior [ RunTime:0.002000s ]
INFO: [ app_begin ] --END-- [ RunTime:0.002000s ]
NOTIC: [8] Undefined index: fid D:\phpstudy_pro\WWW\wqxts\Application\Api\Controller\NetsignController.class.php 第 303 行.
NOTIC: [8] Undefined index: title D:\phpstudy_pro\WWW\wqxts\Application\Api\Controller\NetsignController.class.php 第 304 行.
SQL: SHOW COLUMNS FROM `customer` [ RunTime:0.0040s ]
SQL: SELECT * FROM `customer` WHERE ( id='925' ) LIMIT 1   [ RunTime:0.0010s ]
SQL: SHOW COLUMNS FROM `framework` [ RunTime:0.0030s ]
SQL: SELECT `id`,`node_name` FROM `framework` WHERE ( type_id=0 ) LIMIT 1   [ RunTime:0.0010s ]
SQL: SELECT `id`,`node_name` FROM `framework` WHERE ( type_id=66 )  [ RunTime:0.0020s ]
SQL: SELECT `id`,`username`,`worker`,`tel`,`topimage` FROM `customer` WHERE ( pid=66 and status=1 )  [ RunTime:0.0020s ]
NOTIC: [8] Undefined variable: udatas D:\phpstudy_pro\WWW\wqxts\Application\Api\Controller\NetsignController.class.php 第 338 行.
INFO: [ app_end ] --START--
INFO: Run Behavior\ShowPageTraceBehavior [ RunTime:0.003000s ]
INFO: [ app_end ] --END-- [ RunTime:0.003000s ]

[ 2019-12-23T09:51:00+08:00 ] 127.0.0.1 /api/netsign/seallist/userid/925/token/649c63ad3f7030b5a1f0f54b80944578
INFO: [ app_init ] --START--
INFO: Run Behavior\BuildLiteBehavior [ RunTime:0.000000s ]
INFO: [ app_init ] --END-- [ RunTime:0.002000s ]
INFO: [ app_begin ] --START--
INFO: Run Behavior\ReadHtmlCacheBehavior [ RunTime:0.003001s ]
INFO: [ app_begin ] --END-- [ RunTime:0.003001s ]
NOTIC: [8] Undefined index: id D:\phpstudy_pro\WWW\wqxts\Application\Api\Controller\NetsignController.class.php 第 425 行.
NOTIC: [8] Undefined index: page D:\phpstudy_pro\WWW\wqxts\Application\Api\Controller\NetsignController.class.php 第 426 行.
SQL: SHOW COLUMNS FROM `customer` [ RunTime:0.0040s ]
SQL: SELECT * FROM `customer` WHERE ( id='925' ) LIMIT 1   [ RunTime:0.0010s ]
INFO: [ app_end ] --START--
INFO: Run Behavior\ShowPageTraceBehavior [ RunTime:0.003000s ]
INFO: [ app_end ] --END-- [ RunTime:0.003000s ]

[ 2019-12-23T09:51:04+08:00 ] 127.0.0.1 /api/netsign/index/userid/492/token/649c63ad3f7030b5a1f0f54b80944578
INFO: [ app_init ] --START--
INFO: Run Behavior\BuildLiteBehavior [ RunTime:0.000000s ]
INFO: [ app_init ] --END-- [ RunTime:0.002001s ]
INFO: [ app_begin ] --START--
INFO: Run Behavior\ReadHtmlCacheBehavior [ RunTime:0.003000s ]
INFO: [ app_begin ] --END-- [ RunTime:0.003000s ]
SQL: SHOW COLUMNS FROM `customer` [ RunTime:0.0030s ]
SQL: SELECT * FROM `customer` WHERE ( id='492' ) LIMIT 1   [ RunTime:0.0010s ]
SQL: select * from sign as so,

(select a.*,b.orders,b.uid from signson as a , templateson as b where b.uid = 492 and a.tsid = b.id and a.issign = 1 group by a.fid) as son where so.id = son.fid and so.status = 1 and so.nownode = son.orders [ RunTime:0.0030s ]
SQL: select * from sign where status=1 and uid='492' [ RunTime:0.0010s ]
SQL: SHOW COLUMNS FROM `senduid` [ RunTime:0.0040s ]
SQL: SELECT COUNT(*) AS tp_count FROM `senduid` WHERE ( receiveuid = '492' and status = '2' and isout ='2'     ) LIMIT 1   [ RunTime:0.0010s ]
SQL: SELECT
	*
FROM
	(
		SELECT
			b. NAME,
			a.id,
			a.starttime,
			a.endtime,
	        a.savetime,
	        a.status
		FROM
			sign AS a,
			template AS b
		WHERE
			a.uid = '492'
		AND a.mid = b.id 
		UNION ALL
			SELECT
				c. NAME,
				d.id,
				d.starttime,
				d.endtime,
			    d.savetime,
			    d.status
			FROM
				(
					SELECT
						a.*, b. NAME
					FROM
						(
							SELECT
								fid,
								orders
							FROM
								templateson
							WHERE
								uid = '492'
							GROUP BY
								fid
						) AS a,
						template AS b
					WHERE
						a.fid = b.id
				) AS c
			, sign AS d where c.fid = d.mid 
	) e
GROUP BY
	id order by savetime desc
LIMIT 10 [ RunTime:0.0030s ]
INFO: [ app_end ] --START--
INFO: Run Behavior\ShowPageTraceBehavior [ RunTime:0.003000s ]
INFO: [ app_end ] --END-- [ RunTime:0.003000s ]

[ 2019-12-23T09:53:06+08:00 ] 127.0.0.1 /api/netsign/signname/userid/492/token/649c63ad3f7030b5a1f0f54b80944578
INFO: [ app_init ] --START--
INFO: Run Behavior\BuildLiteBehavior [ RunTime:0.000000s ]
INFO: [ app_init ] --END-- [ RunTime:0.002000s ]
INFO: [ app_begin ] --START--
INFO: Run Behavior\ReadHtmlCacheBehavior [ RunTime:0.002000s ]
INFO: [ app_begin ] --END-- [ RunTime:0.002000s ]
NOTIC: [8] Undefined index: fid D:\phpstudy_pro\WWW\wqxts\Application\Api\Controller\NetsignController.class.php 第 303 行.
NOTIC: [8] Undefined index: title D:\phpstudy_pro\WWW\wqxts\Application\Api\Controller\NetsignController.class.php 第 304 行.
SQL: SHOW COLUMNS FROM `customer` [ RunTime:0.0030s ]
SQL: SELECT * FROM `customer` WHERE ( id='492' ) LIMIT 1   [ RunTime:0.0010s ]
SQL: SHOW COLUMNS FROM `framework` [ RunTime:0.0040s ]
SQL: SELECT `id`,`node_name` FROM `framework` WHERE ( type_id=0 ) LIMIT 1   [ RunTime:0.0010s ]
SQL: SELECT `id`,`node_name` FROM `framework` WHERE ( type_id=66 )  [ RunTime:0.0010s ]
SQL: SELECT `id`,`username`,`worker`,`tel`,`topimage` FROM `customer` WHERE ( pid=66 and status=1 )  [ RunTime:0.0010s ]
NOTIC: [8] Undefined variable: udatas D:\phpstudy_pro\WWW\wqxts\Application\Api\Controller\NetsignController.class.php 第 338 行.
INFO: [ app_end ] --START--
INFO: Run Behavior\ShowPageTraceBehavior [ RunTime:0.002000s ]
INFO: [ app_end ] --END-- [ RunTime:0.002000s ]

[ 2019-12-23T09:53:06+08:00 ] 127.0.0.1 /api/netsign/seallist/userid/492/token/649c63ad3f7030b5a1f0f54b80944578
INFO: [ app_init ] --START--
INFO: Run Behavior\BuildLiteBehavior [ RunTime:0.000000s ]
INFO: [ app_init ] --END-- [ RunTime:0.002000s ]
INFO: [ app_begin ] --START--
INFO: Run Behavior\ReadHtmlCacheBehavior [ RunTime:0.003000s ]
INFO: [ app_begin ] --END-- [ RunTime:0.003000s ]
NOTIC: [8] Undefined index: id D:\phpstudy_pro\WWW\wqxts\Application\Api\Controller\NetsignController.class.php 第 425 行.
NOTIC: [8] Undefined index: page D:\phpstudy_pro\WWW\wqxts\Application\Api\Controller\NetsignController.class.php 第 426 行.
SQL: SHOW COLUMNS FROM `customer` [ RunTime:0.0040s ]
SQL: SELECT * FROM `customer` WHERE ( id='492' ) LIMIT 1   [ RunTime:0.0010s ]
INFO: [ app_end ] --START--
INFO: Run Behavior\ShowPageTraceBehavior [ RunTime:0.002000s ]
INFO: [ app_end ] --END-- [ RunTime:0.003001s ]

[ 2019-12-23T09:53:52+08:00 ] 127.0.0.1 /api/netsign/signname/userid/925/token/649c63ad3f7030b5a1f0f54b80944578
INFO: [ app_init ] --START--
INFO: Run Behavior\BuildLiteBehavior [ RunTime:0.000000s ]
INFO: [ app_init ] --END-- [ RunTime:0.001000s ]
INFO: [ app_begin ] --START--
INFO: Run Behavior\ReadHtmlCacheBehavior [ RunTime:0.002000s ]
INFO: [ app_begin ] --END-- [ RunTime:0.002000s ]
NOTIC: [8] Undefined index: fid D:\phpstudy_pro\WWW\wqxts\Application\Api\Controller\NetsignController.class.php 第 303 行.
NOTIC: [8] Undefined index: title D:\phpstudy_pro\WWW\wqxts\Application\Api\Controller\NetsignController.class.php 第 304 行.
SQL: SHOW COLUMNS FROM `customer` [ RunTime:0.0040s ]
SQL: SELECT * FROM `customer` WHERE ( id='925' ) LIMIT 1   [ RunTime:0.0020s ]
SQL: SHOW COLUMNS FROM `framework` [ RunTime:0.0030s ]
SQL: SELECT `id`,`node_name` FROM `framework` WHERE ( type_id=0 ) LIMIT 1   [ RunTime:0.0010s ]
SQL: SELECT `id`,`node_name` FROM `framework` WHERE ( type_id=66 )  [ RunTime:0.0010s ]
SQL: SELECT `id`,`username`,`worker`,`tel`,`topimage` FROM `customer` WHERE ( pid=66 and status=1 )  [ RunTime:0.0020s ]
NOTIC: [8] Undefined variable: udatas D:\phpstudy_pro\WWW\wqxts\Application\Api\Controller\NetsignController.class.php 第 338 行.
INFO: [ app_end ] --START--
INFO: Run Behavior\ShowPageTraceBehavior [ RunTime:0.003000s ]
INFO: [ app_end ] --END-- [ RunTime:0.003000s ]

[ 2019-12-23T09:53:52+08:00 ] 127.0.0.1 /api/netsign/seallist/userid/925/token/649c63ad3f7030b5a1f0f54b80944578
INFO: [ app_init ] --START--
INFO: Run Behavior\BuildLiteBehavior [ RunTime:0.000000s ]
INFO: [ app_init ] --END-- [ RunTime:0.002000s ]
INFO: [ app_begin ] --START--
INFO: Run Behavior\ReadHtmlCacheBehavior [ RunTime:0.002000s ]
INFO: [ app_begin ] --END-- [ RunTime:0.002000s ]
NOTIC: [8] Undefined index: id D:\phpstudy_pro\WWW\wqxts\Application\Api\Controller\NetsignController.class.php 第 425 行.
NOTIC: [8] Undefined index: page D:\phpstudy_pro\WWW\wqxts\Application\Api\Controller\NetsignController.class.php 第 426 行.
SQL: SHOW COLUMNS FROM `customer` [ RunTime:0.0030s ]
SQL: SELECT * FROM `customer` WHERE ( id='925' ) LIMIT 1   [ RunTime:0.0030s ]
INFO: [ app_end ] --START--
INFO: Run Behavior\ShowPageTraceBehavior [ RunTime:0.002000s ]
INFO: [ app_end ] --END-- [ RunTime:0.002000s ]

[ 2019-12-23T09:53:57+08:00 ] 127.0.0.1 /api/netsign/templates/userid/925/token/649c63ad3f7030b5a1f0f54b80944578/page/1
INFO: [ app_init ] --START--
INFO: Run Behavior\BuildLiteBehavior [ RunTime:0.000000s ]
INFO: [ app_init ] --END-- [ RunTime:0.001000s ]
INFO: [ app_begin ] --START--
INFO: Run Behavior\ReadHtmlCacheBehavior [ RunTime:0.002000s ]
INFO: [ app_begin ] --END-- [ RunTime:0.002000s ]
NOTIC: [8] Undefined index: name D:\phpstudy_pro\WWW\wqxts\Application\Api\Controller\NetsignController.class.php 第 205 行.
SQL: SHOW COLUMNS FROM `customer` [ RunTime:0.0030s ]
SQL: SELECT * FROM `customer` WHERE ( id='925' ) LIMIT 1   [ RunTime:0.0010s ]
SQL: SHOW COLUMNS FROM `template` [ RunTime:0.0020s ]
SQL: SELECT COUNT(*) AS tp_count FROM `template` WHERE ( status=1 ) LIMIT 1   [ RunTime:0.0010s ]
SQL: SELECT `id`,`name` FROM `template` WHERE ( status=1 ) ORDER BY id desc LIMIT 0,10   [ RunTime:0.0010s ]
INFO: [ app_end ] --START--
INFO: Run Behavior\ShowPageTraceBehavior [ RunTime:0.002000s ]
INFO: [ app_end ] --END-- [ RunTime:0.002000s ]

[ 2019-12-23T09:54:01+08:00 ] 127.0.0.1 /api/netsign/templateinfo/userid/925/token/649c63ad3f7030b5a1f0f54b80944578/id/339
INFO: [ app_init ] --START--
INFO: Run Behavior\BuildLiteBehavior [ RunTime:0.000000s ]
INFO: [ app_init ] --END-- [ RunTime:0.002000s ]
INFO: [ app_begin ] --START--
INFO: Run Behavior\ReadHtmlCacheBehavior [ RunTime:0.003000s ]
INFO: [ app_begin ] --END-- [ RunTime:0.003000s ]
SQL: SHOW COLUMNS FROM `customer` [ RunTime:0.0040s ]
SQL: SELECT * FROM `customer` WHERE ( id='925' ) LIMIT 1   [ RunTime:0.0010s ]
SQL: SHOW COLUMNS FROM `template` [ RunTime:0.0030s ]
SQL: SELECT * FROM `template` WHERE ( id='339' ) LIMIT 1   [ RunTime:0.0010s ]
SQL: SHOW COLUMNS FROM `templateson` [ RunTime:0.0030s ]
SQL: SELECT * FROM `templateson` WHERE ( fid='339' ) ORDER BY orders asc  [ RunTime:0.0020s ]
SQL: SELECT * FROM `customer` WHERE ( id='925' ) LIMIT 1   [ RunTime:0.0010s ]
SQL: SELECT * FROM `customer` WHERE ( id='925' ) LIMIT 1   [ RunTime:0.0010s ]
SQL: SHOW COLUMNS FROM `seal` [ RunTime:0.0030s ]
SQL: SELECT * FROM `seal` WHERE ( id='28' ) LIMIT 1   [ RunTime:0.0010s ]
INFO: [ app_end ] --START--
INFO: Run Behavior\ShowPageTraceBehavior [ RunTime:0.002001s ]
INFO: [ app_end ] --END-- [ RunTime:0.002001s ]

[ 2019-12-23T09:54:06+08:00 ] 127.0.0.1 /api/netsign/templateinfo/userid/925/token/649c63ad3f7030b5a1f0f54b80944578/id/339
INFO: [ app_init ] --START--
INFO: Run Behavior\BuildLiteBehavior [ RunTime:0.000000s ]
INFO: [ app_init ] --END-- [ RunTime:0.002000s ]
INFO: [ app_begin ] --START--
INFO: Run Behavior\ReadHtmlCacheBehavior [ RunTime:0.002001s ]
INFO: [ app_begin ] --END-- [ RunTime:0.003001s ]
SQL: SHOW COLUMNS FROM `customer` [ RunTime:0.0030s ]
SQL: SELECT * FROM `customer` WHERE ( id='925' ) LIMIT 1   [ RunTime:0.0010s ]
SQL: SHOW COLUMNS FROM `template` [ RunTime:0.0030s ]
SQL: SELECT * FROM `template` WHERE ( id='339' ) LIMIT 1   [ RunTime:0.0010s ]
SQL: SHOW COLUMNS FROM `templateson` [ RunTime:0.0040s ]
SQL: SELECT * FROM `templateson` WHERE ( fid='339' ) ORDER BY orders asc  [ RunTime:0.0010s ]
SQL: SELECT * FROM `customer` WHERE ( id='925' ) LIMIT 1   [ RunTime:0.0010s ]
SQL: SELECT * FROM `customer` WHERE ( id='925' ) LIMIT 1   [ RunTime:0.0010s ]
SQL: SHOW COLUMNS FROM `seal` [ RunTime:0.0040s ]
SQL: SELECT * FROM `seal` WHERE ( id='28' ) LIMIT 1   [ RunTime:0.0020s ]
INFO: [ app_end ] --START--
INFO: Run Behavior\ShowPageTraceBehavior [ RunTime:0.002000s ]
INFO: [ app_end ] --END-- [ RunTime:0.003000s ]

[ 2019-12-23T09:54:06+08:00 ] 127.0.0.1 /api/netsign/signname/userid/925/token/649c63ad3f7030b5a1f0f54b80944578
INFO: [ app_init ] --START--
INFO: Run Behavior\BuildLiteBehavior [ RunTime:0.000000s ]
INFO: [ app_init ] --END-- [ RunTime:0.002000s ]
INFO: [ app_begin ] --START--
INFO: Run Behavior\ReadHtmlCacheBehavior [ RunTime:0.002000s ]
INFO: [ app_begin ] --END-- [ RunTime:0.003001s ]
NOTIC: [8] Undefined index: fid D:\phpstudy_pro\WWW\wqxts\Application\Api\Controller\NetsignController.class.php 第 303 行.
NOTIC: [8] Undefined index: title D:\phpstudy_pro\WWW\wqxts\Application\Api\Controller\NetsignController.class.php 第 304 行.
SQL: SHOW COLUMNS FROM `customer` [ RunTime:0.0030s ]
SQL: SELECT * FROM `customer` WHERE ( id='925' ) LIMIT 1   [ RunTime:0.0010s ]
SQL: SHOW COLUMNS FROM `framework` [ RunTime:0.0030s ]
SQL: SELECT `id`,`node_name` FROM `framework` WHERE ( type_id=0 ) LIMIT 1   [ RunTime:0.0010s ]
SQL: SELECT `id`,`node_name` FROM `framework` WHERE ( type_id=66 )  [ RunTime:0.0010s ]
SQL: SELECT `id`,`username`,`worker`,`tel`,`topimage` FROM `customer` WHERE ( pid=66 and status=1 )  [ RunTime:0.0010s ]
NOTIC: [8] Undefined variable: udatas D:\phpstudy_pro\WWW\wqxts\Application\Api\Controller\NetsignController.class.php 第 338 行.
INFO: [ app_end ] --START--
INFO: Run Behavior\ShowPageTraceBehavior [ RunTime:0.002000s ]
INFO: [ app_end ] --END-- [ RunTime:0.002000s ]

[ 2019-12-23T09:54:06+08:00 ] 127.0.0.1 /api/netsign/seallist/userid/925/token/649c63ad3f7030b5a1f0f54b80944578
INFO: [ app_init ] --START--
INFO: Run Behavior\BuildLiteBehavior [ RunTime:0.000000s ]
INFO: [ app_init ] --END-- [ RunTime:0.002000s ]
INFO: [ app_begin ] --START--
INFO: Run Behavior\ReadHtmlCacheBehavior [ RunTime:0.002000s ]
INFO: [ app_begin ] --END-- [ RunTime:0.002000s ]
NOTIC: [8] Undefined index: id D:\phpstudy_pro\WWW\wqxts\Application\Api\Controller\NetsignController.class.php 第 425 行.
NOTIC: [8] Undefined index: page D:\phpstudy_pro\WWW\wqxts\Application\Api\Controller\NetsignController.class.php 第 426 行.
SQL: SHOW COLUMNS FROM `customer` [ RunTime:0.0040s ]
SQL: SELECT * FROM `customer` WHERE ( id='925' ) LIMIT 1   [ RunTime:0.0010s ]
INFO: [ app_end ] --START--
INFO: Run Behavior\ShowPageTraceBehavior [ RunTime:0.003000s ]
INFO: [ app_end ] --END-- [ RunTime:0.003000s ]

[ 2019-12-23T09:54:38+08:00 ] 127.0.0.1 /api/netsign/templates/userid/492/token/649c63ad3f7030b5a1f0f54b80944578/page/1
INFO: [ app_init ] --START--
INFO: Run Behavior\BuildLiteBehavior [ RunTime:0.000000s ]
INFO: [ app_init ] --END-- [ RunTime:0.002000s ]
INFO: [ app_begin ] --START--
INFO: Run Behavior\ReadHtmlCacheBehavior [ RunTime:0.002001s ]
INFO: [ app_begin ] --END-- [ RunTime:0.002001s ]
NOTIC: [8] Undefined index: name D:\phpstudy_pro\WWW\wqxts\Application\Api\Controller\NetsignController.class.php 第 205 行.
SQL: SHOW COLUMNS FROM `customer` [ RunTime:0.0030s ]
SQL: SELECT * FROM `customer` WHERE ( id='492' ) LIMIT 1   [ RunTime:0.0010s ]
SQL: SHOW COLUMNS FROM `template` [ RunTime:0.0030s ]
SQL: SELECT COUNT(*) AS tp_count FROM `template` WHERE ( status=1 ) LIMIT 1   [ RunTime:0.0010s ]
SQL: SELECT `id`,`name` FROM `template` WHERE ( status=1 ) ORDER BY id desc LIMIT 0,10   [ RunTime:0.0010s ]
INFO: [ app_end ] --START--
INFO: Run Behavior\ShowPageTraceBehavior [ RunTime:0.002000s ]
INFO: [ app_end ] --END-- [ RunTime:0.003000s ]

[ 2019-12-23T09:55:50+08:00 ] 127.0.0.1 /api/login/appindex/userid/492/token/649c63ad3f7030b5a1f0f54b80944578
INFO: [ app_init ] --START--
INFO: Run Behavior\BuildLiteBehavior [ RunTime:0.000000s ]
INFO: [ app_init ] --END-- [ RunTime:0.002000s ]
INFO: [ app_begin ] --START--
INFO: Run Behavior\ReadHtmlCacheBehavior [ RunTime:0.002000s ]
INFO: [ app_begin ] --END-- [ RunTime:0.003000s ]
SQL: SHOW COLUMNS FROM `customer` [ RunTime:0.0040s ]
SQL: SELECT * FROM `customer` WHERE ( id='492' ) LIMIT 1   [ RunTime:0.0010s ]
INFO: [ app_end ] --START--
INFO: Run Behavior\ShowPageTraceBehavior [ RunTime:0.002000s ]
INFO: [ app_end ] --END-- [ RunTime:0.002000s ]

[ 2019-12-23T09:55:52+08:00 ] 127.0.0.1 /api/netsign/index/userid/492/token/649c63ad3f7030b5a1f0f54b80944578
INFO: [ app_init ] --START--
INFO: Run Behavior\BuildLiteBehavior [ RunTime:0.000000s ]
INFO: [ app_init ] --END-- [ RunTime:0.001000s ]
INFO: [ app_begin ] --START--
INFO: Run Behavior\ReadHtmlCacheBehavior [ RunTime:0.002000s ]
INFO: [ app_begin ] --END-- [ RunTime:0.002000s ]
SQL: SHOW COLUMNS FROM `customer` [ RunTime:0.0050s ]
SQL: SELECT * FROM `customer` WHERE ( id='492' ) LIMIT 1   [ RunTime:0.0020s ]
SQL: select * from sign as so,

(select a.*,b.orders,b.uid from signson as a , templateson as b where b.uid = 492 and a.tsid = b.id and a.issign = 1 group by a.fid) as son where so.id = son.fid and so.status = 1 and so.nownode = son.orders [ RunTime:0.0020s ]
SQL: select * from sign where status=1 and uid='492' [ RunTime:0.0010s ]
SQL: SHOW COLUMNS FROM `senduid` [ RunTime:0.0030s ]
SQL: SELECT COUNT(*) AS tp_count FROM `senduid` WHERE ( receiveuid = '492' and status = '2' and isout ='2'     ) LIMIT 1   [ RunTime:0.0010s ]
SQL: SELECT
	*
FROM
	(
		SELECT
			b. NAME,
			a.id,
			a.starttime,
			a.endtime,
	        a.savetime,
	        a.status
		FROM
			sign AS a,
			template AS b
		WHERE
			a.uid = '492'
		AND a.mid = b.id 
		UNION ALL
			SELECT
				c. NAME,
				d.id,
				d.starttime,
				d.endtime,
			    d.savetime,
			    d.status
			FROM
				(
					SELECT
						a.*, b. NAME
					FROM
						(
							SELECT
								fid,
								orders
							FROM
								templateson
							WHERE
								uid = '492'
							GROUP BY
								fid
						) AS a,
						template AS b
					WHERE
						a.fid = b.id
				) AS c
			, sign AS d where c.fid = d.mid 
	) e
GROUP BY
	id order by savetime desc
LIMIT 10 [ RunTime:0.0030s ]
INFO: [ app_end ] --START--
INFO: Run Behavior\ShowPageTraceBehavior [ RunTime:0.002000s ]
INFO: [ app_end ] --END-- [ RunTime:0.002000s ]

[ 2019-12-23T09:56:21+08:00 ] 127.0.0.1 /api/netsign/signname/userid/492/token/649c63ad3f7030b5a1f0f54b80944578
INFO: [ app_init ] --START--
INFO: Run Behavior\BuildLiteBehavior [ RunTime:0.000000s ]
INFO: [ app_init ] --END-- [ RunTime:0.002000s ]
INFO: [ app_begin ] --START--
INFO: Run Behavior\ReadHtmlCacheBehavior [ RunTime:0.002000s ]
INFO: [ app_begin ] --END-- [ RunTime:0.002000s ]
NOTIC: [8] Undefined index: fid D:\phpstudy_pro\WWW\wqxts\Application\Api\Controller\NetsignController.class.php 第 303 行.
NOTIC: [8] Undefined index: title D:\phpstudy_pro\WWW\wqxts\Application\Api\Controller\NetsignController.class.php 第 304 行.
SQL: SHOW COLUMNS FROM `customer` [ RunTime:0.0020s ]
SQL: SELECT * FROM `customer` WHERE ( id='492' ) LIMIT 1   [ RunTime:0.0010s ]
SQL: SHOW COLUMNS FROM `framework` [ RunTime:0.0020s ]
SQL: SELECT `id`,`node_name` FROM `framework` WHERE ( type_id=0 ) LIMIT 1   [ RunTime:0.0010s ]
SQL: SELECT `id`,`node_name` FROM `framework` WHERE ( type_id=66 )  [ RunTime:0.0010s ]
SQL: SELECT `id`,`username`,`worker`,`tel`,`topimage` FROM `customer` WHERE ( pid=66 and status=1 )  [ RunTime:0.0020s ]
NOTIC: [8] Undefined variable: udatas D:\phpstudy_pro\WWW\wqxts\Application\Api\Controller\NetsignController.class.php 第 338 行.
INFO: [ app_end ] --START--
INFO: Run Behavior\ShowPageTraceBehavior [ RunTime:0.002000s ]
INFO: [ app_end ] --END-- [ RunTime:0.002000s ]

[ 2019-12-23T09:56:22+08:00 ] 127.0.0.1 /api/netsign/seallist/userid/492/token/649c63ad3f7030b5a1f0f54b80944578
INFO: [ app_init ] --START--
INFO: Run Behavior\BuildLiteBehavior [ RunTime:0.000000s ]
INFO: [ app_init ] --END-- [ RunTime:0.003000s ]
INFO: [ app_begin ] --START--
INFO: Run Behavior\ReadHtmlCacheBehavior [ RunTime:0.003000s ]
INFO: [ app_begin ] --END-- [ RunTime:0.003000s ]
NOTIC: [8] Undefined index: id D:\phpstudy_pro\WWW\wqxts\Application\Api\Controller\NetsignController.class.php 第 425 行.
NOTIC: [8] Undefined index: page D:\phpstudy_pro\WWW\wqxts\Application\Api\Controller\NetsignController.class.php 第 426 行.
SQL: SHOW COLUMNS FROM `customer` [ RunTime:0.0040s ]
SQL: SELECT * FROM `customer` WHERE ( id='492' ) LIMIT 1   [ RunTime:0.0010s ]
INFO: [ app_end ] --START--
INFO: Run Behavior\ShowPageTraceBehavior [ RunTime:0.002000s ]
INFO: [ app_end ] --END-- [ RunTime:0.002000s ]

[ 2019-12-23T10:14:53+08:00 ] 127.0.0.1 /api/netsign/signname/userid/492/token/649c63ad3f7030b5a1f0f54b80944578
INFO: [ app_init ] --START--
INFO: Run Behavior\BuildLiteBehavior [ RunTime:0.000000s ]
INFO: [ app_init ] --END-- [ RunTime:0.002000s ]
INFO: [ app_begin ] --START--
INFO: Run Behavior\ReadHtmlCacheBehavior [ RunTime:0.002001s ]
INFO: [ app_begin ] --END-- [ RunTime:0.002001s ]
NOTIC: [8] Undefined index: fid D:\phpstudy_pro\WWW\wqxts\Application\Api\Controller\NetsignController.class.php 第 303 行.
NOTIC: [8] Undefined index: title D:\phpstudy_pro\WWW\wqxts\Application\Api\Controller\NetsignController.class.php 第 304 行.
SQL: SHOW COLUMNS FROM `customer` [ RunTime:0.0040s ]
SQL: SELECT * FROM `customer` WHERE ( id='492' ) LIMIT 1   [ RunTime:0.0020s ]
SQL: SHOW COLUMNS FROM `framework` [ RunTime:0.0040s ]
SQL: SELECT `id`,`node_name` FROM `framework` WHERE ( type_id=0 ) LIMIT 1   [ RunTime:0.0010s ]
SQL: SELECT `id`,`node_name` FROM `framework` WHERE ( type_id=66 )  [ RunTime:0.0010s ]
SQL: SELECT `id`,`username`,`worker`,`tel`,`topimage` FROM `customer` WHERE ( pid=66 and status=1 )  [ RunTime:0.0010s ]
NOTIC: [8] Undefined variable: udatas D:\phpstudy_pro\WWW\wqxts\Application\Api\Controller\NetsignController.class.php 第 338 行.
INFO: [ app_end ] --START--
INFO: Run Behavior\ShowPageTraceBehavior [ RunTime:0.003001s ]
INFO: [ app_end ] --END-- [ RunTime:0.003001s ]

[ 2019-12-23T10:14:53+08:00 ] 127.0.0.1 /api/netsign/seallist/userid/492/token/649c63ad3f7030b5a1f0f54b80944578
INFO: [ app_init ] --START--
INFO: Run Behavior\BuildLiteBehavior [ RunTime:0.000000s ]
INFO: [ app_init ] --END-- [ RunTime:0.002000s ]
INFO: [ app_begin ] --START--
INFO: Run Behavior\ReadHtmlCacheBehavior [ RunTime:0.002000s ]
INFO: [ app_begin ] --END-- [ RunTime:0.002000s ]
NOTIC: [8] Undefined index: id D:\phpstudy_pro\WWW\wqxts\Application\Api\Controller\NetsignController.class.php 第 425 行.
NOTIC: [8] Undefined index: page D:\phpstudy_pro\WWW\wqxts\Application\Api\Controller\NetsignController.class.php 第 426 行.
SQL: SHOW COLUMNS FROM `customer` [ RunTime:0.0020s ]
SQL: SELECT * FROM `customer` WHERE ( id='492' ) LIMIT 1   [ RunTime:0.0010s ]
INFO: [ app_end ] --START--
INFO: Run Behavior\ShowPageTraceBehavior [ RunTime:0.002000s ]
INFO: [ app_end ] --END-- [ RunTime:0.002000s ]

[ 2019-12-23T10:21:08+08:00 ] 127.0.0.1 /api/netsign/showseal/userid/492/token/649c63ad3f7030b5a1f0f54b80944578/title/
INFO: [ app_init ] --START--
INFO: Run Behavior\BuildLiteBehavior [ RunTime:0.000000s ]
INFO: [ app_init ] --END-- [ RunTime:0.002000s ]
INFO: [ app_begin ] --START--
INFO: Run Behavior\ReadHtmlCacheBehavior [ RunTime:0.002001s ]
INFO: [ app_begin ] --END-- [ RunTime:0.002001s ]
NOTIC: [8] Undefined index: title D:\phpstudy_pro\WWW\wqxts\Application\Api\Controller\NetsignController.class.php 第 274 行.
SQL: SHOW COLUMNS FROM `customer` [ RunTime:0.0040s ]
SQL: SELECT * FROM `customer` WHERE ( id='492' ) LIMIT 1   [ RunTime:0.0010s ]
SQL: select a.id as uid,b.* from customer as a,seal as b  where  1 and  a.sid > 0 and a.sid = b.id [ RunTime:0.0040s ]
INFO: [ app_end ] --START--
INFO: Run Behavior\ShowPageTraceBehavior [ RunTime:0.003000s ]
INFO: [ app_end ] --END-- [ RunTime:0.003000s ]

[ 2019-12-23T10:21:21+08:00 ] 127.0.0.1 /api/netsign/index/userid/492/token/649c63ad3f7030b5a1f0f54b80944578
INFO: [ app_init ] --START--
INFO: Run Behavior\BuildLiteBehavior [ RunTime:0.000000s ]
INFO: [ app_init ] --END-- [ RunTime:0.002000s ]
INFO: [ app_begin ] --START--
INFO: Run Behavior\ReadHtmlCacheBehavior [ RunTime:0.002000s ]
INFO: [ app_begin ] --END-- [ RunTime:0.002000s ]
SQL: SHOW COLUMNS FROM `customer` [ RunTime:0.0040s ]
SQL: SELECT * FROM `customer` WHERE ( id='492' ) LIMIT 1   [ RunTime:0.0020s ]
SQL: select * from sign as so,

(select a.*,b.orders,b.uid from signson as a , templateson as b where b.uid = 492 and a.tsid = b.id and a.issign = 1 group by a.fid) as son where so.id = son.fid and so.status = 1 and so.nownode = son.orders [ RunTime:0.0020s ]
SQL: select * from sign where status=1 and uid='492' [ RunTime:0.0020s ]
SQL: SHOW COLUMNS FROM `senduid` [ RunTime:0.0050s ]
SQL: SELECT COUNT(*) AS tp_count FROM `senduid` WHERE ( receiveuid = '492' and status = '2' and isout ='2'     ) LIMIT 1   [ RunTime:0.0010s ]
SQL: SELECT
	*
FROM
	(
		SELECT
			b. NAME,
			a.id,
			a.starttime,
			a.endtime,
	        a.savetime,
	        a.status
		FROM
			sign AS a,
			template AS b
		WHERE
			a.uid = '492'
		AND a.mid = b.id 
		UNION ALL
			SELECT
				c. NAME,
				d.id,
				d.starttime,
				d.endtime,
			    d.savetime,
			    d.status
			FROM
				(
					SELECT
						a.*, b. NAME
					FROM
						(
							SELECT
								fid,
								orders
							FROM
								templateson
							WHERE
								uid = '492'
							GROUP BY
								fid
						) AS a,
						template AS b
					WHERE
						a.fid = b.id
				) AS c
			, sign AS d where c.fid = d.mid 
	) e
GROUP BY
	id order by savetime desc
LIMIT 10 [ RunTime:0.0030s ]
INFO: [ app_end ] --START--
INFO: Run Behavior\ShowPageTraceBehavior [ RunTime:0.003000s ]
INFO: [ app_end ] --END-- [ RunTime:0.003000s ]

[ 2019-12-23T10:23:24+08:00 ] 127.0.0.1 /api/login/appindex/userid/492/token/649c63ad3f7030b5a1f0f54b80944578
INFO: [ app_init ] --START--
INFO: Run Behavior\BuildLiteBehavior [ RunTime:0.000000s ]
INFO: [ app_init ] --END-- [ RunTime:0.002000s ]
INFO: [ app_begin ] --START--
INFO: Run Behavior\ReadHtmlCacheBehavior [ RunTime:0.002000s ]
INFO: [ app_begin ] --END-- [ RunTime:0.002000s ]
SQL: SHOW COLUMNS FROM `customer` [ RunTime:0.0040s ]
SQL: SELECT * FROM `customer` WHERE ( id='492' ) LIMIT 1   [ RunTime:0.0010s ]
INFO: [ app_end ] --START--
INFO: Run Behavior\ShowPageTraceBehavior [ RunTime:0.002000s ]
INFO: [ app_end ] --END-- [ RunTime:0.002000s ]

[ 2019-12-23T10:23:26+08:00 ] 127.0.0.1 /api/netsign/index/userid/492/token/649c63ad3f7030b5a1f0f54b80944578
INFO: [ app_init ] --START--
INFO: Run Behavior\BuildLiteBehavior [ RunTime:0.000000s ]
INFO: [ app_init ] --END-- [ RunTime:0.002000s ]
INFO: [ app_begin ] --START--
INFO: Run Behavior\ReadHtmlCacheBehavior [ RunTime:0.002000s ]
INFO: [ app_begin ] --END-- [ RunTime:0.002000s ]
SQL: SHOW COLUMNS FROM `customer` [ RunTime:0.0040s ]
SQL: SELECT * FROM `customer` WHERE ( id='492' ) LIMIT 1   [ RunTime:0.0010s ]
SQL: select * from sign as so,

(select a.*,b.orders,b.uid from signson as a , templateson as b where b.uid = 492 and a.tsid = b.id and a.issign = 1 group by a.fid) as son where so.id = son.fid and so.status = 1 and so.nownode = son.orders [ RunTime:0.0060s ]
SQL: select * from sign where status=1 and uid='492' [ RunTime:0.0010s ]
SQL: SHOW COLUMNS FROM `senduid` [ RunTime:0.0030s ]
SQL: SELECT COUNT(*) AS tp_count FROM `senduid` WHERE ( receiveuid = '492' and status = '2' and isout ='2'     ) LIMIT 1   [ RunTime:0.0010s ]
SQL: SELECT
	*
FROM
	(
		SELECT
			b. NAME,
			a.id,
			a.starttime,
			a.endtime,
	        a.savetime,
	        a.status
		FROM
			sign AS a,
			template AS b
		WHERE
			a.uid = '492'
		AND a.mid = b.id 
		UNION ALL
			SELECT
				c. NAME,
				d.id,
				d.starttime,
				d.endtime,
			    d.savetime,
			    d.status
			FROM
				(
					SELECT
						a.*, b. NAME
					FROM
						(
							SELECT
								fid,
								orders
							FROM
								templateson
							WHERE
								uid = '492'
							GROUP BY
								fid
						) AS a,
						template AS b
					WHERE
						a.fid = b.id
				) AS c
			, sign AS d where c.fid = d.mid 
	) e
GROUP BY
	id order by savetime desc
LIMIT 10 [ RunTime:0.0040s ]
INFO: [ app_end ] --START--
INFO: Run Behavior\ShowPageTraceBehavior [ RunTime:0.002000s ]
INFO: [ app_end ] --END-- [ RunTime:0.002000s ]

[ 2019-12-23T10:23:56+08:00 ] 127.0.0.1 /api/login/appindex/userid/925/token/649c63ad3f7030b5a1f0f54b80944578
INFO: [ app_init ] --START--
INFO: Run Behavior\BuildLiteBehavior [ RunTime:0.000000s ]
INFO: [ app_init ] --END-- [ RunTime:0.002000s ]
INFO: [ app_begin ] --START--
INFO: Run Behavior\ReadHtmlCacheBehavior [ RunTime:0.002000s ]
INFO: [ app_begin ] --END-- [ RunTime:0.003000s ]
SQL: SHOW COLUMNS FROM `customer` [ RunTime:0.0030s ]
SQL: SELECT * FROM `customer` WHERE ( id='925' ) LIMIT 1   [ RunTime:0.0010s ]
INFO: [ app_end ] --START--
INFO: Run Behavior\ShowPageTraceBehavior [ RunTime:0.003000s ]
INFO: [ app_end ] --END-- [ RunTime:0.003000s ]

[ 2019-12-23T10:23:58+08:00 ] 127.0.0.1 /api/netsign/index/userid/925/token/649c63ad3f7030b5a1f0f54b80944578
INFO: [ app_init ] --START--
INFO: Run Behavior\BuildLiteBehavior [ RunTime:0.000000s ]
INFO: [ app_init ] --END-- [ RunTime:0.002000s ]
INFO: [ app_begin ] --START--
INFO: Run Behavior\ReadHtmlCacheBehavior [ RunTime:0.002001s ]
INFO: [ app_begin ] --END-- [ RunTime:0.002001s ]
SQL: SHOW COLUMNS FROM `customer` [ RunTime:0.0040s ]
SQL: SELECT * FROM `customer` WHERE ( id='925' ) LIMIT 1   [ RunTime:0.0020s ]
SQL: select * from sign as so,

(select a.*,b.orders,b.uid from signson as a , templateson as b where b.uid = 925 and a.tsid = b.id and a.issign = 1 group by a.fid) as son where so.id = son.fid and so.status = 1 and so.nownode = son.orders [ RunTime:0.0020s ]
SQL: select * from sign where status=1 and uid='925' [ RunTime:0.0010s ]
SQL: SHOW COLUMNS FROM `senduid` [ RunTime:0.0030s ]
SQL: SELECT COUNT(*) AS tp_count FROM `senduid` WHERE ( receiveuid = '925' and status = '2' and isout ='2'     ) LIMIT 1   [ RunTime:0.0010s ]
SQL: SELECT
	*
FROM
	(
		SELECT
			b. NAME,
			a.id,
			a.starttime,
			a.endtime,
	        a.savetime,
	        a.status
		FROM
			sign AS a,
			template AS b
		WHERE
			a.uid = '925'
		AND a.mid = b.id 
		UNION ALL
			SELECT
				c. NAME,
				d.id,
				d.starttime,
				d.endtime,
			    d.savetime,
			    d.status
			FROM
				(
					SELECT
						a.*, b. NAME
					FROM
						(
							SELECT
								fid,
								orders
							FROM
								templateson
							WHERE
								uid = '925'
							GROUP BY
								fid
						) AS a,
						template AS b
					WHERE
						a.fid = b.id
				) AS c
			, sign AS d where c.fid = d.mid 
	) e
GROUP BY
	id order by savetime desc
LIMIT 10 [ RunTime:0.0040s ]
INFO: [ app_end ] --START--
INFO: Run Behavior\ShowPageTraceBehavior [ RunTime:0.003000s ]
INFO: [ app_end ] --END-- [ RunTime:0.003000s ]

[ 2019-12-23T10:24:10+08:00 ] 127.0.0.1 /api/netsign/index/userid/492/token/649c63ad3f7030b5a1f0f54b80944578
INFO: [ app_init ] --START--
INFO: Run Behavior\BuildLiteBehavior [ RunTime:0.000000s ]
INFO: [ app_init ] --END-- [ RunTime:0.002001s ]
INFO: [ app_begin ] --START--
INFO: Run Behavior\ReadHtmlCacheBehavior [ RunTime:0.002000s ]
INFO: [ app_begin ] --END-- [ RunTime:0.002000s ]
SQL: SHOW COLUMNS FROM `customer` [ RunTime:0.0040s ]
SQL: SELECT * FROM `customer` WHERE ( id='492' ) LIMIT 1   [ RunTime:0.0010s ]
SQL: select * from sign as so,

(select a.*,b.orders,b.uid from signson as a , templateson as b where b.uid = 492 and a.tsid = b.id and a.issign = 1 group by a.fid) as son where so.id = son.fid and so.status = 1 and so.nownode = son.orders [ RunTime:0.0030s ]
SQL: select * from sign where status=1 and uid='492' [ RunTime:0.0020s ]
SQL: SHOW COLUMNS FROM `senduid` [ RunTime:0.0030s ]
SQL: SELECT COUNT(*) AS tp_count FROM `senduid` WHERE ( receiveuid = '492' and status = '2' and isout ='2'     ) LIMIT 1   [ RunTime:0.0010s ]
SQL: SELECT
	*
FROM
	(
		SELECT
			b. NAME,
			a.id,
			a.starttime,
			a.endtime,
	        a.savetime,
	        a.status
		FROM
			sign AS a,
			template AS b
		WHERE
			a.uid = '492'
		AND a.mid = b.id 
		UNION ALL
			SELECT
				c. NAME,
				d.id,
				d.starttime,
				d.endtime,
			    d.savetime,
			    d.status
			FROM
				(
					SELECT
						a.*, b. NAME
					FROM
						(
							SELECT
								fid,
								orders
							FROM
								templateson
							WHERE
								uid = '492'
							GROUP BY
								fid
						) AS a,
						template AS b
					WHERE
						a.fid = b.id
				) AS c
			, sign AS d where c.fid = d.mid 
	) e
GROUP BY
	id order by savetime desc
LIMIT 10 [ RunTime:0.0030s ]
INFO: [ app_end ] --START--
INFO: Run Behavior\ShowPageTraceBehavior [ RunTime:0.003000s ]
INFO: [ app_end ] --END-- [ RunTime:0.003000s ]

[ 2019-12-23T10:24:24+08:00 ] 127.0.0.1 /api/netsign/signname/userid/492/token/649c63ad3f7030b5a1f0f54b80944578
INFO: [ app_init ] --START--
INFO: Run Behavior\BuildLiteBehavior [ RunTime:0.000000s ]
INFO: [ app_init ] --END-- [ RunTime:0.001000s ]
INFO: [ app_begin ] --START--
INFO: Run Behavior\ReadHtmlCacheBehavior [ RunTime:0.002000s ]
INFO: [ app_begin ] --END-- [ RunTime:0.002000s ]
NOTIC: [8] Undefined index: fid D:\phpstudy_pro\WWW\wqxts\Application\Api\Controller\NetsignController.class.php 第 303 行.
NOTIC: [8] Undefined index: title D:\phpstudy_pro\WWW\wqxts\Application\Api\Controller\NetsignController.class.php 第 304 行.
SQL: SHOW COLUMNS FROM `customer` [ RunTime:0.0040s ]
SQL: SELECT * FROM `customer` WHERE ( id='492' ) LIMIT 1   [ RunTime:0.0010s ]
SQL: SHOW COLUMNS FROM `framework` [ RunTime:0.0030s ]
SQL: SELECT `id`,`node_name` FROM `framework` WHERE ( type_id=0 ) LIMIT 1   [ RunTime:0.0020s ]
SQL: SELECT `id`,`node_name` FROM `framework` WHERE ( type_id=66 )  [ RunTime:0.0010s ]
SQL: SELECT `id`,`username`,`worker`,`tel`,`topimage` FROM `customer` WHERE ( pid=66 and status=1 )  [ RunTime:0.0020s ]
NOTIC: [8] Undefined variable: udatas D:\phpstudy_pro\WWW\wqxts\Application\Api\Controller\NetsignController.class.php 第 338 行.
INFO: [ app_end ] --START--
INFO: Run Behavior\ShowPageTraceBehavior [ RunTime:0.003000s ]
INFO: [ app_end ] --END-- [ RunTime:0.003000s ]

[ 2019-12-23T10:24:24+08:00 ] 127.0.0.1 /api/netsign/seallist/userid/492/token/649c63ad3f7030b5a1f0f54b80944578
INFO: [ app_init ] --START--
INFO: Run Behavior\BuildLiteBehavior [ RunTime:0.000000s ]
INFO: [ app_init ] --END-- [ RunTime:0.002001s ]
INFO: [ app_begin ] --START--
INFO: Run Behavior\ReadHtmlCacheBehavior [ RunTime:0.002000s ]
INFO: [ app_begin ] --END-- [ RunTime:0.002000s ]
NOTIC: [8] Undefined index: id D:\phpstudy_pro\WWW\wqxts\Application\Api\Controller\NetsignController.class.php 第 425 行.
NOTIC: [8] Undefined index: page D:\phpstudy_pro\WWW\wqxts\Application\Api\Controller\NetsignController.class.php 第 426 行.
SQL: SHOW COLUMNS FROM `customer` [ RunTime:0.0030s ]
SQL: SELECT * FROM `customer` WHERE ( id='492' ) LIMIT 1   [ RunTime:0.0020s ]
INFO: [ app_end ] --START--
INFO: Run Behavior\ShowPageTraceBehavior [ RunTime:0.002000s ]
INFO: [ app_end ] --END-- [ RunTime:0.002000s ]

[ 2019-12-23T10:26:30+08:00 ] 127.0.0.1 /api/netsign/signname/userid/492/token/649c63ad3f7030b5a1f0f54b80944578/fid/0/title/黄利
INFO: [ app_init ] --START--
INFO: Run Behavior\BuildLiteBehavior [ RunTime:0.000000s ]
INFO: [ app_init ] --END-- [ RunTime:0.001000s ]
INFO: [ app_begin ] --START--
INFO: Run Behavior\ReadHtmlCacheBehavior [ RunTime:0.002000s ]
INFO: [ app_begin ] --END-- [ RunTime:0.002000s ]
SQL: SHOW COLUMNS FROM `customer` [ RunTime:0.0030s ]
SQL: SELECT * FROM `customer` WHERE ( id='492' ) LIMIT 1   [ RunTime:0.0010s ]
SQL: SHOW COLUMNS FROM `framework` [ RunTime:0.0030s ]
SQL: SELECT `id`,`node_name` FROM `framework` WHERE ( type_id=0 ) LIMIT 1   [ RunTime:0.0010s ]
SQL: SELECT * FROM `customer` WHERE ( username like '%黄利%' )  [ RunTime:0.0030s ]
SQL: SELECT `id`,`username`,`worker`,`tel`,`topimage` FROM `customer` WHERE ( pid='0' and status=1 )  [ RunTime:0.0010s ]
INFO: [ app_end ] --START--
INFO: Run Behavior\ShowPageTraceBehavior [ RunTime:0.002000s ]
INFO: [ app_end ] --END-- [ RunTime:0.002000s ]

[ 2019-12-23T10:27:18+08:00 ] 127.0.0.1 /api/login/appindex/userid/925/token/649c63ad3f7030b5a1f0f54b80944578
INFO: [ app_init ] --START--
INFO: Run Behavior\BuildLiteBehavior [ RunTime:0.000000s ]
INFO: [ app_init ] --END-- [ RunTime:0.001000s ]
INFO: [ app_begin ] --START--
INFO: Run Behavior\ReadHtmlCacheBehavior [ RunTime:0.002000s ]
INFO: [ app_begin ] --END-- [ RunTime:0.002000s ]
SQL: SHOW COLUMNS FROM `customer` [ RunTime:0.0040s ]
SQL: SELECT * FROM `customer` WHERE ( id='925' ) LIMIT 1   [ RunTime:0.0020s ]
INFO: [ app_end ] --START--
INFO: Run Behavior\ShowPageTraceBehavior [ RunTime:0.002000s ]
INFO: [ app_end ] --END-- [ RunTime:0.002000s ]

[ 2019-12-23T10:27:19+08:00 ] 127.0.0.1 /api/netsign/bullhorn/userid/925/token/649c63ad3f7030b5a1f0f54b80944578
INFO: [ app_init ] --START--
INFO: Run Behavior\BuildLiteBehavior [ RunTime:0.000000s ]
INFO: [ app_init ] --END-- [ RunTime:0.002000s ]
INFO: [ app_begin ] --START--
INFO: Run Behavior\ReadHtmlCacheBehavior [ RunTime:0.002000s ]
INFO: [ app_begin ] --END-- [ RunTime:0.002000s ]
NOTIC: [8] Undefined index: page D:\phpstudy_pro\WWW\wqxts\Application\Api\Controller\NetsignController.class.php 第 1636 行.
SQL: SHOW COLUMNS FROM `customer` [ RunTime:0.0040s ]
SQL: SELECT * FROM `customer` WHERE ( id='925' ) LIMIT 1   [ RunTime:0.0010s ]
SQL: SHOW COLUMNS FROM `bullhorn` [ RunTime:0.0040s ]
NOTIC: [2] Invalid argument supplied for foreach() D:\phpstudy_pro\WWW\wqxts\ThinkPHP\Library\Think\Db\Driver.class.php 第 504 行.
SQL: SELECT * FROM `bullhorn` ORDER BY id desc LIMIT 0,10   [ RunTime:0.0240s ]
INFO: [ app_end ] --START--
INFO: Run Behavior\ShowPageTraceBehavior [ RunTime:0.003000s ]
INFO: [ app_end ] --END-- [ RunTime:0.003000s ]

[ 2019-12-23T10:27:42+08:00 ] 127.0.0.1 /api/netsign/swws/userid/925/token/649c63ad3f7030b5a1f0f54b80944578
INFO: [ app_init ] --START--
INFO: Run Behavior\BuildLiteBehavior [ RunTime:0.000000s ]
INFO: [ app_init ] --END-- [ RunTime:0.002000s ]
INFO: [ app_begin ] --START--
INFO: Run Behavior\ReadHtmlCacheBehavior [ RunTime:0.003000s ]
INFO: [ app_begin ] --END-- [ RunTime:0.003000s ]
NOTIC: [8] Undefined index: page D:\phpstudy_pro\WWW\wqxts\Application\Api\Controller\NetsignController.class.php 第 1457 行.
NOTIC: [8] Undefined index: pid D:\phpstudy_pro\WWW\wqxts\Application\Api\Controller\NetsignController.class.php 第 1458 行.
NOTIC: [8] Undefined index: title D:\phpstudy_pro\WWW\wqxts\Application\Api\Controller\NetsignController.class.php 第 1459 行.
SQL: SHOW COLUMNS FROM `customer` [ RunTime:0.0040s ]
SQL: SELECT * FROM `customer` WHERE ( id='925' ) LIMIT 1   [ RunTime:0.0020s ]
SQL: SHOW COLUMNS FROM `swwscolumn` [ RunTime:0.0040s ]
NOTIC: [2] Invalid argument supplied for foreach() D:\phpstudy_pro\WWW\wqxts\ThinkPHP\Library\Think\Db\Driver.class.php 第 504 行.
SQL: SELECT * FROM `swwscolumn` ORDER BY id asc  [ RunTime:0.0010s ]
SQL: SHOW COLUMNS FROM `swws` [ RunTime:0.0050s ]
SQL: SELECT * FROM `swws` WHERE ( pid='1' and 1 ) ORDER BY id desc LIMIT 0,10   [ RunTime:0.0010s ]
INFO: [ app_end ] --START--
INFO: Run Behavior\ShowPageTraceBehavior [ RunTime:0.003000s ]
INFO: [ app_end ] --END-- [ RunTime:0.003000s ]

[ 2019-12-23T10:27:43+08:00 ] 127.0.0.1 /api/netsign/swws/userid/925/token/649c63ad3f7030b5a1f0f54b80944578/page/1/pid/1
INFO: [ app_init ] --START--
INFO: Run Behavior\BuildLiteBehavior [ RunTime:0.000000s ]
INFO: [ app_init ] --END-- [ RunTime:0.002000s ]
INFO: [ app_begin ] --START--
INFO: Run Behavior\ReadHtmlCacheBehavior [ RunTime:0.002000s ]
INFO: [ app_begin ] --END-- [ RunTime:0.003000s ]
NOTIC: [8] Undefined index: title D:\phpstudy_pro\WWW\wqxts\Application\Api\Controller\NetsignController.class.php 第 1459 行.
SQL: SHOW COLUMNS FROM `customer` [ RunTime:0.0040s ]
SQL: SELECT * FROM `customer` WHERE ( id='925' ) LIMIT 1   [ RunTime:0.0010s ]
SQL: SHOW COLUMNS FROM `swwscolumn` [ RunTime:0.0030s ]
NOTIC: [2] Invalid argument supplied for foreach() D:\phpstudy_pro\WWW\wqxts\ThinkPHP\Library\Think\Db\Driver.class.php 第 504 行.
SQL: SELECT * FROM `swwscolumn` ORDER BY id asc  [ RunTime:0.0010s ]
SQL: SHOW COLUMNS FROM `swws` [ RunTime:0.0030s ]
SQL: SELECT * FROM `swws` WHERE ( pid='1' and 1 ) ORDER BY id desc LIMIT 0,10   [ RunTime:0.0020s ]
INFO: [ app_end ] --START--
INFO: Run Behavior\ShowPageTraceBehavior [ RunTime:0.002000s ]
INFO: [ app_end ] --END-- [ RunTime:0.003000s ]

[ 2019-12-23T10:27:51+08:00 ] 127.0.0.1 /api/netsign/swws/userid/925/token/649c63ad3f7030b5a1f0f54b80944578/page/1/pid/6
INFO: [ app_init ] --START--
INFO: Run Behavior\BuildLiteBehavior [ RunTime:0.000000s ]
INFO: [ app_init ] --END-- [ RunTime:0.002000s ]
INFO: [ app_begin ] --START--
INFO: Run Behavior\ReadHtmlCacheBehavior [ RunTime:0.002000s ]
INFO: [ app_begin ] --END-- [ RunTime:0.002000s ]
NOTIC: [8] Undefined index: title D:\phpstudy_pro\WWW\wqxts\Application\Api\Controller\NetsignController.class.php 第 1459 行.
SQL: SHOW COLUMNS FROM `customer` [ RunTime:0.0040s ]
SQL: SELECT * FROM `customer` WHERE ( id='925' ) LIMIT 1   [ RunTime:0.0020s ]
SQL: SHOW COLUMNS FROM `swwscolumn` [ RunTime:0.0040s ]
NOTIC: [2] Invalid argument supplied for foreach() D:\phpstudy_pro\WWW\wqxts\ThinkPHP\Library\Think\Db\Driver.class.php 第 504 行.
SQL: SELECT * FROM `swwscolumn` ORDER BY id asc  [ RunTime:0.0010s ]
SQL: SHOW COLUMNS FROM `swws` [ RunTime:0.0040s ]
SQL: SELECT * FROM `swws` WHERE ( pid='6' and 1 ) ORDER BY id desc LIMIT 0,10   [ RunTime:0.0020s ]
INFO: [ app_end ] --START--
INFO: Run Behavior\ShowPageTraceBehavior [ RunTime:0.002001s ]
INFO: [ app_end ] --END-- [ RunTime:0.002001s ]

[ 2019-12-23T10:27:51+08:00 ] 127.0.0.1 /api/netsign/swws/userid/925/token/649c63ad3f7030b5a1f0f54b80944578/page/1/pid/7
INFO: [ app_init ] --START--
INFO: Run Behavior\BuildLiteBehavior [ RunTime:0.000000s ]
INFO: [ app_init ] --END-- [ RunTime:0.002000s ]
INFO: [ app_begin ] --START--
INFO: Run Behavior\ReadHtmlCacheBehavior [ RunTime:0.003000s ]
INFO: [ app_begin ] --END-- [ RunTime:0.003000s ]
NOTIC: [8] Undefined index: title D:\phpstudy_pro\WWW\wqxts\Application\Api\Controller\NetsignController.class.php 第 1459 行.
SQL: SHOW COLUMNS FROM `customer` [ RunTime:0.0040s ]
SQL: SELECT * FROM `customer` WHERE ( id='925' ) LIMIT 1   [ RunTime:0.0010s ]
SQL: SHOW COLUMNS FROM `swwscolumn` [ RunTime:0.0030s ]
NOTIC: [2] Invalid argument supplied for foreach() D:\phpstudy_pro\WWW\wqxts\ThinkPHP\Library\Think\Db\Driver.class.php 第 504 行.
SQL: SELECT * FROM `swwscolumn` ORDER BY id asc  [ RunTime:0.0010s ]
SQL: SHOW COLUMNS FROM `swws` [ RunTime:0.0040s ]
SQL: SELECT * FROM `swws` WHERE ( pid='7' and 1 ) ORDER BY id desc LIMIT 0,10   [ RunTime:0.0020s ]
INFO: [ app_end ] --START--
INFO: Run Behavior\ShowPageTraceBehavior [ RunTime:0.002000s ]
INFO: [ app_end ] --END-- [ RunTime:0.002000s ]

[ 2019-12-23T10:27:53+08:00 ] 127.0.0.1 /api/netsign/swws/userid/925/token/649c63ad3f7030b5a1f0f54b80944578/page/1/pid/1
INFO: [ app_init ] --START--
INFO: Run Behavior\BuildLiteBehavior [ RunTime:0.000000s ]
INFO: [ app_init ] --END-- [ RunTime:0.002001s ]
INFO: [ app_begin ] --START--
INFO: Run Behavior\ReadHtmlCacheBehavior [ RunTime:0.002000s ]
INFO: [ app_begin ] --END-- [ RunTime:0.002000s ]
NOTIC: [8] Undefined index: title D:\phpstudy_pro\WWW\wqxts\Application\Api\Controller\NetsignController.class.php 第 1459 行.
SQL: SHOW COLUMNS FROM `customer` [ RunTime:0.0050s ]
SQL: SELECT * FROM `customer` WHERE ( id='925' ) LIMIT 1   [ RunTime:0.0020s ]
SQL: SHOW COLUMNS FROM `swwscolumn` [ RunTime:0.0040s ]
NOTIC: [2] Invalid argument supplied for foreach() D:\phpstudy_pro\WWW\wqxts\ThinkPHP\Library\Think\Db\Driver.class.php 第 504 行.
SQL: SELECT * FROM `swwscolumn` ORDER BY id asc  [ RunTime:0.0020s ]
SQL: SHOW COLUMNS FROM `swws` [ RunTime:0.0040s ]
SQL: SELECT * FROM `swws` WHERE ( pid='1' and 1 ) ORDER BY id desc LIMIT 0,10   [ RunTime:0.0010s ]
INFO: [ app_end ] --START--
INFO: Run Behavior\ShowPageTraceBehavior [ RunTime:0.002000s ]
INFO: [ app_end ] --END-- [ RunTime:0.002000s ]

[ 2019-12-23T10:27:54+08:00 ] 127.0.0.1 /api/netsign/swws/userid/925/token/649c63ad3f7030b5a1f0f54b80944578/page/1/pid/6
INFO: [ app_init ] --START--
INFO: Run Behavior\BuildLiteBehavior [ RunTime:0.000000s ]
INFO: [ app_init ] --END-- [ RunTime:0.001000s ]
INFO: [ app_begin ] --START--
INFO: Run Behavior\ReadHtmlCacheBehavior [ RunTime:0.002000s ]
INFO: [ app_begin ] --END-- [ RunTime:0.002000s ]
NOTIC: [8] Undefined index: title D:\phpstudy_pro\WWW\wqxts\Application\Api\Controller\NetsignController.class.php 第 1459 行.
SQL: SHOW COLUMNS FROM `customer` [ RunTime:0.0030s ]
SQL: SELECT * FROM `customer` WHERE ( id='925' ) LIMIT 1   [ RunTime:0.0010s ]
SQL: SHOW COLUMNS FROM `swwscolumn` [ RunTime:0.0020s ]
NOTIC: [2] Invalid argument supplied for foreach() D:\phpstudy_pro\WWW\wqxts\ThinkPHP\Library\Think\Db\Driver.class.php 第 504 行.
SQL: SELECT * FROM `swwscolumn` ORDER BY id asc  [ RunTime:0.0010s ]
SQL: SHOW COLUMNS FROM `swws` [ RunTime:0.0020s ]
SQL: SELECT * FROM `swws` WHERE ( pid='6' and 1 ) ORDER BY id desc LIMIT 0,10   [ RunTime:0.0010s ]
INFO: [ app_end ] --START--
INFO: Run Behavior\ShowPageTraceBehavior [ RunTime:0.002000s ]
INFO: [ app_end ] --END-- [ RunTime:0.002000s ]

[ 2019-12-23T10:28:02+08:00 ] 127.0.0.1 /api/netsign/swws/userid/925/token/649c63ad3f7030b5a1f0f54b80944578/page/1/pid/1
INFO: [ app_init ] --START--
INFO: Run Behavior\BuildLiteBehavior [ RunTime:0.000000s ]
INFO: [ app_init ] --END-- [ RunTime:0.002000s ]
INFO: [ app_begin ] --START--
INFO: Run Behavior\ReadHtmlCacheBehavior [ RunTime:0.003001s ]
INFO: [ app_begin ] --END-- [ RunTime:0.003001s ]
NOTIC: [8] Undefined index: title D:\phpstudy_pro\WWW\wqxts\Application\Api\Controller\NetsignController.class.php 第 1459 行.
SQL: SHOW COLUMNS FROM `customer` [ RunTime:0.0040s ]
SQL: SELECT * FROM `customer` WHERE ( id='925' ) LIMIT 1   [ RunTime:0.0010s ]
SQL: SHOW COLUMNS FROM `swwscolumn` [ RunTime:0.0040s ]
NOTIC: [2] Invalid argument supplied for foreach() D:\phpstudy_pro\WWW\wqxts\ThinkPHP\Library\Think\Db\Driver.class.php 第 504 行.
SQL: SELECT * FROM `swwscolumn` ORDER BY id asc  [ RunTime:0.0010s ]
SQL: SHOW COLUMNS FROM `swws` [ RunTime:0.0030s ]
SQL: SELECT * FROM `swws` WHERE ( pid='1' and 1 ) ORDER BY id desc LIMIT 0,10   [ RunTime:0.0010s ]
INFO: [ app_end ] --START--
INFO: Run Behavior\ShowPageTraceBehavior [ RunTime:0.003000s ]
INFO: [ app_end ] --END-- [ RunTime:0.003000s ]

[ 2019-12-23T10:28:07+08:00 ] 127.0.0.1 /api/netsign/bullhorn/userid/925/token/649c63ad3f7030b5a1f0f54b80944578
INFO: [ app_init ] --START--
INFO: Run Behavior\BuildLiteBehavior [ RunTime:0.000000s ]
INFO: [ app_init ] --END-- [ RunTime:0.002000s ]
INFO: [ app_begin ] --START--
INFO: Run Behavior\ReadHtmlCacheBehavior [ RunTime:0.002000s ]
INFO: [ app_begin ] --END-- [ RunTime:0.003000s ]
NOTIC: [8] Undefined index: page D:\phpstudy_pro\WWW\wqxts\Application\Api\Controller\NetsignController.class.php 第 1636 行.
SQL: SHOW COLUMNS FROM `customer` [ RunTime:0.0020s ]
SQL: SELECT * FROM `customer` WHERE ( id='925' ) LIMIT 1   [ RunTime:0.0010s ]
SQL: SHOW COLUMNS FROM `bullhorn` [ RunTime:0.0020s ]
NOTIC: [2] Invalid argument supplied for foreach() D:\phpstudy_pro\WWW\wqxts\ThinkPHP\Library\Think\Db\Driver.class.php 第 504 行.
SQL: SELECT * FROM `bullhorn` ORDER BY id desc LIMIT 0,10   [ RunTime:0.0020s ]
INFO: [ app_end ] --START--
INFO: Run Behavior\ShowPageTraceBehavior [ RunTime:0.002000s ]
INFO: [ app_end ] --END-- [ RunTime:0.002000s ]

[ 2019-12-23T10:28:16+08:00 ] 127.0.0.1 /api/netsign/index/userid/492/token/649c63ad3f7030b5a1f0f54b80944578
INFO: [ app_init ] --START--
INFO: Run Behavior\BuildLiteBehavior [ RunTime:0.000000s ]
INFO: [ app_init ] --END-- [ RunTime:0.002000s ]
INFO: [ app_begin ] --START--
INFO: Run Behavior\ReadHtmlCacheBehavior [ RunTime:0.002000s ]
INFO: [ app_begin ] --END-- [ RunTime:0.002000s ]
SQL: SHOW COLUMNS FROM `customer` [ RunTime:0.0040s ]
SQL: SELECT * FROM `customer` WHERE ( id='492' ) LIMIT 1   [ RunTime:0.0010s ]
SQL: select * from sign as so,

(select a.*,b.orders,b.uid from signson as a , templateson as b where b.uid = 492 and a.tsid = b.id and a.issign = 1 group by a.fid) as son where so.id = son.fid and so.status = 1 and so.nownode = son.orders [ RunTime:0.0030s ]
SQL: select * from sign where status=1 and uid='492' [ RunTime:0.0010s ]
SQL: SHOW COLUMNS FROM `senduid` [ RunTime:0.0040s ]
SQL: SELECT COUNT(*) AS tp_count FROM `senduid` WHERE ( receiveuid = '492' and status = '2' and isout ='2'     ) LIMIT 1   [ RunTime:0.0020s ]
SQL: SELECT
	*
FROM
	(
		SELECT
			b. NAME,
			a.id,
			a.starttime,
			a.endtime,
	        a.savetime,
	        a.status
		FROM
			sign AS a,
			template AS b
		WHERE
			a.uid = '492'
		AND a.mid = b.id 
		UNION ALL
			SELECT
				c. NAME,
				d.id,
				d.starttime,
				d.endtime,
			    d.savetime,
			    d.status
			FROM
				(
					SELECT
						a.*, b. NAME
					FROM
						(
							SELECT
								fid,
								orders
							FROM
								templateson
							WHERE
								uid = '492'
							GROUP BY
								fid
						) AS a,
						template AS b
					WHERE
						a.fid = b.id
				) AS c
			, sign AS d where c.fid = d.mid 
	) e
GROUP BY
	id order by savetime desc
LIMIT 10 [ RunTime:0.0030s ]
INFO: [ app_end ] --START--
INFO: Run Behavior\ShowPageTraceBehavior [ RunTime:0.002000s ]
INFO: [ app_end ] --END-- [ RunTime:0.002000s ]

[ 2019-12-23T10:28:19+08:00 ] 127.0.0.1 /api/login/appindex/userid/492/token/649c63ad3f7030b5a1f0f54b80944578
INFO: [ app_init ] --START--
INFO: Run Behavior\BuildLiteBehavior [ RunTime:0.000000s ]
INFO: [ app_init ] --END-- [ RunTime:0.002000s ]
INFO: [ app_begin ] --START--
INFO: Run Behavior\ReadHtmlCacheBehavior [ RunTime:0.002000s ]
INFO: [ app_begin ] --END-- [ RunTime:0.002000s ]
SQL: SHOW COLUMNS FROM `customer` [ RunTime:0.0040s ]
SQL: SELECT * FROM `customer` WHERE ( id='492' ) LIMIT 1   [ RunTime:0.0010s ]
INFO: [ app_end ] --START--
INFO: Run Behavior\ShowPageTraceBehavior [ RunTime:0.002000s ]
INFO: [ app_end ] --END-- [ RunTime:0.002000s ]

[ 2019-12-23T10:31:21+08:00 ] 127.0.0.1 /api/login/appindex/userid/492/token/649c63ad3f7030b5a1f0f54b80944578
INFO: [ app_init ] --START--
INFO: Run Behavior\BuildLiteBehavior [ RunTime:0.000000s ]
INFO: [ app_init ] --END-- [ RunTime:0.002000s ]
INFO: [ app_begin ] --START--
INFO: Run Behavior\ReadHtmlCacheBehavior [ RunTime:0.002000s ]
INFO: [ app_begin ] --END-- [ RunTime:0.002000s ]
SQL: SHOW COLUMNS FROM `customer` [ RunTime:0.0040s ]
SQL: SELECT * FROM `customer` WHERE ( id='492' ) LIMIT 1   [ RunTime:0.0010s ]
INFO: [ app_end ] --START--
INFO: Run Behavior\ShowPageTraceBehavior [ RunTime:0.003000s ]
INFO: [ app_end ] --END-- [ RunTime:0.003000s ]

[ 2019-12-23T10:31:23+08:00 ] 127.0.0.1 /api/netsign/index/userid/492/token/649c63ad3f7030b5a1f0f54b80944578
INFO: [ app_init ] --START--
INFO: Run Behavior\BuildLiteBehavior [ RunTime:0.000000s ]
INFO: [ app_init ] --END-- [ RunTime:0.002000s ]
INFO: [ app_begin ] --START--
INFO: Run Behavior\ReadHtmlCacheBehavior [ RunTime:0.002000s ]
INFO: [ app_begin ] --END-- [ RunTime:0.002000s ]
SQL: SHOW COLUMNS FROM `customer` [ RunTime:0.0040s ]
SQL: SELECT * FROM `customer` WHERE ( id='492' ) LIMIT 1   [ RunTime:0.0010s ]
SQL: select * from sign as so,

(select a.*,b.orders,b.uid from signson as a , templateson as b where b.uid = 492 and a.tsid = b.id and a.issign = 1 group by a.fid) as son where so.id = son.fid and so.status = 1 and so.nownode = son.orders [ RunTime:0.0020s ]
SQL: select * from sign where status=1 and uid='492' [ RunTime:0.0010s ]
SQL: SHOW COLUMNS FROM `senduid` [ RunTime:0.0030s ]
SQL: SELECT COUNT(*) AS tp_count FROM `senduid` WHERE ( receiveuid = '492' and status = '2' and isout ='2'     ) LIMIT 1   [ RunTime:0.0020s ]
SQL: SELECT
	*
FROM
	(
		SELECT
			b. NAME,
			a.id,
			a.starttime,
			a.endtime,
	        a.savetime,
	        a.status
		FROM
			sign AS a,
			template AS b
		WHERE
			a.uid = '492'
		AND a.mid = b.id 
		UNION ALL
			SELECT
				c. NAME,
				d.id,
				d.starttime,
				d.endtime,
			    d.savetime,
			    d.status
			FROM
				(
					SELECT
						a.*, b. NAME
					FROM
						(
							SELECT
								fid,
								orders
							FROM
								templateson
							WHERE
								uid = '492'
							GROUP BY
								fid
						) AS a,
						template AS b
					WHERE
						a.fid = b.id
				) AS c
			, sign AS d where c.fid = d.mid 
	) e
GROUP BY
	id order by savetime desc
LIMIT 10 [ RunTime:0.0020s ]
INFO: [ app_end ] --START--
INFO: Run Behavior\ShowPageTraceBehavior [ RunTime:0.002000s ]
INFO: [ app_end ] --END-- [ RunTime:0.002000s ]

[ 2019-12-23T10:31:26+08:00 ] 127.0.0.1 /api/login/appindex/userid/492/token/649c63ad3f7030b5a1f0f54b80944578
INFO: [ app_init ] --START--
INFO: Run Behavior\BuildLiteBehavior [ RunTime:0.000000s ]
INFO: [ app_init ] --END-- [ RunTime:0.001000s ]
INFO: [ app_begin ] --START--
INFO: Run Behavior\ReadHtmlCacheBehavior [ RunTime:0.001000s ]
INFO: [ app_begin ] --END-- [ RunTime:0.001000s ]
SQL: SHOW COLUMNS FROM `customer` [ RunTime:0.0030s ]
SQL: SELECT * FROM `customer` WHERE ( id='492' ) LIMIT 1   [ RunTime:0.0010s ]
INFO: [ app_end ] --START--
INFO: Run Behavior\ShowPageTraceBehavior [ RunTime:0.002000s ]
INFO: [ app_end ] --END-- [ RunTime:0.002000s ]

[ 2019-12-23T10:31:29+08:00 ] 127.0.0.1 /api/netsign/myselfinfo/userid/492/token/649c63ad3f7030b5a1f0f54b80944578
INFO: [ app_init ] --START--
INFO: Run Behavior\BuildLiteBehavior [ RunTime:0.000000s ]
INFO: [ app_init ] --END-- [ RunTime:0.002000s ]
INFO: [ app_begin ] --START--
INFO: Run Behavior\ReadHtmlCacheBehavior [ RunTime:0.002000s ]
INFO: [ app_begin ] --END-- [ RunTime:0.002000s ]
SQL: SHOW COLUMNS FROM `customer` [ RunTime:0.0040s ]
SQL: SELECT * FROM `customer` WHERE ( id='492' ) LIMIT 1   [ RunTime:0.0010s ]
SQL: SELECT * FROM `customer` WHERE ( id='492' ) LIMIT 1   [ RunTime:0.0020s ]
INFO: [ app_end ] --START--
INFO: Run Behavior\ShowPageTraceBehavior [ RunTime:0.002000s ]
INFO: [ app_end ] --END-- [ RunTime:0.002000s ]

[ 2019-12-23T10:31:31+08:00 ] 127.0.0.1 /api/netsign/mysignname/userid/492/token/649c63ad3f7030b5a1f0f54b80944578
INFO: [ app_init ] --START--
INFO: Run Behavior\BuildLiteBehavior [ RunTime:0.000000s ]
INFO: [ app_init ] --END-- [ RunTime:0.001000s ]
INFO: [ app_begin ] --START--
INFO: Run Behavior\ReadHtmlCacheBehavior [ RunTime:0.002001s ]
INFO: [ app_begin ] --END-- [ RunTime:0.002001s ]
SQL: SHOW COLUMNS FROM `customer` [ RunTime:0.0040s ]
SQL: SELECT * FROM `customer` WHERE ( id='492' ) LIMIT 1   [ RunTime:0.0020s ]
SQL: SELECT * FROM `customer` WHERE ( id='492' ) LIMIT 1   [ RunTime:0.0010s ]
INFO: [ app_end ] --START--
INFO: Run Behavior\ShowPageTraceBehavior [ RunTime:0.003001s ]
INFO: [ app_end ] --END-- [ RunTime:0.003001s ]

