[ 2019-11-30T10:36:16+08:00 ] 127.0.0.1 /api/login/appindex/userid/925/token/f1107decf61c32b4ab469f73c4c5deaf
INFO: [ app_init ] --START--
INFO: Run Behavior\BuildLiteBehavior [ RunTime:0.000000s ]
INFO: [ app_init ] --END-- [ RunTime:0.003001s ]
INFO: [ app_begin ] --START--
INFO: Run Behavior\ReadHtmlCacheBehavior [ RunTime:0.002000s ]
INFO: [ app_begin ] --END-- [ RunTime:0.002000s ]
SQL: SHOW COLUMNS FROM `customer` [ RunTime:0.0050s ]
SQL: SELECT * FROM `customer` WHERE ( id='925' ) LIMIT 1   [ RunTime:0.0020s ]
INFO: [ app_end ] --START--
INFO: Run Behavior\ShowPageTraceBehavior [ RunTime:0.002000s ]
INFO: [ app_end ] --END-- [ RunTime:0.002000s ]

[ 2019-11-30T11:07:38+08:00 ] 127.0.0.1 /api/login/appindex/userid/925/token/f1107decf61c32b4ab469f73c4c5deaf
INFO: [ app_init ] --START--
INFO: Run Behavior\BuildLiteBehavior [ RunTime:0.000000s ]
INFO: [ app_init ] --END-- [ RunTime:0.001000s ]
INFO: [ app_begin ] --START--
INFO: Run Behavior\ReadHtmlCacheBehavior [ RunTime:0.002000s ]
INFO: [ app_begin ] --END-- [ RunTime:0.002000s ]
SQL: SHOW COLUMNS FROM `customer` [ RunTime:0.0040s ]
SQL: SELECT * FROM `customer` WHERE ( id='925' ) LIMIT 1   [ RunTime:0.0020s ]
INFO: [ app_end ] --START--
INFO: Run Behavior\ShowPageTraceBehavior [ RunTime:0.002000s ]
INFO: [ app_end ] --END-- [ RunTime:0.002000s ]

[ 2019-11-30T11:07:41+08:00 ] 127.0.0.1 /api/netsign/index/userid/925/token/f1107decf61c32b4ab469f73c4c5deaf
INFO: [ app_init ] --START--
INFO: Run Behavior\BuildLiteBehavior [ RunTime:0.000000s ]
INFO: [ app_init ] --END-- [ RunTime:0.001000s ]
INFO: [ app_begin ] --START--
INFO: Run Behavior\ReadHtmlCacheBehavior [ RunTime:0.002000s ]
INFO: [ app_begin ] --END-- [ RunTime:0.002000s ]
SQL: SHOW COLUMNS FROM `customer` [ RunTime:0.0040s ]
SQL: SELECT * FROM `customer` WHERE ( id='925' ) LIMIT 1   [ RunTime:0.0010s ]
SQL: select * from sign as so,

(select a.*,b.orders,b.uid from signson as a , templateson as b where b.uid = 925 and a.tsid = b.id and a.issign = 1 group by a.fid) as son where so.id = son.fid and so.status = 1 and so.nownode = son.orders [ RunTime:0.0570s ]
SQL: select * from sign where status=1 and uid='925' [ RunTime:0.0010s ]
SQL: SHOW COLUMNS FROM `senduid` [ RunTime:0.0040s ]
SQL: SELECT COUNT(*) AS tp_count FROM `senduid` WHERE ( receiveuid = '925' and status = '2' and isout ='2'     ) LIMIT 1   [ RunTime:0.0090s ]
SQL: SELECT
	*
FROM
	(
		SELECT
			b. NAME,
			a.id,
			a.starttime,
			a.endtime,
	        a.savetime,
	        a.status
		FROM
			sign AS a,
			template AS b
		WHERE
			a.uid = '925'
		AND a.mid = b.id 
		UNION ALL
			SELECT
				c. NAME,
				d.id,
				d.starttime,
				d.endtime,
			    d.savetime,
			    d.status
			FROM
				(
					SELECT
						a.*, b. NAME
					FROM
						(
							SELECT
								fid,
								orders
							FROM
								templateson
							WHERE
								uid = '925'
							GROUP BY
								fid
						) AS a,
						template AS b
					WHERE
						a.fid = b.id
				) AS c
			, sign AS d where c.fid = d.mid 
	) e
GROUP BY
	id order by savetime desc
LIMIT 10 [ RunTime:0.0170s ]
INFO: [ app_end ] --START--
INFO: Run Behavior\ShowPageTraceBehavior [ RunTime:0.002000s ]
INFO: [ app_end ] --END-- [ RunTime:0.002000s ]

[ 2019-11-30T11:07:43+08:00 ] 127.0.0.1 /api/netsign/signname/userid/925/token/f1107decf61c32b4ab469f73c4c5deaf
INFO: [ app_init ] --START--
INFO: Run Behavior\BuildLiteBehavior [ RunTime:0.000000s ]
INFO: [ app_init ] --END-- [ RunTime:0.001000s ]
INFO: [ app_begin ] --START--
INFO: Run Behavior\ReadHtmlCacheBehavior [ RunTime:0.002000s ]
INFO: [ app_begin ] --END-- [ RunTime:0.002000s ]
NOTIC: [8] Undefined index: fid D:\phpstudy_pro\WWW\wqxts\Application\Api\Controller\NetsignController.class.php 第 303 行.
NOTIC: [8] Undefined index: title D:\phpstudy_pro\WWW\wqxts\Application\Api\Controller\NetsignController.class.php 第 304 行.
SQL: SHOW COLUMNS FROM `customer` [ RunTime:0.0040s ]
SQL: SELECT * FROM `customer` WHERE ( id='925' ) LIMIT 1   [ RunTime:0.0020s ]
SQL: SHOW COLUMNS FROM `framework` [ RunTime:0.0040s ]
SQL: SELECT `id`,`node_name` FROM `framework` WHERE ( type_id=0 ) LIMIT 1   [ RunTime:0.0210s ]
SQL: SELECT `id`,`node_name` FROM `framework` WHERE ( type_id=66 )  [ RunTime:0.0010s ]
SQL: SELECT `id`,`username`,`worker`,`tel`,`topimage` FROM `customer` WHERE ( pid=66 and status=1 )  [ RunTime:0.0010s ]
NOTIC: [8] Undefined variable: udatas D:\phpstudy_pro\WWW\wqxts\Application\Api\Controller\NetsignController.class.php 第 338 行.
INFO: [ app_end ] --START--
INFO: Run Behavior\ShowPageTraceBehavior [ RunTime:0.002000s ]
INFO: [ app_end ] --END-- [ RunTime:0.002000s ]

[ 2019-11-30T11:07:45+08:00 ] 127.0.0.1 /api/netsign/signname/userid/925/token/f1107decf61c32b4ab469f73c4c5deaf/fid/99/title/
INFO: [ app_init ] --START--
INFO: Run Behavior\BuildLiteBehavior [ RunTime:0.000000s ]
INFO: [ app_init ] --END-- [ RunTime:0.001000s ]
INFO: [ app_begin ] --START--
INFO: Run Behavior\ReadHtmlCacheBehavior [ RunTime:0.002000s ]
INFO: [ app_begin ] --END-- [ RunTime:0.002000s ]
NOTIC: [8] Undefined index: title D:\phpstudy_pro\WWW\wqxts\Application\Api\Controller\NetsignController.class.php 第 304 行.
SQL: SHOW COLUMNS FROM `customer` [ RunTime:0.0040s ]
SQL: SELECT * FROM `customer` WHERE ( id='925' ) LIMIT 1   [ RunTime:0.0020s ]
SQL: SHOW COLUMNS FROM `framework` [ RunTime:0.0030s ]
SQL: SELECT `id`,`node_name` FROM `framework` WHERE ( type_id=0 ) LIMIT 1   [ RunTime:0.0010s ]
SQL: SELECT `id`,`node_name` FROM `framework` WHERE ( type_id='99' )  [ RunTime:0.0010s ]
SQL: SELECT * FROM `customer` WHERE ( pid='99' )  [ RunTime:0.0030s ]
SQL: SELECT `id`,`username`,`worker`,`tel`,`topimage` FROM `customer` WHERE ( pid='99' and status=1 )  [ RunTime:0.0020s ]
INFO: [ app_end ] --START--
INFO: Run Behavior\ShowPageTraceBehavior [ RunTime:0.002000s ]
INFO: [ app_end ] --END-- [ RunTime:0.003000s ]

[ 2019-11-30T11:07:47+08:00 ] 127.0.0.1 /api/netsign/signname/userid/925/token/f1107decf61c32b4ab469f73c4c5deaf/fid/0/title/
INFO: [ app_init ] --START--
INFO: Run Behavior\BuildLiteBehavior [ RunTime:0.000000s ]
INFO: [ app_init ] --END-- [ RunTime:0.001000s ]
INFO: [ app_begin ] --START--
INFO: Run Behavior\ReadHtmlCacheBehavior [ RunTime:0.002000s ]
INFO: [ app_begin ] --END-- [ RunTime:0.002000s ]
NOTIC: [8] Undefined index: title D:\phpstudy_pro\WWW\wqxts\Application\Api\Controller\NetsignController.class.php 第 304 行.
SQL: SHOW COLUMNS FROM `customer` [ RunTime:0.0040s ]
SQL: SELECT * FROM `customer` WHERE ( id='925' ) LIMIT 1   [ RunTime:0.0010s ]
SQL: SHOW COLUMNS FROM `framework` [ RunTime:0.0030s ]
SQL: SELECT `id`,`node_name` FROM `framework` WHERE ( type_id=0 ) LIMIT 1   [ RunTime:0.0020s ]
SQL: SELECT `id`,`node_name` FROM `framework` WHERE ( type_id=66 )  [ RunTime:0.0010s ]
SQL: SELECT `id`,`username`,`worker`,`tel`,`topimage` FROM `customer` WHERE ( pid=66 and status=1 )  [ RunTime:0.0020s ]
NOTIC: [8] Undefined variable: udatas D:\phpstudy_pro\WWW\wqxts\Application\Api\Controller\NetsignController.class.php 第 338 行.
INFO: [ app_end ] --START--
INFO: Run Behavior\ShowPageTraceBehavior [ RunTime:0.002000s ]
INFO: [ app_end ] --END-- [ RunTime:0.002000s ]

[ 2019-11-30T11:32:10+08:00 ] 127.0.0.1 /api/login/appindex/userid/925/token/f1107decf61c32b4ab469f73c4c5deaf
INFO: [ app_init ] --START--
INFO: Run Behavior\BuildLiteBehavior [ RunTime:0.000000s ]
INFO: [ app_init ] --END-- [ RunTime:0.002000s ]
INFO: [ app_begin ] --START--
INFO: Run Behavior\ReadHtmlCacheBehavior [ RunTime:0.002000s ]
INFO: [ app_begin ] --END-- [ RunTime:0.002000s ]
SQL: SHOW COLUMNS FROM `customer` [ RunTime:0.0040s ]
SQL: SELECT * FROM `customer` WHERE ( id='925' ) LIMIT 1   [ RunTime:0.0020s ]
INFO: [ app_end ] --START--
INFO: Run Behavior\ShowPageTraceBehavior [ RunTime:0.003000s ]
INFO: [ app_end ] --END-- [ RunTime:0.003000s ]

[ 2019-11-30T11:32:13+08:00 ] 127.0.0.1 /api/netsign/index/userid/925/token/f1107decf61c32b4ab469f73c4c5deaf
INFO: [ app_init ] --START--
INFO: Run Behavior\BuildLiteBehavior [ RunTime:0.000000s ]
INFO: [ app_init ] --END-- [ RunTime:0.001001s ]
INFO: [ app_begin ] --START--
INFO: Run Behavior\ReadHtmlCacheBehavior [ RunTime:0.001000s ]
INFO: [ app_begin ] --END-- [ RunTime:0.001000s ]
SQL: SHOW COLUMNS FROM `customer` [ RunTime:0.0020s ]
SQL: SELECT * FROM `customer` WHERE ( id='925' ) LIMIT 1   [ RunTime:0.0010s ]
SQL: select * from sign as so,

(select a.*,b.orders,b.uid from signson as a , templateson as b where b.uid = 925 and a.tsid = b.id and a.issign = 1 group by a.fid) as son where so.id = son.fid and so.status = 1 and so.nownode = son.orders [ RunTime:0.0010s ]
SQL: select * from sign where status=1 and uid='925' [ RunTime:0.0000s ]
SQL: SHOW COLUMNS FROM `senduid` [ RunTime:0.0020s ]
SQL: SELECT COUNT(*) AS tp_count FROM `senduid` WHERE ( receiveuid = '925' and status = '2' and isout ='2'     ) LIMIT 1   [ RunTime:0.0010s ]
SQL: SELECT
	*
FROM
	(
		SELECT
			b. NAME,
			a.id,
			a.starttime,
			a.endtime,
	        a.savetime,
	        a.status
		FROM
			sign AS a,
			template AS b
		WHERE
			a.uid = '925'
		AND a.mid = b.id 
		UNION ALL
			SELECT
				c. NAME,
				d.id,
				d.starttime,
				d.endtime,
			    d.savetime,
			    d.status
			FROM
				(
					SELECT
						a.*, b. NAME
					FROM
						(
							SELECT
								fid,
								orders
							FROM
								templateson
							WHERE
								uid = '925'
							GROUP BY
								fid
						) AS a,
						template AS b
					WHERE
						a.fid = b.id
				) AS c
			, sign AS d where c.fid = d.mid 
	) e
GROUP BY
	id order by savetime desc
LIMIT 10 [ RunTime:0.0020s ]
INFO: [ app_end ] --START--
INFO: Run Behavior\ShowPageTraceBehavior [ RunTime:0.002000s ]
INFO: [ app_end ] --END-- [ RunTime:0.002000s ]

[ 2019-11-30T13:56:59+08:00 ] 127.0.0.1 /api/login/appindex/userid/411/token/80c440068e923108bca077d0819d458f
INFO: [ app_init ] --START--
INFO: Run Behavior\BuildLiteBehavior [ RunTime:0.000000s ]
INFO: [ app_init ] --END-- [ RunTime:0.002000s ]
INFO: [ app_begin ] --START--
INFO: Run Behavior\ReadHtmlCacheBehavior [ RunTime:0.002000s ]
INFO: [ app_begin ] --END-- [ RunTime:0.002000s ]
SQL: SHOW COLUMNS FROM `customer` [ RunTime:0.0040s ]
SQL: SELECT * FROM `customer` WHERE ( id='411' ) LIMIT 1   [ RunTime:0.0020s ]
INFO: [ app_end ] --START--
INFO: Run Behavior\ShowPageTraceBehavior [ RunTime:0.002000s ]
INFO: [ app_end ] --END-- [ RunTime:0.002000s ]

[ 2019-11-30T13:57:05+08:00 ] 127.0.0.1 /api/netsign/index/userid/411/token/80c440068e923108bca077d0819d458f
INFO: [ app_init ] --START--
INFO: Run Behavior\BuildLiteBehavior [ RunTime:0.000000s ]
INFO: [ app_init ] --END-- [ RunTime:0.001000s ]
INFO: [ app_begin ] --START--
INFO: Run Behavior\ReadHtmlCacheBehavior [ RunTime:0.001000s ]
INFO: [ app_begin ] --END-- [ RunTime:0.002000s ]
SQL: SHOW COLUMNS FROM `customer` [ RunTime:0.0040s ]
SQL: SELECT * FROM `customer` WHERE ( id='411' ) LIMIT 1   [ RunTime:0.0010s ]
SQL: select * from sign as so,

(select a.*,b.orders,b.uid from signson as a , templateson as b where b.uid = 411 and a.tsid = b.id and a.issign = 1 group by a.fid) as son where so.id = son.fid and so.status = 1 and so.nownode = son.orders [ RunTime:0.0030s ]
SQL: select * from sign where status=1 and uid='411' [ RunTime:0.0010s ]
SQL: SHOW COLUMNS FROM `senduid` [ RunTime:0.0040s ]
SQL: SELECT COUNT(*) AS tp_count FROM `senduid` WHERE ( receiveuid = '411' and status = '2' and isout ='2'     ) LIMIT 1   [ RunTime:0.0020s ]
SQL: SELECT
	*
FROM
	(
		SELECT
			b. NAME,
			a.id,
			a.starttime,
			a.endtime,
	        a.savetime,
	        a.status
		FROM
			sign AS a,
			template AS b
		WHERE
			a.uid = '411'
		AND a.mid = b.id 
		UNION ALL
			SELECT
				c. NAME,
				d.id,
				d.starttime,
				d.endtime,
			    d.savetime,
			    d.status
			FROM
				(
					SELECT
						a.*, b. NAME
					FROM
						(
							SELECT
								fid,
								orders
							FROM
								templateson
							WHERE
								uid = '411'
							GROUP BY
								fid
						) AS a,
						template AS b
					WHERE
						a.fid = b.id
				) AS c
			, sign AS d where c.fid = d.mid 
	) e
GROUP BY
	id order by savetime desc
LIMIT 10 [ RunTime:0.0030s ]
INFO: [ app_end ] --START--
INFO: Run Behavior\ShowPageTraceBehavior [ RunTime:0.002000s ]
INFO: [ app_end ] --END-- [ RunTime:0.002000s ]

[ 2019-11-30T13:57:12+08:00 ] 127.0.0.1 /api/netsign/signall/userid/411/token/80c440068e923108bca077d0819d458f/page/1
INFO: [ app_init ] --START--
INFO: Run Behavior\BuildLiteBehavior [ RunTime:0.000000s ]
INFO: [ app_init ] --END-- [ RunTime:0.001000s ]
INFO: [ app_begin ] --START--
INFO: Run Behavior\ReadHtmlCacheBehavior [ RunTime:0.002001s ]
INFO: [ app_begin ] --END-- [ RunTime:0.002001s ]
SQL: SHOW COLUMNS FROM `customer` [ RunTime:0.0040s ]
SQL: SELECT * FROM `customer` WHERE ( id='411' ) LIMIT 1   [ RunTime:0.0020s ]
SQL: select * from (
select @last := '1' as mystatus,b.name,a.id,a.savetime,a.starttime,a.endtime,a.status from sign as a ,template as b  where a.uid='411' and a.mid = b.id UNION all select @last := '2' as mystatus,c.name,d.id,d.savetime,d.starttime,d.endtime,d.`status` from (
select a.*,b.name from (SELECT fid,orders FROM templateson WHERE uid = '411' GROUP BY fid) as a,template as b where a.fid=b.id) as c , sign as d where c.fid = d.mid ) e group by id
			order by savetime desc limit 0,10 [ RunTime:0.0040s ]
INFO: [ app_end ] --START--
INFO: Run Behavior\ShowPageTraceBehavior [ RunTime:0.002000s ]
INFO: [ app_end ] --END-- [ RunTime:0.002000s ]

[ 2019-11-30T13:57:15+08:00 ] 127.0.0.1 /api/netsign/signname/userid/411/token/80c440068e923108bca077d0819d458f
INFO: [ app_init ] --START--
INFO: Run Behavior\BuildLiteBehavior [ RunTime:0.000000s ]
INFO: [ app_init ] --END-- [ RunTime:0.001000s ]
INFO: [ app_begin ] --START--
INFO: Run Behavior\ReadHtmlCacheBehavior [ RunTime:0.001000s ]
INFO: [ app_begin ] --END-- [ RunTime:0.001000s ]
NOTIC: [8] Undefined index: fid D:\phpstudy_pro\WWW\wqxts\Application\Api\Controller\NetsignController.class.php 第 303 行.
NOTIC: [8] Undefined index: title D:\phpstudy_pro\WWW\wqxts\Application\Api\Controller\NetsignController.class.php 第 304 行.
SQL: SHOW COLUMNS FROM `customer` [ RunTime:0.0040s ]
SQL: SELECT * FROM `customer` WHERE ( id='411' ) LIMIT 1   [ RunTime:0.0010s ]
SQL: SHOW COLUMNS FROM `framework` [ RunTime:0.0040s ]
SQL: SELECT `id`,`node_name` FROM `framework` WHERE ( type_id=0 ) LIMIT 1   [ RunTime:0.0020s ]
SQL: SELECT `id`,`node_name` FROM `framework` WHERE ( type_id=66 )  [ RunTime:0.0010s ]
SQL: SELECT `id`,`username`,`worker`,`tel`,`topimage` FROM `customer` WHERE ( pid=66 and status=1 )  [ RunTime:0.0010s ]
NOTIC: [8] Undefined variable: udatas D:\phpstudy_pro\WWW\wqxts\Application\Api\Controller\NetsignController.class.php 第 338 行.
INFO: [ app_end ] --START--
INFO: Run Behavior\ShowPageTraceBehavior [ RunTime:0.002000s ]
INFO: [ app_end ] --END-- [ RunTime:0.002000s ]

[ 2019-11-30T13:57:19+08:00 ] 127.0.0.1 /api/netsign/signname/userid/411/token/80c440068e923108bca077d0819d458f/fid/106/title/
INFO: [ app_init ] --START--
INFO: Run Behavior\BuildLiteBehavior [ RunTime:0.000000s ]
INFO: [ app_init ] --END-- [ RunTime:0.001000s ]
INFO: [ app_begin ] --START--
INFO: Run Behavior\ReadHtmlCacheBehavior [ RunTime:0.002000s ]
INFO: [ app_begin ] --END-- [ RunTime:0.002000s ]
NOTIC: [8] Undefined index: title D:\phpstudy_pro\WWW\wqxts\Application\Api\Controller\NetsignController.class.php 第 304 行.
SQL: SHOW COLUMNS FROM `customer` [ RunTime:0.0040s ]
SQL: SELECT * FROM `customer` WHERE ( id='411' ) LIMIT 1   [ RunTime:0.0010s ]
SQL: SHOW COLUMNS FROM `framework` [ RunTime:0.0030s ]
SQL: SELECT `id`,`node_name` FROM `framework` WHERE ( type_id=0 ) LIMIT 1   [ RunTime:0.0010s ]
SQL: SELECT `id`,`node_name` FROM `framework` WHERE ( type_id='106' )  [ RunTime:0.0010s ]
SQL: SELECT * FROM `customer` WHERE ( pid='106' )  [ RunTime:0.0020s ]
SQL: SELECT `id`,`username`,`worker`,`tel`,`topimage` FROM `customer` WHERE ( pid='106' and status=1 )  [ RunTime:0.0010s ]
INFO: [ app_end ] --START--
INFO: Run Behavior\ShowPageTraceBehavior [ RunTime:0.002000s ]
INFO: [ app_end ] --END-- [ RunTime:0.002000s ]

[ 2019-11-30T13:57:22+08:00 ] 127.0.0.1 /api/netsign/userinfo/userid/411/token/80c440068e923108bca077d0819d458f/id/411
INFO: [ app_init ] --START--
INFO: Run Behavior\BuildLiteBehavior [ RunTime:0.000000s ]
INFO: [ app_init ] --END-- [ RunTime:0.002000s ]
INFO: [ app_begin ] --START--
INFO: Run Behavior\ReadHtmlCacheBehavior [ RunTime:0.002000s ]
INFO: [ app_begin ] --END-- [ RunTime:0.002000s ]
SQL: SHOW COLUMNS FROM `customer` [ RunTime:0.0040s ]
SQL: SELECT * FROM `customer` WHERE ( id='411' ) LIMIT 1   [ RunTime:0.0010s ]
SQL: SELECT * FROM `customer` WHERE ( id='411' ) LIMIT 1   [ RunTime:0.0010s ]
SQL: SHOW COLUMNS FROM `framework` [ RunTime:0.0030s ]
SQL: SELECT * FROM `framework` WHERE ( id='106' ) LIMIT 1   [ RunTime:0.0020s ]
SQL: SHOW COLUMNS FROM `templateson` [ RunTime:0.0030s ]
SQL: SELECT COUNT(*) AS tp_count FROM `templateson` WHERE ( uid='411' and type=1 ) LIMIT 1   [ RunTime:0.0010s ]
SQL: SELECT COUNT(*) AS tp_count FROM `templateson` WHERE ( uid='411' and type=2 ) LIMIT 1   [ RunTime:0.0010s ]
INFO: [ app_end ] --START--
INFO: Run Behavior\ShowPageTraceBehavior [ RunTime:0.002000s ]
INFO: [ app_end ] --END-- [ RunTime:0.002000s ]

[ 2019-11-30T13:57:27+08:00 ] 127.0.0.1 /api/netsign/signname/userid/411/token/80c440068e923108bca077d0819d458f
INFO: [ app_init ] --START--
INFO: Run Behavior\BuildLiteBehavior [ RunTime:0.000000s ]
INFO: [ app_init ] --END-- [ RunTime:0.002001s ]
INFO: [ app_begin ] --START--
INFO: Run Behavior\ReadHtmlCacheBehavior [ RunTime:0.002000s ]
INFO: [ app_begin ] --END-- [ RunTime:0.002000s ]
NOTIC: [8] Undefined index: fid D:\phpstudy_pro\WWW\wqxts\Application\Api\Controller\NetsignController.class.php 第 303 行.
NOTIC: [8] Undefined index: title D:\phpstudy_pro\WWW\wqxts\Application\Api\Controller\NetsignController.class.php 第 304 行.
SQL: SHOW COLUMNS FROM `customer` [ RunTime:0.0040s ]
SQL: SELECT * FROM `customer` WHERE ( id='411' ) LIMIT 1   [ RunTime:0.0010s ]
SQL: SHOW COLUMNS FROM `framework` [ RunTime:0.0040s ]
SQL: SELECT `id`,`node_name` FROM `framework` WHERE ( type_id=0 ) LIMIT 1   [ RunTime:0.0010s ]
SQL: SELECT `id`,`node_name` FROM `framework` WHERE ( type_id=66 )  [ RunTime:0.0010s ]
SQL: SELECT `id`,`username`,`worker`,`tel`,`topimage` FROM `customer` WHERE ( pid=66 and status=1 )  [ RunTime:0.0020s ]
NOTIC: [8] Undefined variable: udatas D:\phpstudy_pro\WWW\wqxts\Application\Api\Controller\NetsignController.class.php 第 338 行.
INFO: [ app_end ] --START--
INFO: Run Behavior\ShowPageTraceBehavior [ RunTime:0.002000s ]
INFO: [ app_end ] --END-- [ RunTime:0.002000s ]

[ 2019-11-30T13:57:34+08:00 ] 127.0.0.1 /api/netsign/signall/userid/411/token/80c440068e923108bca077d0819d458f/page/1
INFO: [ app_init ] --START--
INFO: Run Behavior\BuildLiteBehavior [ RunTime:0.000000s ]
INFO: [ app_init ] --END-- [ RunTime:0.002000s ]
INFO: [ app_begin ] --START--
INFO: Run Behavior\ReadHtmlCacheBehavior [ RunTime:0.002000s ]
INFO: [ app_begin ] --END-- [ RunTime:0.002000s ]
SQL: SHOW COLUMNS FROM `customer` [ RunTime:0.0040s ]
SQL: SELECT * FROM `customer` WHERE ( id='411' ) LIMIT 1   [ RunTime:0.0010s ]
SQL: select * from (
select @last := '1' as mystatus,b.name,a.id,a.savetime,a.starttime,a.endtime,a.status from sign as a ,template as b  where a.uid='411' and a.mid = b.id UNION all select @last := '2' as mystatus,c.name,d.id,d.savetime,d.starttime,d.endtime,d.`status` from (
select a.*,b.name from (SELECT fid,orders FROM templateson WHERE uid = '411' GROUP BY fid) as a,template as b where a.fid=b.id) as c , sign as d where c.fid = d.mid ) e group by id
			order by savetime desc limit 0,10 [ RunTime:0.0030s ]
INFO: [ app_end ] --START--
INFO: Run Behavior\ShowPageTraceBehavior [ RunTime:0.002001s ]
INFO: [ app_end ] --END-- [ RunTime:0.002001s ]

[ 2019-11-30T13:57:35+08:00 ] 127.0.0.1 /api/netsign/mysignlist/userid/411/token/80c440068e923108bca077d0819d458f/page/1
INFO: [ app_init ] --START--
INFO: Run Behavior\BuildLiteBehavior [ RunTime:0.000000s ]
INFO: [ app_init ] --END-- [ RunTime:0.001000s ]
INFO: [ app_begin ] --START--
INFO: Run Behavior\ReadHtmlCacheBehavior [ RunTime:0.002000s ]
INFO: [ app_begin ] --END-- [ RunTime:0.002000s ]
SQL: SHOW COLUMNS FROM `customer` [ RunTime:0.0040s ]
SQL: SELECT * FROM `customer` WHERE ( id='411' ) LIMIT 1   [ RunTime:0.0010s ]
SQL: select b.name,a.id,a.starttime,a.endtime,a.status from sign as a ,template as b  where a.uid='411' and a.mid = b.id order by a.savetime desc limit 0,10 [ RunTime:0.0020s ]
INFO: [ app_end ] --START--
INFO: Run Behavior\ShowPageTraceBehavior [ RunTime:0.002000s ]
INFO: [ app_end ] --END-- [ RunTime:0.002000s ]

[ 2019-11-30T13:57:38+08:00 ] 127.0.0.1 /api/netsign/waitmysign/userid/411/token/80c440068e923108bca077d0819d458f/page/1
INFO: [ app_init ] --START--
INFO: Run Behavior\BuildLiteBehavior [ RunTime:0.000000s ]
INFO: [ app_init ] --END-- [ RunTime:0.002000s ]
INFO: [ app_begin ] --START--
INFO: Run Behavior\ReadHtmlCacheBehavior [ RunTime:0.002000s ]
INFO: [ app_begin ] --END-- [ RunTime:0.002000s ]
SQL: SHOW COLUMNS FROM `customer` [ RunTime:0.0040s ]
SQL: SELECT * FROM `customer` WHERE ( id='411' ) LIMIT 1   [ RunTime:0.0010s ]
SQL: select c.name,d.id,d.starttime,d.endtime,d.`status` from (
select a.*,b.name from (SELECT fid,orders FROM templateson WHERE uid = '411' GROUP BY fid) as a,template as b where a.fid=b.id) as c , sign as d where  c.fid = d.mid and c.orders = d.nownode
			order by d.savetime desc limit 0,10 [ RunTime:0.0030s ]
INFO: [ app_end ] --START--
INFO: Run Behavior\ShowPageTraceBehavior [ RunTime:0.002000s ]
INFO: [ app_end ] --END-- [ RunTime:0.002000s ]

[ 2019-11-30T13:57:41+08:00 ] 127.0.0.1 /api/netsign/index/userid/411/token/80c440068e923108bca077d0819d458f
INFO: [ app_init ] --START--
INFO: Run Behavior\BuildLiteBehavior [ RunTime:0.000000s ]
INFO: [ app_init ] --END-- [ RunTime:0.002000s ]
INFO: [ app_begin ] --START--
INFO: Run Behavior\ReadHtmlCacheBehavior [ RunTime:0.002001s ]
INFO: [ app_begin ] --END-- [ RunTime:0.002001s ]
SQL: SHOW COLUMNS FROM `customer` [ RunTime:0.0040s ]
SQL: SELECT * FROM `customer` WHERE ( id='411' ) LIMIT 1   [ RunTime:0.0010s ]
SQL: select * from sign as so,

(select a.*,b.orders,b.uid from signson as a , templateson as b where b.uid = 411 and a.tsid = b.id and a.issign = 1 group by a.fid) as son where so.id = son.fid and so.status = 1 and so.nownode = son.orders [ RunTime:0.0030s ]
SQL: select * from sign where status=1 and uid='411' [ RunTime:0.0010s ]
SQL: SHOW COLUMNS FROM `senduid` [ RunTime:0.0030s ]
SQL: SELECT COUNT(*) AS tp_count FROM `senduid` WHERE ( receiveuid = '411' and status = '2' and isout ='2'     ) LIMIT 1   [ RunTime:0.0010s ]
SQL: SELECT
	*
FROM
	(
		SELECT
			b. NAME,
			a.id,
			a.starttime,
			a.endtime,
	        a.savetime,
	        a.status
		FROM
			sign AS a,
			template AS b
		WHERE
			a.uid = '411'
		AND a.mid = b.id 
		UNION ALL
			SELECT
				c. NAME,
				d.id,
				d.starttime,
				d.endtime,
			    d.savetime,
			    d.status
			FROM
				(
					SELECT
						a.*, b. NAME
					FROM
						(
							SELECT
								fid,
								orders
							FROM
								templateson
							WHERE
								uid = '411'
							GROUP BY
								fid
						) AS a,
						template AS b
					WHERE
						a.fid = b.id
				) AS c
			, sign AS d where c.fid = d.mid 
	) e
GROUP BY
	id order by savetime desc
LIMIT 10 [ RunTime:0.0030s ]
INFO: [ app_end ] --START--
INFO: Run Behavior\ShowPageTraceBehavior [ RunTime:0.003000s ]
INFO: [ app_end ] --END-- [ RunTime:0.003000s ]

[ 2019-11-30T13:57:45+08:00 ] 127.0.0.1 /api/netsign/waitmysign/userid/411/token/80c440068e923108bca077d0819d458f/page/1
INFO: [ app_init ] --START--
INFO: Run Behavior\BuildLiteBehavior [ RunTime:0.000000s ]
INFO: [ app_init ] --END-- [ RunTime:0.001000s ]
INFO: [ app_begin ] --START--
INFO: Run Behavior\ReadHtmlCacheBehavior [ RunTime:0.002000s ]
INFO: [ app_begin ] --END-- [ RunTime:0.002000s ]
SQL: SHOW COLUMNS FROM `customer` [ RunTime:0.0040s ]
SQL: SELECT * FROM `customer` WHERE ( id='411' ) LIMIT 1   [ RunTime:0.0010s ]
SQL: select c.name,d.id,d.starttime,d.endtime,d.`status` from (
select a.*,b.name from (SELECT fid,orders FROM templateson WHERE uid = '411' GROUP BY fid) as a,template as b where a.fid=b.id) as c , sign as d where  c.fid = d.mid and c.orders = d.nownode
			order by d.savetime desc limit 0,10 [ RunTime:0.0030s ]
INFO: [ app_end ] --START--
INFO: Run Behavior\ShowPageTraceBehavior [ RunTime:0.002001s ]
INFO: [ app_end ] --END-- [ RunTime:0.002001s ]

[ 2019-11-30T13:57:47+08:00 ] 127.0.0.1 /api/netsign/mysignlist/userid/411/token/80c440068e923108bca077d0819d458f/page/1
INFO: [ app_init ] --START--
INFO: Run Behavior\BuildLiteBehavior [ RunTime:0.000000s ]
INFO: [ app_init ] --END-- [ RunTime:0.002000s ]
INFO: [ app_begin ] --START--
INFO: Run Behavior\ReadHtmlCacheBehavior [ RunTime:0.002000s ]
INFO: [ app_begin ] --END-- [ RunTime:0.002000s ]
SQL: SHOW COLUMNS FROM `customer` [ RunTime:0.0040s ]
SQL: SELECT * FROM `customer` WHERE ( id='411' ) LIMIT 1   [ RunTime:0.0010s ]
SQL: select b.name,a.id,a.starttime,a.endtime,a.status from sign as a ,template as b  where a.uid='411' and a.mid = b.id order by a.savetime desc limit 0,10 [ RunTime:0.0020s ]
INFO: [ app_end ] --START--
INFO: Run Behavior\ShowPageTraceBehavior [ RunTime:0.002001s ]
INFO: [ app_end ] --END-- [ RunTime:0.002001s ]

[ 2019-11-30T13:57:49+08:00 ] 127.0.0.1 /api/netsign/signall/userid/411/token/80c440068e923108bca077d0819d458f/page/1
INFO: [ app_init ] --START--
INFO: Run Behavior\BuildLiteBehavior [ RunTime:0.000000s ]
INFO: [ app_init ] --END-- [ RunTime:0.001000s ]
INFO: [ app_begin ] --START--
INFO: Run Behavior\ReadHtmlCacheBehavior [ RunTime:0.001000s ]
INFO: [ app_begin ] --END-- [ RunTime:0.002000s ]
SQL: SHOW COLUMNS FROM `customer` [ RunTime:0.0040s ]
SQL: SELECT * FROM `customer` WHERE ( id='411' ) LIMIT 1   [ RunTime:0.0010s ]
SQL: select * from (
select @last := '1' as mystatus,b.name,a.id,a.savetime,a.starttime,a.endtime,a.status from sign as a ,template as b  where a.uid='411' and a.mid = b.id UNION all select @last := '2' as mystatus,c.name,d.id,d.savetime,d.starttime,d.endtime,d.`status` from (
select a.*,b.name from (SELECT fid,orders FROM templateson WHERE uid = '411' GROUP BY fid) as a,template as b where a.fid=b.id) as c , sign as d where c.fid = d.mid ) e group by id
			order by savetime desc limit 0,10 [ RunTime:0.0020s ]
INFO: [ app_end ] --START--
INFO: Run Behavior\ShowPageTraceBehavior [ RunTime:0.002000s ]
INFO: [ app_end ] --END-- [ RunTime:0.002000s ]

[ 2019-11-30T13:57:50+08:00 ] 127.0.0.1 /api/netsign/signname/userid/411/token/80c440068e923108bca077d0819d458f
INFO: [ app_init ] --START--
INFO: Run Behavior\BuildLiteBehavior [ RunTime:0.000000s ]
INFO: [ app_init ] --END-- [ RunTime:0.001000s ]
INFO: [ app_begin ] --START--
INFO: Run Behavior\ReadHtmlCacheBehavior [ RunTime:0.001000s ]
INFO: [ app_begin ] --END-- [ RunTime:0.001000s ]
NOTIC: [8] Undefined index: fid D:\phpstudy_pro\WWW\wqxts\Application\Api\Controller\NetsignController.class.php 第 303 行.
NOTIC: [8] Undefined index: title D:\phpstudy_pro\WWW\wqxts\Application\Api\Controller\NetsignController.class.php 第 304 行.
SQL: SHOW COLUMNS FROM `customer` [ RunTime:0.0040s ]
SQL: SELECT * FROM `customer` WHERE ( id='411' ) LIMIT 1   [ RunTime:0.0010s ]
SQL: SHOW COLUMNS FROM `framework` [ RunTime:0.0040s ]
SQL: SELECT `id`,`node_name` FROM `framework` WHERE ( type_id=0 ) LIMIT 1   [ RunTime:0.0010s ]
SQL: SELECT `id`,`node_name` FROM `framework` WHERE ( type_id=66 )  [ RunTime:0.0010s ]
SQL: SELECT `id`,`username`,`worker`,`tel`,`topimage` FROM `customer` WHERE ( pid=66 and status=1 )  [ RunTime:0.0020s ]
NOTIC: [8] Undefined variable: udatas D:\phpstudy_pro\WWW\wqxts\Application\Api\Controller\NetsignController.class.php 第 338 行.
INFO: [ app_end ] --START--
INFO: Run Behavior\ShowPageTraceBehavior [ RunTime:0.003000s ]
INFO: [ app_end ] --END-- [ RunTime:0.003000s ]

[ 2019-11-30T13:58:21+08:00 ] 127.0.0.1 /api/netsign/signall/userid/411/token/80c440068e923108bca077d0819d458f/page/1
INFO: [ app_init ] --START--
INFO: Run Behavior\BuildLiteBehavior [ RunTime:0.000000s ]
INFO: [ app_init ] --END-- [ RunTime:0.002000s ]
INFO: [ app_begin ] --START--
INFO: Run Behavior\ReadHtmlCacheBehavior [ RunTime:0.002000s ]
INFO: [ app_begin ] --END-- [ RunTime:0.002000s ]
SQL: SHOW COLUMNS FROM `customer` [ RunTime:0.0040s ]
SQL: SELECT * FROM `customer` WHERE ( id='411' ) LIMIT 1   [ RunTime:0.0010s ]
SQL: select * from (
select @last := '1' as mystatus,b.name,a.id,a.savetime,a.starttime,a.endtime,a.status from sign as a ,template as b  where a.uid='411' and a.mid = b.id UNION all select @last := '2' as mystatus,c.name,d.id,d.savetime,d.starttime,d.endtime,d.`status` from (
select a.*,b.name from (SELECT fid,orders FROM templateson WHERE uid = '411' GROUP BY fid) as a,template as b where a.fid=b.id) as c , sign as d where c.fid = d.mid ) e group by id
			order by savetime desc limit 0,10 [ RunTime:0.0040s ]
INFO: [ app_end ] --START--
INFO: Run Behavior\ShowPageTraceBehavior [ RunTime:0.002000s ]
INFO: [ app_end ] --END-- [ RunTime:0.002000s ]

[ 2019-11-30T13:58:46+08:00 ] 127.0.0.1 /api/login/appindex/userid/411/token/80c440068e923108bca077d0819d458f
INFO: [ app_init ] --START--
INFO: Run Behavior\BuildLiteBehavior [ RunTime:0.000000s ]
INFO: [ app_init ] --END-- [ RunTime:0.001000s ]
INFO: [ app_begin ] --START--
INFO: Run Behavior\ReadHtmlCacheBehavior [ RunTime:0.001000s ]
INFO: [ app_begin ] --END-- [ RunTime:0.001000s ]
SQL: SHOW COLUMNS FROM `customer` [ RunTime:0.0040s ]
SQL: SELECT * FROM `customer` WHERE ( id='411' ) LIMIT 1   [ RunTime:0.0010s ]
INFO: [ app_end ] --START--
INFO: Run Behavior\ShowPageTraceBehavior [ RunTime:0.002000s ]
INFO: [ app_end ] --END-- [ RunTime:0.002000s ]

[ 2019-11-30T13:58:48+08:00 ] 127.0.0.1 /api/netsign/swws/userid/411/token/80c440068e923108bca077d0819d458f
INFO: [ app_init ] --START--
INFO: Run Behavior\BuildLiteBehavior [ RunTime:0.000000s ]
INFO: [ app_init ] --END-- [ RunTime:0.002000s ]
INFO: [ app_begin ] --START--
INFO: Run Behavior\ReadHtmlCacheBehavior [ RunTime:0.002000s ]
INFO: [ app_begin ] --END-- [ RunTime:0.002000s ]
NOTIC: [8] Undefined index: page D:\phpstudy_pro\WWW\wqxts\Application\Api\Controller\NetsignController.class.php 第 1457 行.
NOTIC: [8] Undefined index: pid D:\phpstudy_pro\WWW\wqxts\Application\Api\Controller\NetsignController.class.php 第 1458 行.
NOTIC: [8] Undefined index: title D:\phpstudy_pro\WWW\wqxts\Application\Api\Controller\NetsignController.class.php 第 1459 行.
SQL: SHOW COLUMNS FROM `customer` [ RunTime:0.0040s ]
SQL: SELECT * FROM `customer` WHERE ( id='411' ) LIMIT 1   [ RunTime:0.0010s ]
SQL: SHOW COLUMNS FROM `swwscolumn` [ RunTime:0.0050s ]
NOTIC: [2] Invalid argument supplied for foreach() D:\phpstudy_pro\WWW\wqxts\ThinkPHP\Library\Think\Db\Driver.class.php 第 504 行.
SQL: SELECT * FROM `swwscolumn` ORDER BY id asc  [ RunTime:0.0240s ]
SQL: SHOW COLUMNS FROM `swws` [ RunTime:0.0050s ]
SQL: SELECT * FROM `swws` WHERE ( pid='1' and 1 ) ORDER BY id desc LIMIT 0,10   [ RunTime:0.0120s ]
INFO: [ app_end ] --START--
INFO: Run Behavior\ShowPageTraceBehavior [ RunTime:0.001000s ]
INFO: [ app_end ] --END-- [ RunTime:0.001000s ]

[ 2019-11-30T13:58:49+08:00 ] 127.0.0.1 /api/netsign/swws/userid/411/token/80c440068e923108bca077d0819d458f/page/1/pid/1
INFO: [ app_init ] --START--
INFO: Run Behavior\BuildLiteBehavior [ RunTime:0.000000s ]
INFO: [ app_init ] --END-- [ RunTime:0.001000s ]
INFO: [ app_begin ] --START--
INFO: Run Behavior\ReadHtmlCacheBehavior [ RunTime:0.002000s ]
INFO: [ app_begin ] --END-- [ RunTime:0.002000s ]
NOTIC: [8] Undefined index: title D:\phpstudy_pro\WWW\wqxts\Application\Api\Controller\NetsignController.class.php 第 1459 行.
SQL: SHOW COLUMNS FROM `customer` [ RunTime:0.0040s ]
SQL: SELECT * FROM `customer` WHERE ( id='411' ) LIMIT 1   [ RunTime:0.0010s ]
SQL: SHOW COLUMNS FROM `swwscolumn` [ RunTime:0.0040s ]
NOTIC: [2] Invalid argument supplied for foreach() D:\phpstudy_pro\WWW\wqxts\ThinkPHP\Library\Think\Db\Driver.class.php 第 504 行.
SQL: SELECT * FROM `swwscolumn` ORDER BY id asc  [ RunTime:0.0010s ]
SQL: SHOW COLUMNS FROM `swws` [ RunTime:0.0030s ]
SQL: SELECT * FROM `swws` WHERE ( pid='1' and 1 ) ORDER BY id desc LIMIT 0,10   [ RunTime:0.0020s ]
INFO: [ app_end ] --START--
INFO: Run Behavior\ShowPageTraceBehavior [ RunTime:0.002000s ]
INFO: [ app_end ] --END-- [ RunTime:0.002000s ]

[ 2019-11-30T13:59:44+08:00 ] 127.0.0.1 /api/netsign/swws/userid/411/token/80c440068e923108bca077d0819d458f
INFO: [ app_init ] --START--
INFO: Run Behavior\BuildLiteBehavior [ RunTime:0.000000s ]
INFO: [ app_init ] --END-- [ RunTime:0.001001s ]
INFO: [ app_begin ] --START--
INFO: Run Behavior\ReadHtmlCacheBehavior [ RunTime:0.001000s ]
INFO: [ app_begin ] --END-- [ RunTime:0.001000s ]
NOTIC: [8] Undefined index: page D:\phpstudy_pro\WWW\wqxts\Application\Api\Controller\NetsignController.class.php 第 1457 行.
NOTIC: [8] Undefined index: pid D:\phpstudy_pro\WWW\wqxts\Application\Api\Controller\NetsignController.class.php 第 1458 行.
NOTIC: [8] Undefined index: title D:\phpstudy_pro\WWW\wqxts\Application\Api\Controller\NetsignController.class.php 第 1459 行.
SQL: SHOW COLUMNS FROM `customer` [ RunTime:0.0040s ]
SQL: SELECT * FROM `customer` WHERE ( id='411' ) LIMIT 1   [ RunTime:0.0020s ]
SQL: SHOW COLUMNS FROM `swwscolumn` [ RunTime:0.0030s ]
NOTIC: [2] Invalid argument supplied for foreach() D:\phpstudy_pro\WWW\wqxts\ThinkPHP\Library\Think\Db\Driver.class.php 第 504 行.
SQL: SELECT * FROM `swwscolumn` ORDER BY id asc  [ RunTime:0.0010s ]
SQL: SHOW COLUMNS FROM `swws` [ RunTime:0.0040s ]
SQL: SELECT * FROM `swws` WHERE ( pid='1' and 1 ) ORDER BY id desc LIMIT 0,10   [ RunTime:0.0020s ]
INFO: [ app_end ] --START--
INFO: Run Behavior\ShowPageTraceBehavior [ RunTime:0.002000s ]
INFO: [ app_end ] --END-- [ RunTime:0.002000s ]

[ 2019-11-30T13:59:45+08:00 ] 127.0.0.1 /api/netsign/swws/userid/411/token/80c440068e923108bca077d0819d458f/page/1/pid/1
INFO: [ app_init ] --START--
INFO: Run Behavior\BuildLiteBehavior [ RunTime:0.000000s ]
INFO: [ app_init ] --END-- [ RunTime:0.001000s ]
INFO: [ app_begin ] --START--
INFO: Run Behavior\ReadHtmlCacheBehavior [ RunTime:0.002000s ]
INFO: [ app_begin ] --END-- [ RunTime:0.002000s ]
NOTIC: [8] Undefined index: title D:\phpstudy_pro\WWW\wqxts\Application\Api\Controller\NetsignController.class.php 第 1459 行.
SQL: SHOW COLUMNS FROM `customer` [ RunTime:0.0040s ]
SQL: SELECT * FROM `customer` WHERE ( id='411' ) LIMIT 1   [ RunTime:0.0010s ]
SQL: SHOW COLUMNS FROM `swwscolumn` [ RunTime:0.0040s ]
NOTIC: [2] Invalid argument supplied for foreach() D:\phpstudy_pro\WWW\wqxts\ThinkPHP\Library\Think\Db\Driver.class.php 第 504 行.
SQL: SELECT * FROM `swwscolumn` ORDER BY id asc  [ RunTime:0.0010s ]
SQL: SHOW COLUMNS FROM `swws` [ RunTime:0.0030s ]
SQL: SELECT * FROM `swws` WHERE ( pid='1' and 1 ) ORDER BY id desc LIMIT 0,10   [ RunTime:0.0020s ]
INFO: [ app_end ] --START--
INFO: Run Behavior\ShowPageTraceBehavior [ RunTime:0.002000s ]
INFO: [ app_end ] --END-- [ RunTime:0.002000s ]

[ 2019-11-30T13:59:46+08:00 ] 127.0.0.1 /api/login/appindex/userid/411/token/80c440068e923108bca077d0819d458f
INFO: [ app_init ] --START--
INFO: Run Behavior\BuildLiteBehavior [ RunTime:0.000000s ]
INFO: [ app_init ] --END-- [ RunTime:0.002000s ]
INFO: [ app_begin ] --START--
INFO: Run Behavior\ReadHtmlCacheBehavior [ RunTime:0.002000s ]
INFO: [ app_begin ] --END-- [ RunTime:0.002000s ]
SQL: SHOW COLUMNS FROM `customer` [ RunTime:0.0040s ]
SQL: SELECT * FROM `customer` WHERE ( id='411' ) LIMIT 1   [ RunTime:0.0010s ]
INFO: [ app_end ] --START--
INFO: Run Behavior\ShowPageTraceBehavior [ RunTime:0.002000s ]
INFO: [ app_end ] --END-- [ RunTime:0.002000s ]

[ 2019-11-30T13:59:48+08:00 ] 127.0.0.1 /api/netsign/index/userid/411/token/80c440068e923108bca077d0819d458f
INFO: [ app_init ] --START--
INFO: Run Behavior\BuildLiteBehavior [ RunTime:0.000000s ]
INFO: [ app_init ] --END-- [ RunTime:0.001000s ]
INFO: [ app_begin ] --START--
INFO: Run Behavior\ReadHtmlCacheBehavior [ RunTime:0.002001s ]
INFO: [ app_begin ] --END-- [ RunTime:0.002001s ]
SQL: SHOW COLUMNS FROM `customer` [ RunTime:0.0040s ]
SQL: SELECT * FROM `customer` WHERE ( id='411' ) LIMIT 1   [ RunTime:0.0010s ]
SQL: select * from sign as so,

(select a.*,b.orders,b.uid from signson as a , templateson as b where b.uid = 411 and a.tsid = b.id and a.issign = 1 group by a.fid) as son where so.id = son.fid and so.status = 1 and so.nownode = son.orders [ RunTime:0.0030s ]
SQL: select * from sign where status=1 and uid='411' [ RunTime:0.0010s ]
SQL: SHOW COLUMNS FROM `senduid` [ RunTime:0.0040s ]
SQL: SELECT COUNT(*) AS tp_count FROM `senduid` WHERE ( receiveuid = '411' and status = '2' and isout ='2'     ) LIMIT 1   [ RunTime:0.0020s ]
SQL: SELECT
	*
FROM
	(
		SELECT
			b. NAME,
			a.id,
			a.starttime,
			a.endtime,
	        a.savetime,
	        a.status
		FROM
			sign AS a,
			template AS b
		WHERE
			a.uid = '411'
		AND a.mid = b.id 
		UNION ALL
			SELECT
				c. NAME,
				d.id,
				d.starttime,
				d.endtime,
			    d.savetime,
			    d.status
			FROM
				(
					SELECT
						a.*, b. NAME
					FROM
						(
							SELECT
								fid,
								orders
							FROM
								templateson
							WHERE
								uid = '411'
							GROUP BY
								fid
						) AS a,
						template AS b
					WHERE
						a.fid = b.id
				) AS c
			, sign AS d where c.fid = d.mid 
	) e
GROUP BY
	id order by savetime desc
LIMIT 10 [ RunTime:0.0030s ]
INFO: [ app_end ] --START--
INFO: Run Behavior\ShowPageTraceBehavior [ RunTime:0.002000s ]
INFO: [ app_end ] --END-- [ RunTime:0.002000s ]

[ 2019-11-30T13:59:53+08:00 ] 127.0.0.1 /api/netsign/mysignlist/userid/411/token/80c440068e923108bca077d0819d458f/page/1
INFO: [ app_init ] --START--
INFO: Run Behavior\BuildLiteBehavior [ RunTime:0.000000s ]
INFO: [ app_init ] --END-- [ RunTime:0.001000s ]
INFO: [ app_begin ] --START--
INFO: Run Behavior\ReadHtmlCacheBehavior [ RunTime:0.002001s ]
INFO: [ app_begin ] --END-- [ RunTime:0.002001s ]
SQL: SHOW COLUMNS FROM `customer` [ RunTime:0.0040s ]
SQL: SELECT * FROM `customer` WHERE ( id='411' ) LIMIT 1   [ RunTime:0.0010s ]
SQL: select b.name,a.id,a.starttime,a.endtime,a.status from sign as a ,template as b  where a.uid='411' and a.mid = b.id order by a.savetime desc limit 0,10 [ RunTime:0.0020s ]
INFO: [ app_end ] --START--
INFO: Run Behavior\ShowPageTraceBehavior [ RunTime:0.002001s ]
INFO: [ app_end ] --END-- [ RunTime:0.002001s ]

[ 2019-11-30T13:59:55+08:00 ] 127.0.0.1 /api/netsign/index/userid/411/token/80c440068e923108bca077d0819d458f
INFO: [ app_init ] --START--
INFO: Run Behavior\BuildLiteBehavior [ RunTime:0.000000s ]
INFO: [ app_init ] --END-- [ RunTime:0.002000s ]
INFO: [ app_begin ] --START--
INFO: Run Behavior\ReadHtmlCacheBehavior [ RunTime:0.002000s ]
INFO: [ app_begin ] --END-- [ RunTime:0.002000s ]
SQL: SHOW COLUMNS FROM `customer` [ RunTime:0.0040s ]
SQL: SELECT * FROM `customer` WHERE ( id='411' ) LIMIT 1   [ RunTime:0.0010s ]
SQL: select * from sign as so,

(select a.*,b.orders,b.uid from signson as a , templateson as b where b.uid = 411 and a.tsid = b.id and a.issign = 1 group by a.fid) as son where so.id = son.fid and so.status = 1 and so.nownode = son.orders [ RunTime:0.0020s ]
SQL: select * from sign where status=1 and uid='411' [ RunTime:0.0010s ]
SQL: SHOW COLUMNS FROM `senduid` [ RunTime:0.0040s ]
SQL: SELECT COUNT(*) AS tp_count FROM `senduid` WHERE ( receiveuid = '411' and status = '2' and isout ='2'     ) LIMIT 1   [ RunTime:0.0020s ]
SQL: SELECT
	*
FROM
	(
		SELECT
			b. NAME,
			a.id,
			a.starttime,
			a.endtime,
	        a.savetime,
	        a.status
		FROM
			sign AS a,
			template AS b
		WHERE
			a.uid = '411'
		AND a.mid = b.id 
		UNION ALL
			SELECT
				c. NAME,
				d.id,
				d.starttime,
				d.endtime,
			    d.savetime,
			    d.status
			FROM
				(
					SELECT
						a.*, b. NAME
					FROM
						(
							SELECT
								fid,
								orders
							FROM
								templateson
							WHERE
								uid = '411'
							GROUP BY
								fid
						) AS a,
						template AS b
					WHERE
						a.fid = b.id
				) AS c
			, sign AS d where c.fid = d.mid 
	) e
GROUP BY
	id order by savetime desc
LIMIT 10 [ RunTime:0.0030s ]
INFO: [ app_end ] --START--
INFO: Run Behavior\ShowPageTraceBehavior [ RunTime:0.002000s ]
INFO: [ app_end ] --END-- [ RunTime:0.002000s ]

[ 2019-11-30T13:59:56+08:00 ] 127.0.0.1 /api/login/appindex/userid/411/token/80c440068e923108bca077d0819d458f
INFO: [ app_init ] --START--
INFO: Run Behavior\BuildLiteBehavior [ RunTime:0.000000s ]
INFO: [ app_init ] --END-- [ RunTime:0.001000s ]
INFO: [ app_begin ] --START--
INFO: Run Behavior\ReadHtmlCacheBehavior [ RunTime:0.002000s ]
INFO: [ app_begin ] --END-- [ RunTime:0.002000s ]
SQL: SHOW COLUMNS FROM `customer` [ RunTime:0.0040s ]
SQL: SELECT * FROM `customer` WHERE ( id='411' ) LIMIT 1   [ RunTime:0.0010s ]
INFO: [ app_end ] --START--
INFO: Run Behavior\ShowPageTraceBehavior [ RunTime:0.002000s ]
INFO: [ app_end ] --END-- [ RunTime:0.003000s ]

[ 2019-11-30T13:59:58+08:00 ] 127.0.0.1 /api/netsign/bullhorn/userid/411/token/80c440068e923108bca077d0819d458f
INFO: [ app_init ] --START--
INFO: Run Behavior\BuildLiteBehavior [ RunTime:0.000000s ]
INFO: [ app_init ] --END-- [ RunTime:0.002000s ]
INFO: [ app_begin ] --START--
INFO: Run Behavior\ReadHtmlCacheBehavior [ RunTime:0.002000s ]
INFO: [ app_begin ] --END-- [ RunTime:0.002000s ]
NOTIC: [8] Undefined index: page D:\phpstudy_pro\WWW\wqxts\Application\Api\Controller\NetsignController.class.php 第 1636 行.
SQL: SHOW COLUMNS FROM `customer` [ RunTime:0.0040s ]
SQL: SELECT * FROM `customer` WHERE ( id='411' ) LIMIT 1   [ RunTime:0.0010s ]
SQL: SHOW COLUMNS FROM `bullhorn` [ RunTime:0.0090s ]
NOTIC: [2] Invalid argument supplied for foreach() D:\phpstudy_pro\WWW\wqxts\ThinkPHP\Library\Think\Db\Driver.class.php 第 504 行.
SQL: SELECT * FROM `bullhorn` ORDER BY id desc LIMIT 0,10   [ RunTime:0.0220s ]
INFO: [ app_end ] --START--
INFO: Run Behavior\ShowPageTraceBehavior [ RunTime:0.003001s ]
INFO: [ app_end ] --END-- [ RunTime:0.003001s ]

[ 2019-11-30T14:00:11+08:00 ] 127.0.0.1 /api/netsign/bullhorn/userid/411/token/80c440068e923108bca077d0819d458f
INFO: [ app_init ] --START--
INFO: Run Behavior\BuildLiteBehavior [ RunTime:0.000000s ]
INFO: [ app_init ] --END-- [ RunTime:0.001000s ]
INFO: [ app_begin ] --START--
INFO: Run Behavior\ReadHtmlCacheBehavior [ RunTime:0.002000s ]
INFO: [ app_begin ] --END-- [ RunTime:0.002000s ]
NOTIC: [8] Undefined index: page D:\phpstudy_pro\WWW\wqxts\Application\Api\Controller\NetsignController.class.php 第 1636 行.
SQL: SHOW COLUMNS FROM `customer` [ RunTime:0.0040s ]
SQL: SELECT * FROM `customer` WHERE ( id='411' ) LIMIT 1   [ RunTime:0.0010s ]
SQL: SHOW COLUMNS FROM `bullhorn` [ RunTime:0.0040s ]
NOTIC: [2] Invalid argument supplied for foreach() D:\phpstudy_pro\WWW\wqxts\ThinkPHP\Library\Think\Db\Driver.class.php 第 504 行.
SQL: SELECT * FROM `bullhorn` ORDER BY id desc LIMIT 0,10   [ RunTime:0.0010s ]
INFO: [ app_end ] --START--
INFO: Run Behavior\ShowPageTraceBehavior [ RunTime:0.002000s ]
INFO: [ app_end ] --END-- [ RunTime:0.002000s ]

[ 2019-11-30T14:02:17+08:00 ] 127.0.0.1 /api/netsign/bullhorn/userid/411/token/80c440068e923108bca077d0819d458f
INFO: [ app_init ] --START--
INFO: Run Behavior\BuildLiteBehavior [ RunTime:0.000000s ]
INFO: [ app_init ] --END-- [ RunTime:0.001000s ]
INFO: [ app_begin ] --START--
INFO: Run Behavior\ReadHtmlCacheBehavior [ RunTime:0.002000s ]
INFO: [ app_begin ] --END-- [ RunTime:0.002000s ]
NOTIC: [8] Undefined index: page D:\phpstudy_pro\WWW\wqxts\Application\Api\Controller\NetsignController.class.php 第 1636 行.
SQL: SHOW COLUMNS FROM `customer` [ RunTime:0.0040s ]
SQL: SELECT * FROM `customer` WHERE ( id='411' ) LIMIT 1   [ RunTime:0.0010s ]
SQL: SHOW COLUMNS FROM `bullhorn` [ RunTime:0.0040s ]
NOTIC: [2] Invalid argument supplied for foreach() D:\phpstudy_pro\WWW\wqxts\ThinkPHP\Library\Think\Db\Driver.class.php 第 504 行.
SQL: SELECT * FROM `bullhorn` ORDER BY id desc LIMIT 0,10   [ RunTime:0.0020s ]
INFO: [ app_end ] --START--
INFO: Run Behavior\ShowPageTraceBehavior [ RunTime:0.002000s ]
INFO: [ app_end ] --END-- [ RunTime:0.002000s ]

[ 2019-11-30T14:02:18+08:00 ] 127.0.0.1 /api/login/appindex/userid/411/token/80c440068e923108bca077d0819d458f
INFO: [ app_init ] --START--
INFO: Run Behavior\BuildLiteBehavior [ RunTime:0.000000s ]
INFO: [ app_init ] --END-- [ RunTime:0.001000s ]
INFO: [ app_begin ] --START--
INFO: Run Behavior\ReadHtmlCacheBehavior [ RunTime:0.002000s ]
INFO: [ app_begin ] --END-- [ RunTime:0.002000s ]
SQL: SHOW COLUMNS FROM `customer` [ RunTime:0.0040s ]
SQL: SELECT * FROM `customer` WHERE ( id='411' ) LIMIT 1   [ RunTime:0.0010s ]
INFO: [ app_end ] --START--
INFO: Run Behavior\ShowPageTraceBehavior [ RunTime:0.002000s ]
INFO: [ app_end ] --END-- [ RunTime:0.002000s ]

