[ 2020-07-17T18:05:53+08:00 ] 127.0.0.1 /api/netsign/signname
INFO: [ app_init ] --START--
INFO: Run Behavior\BuildLiteBehavior [ RunTime:0.000020s ]
INFO: [ app_init ] --END-- [ RunTime:0.001273s ]
INFO: [ app_begin ] --START--
INFO: Run Behavior\ReadHtmlCacheBehavior [ RunTime:0.000888s ]
INFO: [ app_begin ] --END-- [ RunTime:0.000934s ]
NOTIC: [8] Undefined index: userid E:\phpstudy_pro\WWW\wqxts\Application\Api\Controller\NetsignController.class.php 第 301 行.
NOTIC: [8] Undefined index: token E:\phpstudy_pro\WWW\wqxts\Application\Api\Controller\NetsignController.class.php 第 302 行.
NOTIC: [8] Undefined index: fid E:\phpstudy_pro\WWW\wqxts\Application\Api\Controller\NetsignController.class.php 第 303 行.
NOTIC: [8] Undefined index: title E:\phpstudy_pro\WWW\wqxts\Application\Api\Controller\NetsignController.class.php 第 304 行.
INFO: [ app_end ] --START--
INFO: Run Behavior\ShowPageTraceBehavior [ RunTime:0.000929s ]
INFO: [ app_end ] --END-- [ RunTime:0.000981s ]

[ 2020-07-17T18:05:53+08:00 ] 127.0.0.1 /api/netsign/seallist
INFO: [ app_init ] --START--
INFO: Run Behavior\BuildLiteBehavior [ RunTime:0.000012s ]
INFO: [ app_init ] --END-- [ RunTime:0.000510s ]
INFO: [ app_begin ] --START--
INFO: Run Behavior\ReadHtmlCacheBehavior [ RunTime:0.000956s ]
INFO: [ app_begin ] --END-- [ RunTime:0.001005s ]
NOTIC: [8] Undefined index: userid E:\phpstudy_pro\WWW\wqxts\Application\Api\Controller\NetsignController.class.php 第 423 行.
NOTIC: [8] Undefined index: token E:\phpstudy_pro\WWW\wqxts\Application\Api\Controller\NetsignController.class.php 第 424 行.
NOTIC: [8] Undefined index: id E:\phpstudy_pro\WWW\wqxts\Application\Api\Controller\NetsignController.class.php 第 425 行.
NOTIC: [8] Undefined index: page E:\phpstudy_pro\WWW\wqxts\Application\Api\Controller\NetsignController.class.php 第 426 行.
INFO: [ app_end ] --START--
INFO: Run Behavior\ShowPageTraceBehavior [ RunTime:0.000851s ]
INFO: [ app_end ] --END-- [ RunTime:0.000900s ]

[ 2020-07-17T18:05:53+08:00 ] 127.0.0.1 /api/send/zzjg/title/
INFO: [ app_init ] --START--
INFO: Run Behavior\BuildLiteBehavior [ RunTime:0.000015s ]
INFO: [ app_init ] --END-- [ RunTime:0.000576s ]
INFO: [ app_begin ] --START--
INFO: Run Behavior\ReadHtmlCacheBehavior [ RunTime:0.000842s ]
INFO: [ app_begin ] --END-- [ RunTime:0.000891s ]
NOTIC: [8] Undefined index: userid E:\phpstudy_pro\WWW\wqxts\Application\Api\Controller\SendController.class.php 第 42 行.
NOTIC: [8] Undefined index: token E:\phpstudy_pro\WWW\wqxts\Application\Api\Controller\SendController.class.php 第 43 行.
NOTIC: [8] Undefined index: title E:\phpstudy_pro\WWW\wqxts\Application\Api\Controller\SendController.class.php 第 44 行.
SQL: SHOW COLUMNS FROM `customer` [ RunTime:0.0073s ]
SQL: SELECT `id`,`username`,`worker`,`tel`,`topimage` FROM `customer` WHERE ( isbest='1' and status=1   and 1  )  [ RunTime:0.0006s ]
INFO: [ app_end ] --START--
INFO: Run Behavior\ShowPageTraceBehavior [ RunTime:0.001284s ]
INFO: [ app_end ] --END-- [ RunTime:0.001355s ]

[ 2020-07-17T18:05:58+08:00 ] 127.0.0.1 /api/send/zzjg/title/韩
INFO: [ app_init ] --START--
INFO: Run Behavior\BuildLiteBehavior [ RunTime:0.000014s ]
INFO: [ app_init ] --END-- [ RunTime:0.000659s ]
INFO: [ app_begin ] --START--
INFO: Run Behavior\ReadHtmlCacheBehavior [ RunTime:0.001296s ]
INFO: [ app_begin ] --END-- [ RunTime:0.001373s ]
NOTIC: [8] Undefined index: userid E:\phpstudy_pro\WWW\wqxts\Application\Api\Controller\SendController.class.php 第 42 行.
NOTIC: [8] Undefined index: token E:\phpstudy_pro\WWW\wqxts\Application\Api\Controller\SendController.class.php 第 43 行.
SQL: SHOW COLUMNS FROM `customer` [ RunTime:0.0082s ]
SQL: SELECT `id`,`username`,`worker`,`tel`,`topimage` FROM `customer` WHERE ( isbest='1' and status=1   and username like '%韩%' )  [ RunTime:0.0004s ]
INFO: [ app_end ] --START--
INFO: Run Behavior\ShowPageTraceBehavior [ RunTime:0.000998s ]
INFO: [ app_end ] --END-- [ RunTime:0.001039s ]

[ 2020-07-17T18:06:10+08:00 ] 127.0.0.1 /api/send/zzjg/title/%E9%9F%A9
INFO: [ app_init ] --START--
INFO: Run Behavior\BuildLiteBehavior [ RunTime:0.000019s ]
INFO: [ app_init ] --END-- [ RunTime:0.000942s ]
INFO: [ app_begin ] --START--
INFO: Run Behavior\ReadHtmlCacheBehavior [ RunTime:0.001174s ]
INFO: [ app_begin ] --END-- [ RunTime:0.001240s ]
NOTIC: [8] Undefined index: userid E:\phpstudy_pro\WWW\wqxts\Application\Api\Controller\SendController.class.php 第 42 行.
NOTIC: [8] Undefined index: token E:\phpstudy_pro\WWW\wqxts\Application\Api\Controller\SendController.class.php 第 43 行.
SQL: SHOW COLUMNS FROM `customer` [ RunTime:0.0071s ]
SQL: SELECT `id`,`username`,`worker`,`tel`,`topimage` FROM `customer` WHERE ( isbest='1' and status=1   and username like '%韩%' )  [ RunTime:0.0002s ]
INFO: [ app_end ] --START--
INFO: Run Behavior\ShowPageTraceBehavior [ RunTime:0.000948s ]
INFO: [ app_end ] --END-- [ RunTime:0.000999s ]

[ 2020-07-17T18:06:49+08:00 ] 127.0.0.1 /api/send/zzjg/title/韩
INFO: [ app_init ] --START--
INFO: Run Behavior\BuildLiteBehavior [ RunTime:0.000013s ]
INFO: [ app_init ] --END-- [ RunTime:0.000577s ]
INFO: [ app_begin ] --START--
INFO: Run Behavior\ReadHtmlCacheBehavior [ RunTime:0.000676s ]
INFO: [ app_begin ] --END-- [ RunTime:0.000722s ]
NOTIC: [8] Undefined index: userid E:\phpstudy_pro\WWW\wqxts\Application\Api\Controller\SendController.class.php 第 42 行.
NOTIC: [8] Undefined index: token E:\phpstudy_pro\WWW\wqxts\Application\Api\Controller\SendController.class.php 第 43 行.
SQL: SHOW COLUMNS FROM `customer` [ RunTime:0.0076s ]
SQL: SELECT `id`,`username`,`worker`,`tel`,`topimage` FROM `customer` WHERE ( isbest='1' and status=1   and username like '%韩%' )  [ RunTime:0.0003s ]
INFO: [ app_end ] --START--
INFO: Run Behavior\ShowPageTraceBehavior [ RunTime:0.000801s ]
INFO: [ app_end ] --END-- [ RunTime:0.000853s ]

[ 2020-07-17T18:10:19+08:00 ] 127.0.0.1 /api/send/zzjg/title/jin
INFO: [ app_init ] --START--
INFO: Run Behavior\BuildLiteBehavior [ RunTime:0.000013s ]
INFO: [ app_init ] --END-- [ RunTime:0.000553s ]
INFO: [ app_begin ] --START--
INFO: Run Behavior\ReadHtmlCacheBehavior [ RunTime:0.000763s ]
INFO: [ app_begin ] --END-- [ RunTime:0.000802s ]
NOTIC: [8] Undefined index: userid E:\phpstudy_pro\WWW\wqxts\Application\Api\Controller\SendController.class.php 第 42 行.
NOTIC: [8] Undefined index: token E:\phpstudy_pro\WWW\wqxts\Application\Api\Controller\SendController.class.php 第 43 行.
SQL: SHOW COLUMNS FROM `customer` [ RunTime:0.0084s ]
SQL: SELECT `id`,`username`,`worker`,`tel`,`topimage` FROM `customer` WHERE ( isbest='1' and status=1   and username like '%jin%' )  [ RunTime:0.0004s ]
INFO: [ app_end ] --START--
INFO: Run Behavior\ShowPageTraceBehavior [ RunTime:0.001082s ]
INFO: [ app_end ] --END-- [ RunTime:0.001142s ]

[ 2020-07-17T18:11:26+08:00 ] 127.0.0.1 /api/login/appindex
INFO: [ app_init ] --START--
INFO: Run Behavior\BuildLiteBehavior [ RunTime:0.000015s ]
INFO: [ app_init ] --END-- [ RunTime:0.000552s ]
INFO: [ app_begin ] --START--
INFO: Run Behavior\ReadHtmlCacheBehavior [ RunTime:0.000882s ]
INFO: [ app_begin ] --END-- [ RunTime:0.000939s ]
NOTIC: [8] Undefined index: userid E:\phpstudy_pro\WWW\wqxts\Application\Api\Controller\LoginController.class.php 第 193 行.
NOTIC: [8] Undefined index: token E:\phpstudy_pro\WWW\wqxts\Application\Api\Controller\LoginController.class.php 第 194 行.
SQL: SHOW COLUMNS FROM `customer` [ RunTime:0.0091s ]
SQL: SELECT * FROM `customer` WHERE ( id='' ) LIMIT 1   [ RunTime:0.0004s ]
INFO: [ app_end ] --START--
INFO: Run Behavior\ShowPageTraceBehavior [ RunTime:0.000783s ]
INFO: [ app_end ] --END-- [ RunTime:0.000830s ]

[ 2020-07-17T18:11:30+08:00 ] 127.0.0.1 /api/netsign/myselfinfo
INFO: [ app_init ] --START--
INFO: Run Behavior\BuildLiteBehavior [ RunTime:0.000013s ]
INFO: [ app_init ] --END-- [ RunTime:0.000478s ]
INFO: [ app_begin ] --START--
INFO: Run Behavior\ReadHtmlCacheBehavior [ RunTime:0.000602s ]
INFO: [ app_begin ] --END-- [ RunTime:0.000643s ]
NOTIC: [8] Undefined index: userid E:\phpstudy_pro\WWW\wqxts\Application\Api\Controller\NetsignController.class.php 第 1287 行.
NOTIC: [8] Undefined index: token E:\phpstudy_pro\WWW\wqxts\Application\Api\Controller\NetsignController.class.php 第 1288 行.
INFO: [ app_end ] --START--
INFO: Run Behavior\ShowPageTraceBehavior [ RunTime:0.000578s ]
INFO: [ app_end ] --END-- [ RunTime:0.000624s ]

[ 2020-07-17T18:11:35+08:00 ] 127.0.0.1 /api/netsign/index
INFO: [ app_init ] --START--
INFO: Run Behavior\BuildLiteBehavior [ RunTime:0.000013s ]
INFO: [ app_init ] --END-- [ RunTime:0.000514s ]
INFO: [ app_begin ] --START--
INFO: Run Behavior\ReadHtmlCacheBehavior [ RunTime:0.000624s ]
INFO: [ app_begin ] --END-- [ RunTime:0.000665s ]
NOTIC: [8] Undefined index: userid E:\phpstudy_pro\WWW\wqxts\Application\Api\Controller\NetsignController.class.php 第 27 行.
NOTIC: [8] Undefined index: token E:\phpstudy_pro\WWW\wqxts\Application\Api\Controller\NetsignController.class.php 第 28 行.
INFO: [ app_end ] --START--
INFO: Run Behavior\ShowPageTraceBehavior [ RunTime:0.000607s ]
INFO: [ app_end ] --END-- [ RunTime:0.000654s ]

[ 2020-07-17T18:11:38+08:00 ] 127.0.0.1 /api/send/index/page/1/type/1
INFO: [ app_init ] --START--
INFO: Run Behavior\BuildLiteBehavior [ RunTime:0.000014s ]
INFO: [ app_init ] --END-- [ RunTime:0.000537s ]
INFO: [ app_begin ] --START--
INFO: Run Behavior\ReadHtmlCacheBehavior [ RunTime:0.000624s ]
INFO: [ app_begin ] --END-- [ RunTime:0.000668s ]
NOTIC: [8] Undefined index: userid E:\phpstudy_pro\WWW\wqxts\Application\Api\Controller\SendController.class.php 第 16 行.
NOTIC: [8] Undefined index: token E:\phpstudy_pro\WWW\wqxts\Application\Api\Controller\SendController.class.php 第 17 行.
INFO: [ app_end ] --START--
INFO: Run Behavior\ShowPageTraceBehavior [ RunTime:0.000681s ]
INFO: [ app_end ] --END-- [ RunTime:0.000746s ]

[ 2020-07-17T18:12:08+08:00 ] 127.0.0.1 /api/send/index/page/1/type/1
INFO: [ app_init ] --START--
INFO: Run Behavior\BuildLiteBehavior [ RunTime:0.000015s ]
INFO: [ app_init ] --END-- [ RunTime:0.000602s ]
INFO: [ app_begin ] --START--
INFO: Run Behavior\ReadHtmlCacheBehavior [ RunTime:0.000664s ]
INFO: [ app_begin ] --END-- [ RunTime:0.000715s ]
NOTIC: [8] Undefined index: userid E:\phpstudy_pro\WWW\wqxts\Application\Api\Controller\SendController.class.php 第 16 行.
NOTIC: [8] Undefined index: token E:\phpstudy_pro\WWW\wqxts\Application\Api\Controller\SendController.class.php 第 17 行.
INFO: [ app_end ] --START--
INFO: Run Behavior\ShowPageTraceBehavior [ RunTime:0.000647s ]
INFO: [ app_end ] --END-- [ RunTime:0.000695s ]

[ 2020-07-17T18:13:42+08:00 ] 127.0.0.1 /api/netsign/signall/page/1
INFO: [ app_init ] --START--
INFO: Run Behavior\BuildLiteBehavior [ RunTime:0.000015s ]
INFO: [ app_init ] --END-- [ RunTime:0.000583s ]
INFO: [ app_begin ] --START--
INFO: Run Behavior\ReadHtmlCacheBehavior [ RunTime:0.001524s ]
INFO: [ app_begin ] --END-- [ RunTime:0.001616s ]
NOTIC: [8] Undefined index: userid E:\phpstudy_pro\WWW\wqxts\Application\Api\Controller\NetsignController.class.php 第 508 行.
NOTIC: [8] Undefined index: token E:\phpstudy_pro\WWW\wqxts\Application\Api\Controller\NetsignController.class.php 第 509 行.
INFO: [ app_end ] --START--
INFO: Run Behavior\ShowPageTraceBehavior [ RunTime:0.001513s ]
INFO: [ app_end ] --END-- [ RunTime:0.001604s ]

[ 2020-07-17T18:13:47+08:00 ] 127.0.0.1 /api/netsign/signall/page/1
INFO: [ app_init ] --START--
INFO: Run Behavior\BuildLiteBehavior [ RunTime:0.000014s ]
INFO: [ app_init ] --END-- [ RunTime:0.000575s ]
INFO: [ app_begin ] --START--
INFO: Run Behavior\ReadHtmlCacheBehavior [ RunTime:0.001183s ]
INFO: [ app_begin ] --END-- [ RunTime:0.001258s ]
NOTIC: [8] Undefined index: userid E:\phpstudy_pro\WWW\wqxts\Application\Api\Controller\NetsignController.class.php 第 508 行.
NOTIC: [8] Undefined index: token E:\phpstudy_pro\WWW\wqxts\Application\Api\Controller\NetsignController.class.php 第 509 行.
INFO: [ app_end ] --START--
INFO: Run Behavior\ShowPageTraceBehavior [ RunTime:0.000860s ]
INFO: [ app_end ] --END-- [ RunTime:0.000915s ]

[ 2020-07-17T18:14:10+08:00 ] 127.0.0.1 /api/netsign/signall/page/1
INFO: [ app_init ] --START--
INFO: Run Behavior\BuildLiteBehavior [ RunTime:0.000015s ]
INFO: [ app_init ] --END-- [ RunTime:0.000603s ]
INFO: [ app_begin ] --START--
INFO: Run Behavior\ReadHtmlCacheBehavior [ RunTime:0.000730s ]
INFO: [ app_begin ] --END-- [ RunTime:0.000786s ]
NOTIC: [8] Undefined index: userid E:\phpstudy_pro\WWW\wqxts\Application\Api\Controller\NetsignController.class.php 第 508 行.
NOTIC: [8] Undefined index: token E:\phpstudy_pro\WWW\wqxts\Application\Api\Controller\NetsignController.class.php 第 509 行.
INFO: [ app_end ] --START--
INFO: Run Behavior\ShowPageTraceBehavior [ RunTime:0.001290s ]
INFO: [ app_end ] --END-- [ RunTime:0.001411s ]

[ 2020-07-17T18:14:20+08:00 ] 127.0.0.1 /api/netsign/signall/page/1
INFO: [ app_init ] --START--
INFO: Run Behavior\BuildLiteBehavior [ RunTime:0.000015s ]
INFO: [ app_init ] --END-- [ RunTime:0.000507s ]
INFO: [ app_begin ] --START--
INFO: Run Behavior\ReadHtmlCacheBehavior [ RunTime:0.000638s ]
INFO: [ app_begin ] --END-- [ RunTime:0.000687s ]
NOTIC: [8] Undefined index: userid E:\phpstudy_pro\WWW\wqxts\Application\Api\Controller\NetsignController.class.php 第 508 行.
NOTIC: [8] Undefined index: token E:\phpstudy_pro\WWW\wqxts\Application\Api\Controller\NetsignController.class.php 第 509 行.
INFO: [ app_end ] --START--
INFO: Run Behavior\ShowPageTraceBehavior [ RunTime:0.000686s ]
INFO: [ app_end ] --END-- [ RunTime:0.000740s ]

[ 2020-07-17T18:14:24+08:00 ] 127.0.0.1 /api/netsign/signall/page/1
INFO: [ app_init ] --START--
INFO: Run Behavior\BuildLiteBehavior [ RunTime:0.000013s ]
INFO: [ app_init ] --END-- [ RunTime:0.000535s ]
INFO: [ app_begin ] --START--
INFO: Run Behavior\ReadHtmlCacheBehavior [ RunTime:0.000762s ]
INFO: [ app_begin ] --END-- [ RunTime:0.000834s ]
NOTIC: [8] Undefined index: userid E:\phpstudy_pro\WWW\wqxts\Application\Api\Controller\NetsignController.class.php 第 508 行.
NOTIC: [8] Undefined index: token E:\phpstudy_pro\WWW\wqxts\Application\Api\Controller\NetsignController.class.php 第 509 行.
INFO: [ app_end ] --START--
INFO: Run Behavior\ShowPageTraceBehavior [ RunTime:0.000628s ]
INFO: [ app_end ] --END-- [ RunTime:0.000679s ]

[ 2020-07-17T18:14:54+08:00 ] 127.0.0.1 /api/netsign/index
INFO: [ app_init ] --START--
INFO: Run Behavior\BuildLiteBehavior [ RunTime:0.000015s ]
INFO: [ app_init ] --END-- [ RunTime:0.000523s ]
INFO: [ app_begin ] --START--
INFO: Run Behavior\ReadHtmlCacheBehavior [ RunTime:0.000642s ]
INFO: [ app_begin ] --END-- [ RunTime:0.000687s ]
NOTIC: [8] Undefined index: userid E:\phpstudy_pro\WWW\wqxts\Application\Api\Controller\NetsignController.class.php 第 27 行.
NOTIC: [8] Undefined index: token E:\phpstudy_pro\WWW\wqxts\Application\Api\Controller\NetsignController.class.php 第 28 行.
INFO: [ app_end ] --START--
INFO: Run Behavior\ShowPageTraceBehavior [ RunTime:0.000603s ]
INFO: [ app_end ] --END-- [ RunTime:0.000648s ]

[ 2020-07-17T18:15:01+08:00 ] 127.0.0.1 /api/netsign/index
INFO: [ app_init ] --START--
INFO: Run Behavior\BuildLiteBehavior [ RunTime:0.000015s ]
INFO: [ app_init ] --END-- [ RunTime:0.000532s ]
INFO: [ app_begin ] --START--
INFO: Run Behavior\ReadHtmlCacheBehavior [ RunTime:0.000798s ]
INFO: [ app_begin ] --END-- [ RunTime:0.000840s ]
NOTIC: [8] Undefined index: userid E:\phpstudy_pro\WWW\wqxts\Application\Api\Controller\NetsignController.class.php 第 27 行.
NOTIC: [8] Undefined index: token E:\phpstudy_pro\WWW\wqxts\Application\Api\Controller\NetsignController.class.php 第 28 行.
INFO: [ app_end ] --START--
INFO: Run Behavior\ShowPageTraceBehavior [ RunTime:0.001051s ]
INFO: [ app_end ] --END-- [ RunTime:0.001104s ]

[ 2020-07-17T18:15:03+08:00 ] 127.0.0.1 /api/netsign/index
INFO: [ app_init ] --START--
INFO: Run Behavior\BuildLiteBehavior [ RunTime:0.000017s ]
INFO: [ app_init ] --END-- [ RunTime:0.000716s ]
INFO: [ app_begin ] --START--
INFO: Run Behavior\ReadHtmlCacheBehavior [ RunTime:0.001057s ]
INFO: [ app_begin ] --END-- [ RunTime:0.001108s ]
NOTIC: [8] Undefined index: userid E:\phpstudy_pro\WWW\wqxts\Application\Api\Controller\NetsignController.class.php 第 27 行.
NOTIC: [8] Undefined index: token E:\phpstudy_pro\WWW\wqxts\Application\Api\Controller\NetsignController.class.php 第 28 行.
INFO: [ app_end ] --START--
INFO: Run Behavior\ShowPageTraceBehavior [ RunTime:0.001068s ]
INFO: [ app_end ] --END-- [ RunTime:0.001126s ]

[ 2020-07-17T18:15:07+08:00 ] 127.0.0.1 /api/netsign/nosignlist/page/1/type/2
INFO: [ app_init ] --START--
INFO: Run Behavior\BuildLiteBehavior [ RunTime:0.000021s ]
INFO: [ app_init ] --END-- [ RunTime:0.000751s ]
INFO: [ app_begin ] --START--
INFO: Run Behavior\ReadHtmlCacheBehavior [ RunTime:0.001065s ]
INFO: [ app_begin ] --END-- [ RunTime:0.001123s ]
NOTIC: [8] Undefined index: userid E:\phpstudy_pro\WWW\wqxts\Application\Api\Controller\NetsignController.class.php 第 1658 行.
NOTIC: [8] Undefined index: token E:\phpstudy_pro\WWW\wqxts\Application\Api\Controller\NetsignController.class.php 第 1659 行.
INFO: [ app_end ] --START--
INFO: Run Behavior\ShowPageTraceBehavior [ RunTime:0.001786s ]
INFO: [ app_end ] --END-- [ RunTime:0.001899s ]

[ 2020-07-17T18:15:19+08:00 ] 127.0.0.1 /api/netsign/mysignlist/page/1
INFO: [ app_init ] --START--
INFO: Run Behavior\BuildLiteBehavior [ RunTime:0.000021s ]
INFO: [ app_init ] --END-- [ RunTime:0.000679s ]
INFO: [ app_begin ] --START--
INFO: Run Behavior\ReadHtmlCacheBehavior [ RunTime:0.001010s ]
INFO: [ app_begin ] --END-- [ RunTime:0.001070s ]
NOTIC: [8] Undefined index: userid E:\phpstudy_pro\WWW\wqxts\Application\Api\Controller\NetsignController.class.php 第 549 行.
NOTIC: [8] Undefined index: token E:\phpstudy_pro\WWW\wqxts\Application\Api\Controller\NetsignController.class.php 第 550 行.
INFO: [ app_end ] --START--
INFO: Run Behavior\ShowPageTraceBehavior [ RunTime:0.000990s ]
INFO: [ app_end ] --END-- [ RunTime:0.001060s ]

[ 2020-07-17T18:16:39+08:00 ] 127.0.0.1 /api/netsign/index
INFO: [ app_init ] --START--
INFO: Run Behavior\BuildLiteBehavior [ RunTime:0.000014s ]
INFO: [ app_init ] --END-- [ RunTime:0.000588s ]
INFO: [ app_begin ] --START--
INFO: Run Behavior\ReadHtmlCacheBehavior [ RunTime:0.000665s ]
INFO: [ app_begin ] --END-- [ RunTime:0.000706s ]
NOTIC: [8] Undefined index: userid E:\phpstudy_pro\WWW\wqxts\Application\Api\Controller\NetsignController.class.php 第 27 行.
NOTIC: [8] Undefined index: token E:\phpstudy_pro\WWW\wqxts\Application\Api\Controller\NetsignController.class.php 第 28 行.
INFO: [ app_end ] --START--
INFO: Run Behavior\ShowPageTraceBehavior [ RunTime:0.000636s ]
INFO: [ app_end ] --END-- [ RunTime:0.000692s ]

[ 2020-07-17T18:16:41+08:00 ] 127.0.0.1 /api/netsign/index
INFO: [ app_init ] --START--
INFO: Run Behavior\BuildLiteBehavior [ RunTime:0.000012s ]
INFO: [ app_init ] --END-- [ RunTime:0.000482s ]
INFO: [ app_begin ] --START--
INFO: Run Behavior\ReadHtmlCacheBehavior [ RunTime:0.000610s ]
INFO: [ app_begin ] --END-- [ RunTime:0.000653s ]
NOTIC: [8] Undefined index: userid E:\phpstudy_pro\WWW\wqxts\Application\Api\Controller\NetsignController.class.php 第 27 行.
NOTIC: [8] Undefined index: token E:\phpstudy_pro\WWW\wqxts\Application\Api\Controller\NetsignController.class.php 第 28 行.
INFO: [ app_end ] --START--
INFO: Run Behavior\ShowPageTraceBehavior [ RunTime:0.000609s ]
INFO: [ app_end ] --END-- [ RunTime:0.000657s ]

[ 2020-07-17T18:17:21+08:00 ] 127.0.0.1 /api/netsign/index
INFO: [ app_init ] --START--
INFO: Run Behavior\BuildLiteBehavior [ RunTime:0.000014s ]
INFO: [ app_init ] --END-- [ RunTime:0.000483s ]
INFO: [ app_begin ] --START--
INFO: Run Behavior\ReadHtmlCacheBehavior [ RunTime:0.000680s ]
INFO: [ app_begin ] --END-- [ RunTime:0.000721s ]
NOTIC: [8] Undefined index: userid E:\phpstudy_pro\WWW\wqxts\Application\Api\Controller\NetsignController.class.php 第 27 行.
NOTIC: [8] Undefined index: token E:\phpstudy_pro\WWW\wqxts\Application\Api\Controller\NetsignController.class.php 第 28 行.
INFO: [ app_end ] --START--
INFO: Run Behavior\ShowPageTraceBehavior [ RunTime:0.000922s ]
INFO: [ app_end ] --END-- [ RunTime:0.000982s ]

[ 2020-07-17T18:18:02+08:00 ] 127.0.0.1 /api/netsign/mysignlist/page/1
INFO: [ app_init ] --START--
INFO: Run Behavior\BuildLiteBehavior [ RunTime:0.000014s ]
INFO: [ app_init ] --END-- [ RunTime:0.000506s ]
INFO: [ app_begin ] --START--
INFO: Run Behavior\ReadHtmlCacheBehavior [ RunTime:0.000646s ]
INFO: [ app_begin ] --END-- [ RunTime:0.000694s ]
NOTIC: [8] Undefined index: userid E:\phpstudy_pro\WWW\wqxts\Application\Api\Controller\NetsignController.class.php 第 549 行.
NOTIC: [8] Undefined index: token E:\phpstudy_pro\WWW\wqxts\Application\Api\Controller\NetsignController.class.php 第 550 行.
INFO: [ app_end ] --START--
INFO: Run Behavior\ShowPageTraceBehavior [ RunTime:0.000975s ]
INFO: [ app_end ] --END-- [ RunTime:0.001047s ]

[ 2020-07-17T18:18:17+08:00 ] 127.0.0.1 /api/netsign/mysignlist/page/1
INFO: [ app_init ] --START--
INFO: Run Behavior\BuildLiteBehavior [ RunTime:0.000014s ]
INFO: [ app_init ] --END-- [ RunTime:0.000509s ]
INFO: [ app_begin ] --START--
INFO: Run Behavior\ReadHtmlCacheBehavior [ RunTime:0.000691s ]
INFO: [ app_begin ] --END-- [ RunTime:0.000742s ]
NOTIC: [8] Undefined index: userid E:\phpstudy_pro\WWW\wqxts\Application\Api\Controller\NetsignController.class.php 第 549 行.
NOTIC: [8] Undefined index: token E:\phpstudy_pro\WWW\wqxts\Application\Api\Controller\NetsignController.class.php 第 550 行.
INFO: [ app_end ] --START--
INFO: Run Behavior\ShowPageTraceBehavior [ RunTime:0.001325s ]
INFO: [ app_end ] --END-- [ RunTime:0.001423s ]

[ 2020-07-17T18:18:30+08:00 ] 127.0.0.1 /api/netsign/mysignlist/page/1
INFO: [ app_init ] --START--
INFO: Run Behavior\BuildLiteBehavior [ RunTime:0.000014s ]
INFO: [ app_init ] --END-- [ RunTime:0.000722s ]
INFO: [ app_begin ] --START--
INFO: Run Behavior\ReadHtmlCacheBehavior [ RunTime:0.000876s ]
INFO: [ app_begin ] --END-- [ RunTime:0.000929s ]
NOTIC: [8] Undefined index: userid E:\phpstudy_pro\WWW\wqxts\Application\Api\Controller\NetsignController.class.php 第 549 行.
NOTIC: [8] Undefined index: token E:\phpstudy_pro\WWW\wqxts\Application\Api\Controller\NetsignController.class.php 第 550 行.
INFO: [ app_end ] --START--
INFO: Run Behavior\ShowPageTraceBehavior [ RunTime:0.001164s ]
INFO: [ app_end ] --END-- [ RunTime:0.001239s ]

[ 2020-07-17T18:18:33+08:00 ] 127.0.0.1 /api/netsign/nosignlist/page/1/type/2
INFO: [ app_init ] --START--
INFO: Run Behavior\BuildLiteBehavior [ RunTime:0.000013s ]
INFO: [ app_init ] --END-- [ RunTime:0.000539s ]
INFO: [ app_begin ] --START--
INFO: Run Behavior\ReadHtmlCacheBehavior [ RunTime:0.001070s ]
INFO: [ app_begin ] --END-- [ RunTime:0.001146s ]
NOTIC: [8] Undefined index: userid E:\phpstudy_pro\WWW\wqxts\Application\Api\Controller\NetsignController.class.php 第 1658 行.
NOTIC: [8] Undefined index: token E:\phpstudy_pro\WWW\wqxts\Application\Api\Controller\NetsignController.class.php 第 1659 行.
INFO: [ app_end ] --START--
INFO: Run Behavior\ShowPageTraceBehavior [ RunTime:0.000866s ]
INFO: [ app_end ] --END-- [ RunTime:0.000921s ]

[ 2020-07-17T18:18:37+08:00 ] 127.0.0.1 /api/netsign/waitmysign/page/1
INFO: [ app_init ] --START--
INFO: Run Behavior\BuildLiteBehavior [ RunTime:0.000016s ]
INFO: [ app_init ] --END-- [ RunTime:0.000635s ]
INFO: [ app_begin ] --START--
INFO: Run Behavior\ReadHtmlCacheBehavior [ RunTime:0.000958s ]
INFO: [ app_begin ] --END-- [ RunTime:0.001010s ]
NOTIC: [8] Undefined index: userid E:\phpstudy_pro\WWW\wqxts\Application\Api\Controller\NetsignController.class.php 第 583 行.
NOTIC: [8] Undefined index: token E:\phpstudy_pro\WWW\wqxts\Application\Api\Controller\NetsignController.class.php 第 584 行.
INFO: [ app_end ] --START--
INFO: Run Behavior\ShowPageTraceBehavior [ RunTime:0.001958s ]
INFO: [ app_end ] --END-- [ RunTime:0.002039s ]

[ 2020-07-17T18:18:41+08:00 ] 127.0.0.1 /api/netsign/nosignlist/page/1/type/2
INFO: [ app_init ] --START--
INFO: Run Behavior\BuildLiteBehavior [ RunTime:0.000016s ]
INFO: [ app_init ] --END-- [ RunTime:0.000653s ]
INFO: [ app_begin ] --START--
INFO: Run Behavior\ReadHtmlCacheBehavior [ RunTime:0.000873s ]
INFO: [ app_begin ] --END-- [ RunTime:0.000927s ]
NOTIC: [8] Undefined index: userid E:\phpstudy_pro\WWW\wqxts\Application\Api\Controller\NetsignController.class.php 第 1658 行.
NOTIC: [8] Undefined index: token E:\phpstudy_pro\WWW\wqxts\Application\Api\Controller\NetsignController.class.php 第 1659 行.
INFO: [ app_end ] --START--
INFO: Run Behavior\ShowPageTraceBehavior [ RunTime:0.001876s ]
INFO: [ app_end ] --END-- [ RunTime:0.001955s ]

[ 2020-07-17T18:18:44+08:00 ] 127.0.0.1 /api/netsign/mysignlist/page/1
INFO: [ app_init ] --START--
INFO: Run Behavior\BuildLiteBehavior [ RunTime:0.000024s ]
INFO: [ app_init ] --END-- [ RunTime:0.001088s ]
INFO: [ app_begin ] --START--
INFO: Run Behavior\ReadHtmlCacheBehavior [ RunTime:0.000903s ]
INFO: [ app_begin ] --END-- [ RunTime:0.000969s ]
NOTIC: [8] Undefined index: userid E:\phpstudy_pro\WWW\wqxts\Application\Api\Controller\NetsignController.class.php 第 549 行.
NOTIC: [8] Undefined index: token E:\phpstudy_pro\WWW\wqxts\Application\Api\Controller\NetsignController.class.php 第 550 行.
INFO: [ app_end ] --START--
INFO: Run Behavior\ShowPageTraceBehavior [ RunTime:0.001160s ]
INFO: [ app_end ] --END-- [ RunTime:0.001221s ]

[ 2020-07-17T18:18:47+08:00 ] 127.0.0.1 /api/netsign/mysignlist/page/1
INFO: [ app_init ] --START--
INFO: Run Behavior\BuildLiteBehavior [ RunTime:0.000024s ]
INFO: [ app_init ] --END-- [ RunTime:0.000965s ]
INFO: [ app_begin ] --START--
INFO: Run Behavior\ReadHtmlCacheBehavior [ RunTime:0.001160s ]
INFO: [ app_begin ] --END-- [ RunTime:0.001225s ]
NOTIC: [8] Undefined index: userid E:\phpstudy_pro\WWW\wqxts\Application\Api\Controller\NetsignController.class.php 第 549 行.
NOTIC: [8] Undefined index: token E:\phpstudy_pro\WWW\wqxts\Application\Api\Controller\NetsignController.class.php 第 550 行.
INFO: [ app_end ] --START--
INFO: Run Behavior\ShowPageTraceBehavior [ RunTime:0.000872s ]
INFO: [ app_end ] --END-- [ RunTime:0.000927s ]

[ 2020-07-17T18:18:49+08:00 ] 127.0.0.1 /api/netsign/nosignlist/page/1/type/2
INFO: [ app_init ] --START--
INFO: Run Behavior\BuildLiteBehavior [ RunTime:0.000022s ]
INFO: [ app_init ] --END-- [ RunTime:0.000687s ]
INFO: [ app_begin ] --START--
INFO: Run Behavior\ReadHtmlCacheBehavior [ RunTime:0.000906s ]
INFO: [ app_begin ] --END-- [ RunTime:0.000966s ]
NOTIC: [8] Undefined index: userid E:\phpstudy_pro\WWW\wqxts\Application\Api\Controller\NetsignController.class.php 第 1658 行.
NOTIC: [8] Undefined index: token E:\phpstudy_pro\WWW\wqxts\Application\Api\Controller\NetsignController.class.php 第 1659 行.
INFO: [ app_end ] --START--
INFO: Run Behavior\ShowPageTraceBehavior [ RunTime:0.001839s ]
INFO: [ app_end ] --END-- [ RunTime:0.001947s ]

[ 2020-07-17T18:18:52+08:00 ] 127.0.0.1 /api/netsign/waitmysign/page/1
INFO: [ app_init ] --START--
INFO: Run Behavior\BuildLiteBehavior [ RunTime:0.000014s ]
INFO: [ app_init ] --END-- [ RunTime:0.000745s ]
INFO: [ app_begin ] --START--
INFO: Run Behavior\ReadHtmlCacheBehavior [ RunTime:0.000862s ]
INFO: [ app_begin ] --END-- [ RunTime:0.000914s ]
NOTIC: [8] Undefined index: userid E:\phpstudy_pro\WWW\wqxts\Application\Api\Controller\NetsignController.class.php 第 583 行.
NOTIC: [8] Undefined index: token E:\phpstudy_pro\WWW\wqxts\Application\Api\Controller\NetsignController.class.php 第 584 行.
INFO: [ app_end ] --START--
INFO: Run Behavior\ShowPageTraceBehavior [ RunTime:0.000932s ]
INFO: [ app_end ] --END-- [ RunTime:0.000989s ]

[ 2020-07-17T18:18:55+08:00 ] 127.0.0.1 /api/netsign/mysignlist/page/1
INFO: [ app_init ] --START--
INFO: Run Behavior\BuildLiteBehavior [ RunTime:0.000014s ]
INFO: [ app_init ] --END-- [ RunTime:0.000600s ]
INFO: [ app_begin ] --START--
INFO: Run Behavior\ReadHtmlCacheBehavior [ RunTime:0.000848s ]
INFO: [ app_begin ] --END-- [ RunTime:0.000898s ]
NOTIC: [8] Undefined index: userid E:\phpstudy_pro\WWW\wqxts\Application\Api\Controller\NetsignController.class.php 第 549 行.
NOTIC: [8] Undefined index: token E:\phpstudy_pro\WWW\wqxts\Application\Api\Controller\NetsignController.class.php 第 550 行.
INFO: [ app_end ] --START--
INFO: Run Behavior\ShowPageTraceBehavior [ RunTime:0.000870s ]
INFO: [ app_end ] --END-- [ RunTime:0.000923s ]

[ 2020-07-17T18:20:20+08:00 ] 127.0.0.1 /api/netsign/mysignlist/page/1
INFO: [ app_init ] --START--
INFO: Run Behavior\BuildLiteBehavior [ RunTime:0.000015s ]
INFO: [ app_init ] --END-- [ RunTime:0.000517s ]
INFO: [ app_begin ] --START--
INFO: Run Behavior\ReadHtmlCacheBehavior [ RunTime:0.000719s ]
INFO: [ app_begin ] --END-- [ RunTime:0.000772s ]
NOTIC: [8] Undefined index: userid E:\phpstudy_pro\WWW\wqxts\Application\Api\Controller\NetsignController.class.php 第 549 行.
NOTIC: [8] Undefined index: token E:\phpstudy_pro\WWW\wqxts\Application\Api\Controller\NetsignController.class.php 第 550 行.
INFO: [ app_end ] --START--
INFO: Run Behavior\ShowPageTraceBehavior [ RunTime:0.000959s ]
INFO: [ app_end ] --END-- [ RunTime:0.001043s ]

[ 2020-07-17T18:31:45+08:00 ] 127.0.0.1 /api/netsign/mysignlist/page/1
INFO: [ app_init ] --START--
INFO: Run Behavior\BuildLiteBehavior [ RunTime:0.000020s ]
INFO: [ app_init ] --END-- [ RunTime:0.000918s ]
INFO: [ app_begin ] --START--
INFO: Run Behavior\ReadHtmlCacheBehavior [ RunTime:0.001061s ]
INFO: [ app_begin ] --END-- [ RunTime:0.001139s ]
NOTIC: [8] Undefined index: userid E:\phpstudy_pro\WWW\wqxts\Application\Api\Controller\NetsignController.class.php 第 549 行.
NOTIC: [8] Undefined index: token E:\phpstudy_pro\WWW\wqxts\Application\Api\Controller\NetsignController.class.php 第 550 行.
SQL: select b.name,a.id,a.starttime,a.endtime,a.status from sign as a ,template as b  where a.uid='' and a.mid = b.id order by a.savetime desc limit 0,10 [ RunTime:0.0007s ]
INFO: [ app_end ] --START--
INFO: Run Behavior\ShowPageTraceBehavior [ RunTime:0.001174s ]
INFO: [ app_end ] --END-- [ RunTime:0.001244s ]

[ 2020-07-17T18:33:15+08:00 ] 127.0.0.1 /api/netsign/mysignlist/page/1
INFO: [ app_init ] --START--
INFO: Run Behavior\BuildLiteBehavior [ RunTime:0.000018s ]
INFO: [ app_init ] --END-- [ RunTime:0.000682s ]
INFO: [ app_begin ] --START--
INFO: Run Behavior\ReadHtmlCacheBehavior [ RunTime:0.001149s ]
INFO: [ app_begin ] --END-- [ RunTime:0.001227s ]
NOTIC: [8] Undefined index: userid E:\phpstudy_pro\WWW\wqxts\Application\Api\Controller\NetsignController.class.php 第 549 行.
NOTIC: [8] Undefined index: token E:\phpstudy_pro\WWW\wqxts\Application\Api\Controller\NetsignController.class.php 第 550 行.

[ 2020-07-17T18:36:22+08:00 ] 127.0.0.1 /api/netsign/mysignlist/page/1
INFO: [ app_init ] --START--
INFO: Run Behavior\BuildLiteBehavior [ RunTime:0.000012s ]
INFO: [ app_init ] --END-- [ RunTime:0.000502s ]
INFO: [ app_begin ] --START--
INFO: Run Behavior\ReadHtmlCacheBehavior [ RunTime:0.000782s ]
INFO: [ app_begin ] --END-- [ RunTime:0.000827s ]
NOTIC: [8] Undefined index: userid E:\phpstudy_pro\WWW\wqxts\Application\Api\Controller\NetsignController.class.php 第 549 行.
NOTIC: [8] Undefined index: token E:\phpstudy_pro\WWW\wqxts\Application\Api\Controller\NetsignController.class.php 第 550 行.
SQL: select b.name,a.id,a.starttime,a.endtime,a.status from sign as a ,template as b  where a.uid='' and a.mid = b.id order by a.savetime desc limit 0,10 [ RunTime:0.0002s ]
INFO: [ app_end ] --START--
INFO: Run Behavior\ShowPageTraceBehavior [ RunTime:0.000924s ]
INFO: [ app_end ] --END-- [ RunTime:0.000965s ]

[ 2020-07-17T18:37:35+08:00 ] 127.0.0.1 /api/netsign/signname
INFO: [ app_init ] --START--
INFO: Run Behavior\BuildLiteBehavior [ RunTime:0.000014s ]
INFO: [ app_init ] --END-- [ RunTime:0.000658s ]
INFO: [ app_begin ] --START--
INFO: Run Behavior\ReadHtmlCacheBehavior [ RunTime:0.000789s ]
INFO: [ app_begin ] --END-- [ RunTime:0.000829s ]
NOTIC: [8] Undefined index: userid E:\phpstudy_pro\WWW\wqxts\Application\Api\Controller\NetsignController.class.php 第 301 行.
NOTIC: [8] Undefined index: token E:\phpstudy_pro\WWW\wqxts\Application\Api\Controller\NetsignController.class.php 第 302 行.
NOTIC: [8] Undefined index: fid E:\phpstudy_pro\WWW\wqxts\Application\Api\Controller\NetsignController.class.php 第 303 行.
NOTIC: [8] Undefined index: title E:\phpstudy_pro\WWW\wqxts\Application\Api\Controller\NetsignController.class.php 第 304 行.
INFO: [ app_end ] --START--
INFO: Run Behavior\ShowPageTraceBehavior [ RunTime:0.000970s ]
INFO: [ app_end ] --END-- [ RunTime:0.001026s ]

[ 2020-07-17T18:37:35+08:00 ] 127.0.0.1 /api/netsign/seallist
INFO: [ app_init ] --START--
INFO: Run Behavior\BuildLiteBehavior [ RunTime:0.000015s ]
INFO: [ app_init ] --END-- [ RunTime:0.000622s ]
INFO: [ app_begin ] --START--
INFO: Run Behavior\ReadHtmlCacheBehavior [ RunTime:0.000914s ]
INFO: [ app_begin ] --END-- [ RunTime:0.000968s ]
NOTIC: [8] Undefined index: userid E:\phpstudy_pro\WWW\wqxts\Application\Api\Controller\NetsignController.class.php 第 423 行.
NOTIC: [8] Undefined index: token E:\phpstudy_pro\WWW\wqxts\Application\Api\Controller\NetsignController.class.php 第 424 行.
NOTIC: [8] Undefined index: id E:\phpstudy_pro\WWW\wqxts\Application\Api\Controller\NetsignController.class.php 第 425 行.
NOTIC: [8] Undefined index: page E:\phpstudy_pro\WWW\wqxts\Application\Api\Controller\NetsignController.class.php 第 426 行.
INFO: [ app_end ] --START--
INFO: Run Behavior\ShowPageTraceBehavior [ RunTime:0.001111s ]
INFO: [ app_end ] --END-- [ RunTime:0.001169s ]

[ 2020-07-17T18:38:45+08:00 ] 127.0.0.1 /api/netsign/showseal/title/
INFO: [ app_init ] --START--
INFO: Run Behavior\BuildLiteBehavior [ RunTime:0.000015s ]
INFO: [ app_init ] --END-- [ RunTime:0.000612s ]
INFO: [ app_begin ] --START--
INFO: Run Behavior\ReadHtmlCacheBehavior [ RunTime:0.001216s ]
INFO: [ app_begin ] --END-- [ RunTime:0.001290s ]
NOTIC: [8] Undefined index: userid E:\phpstudy_pro\WWW\wqxts\Application\Api\Controller\NetsignController.class.php 第 272 行.
NOTIC: [8] Undefined index: token E:\phpstudy_pro\WWW\wqxts\Application\Api\Controller\NetsignController.class.php 第 273 行.
NOTIC: [8] Undefined index: title E:\phpstudy_pro\WWW\wqxts\Application\Api\Controller\NetsignController.class.php 第 274 行.
INFO: [ app_end ] --START--
INFO: Run Behavior\ShowPageTraceBehavior [ RunTime:0.000919s ]
INFO: [ app_end ] --END-- [ RunTime:0.000975s ]

[ 2020-07-17T18:38:55+08:00 ] 127.0.0.1 /api/netsign/seallist/id/
INFO: [ app_init ] --START--
INFO: Run Behavior\BuildLiteBehavior [ RunTime:0.000012s ]
INFO: [ app_init ] --END-- [ RunTime:0.000564s ]
INFO: [ app_begin ] --START--
INFO: Run Behavior\ReadHtmlCacheBehavior [ RunTime:0.000799s ]
INFO: [ app_begin ] --END-- [ RunTime:0.000840s ]
NOTIC: [8] Undefined index: userid E:\phpstudy_pro\WWW\wqxts\Application\Api\Controller\NetsignController.class.php 第 423 行.
NOTIC: [8] Undefined index: token E:\phpstudy_pro\WWW\wqxts\Application\Api\Controller\NetsignController.class.php 第 424 行.
NOTIC: [8] Undefined index: id E:\phpstudy_pro\WWW\wqxts\Application\Api\Controller\NetsignController.class.php 第 425 行.
NOTIC: [8] Undefined index: page E:\phpstudy_pro\WWW\wqxts\Application\Api\Controller\NetsignController.class.php 第 426 行.
INFO: [ app_end ] --START--
INFO: Run Behavior\ShowPageTraceBehavior [ RunTime:0.000810s ]
INFO: [ app_end ] --END-- [ RunTime:0.000853s ]

[ 2020-07-17T18:38:56+08:00 ] 127.0.0.1 /api/netsign/seallist/id/
INFO: [ app_init ] --START--
INFO: Run Behavior\BuildLiteBehavior [ RunTime:0.000014s ]
INFO: [ app_init ] --END-- [ RunTime:0.000675s ]
INFO: [ app_begin ] --START--
INFO: Run Behavior\ReadHtmlCacheBehavior [ RunTime:0.000962s ]
INFO: [ app_begin ] --END-- [ RunTime:0.001021s ]
NOTIC: [8] Undefined index: userid E:\phpstudy_pro\WWW\wqxts\Application\Api\Controller\NetsignController.class.php 第 423 行.
NOTIC: [8] Undefined index: token E:\phpstudy_pro\WWW\wqxts\Application\Api\Controller\NetsignController.class.php 第 424 行.
NOTIC: [8] Undefined index: id E:\phpstudy_pro\WWW\wqxts\Application\Api\Controller\NetsignController.class.php 第 425 行.
NOTIC: [8] Undefined index: page E:\phpstudy_pro\WWW\wqxts\Application\Api\Controller\NetsignController.class.php 第 426 行.
INFO: [ app_end ] --START--
INFO: Run Behavior\ShowPageTraceBehavior [ RunTime:0.000949s ]
INFO: [ app_end ] --END-- [ RunTime:0.000998s ]

[ 2020-07-17T18:38:59+08:00 ] 127.0.0.1 /api/netsign/signname/fid/0/title/
INFO: [ app_init ] --START--
INFO: Run Behavior\BuildLiteBehavior [ RunTime:0.000014s ]
INFO: [ app_init ] --END-- [ RunTime:0.000581s ]
INFO: [ app_begin ] --START--
INFO: Run Behavior\ReadHtmlCacheBehavior [ RunTime:0.000810s ]
INFO: [ app_begin ] --END-- [ RunTime:0.000854s ]
NOTIC: [8] Undefined index: userid E:\phpstudy_pro\WWW\wqxts\Application\Api\Controller\NetsignController.class.php 第 301 行.
NOTIC: [8] Undefined index: token E:\phpstudy_pro\WWW\wqxts\Application\Api\Controller\NetsignController.class.php 第 302 行.
NOTIC: [8] Undefined index: title E:\phpstudy_pro\WWW\wqxts\Application\Api\Controller\NetsignController.class.php 第 304 行.
INFO: [ app_end ] --START--
INFO: Run Behavior\ShowPageTraceBehavior [ RunTime:0.000860s ]
INFO: [ app_end ] --END-- [ RunTime:0.000905s ]

[ 2020-07-17T18:39:14+08:00 ] 127.0.0.1 /api/netsign/myselfinfo
INFO: [ app_init ] --START--
INFO: Run Behavior\BuildLiteBehavior [ RunTime:0.000014s ]
INFO: [ app_init ] --END-- [ RunTime:0.000592s ]
INFO: [ app_begin ] --START--
INFO: Run Behavior\ReadHtmlCacheBehavior [ RunTime:0.000856s ]
INFO: [ app_begin ] --END-- [ RunTime:0.000898s ]
NOTIC: [8] Undefined index: userid E:\phpstudy_pro\WWW\wqxts\Application\Api\Controller\NetsignController.class.php 第 1288 行.
NOTIC: [8] Undefined index: token E:\phpstudy_pro\WWW\wqxts\Application\Api\Controller\NetsignController.class.php 第 1289 行.
INFO: [ app_end ] --START--
INFO: Run Behavior\ShowPageTraceBehavior [ RunTime:0.000791s ]
INFO: [ app_end ] --END-- [ RunTime:0.000836s ]

[ 2020-07-17T18:39:16+08:00 ] 127.0.0.1 /api/netsign/index
INFO: [ app_init ] --START--
INFO: Run Behavior\BuildLiteBehavior [ RunTime:0.000023s ]
INFO: [ app_init ] --END-- [ RunTime:0.001206s ]
INFO: [ app_begin ] --START--
INFO: Run Behavior\ReadHtmlCacheBehavior [ RunTime:0.000887s ]
INFO: [ app_begin ] --END-- [ RunTime:0.000944s ]
NOTIC: [8] Undefined index: userid E:\phpstudy_pro\WWW\wqxts\Application\Api\Controller\NetsignController.class.php 第 27 行.
NOTIC: [8] Undefined index: token E:\phpstudy_pro\WWW\wqxts\Application\Api\Controller\NetsignController.class.php 第 28 行.
INFO: [ app_end ] --START--
INFO: Run Behavior\ShowPageTraceBehavior [ RunTime:0.000799s ]
INFO: [ app_end ] --END-- [ RunTime:0.000844s ]

