[ 2019-08-06T08:44:31+08:00 ] 119.119.85.146 /admin/mes/index
INFO: [ app_init ] --START--
INFO: Run Behavior\BuildLiteBehavior [ RunTime:0.000000s ]
INFO: [ app_init ] --END-- [ RunTime:0.001000s ]
INFO: [ app_begin ] --START--
INFO: Run Behavior\ReadHtmlCacheBehavior [ RunTime:0.002000s ]
INFO: [ app_begin ] --END-- [ RunTime:0.002000s ]
SQL: SHOW COLUMNS FROM `error` [ RunTime:0.0020s ]
SQL: SELECT * FROM `error` WHERE `error_id` = 10004 LIMIT 1   [ RunTime:0.0000s ]
INFO: [ view_parse ] --START--
INFO: [ template_filter ] --START--
INFO: Run Behavior\ContentReplaceBehavior [ RunTime:0.000000s ]
INFO: [ template_filter ] --END-- [ RunTime:0.000000s ]
INFO: Run Behavior\ParseTemplateBehavior [ RunTime:0.013001s ]
INFO: [ view_parse ] --END-- [ RunTime:0.013001s ]
INFO: [ view_filter ] --START--
INFO: Run Behavior\WriteHtmlCacheBehavior [ RunTime:0.001000s ]
INFO: [ view_filter ] --END-- [ RunTime:0.001000s ]

[ 2019-08-06T08:44:33+08:00 ] 119.119.85.146 /index.php/Admin/Login/index.html
INFO: [ app_init ] --START--
INFO: Run Behavior\BuildLiteBehavior [ RunTime:0.000000s ]
INFO: [ app_init ] --END-- [ RunTime:0.001000s ]
INFO: [ app_begin ] --START--
INFO: Run Behavior\ReadHtmlCacheBehavior [ RunTime:0.002001s ]
INFO: [ app_begin ] --END-- [ RunTime:0.002001s ]
INFO: [ view_parse ] --START--
INFO: [ template_filter ] --START--
INFO: Run Behavior\ContentReplaceBehavior [ RunTime:0.000000s ]
INFO: [ template_filter ] --END-- [ RunTime:0.000000s ]
INFO: Run Behavior\ParseTemplateBehavior [ RunTime:0.016001s ]
INFO: [ view_parse ] --END-- [ RunTime:0.016001s ]
INFO: [ view_filter ] --START--
INFO: Run Behavior\WriteHtmlCacheBehavior [ RunTime:0.001000s ]
INFO: [ view_filter ] --END-- [ RunTime:0.001000s ]
INFO: [ app_end ] --START--
INFO: Run Behavior\ShowPageTraceBehavior [ RunTime:0.003000s ]
INFO: [ app_end ] --END-- [ RunTime:0.003000s ]

[ 2019-08-06T08:44:58+08:00 ] 119.119.85.146 /index.php/Admin/Login/login
INFO: [ app_init ] --START--
INFO: Run Behavior\BuildLiteBehavior [ RunTime:0.000000s ]
INFO: [ app_init ] --END-- [ RunTime:0.001000s ]
INFO: [ app_begin ] --START--
INFO: Run Behavior\ReadHtmlCacheBehavior [ RunTime:0.001000s ]
INFO: [ app_begin ] --END-- [ RunTime:0.001000s ]
SQL: SHOW COLUMNS FROM `admin` [ RunTime:0.0020s ]
SQL: SELECT * FROM `admin` WHERE `username` = 'admin' AND `password` = '21232f297a57a5a743894a0e4a801fc3' LIMIT 1   [ RunTime:0.0000s ]
SQL: SHOW COLUMNS FROM `model` [ RunTime:0.0030s ]
SQL: SELECT * FROM `model`  [ RunTime:0.0010s ]
SQL: UPDATE `admin` SET `login_time`='1565052298',`login_ip`='119.119.85.146' WHERE `id` = 1 [ RunTime:0.0450s ]
SQL: SHOW COLUMNS FROM `error` [ RunTime:0.0040s ]
SQL: SELECT * FROM `error` WHERE `error_id` = 10002 LIMIT 1   [ RunTime:0.0010s ]

[ 2019-08-06T08:45:00+08:00 ] 119.119.85.146 /index.php/Admin/Index/index.html
INFO: [ app_init ] --START--
INFO: Run Behavior\BuildLiteBehavior [ RunTime:0.000000s ]
INFO: [ app_init ] --END-- [ RunTime:0.001001s ]
INFO: [ app_begin ] --START--
INFO: Run Behavior\ReadHtmlCacheBehavior [ RunTime:0.002000s ]
INFO: [ app_begin ] --END-- [ RunTime:0.002000s ]
SQL: SHOW COLUMNS FROM `model` [ RunTime:0.0030s ]
SQL: SELECT * FROM `model` WHERE `controller` = 'Index' AND `action` = 'index' LIMIT 1   [ RunTime:0.0010s ]
SQL: SELECT * FROM `model` WHERE `belongid` = null AND `level` = 3  [ RunTime:0.0010s ]
INFO: [ view_parse ] --START--
INFO: [ template_filter ] --START--
INFO: Run Behavior\ContentReplaceBehavior [ RunTime:0.000000s ]
INFO: [ template_filter ] --END-- [ RunTime:0.000000s ]
INFO: Run Behavior\ParseTemplateBehavior [ RunTime:0.022001s ]
INFO: [ view_parse ] --END-- [ RunTime:0.022001s ]
INFO: [ view_filter ] --START--
INFO: Run Behavior\WriteHtmlCacheBehavior [ RunTime:0.001000s ]
INFO: [ view_filter ] --END-- [ RunTime:0.001000s ]
INFO: [ app_end ] --START--
INFO: Run Behavior\ShowPageTraceBehavior [ RunTime:0.002000s ]
INFO: [ app_end ] --END-- [ RunTime:0.002000s ]

[ 2019-08-06T08:45:01+08:00 ] 119.119.85.146 /index.php/Admin/Index/welcome.html
INFO: [ app_init ] --START--
INFO: Run Behavior\BuildLiteBehavior [ RunTime:0.000000s ]
INFO: [ app_init ] --END-- [ RunTime:0.001000s ]
INFO: [ app_begin ] --START--
INFO: Run Behavior\ReadHtmlCacheBehavior [ RunTime:0.002000s ]
INFO: [ app_begin ] --END-- [ RunTime:0.002000s ]
SQL: SHOW COLUMNS FROM `model` [ RunTime:0.0030s ]
SQL: SELECT * FROM `model` WHERE `controller` = 'Index' AND `action` = 'welcome' LIMIT 1   [ RunTime:0.0010s ]
SQL: SELECT * FROM `model` WHERE `belongid` = null AND `level` = 3  [ RunTime:0.0010s ]
INFO: [ view_parse ] --START--
INFO: [ template_filter ] --START--
INFO: Run Behavior\ContentReplaceBehavior [ RunTime:0.000000s ]
INFO: [ template_filter ] --END-- [ RunTime:0.000000s ]
INFO: Run Behavior\ParseTemplateBehavior [ RunTime:0.012001s ]
INFO: [ view_parse ] --END-- [ RunTime:0.012001s ]
INFO: [ view_filter ] --START--
INFO: Run Behavior\WriteHtmlCacheBehavior [ RunTime:0.002000s ]
INFO: [ view_filter ] --END-- [ RunTime:0.002000s ]
INFO: [ app_end ] --START--
INFO: Run Behavior\ShowPageTraceBehavior [ RunTime:0.002000s ]
INFO: [ app_end ] --END-- [ RunTime:0.002000s ]

[ 2019-08-06T08:45:12+08:00 ] 119.119.85.146 /index.php/Admin/Mes/index
INFO: [ app_init ] --START--
INFO: Run Behavior\BuildLiteBehavior [ RunTime:0.000000s ]
INFO: [ app_init ] --END-- [ RunTime:0.001000s ]
INFO: [ app_begin ] --START--
INFO: Run Behavior\ReadHtmlCacheBehavior [ RunTime:0.002000s ]
INFO: [ app_begin ] --END-- [ RunTime:0.002000s ]
SQL: SHOW COLUMNS FROM `model` [ RunTime:0.0030s ]
SQL: SELECT * FROM `model` WHERE `controller` = 'Mes' AND `action` = 'index' LIMIT 1   [ RunTime:0.0010s ]
SQL: SELECT * FROM `model` WHERE `belongid` = 213 AND `level` = 3  [ RunTime:0.0010s ]
SQL: SHOW COLUMNS FROM `framework` [ RunTime:0.0020s ]
SQL: SELECT COUNT(*) AS tp_count FROM `framework` WHERE ( type_id=0 ) LIMIT 1   [ RunTime:0.0000s ]
INFO: [ view_parse ] --START--
INFO: [ template_filter ] --START--
INFO: Run Behavior\ContentReplaceBehavior [ RunTime:0.001000s ]
INFO: [ template_filter ] --END-- [ RunTime:0.001000s ]
INFO: Run Behavior\ParseTemplateBehavior [ RunTime:0.019001s ]
INFO: [ view_parse ] --END-- [ RunTime:0.019001s ]
INFO: [ view_filter ] --START--
INFO: Run Behavior\WriteHtmlCacheBehavior [ RunTime:0.002000s ]
INFO: [ view_filter ] --END-- [ RunTime:0.002000s ]
INFO: [ app_end ] --START--
INFO: Run Behavior\ShowPageTraceBehavior [ RunTime:0.001001s ]
INFO: [ app_end ] --END-- [ RunTime:0.001001s ]

[ 2019-08-06T08:45:24+08:00 ] 119.119.85.146 /admin/mes/index
INFO: [ app_init ] --START--
INFO: Run Behavior\BuildLiteBehavior [ RunTime:0.000000s ]
INFO: [ app_init ] --END-- [ RunTime:0.001000s ]
INFO: [ app_begin ] --START--
INFO: Run Behavior\ReadHtmlCacheBehavior [ RunTime:0.002000s ]
INFO: [ app_begin ] --END-- [ RunTime:0.002000s ]
SQL: SHOW COLUMNS FROM `model` [ RunTime:0.0030s ]
SQL: SELECT * FROM `model` WHERE `controller` = 'Mes' AND `action` = 'index' LIMIT 1   [ RunTime:0.0010s ]
SQL: SELECT * FROM `model` WHERE `belongid` = 213 AND `level` = 3  [ RunTime:0.0020s ]
INFO: [ app_end ] --START--
INFO: Run Behavior\ShowPageTraceBehavior [ RunTime:0.002000s ]
INFO: [ app_end ] --END-- [ RunTime:0.002000s ]

[ 2019-08-06T08:45:25+08:00 ] 119.119.85.146 /index.php/Admin/Mes/index.html
INFO: [ app_init ] --START--
INFO: Run Behavior\BuildLiteBehavior [ RunTime:0.000000s ]
INFO: [ app_init ] --END-- [ RunTime:0.001000s ]
INFO: [ app_begin ] --START--
INFO: Run Behavior\ReadHtmlCacheBehavior [ RunTime:0.002001s ]
INFO: [ app_begin ] --END-- [ RunTime:0.002001s ]
SQL: SHOW COLUMNS FROM `model` [ RunTime:0.0030s ]
SQL: SELECT * FROM `model` WHERE `controller` = 'Mes' AND `action` = 'index' LIMIT 1   [ RunTime:0.0010s ]
SQL: SELECT * FROM `model` WHERE `belongid` = 213 AND `level` = 3  [ RunTime:0.0010s ]
SQL: SHOW COLUMNS FROM `framework` [ RunTime:0.0030s ]
SQL: SELECT COUNT(*) AS tp_count FROM `framework` WHERE ( type_id=0 ) LIMIT 1   [ RunTime:0.0010s ]
INFO: [ view_parse ] --START--
INFO: [ template_filter ] --START--
INFO: Run Behavior\ContentReplaceBehavior [ RunTime:0.000000s ]
INFO: [ template_filter ] --END-- [ RunTime:0.000000s ]
INFO: Run Behavior\ParseTemplateBehavior [ RunTime:0.016001s ]
INFO: [ view_parse ] --END-- [ RunTime:0.016001s ]
INFO: [ view_filter ] --START--
INFO: Run Behavior\WriteHtmlCacheBehavior [ RunTime:0.001000s ]
INFO: [ view_filter ] --END-- [ RunTime:0.001000s ]
INFO: [ app_end ] --START--
INFO: Run Behavior\ShowPageTraceBehavior [ RunTime:0.001000s ]
INFO: [ app_end ] --END-- [ RunTime:0.002000s ]

[ 2019-08-06T08:45:27+08:00 ] 42.236.10.93 /index.php/Admin/Mes/index.html
INFO: [ app_init ] --START--
INFO: Run Behavior\BuildLiteBehavior [ RunTime:0.000000s ]
INFO: [ app_init ] --END-- [ RunTime:0.001000s ]
INFO: [ app_begin ] --START--
INFO: Run Behavior\ReadHtmlCacheBehavior [ RunTime:0.002000s ]
INFO: [ app_begin ] --END-- [ RunTime:0.002000s ]
SQL: SHOW COLUMNS FROM `error` [ RunTime:0.0030s ]
SQL: SELECT * FROM `error` WHERE `error_id` = 10004 LIMIT 1   [ RunTime:0.0010s ]
INFO: [ view_parse ] --START--
INFO: [ template_filter ] --START--
INFO: Run Behavior\ContentReplaceBehavior [ RunTime:0.000000s ]
INFO: [ template_filter ] --END-- [ RunTime:0.000000s ]
INFO: Run Behavior\ParseTemplateBehavior [ RunTime:0.013000s ]
INFO: [ view_parse ] --END-- [ RunTime:0.013000s ]
INFO: [ view_filter ] --START--
INFO: Run Behavior\WriteHtmlCacheBehavior [ RunTime:0.001000s ]
INFO: [ view_filter ] --END-- [ RunTime:0.001000s ]

[ 2019-08-06T08:45:27+08:00 ] 42.236.10.75 /index.php/Admin/Mes/index.html
INFO: [ app_init ] --START--
INFO: Run Behavior\BuildLiteBehavior [ RunTime:0.000000s ]
INFO: [ app_init ] --END-- [ RunTime:0.001000s ]
INFO: [ app_begin ] --START--
INFO: Run Behavior\ReadHtmlCacheBehavior [ RunTime:0.002000s ]
INFO: [ app_begin ] --END-- [ RunTime:0.002000s ]
SQL: SHOW COLUMNS FROM `error` [ RunTime:0.0030s ]
SQL: SELECT * FROM `error` WHERE `error_id` = 10004 LIMIT 1   [ RunTime:0.0010s ]
INFO: [ view_parse ] --START--
INFO: [ template_filter ] --START--
INFO: Run Behavior\ContentReplaceBehavior [ RunTime:0.000000s ]
INFO: [ template_filter ] --END-- [ RunTime:0.000000s ]
INFO: Run Behavior\ParseTemplateBehavior [ RunTime:0.013000s ]
INFO: [ view_parse ] --END-- [ RunTime:0.013000s ]
INFO: [ view_filter ] --START--
INFO: Run Behavior\WriteHtmlCacheBehavior [ RunTime:0.001001s ]
INFO: [ view_filter ] --END-- [ RunTime:0.001001s ]

[ 2019-08-06T08:45:29+08:00 ] 42.236.10.75 /index.php/Admin/Login/index.html
INFO: [ app_init ] --START--
INFO: Run Behavior\BuildLiteBehavior [ RunTime:0.000000s ]
INFO: [ app_init ] --END-- [ RunTime:0.001000s ]
INFO: [ app_begin ] --START--
INFO: Run Behavior\ReadHtmlCacheBehavior [ RunTime:0.001001s ]
INFO: [ app_begin ] --END-- [ RunTime:0.001001s ]
INFO: [ view_parse ] --START--
INFO: [ template_filter ] --START--
INFO: Run Behavior\ContentReplaceBehavior [ RunTime:0.001000s ]
INFO: [ template_filter ] --END-- [ RunTime:0.001000s ]
INFO: Run Behavior\ParseTemplateBehavior [ RunTime:0.013000s ]
INFO: [ view_parse ] --END-- [ RunTime:0.013000s ]
INFO: [ view_filter ] --START--
INFO: Run Behavior\WriteHtmlCacheBehavior [ RunTime:0.001000s ]
INFO: [ view_filter ] --END-- [ RunTime:0.002001s ]
INFO: [ app_end ] --START--
INFO: Run Behavior\ShowPageTraceBehavior [ RunTime:0.001000s ]
INFO: [ app_end ] --END-- [ RunTime:0.001000s ]

[ 2019-08-06T08:45:36+08:00 ] 119.119.85.146 /admin/mes/index
INFO: [ app_init ] --START--
INFO: Run Behavior\BuildLiteBehavior [ RunTime:0.000000s ]
INFO: [ app_init ] --END-- [ RunTime:0.001000s ]
INFO: [ app_begin ] --START--
INFO: Run Behavior\ReadHtmlCacheBehavior [ RunTime:0.001000s ]
INFO: [ app_begin ] --END-- [ RunTime:0.001000s ]
SQL: SHOW COLUMNS FROM `model` [ RunTime:0.0020s ]
SQL: SELECT * FROM `model` WHERE `controller` = 'Mes' AND `action` = 'index' LIMIT 1   [ RunTime:0.0010s ]
SQL: SELECT * FROM `model` WHERE `belongid` = 213 AND `level` = 3  [ RunTime:0.0010s ]
INFO: [ app_end ] --START--
INFO: Run Behavior\ShowPageTraceBehavior [ RunTime:0.002000s ]
INFO: [ app_end ] --END-- [ RunTime:0.002000s ]

[ 2019-08-06T08:47:17+08:00 ] 119.119.85.146 /index.php/Admin/Mes/index.html
INFO: [ app_init ] --START--
INFO: Run Behavior\BuildLiteBehavior [ RunTime:0.000000s ]
INFO: [ app_init ] --END-- [ RunTime:0.001000s ]
INFO: [ app_begin ] --START--
INFO: Run Behavior\ReadHtmlCacheBehavior [ RunTime:0.002000s ]
INFO: [ app_begin ] --END-- [ RunTime:0.002000s ]
SQL: SHOW COLUMNS FROM `model` [ RunTime:0.0030s ]
SQL: SELECT * FROM `model` WHERE `controller` = 'Mes' AND `action` = 'index' LIMIT 1   [ RunTime:0.0010s ]
SQL: SELECT * FROM `model` WHERE `belongid` = 213 AND `level` = 3  [ RunTime:0.0010s ]
SQL: SHOW COLUMNS FROM `framework` [ RunTime:0.0020s ]
SQL: SELECT COUNT(*) AS tp_count FROM `framework` WHERE ( type_id=0 ) LIMIT 1   [ RunTime:0.0010s ]
INFO: [ view_parse ] --START--
INFO: [ template_filter ] --START--
INFO: Run Behavior\ContentReplaceBehavior [ RunTime:0.000000s ]
INFO: [ template_filter ] --END-- [ RunTime:0.000000s ]
INFO: Run Behavior\ParseTemplateBehavior [ RunTime:0.016001s ]
INFO: [ view_parse ] --END-- [ RunTime:0.016001s ]
INFO: [ view_filter ] --START--
INFO: Run Behavior\WriteHtmlCacheBehavior [ RunTime:0.001000s ]
INFO: [ view_filter ] --END-- [ RunTime:0.001000s ]
INFO: [ app_end ] --START--
INFO: Run Behavior\ShowPageTraceBehavior [ RunTime:0.002000s ]
INFO: [ app_end ] --END-- [ RunTime:0.002000s ]

[ 2019-08-06T08:47:27+08:00 ] 119.119.85.146 /admin/mes/index
INFO: [ app_init ] --START--
INFO: Run Behavior\BuildLiteBehavior [ RunTime:0.000000s ]
INFO: [ app_init ] --END-- [ RunTime:0.001000s ]
INFO: [ app_begin ] --START--
INFO: Run Behavior\ReadHtmlCacheBehavior [ RunTime:0.001000s ]
INFO: [ app_begin ] --END-- [ RunTime:0.001000s ]
SQL: SHOW COLUMNS FROM `model` [ RunTime:0.0030s ]
SQL: SELECT * FROM `model` WHERE `controller` = 'Mes' AND `action` = 'index' LIMIT 1   [ RunTime:0.0020s ]
SQL: SELECT * FROM `model` WHERE `belongid` = 213 AND `level` = 3  [ RunTime:0.0010s ]
INFO: [ app_end ] --START--
INFO: Run Behavior\ShowPageTraceBehavior [ RunTime:0.003000s ]
INFO: [ app_end ] --END-- [ RunTime:0.003000s ]

[ 2019-08-06T08:52:21+08:00 ] 119.119.85.146 /index.php/Admin/Mes/index.html
INFO: [ app_init ] --START--
INFO: Run Behavior\BuildLiteBehavior [ RunTime:0.000000s ]
INFO: [ app_init ] --END-- [ RunTime:0.002001s ]
INFO: [ app_begin ] --START--
INFO: Run Behavior\ReadHtmlCacheBehavior [ RunTime:0.001000s ]
INFO: [ app_begin ] --END-- [ RunTime:0.002000s ]
SQL: SHOW COLUMNS FROM `model` [ RunTime:0.0030s ]
SQL: SELECT * FROM `model` WHERE `controller` = 'Mes' AND `action` = 'index' LIMIT 1   [ RunTime:0.0010s ]
SQL: SELECT * FROM `model` WHERE `belongid` = 213 AND `level` = 3  [ RunTime:0.0020s ]
SQL: SHOW COLUMNS FROM `framework` [ RunTime:0.0030s ]
SQL: SELECT COUNT(*) AS tp_count FROM `framework` WHERE ( type_id=0 ) LIMIT 1   [ RunTime:0.0010s ]
INFO: [ view_parse ] --START--
INFO: [ template_filter ] --START--
INFO: Run Behavior\ContentReplaceBehavior [ RunTime:0.000000s ]
INFO: [ template_filter ] --END-- [ RunTime:0.000000s ]
INFO: Run Behavior\ParseTemplateBehavior [ RunTime:0.017001s ]
INFO: [ view_parse ] --END-- [ RunTime:0.017001s ]
INFO: [ view_filter ] --START--
INFO: Run Behavior\WriteHtmlCacheBehavior [ RunTime:0.002000s ]
INFO: [ view_filter ] --END-- [ RunTime:0.002000s ]
INFO: [ app_end ] --START--
INFO: Run Behavior\ShowPageTraceBehavior [ RunTime:0.002000s ]
INFO: [ app_end ] --END-- [ RunTime:0.002000s ]

[ 2019-08-06T08:52:31+08:00 ] 119.119.85.146 /admin/mes/index
INFO: [ app_init ] --START--
INFO: Run Behavior\BuildLiteBehavior [ RunTime:0.000000s ]
INFO: [ app_init ] --END-- [ RunTime:0.001000s ]
INFO: [ app_begin ] --START--
INFO: Run Behavior\ReadHtmlCacheBehavior [ RunTime:0.002000s ]
INFO: [ app_begin ] --END-- [ RunTime:0.002000s ]
SQL: SHOW COLUMNS FROM `model` [ RunTime:0.0020s ]
SQL: SELECT * FROM `model` WHERE `controller` = 'Mes' AND `action` = 'index' LIMIT 1   [ RunTime:0.0000s ]
SQL: SELECT * FROM `model` WHERE `belongid` = 213 AND `level` = 3  [ RunTime:0.0010s ]
INFO: [ app_end ] --START--
INFO: Run Behavior\ShowPageTraceBehavior [ RunTime:0.002000s ]
INFO: [ app_end ] --END-- [ RunTime:0.002000s ]

[ 2019-08-06T08:53:28+08:00 ] 119.119.85.146 /index.php/Admin/Mes/index.html
INFO: [ app_init ] --START--
INFO: Run Behavior\BuildLiteBehavior [ RunTime:0.000000s ]
INFO: [ app_init ] --END-- [ RunTime:0.001000s ]
INFO: [ app_begin ] --START--
INFO: Run Behavior\ReadHtmlCacheBehavior [ RunTime:0.002000s ]
INFO: [ app_begin ] --END-- [ RunTime:0.002000s ]
SQL: SHOW COLUMNS FROM `model` [ RunTime:0.0020s ]
SQL: SELECT * FROM `model` WHERE `controller` = 'Mes' AND `action` = 'index' LIMIT 1   [ RunTime:0.0010s ]
SQL: SELECT * FROM `model` WHERE `belongid` = 213 AND `level` = 3  [ RunTime:0.0010s ]
SQL: SHOW COLUMNS FROM `framework` [ RunTime:0.0020s ]
SQL: SELECT COUNT(*) AS tp_count FROM `framework` WHERE ( type_id=0 ) LIMIT 1   [ RunTime:0.0010s ]
INFO: [ view_parse ] --START--
INFO: [ template_filter ] --START--
INFO: Run Behavior\ContentReplaceBehavior [ RunTime:0.000000s ]
INFO: [ template_filter ] --END-- [ RunTime:0.000000s ]
INFO: Run Behavior\ParseTemplateBehavior [ RunTime:0.013000s ]
INFO: [ view_parse ] --END-- [ RunTime:0.013000s ]
INFO: [ view_filter ] --START--
INFO: Run Behavior\WriteHtmlCacheBehavior [ RunTime:0.002000s ]
INFO: [ view_filter ] --END-- [ RunTime:0.002000s ]
INFO: [ app_end ] --START--
INFO: Run Behavior\ShowPageTraceBehavior [ RunTime:0.001001s ]
INFO: [ app_end ] --END-- [ RunTime:0.001001s ]

[ 2019-08-06T08:53:38+08:00 ] 119.119.85.146 /admin/mes/index
INFO: [ app_init ] --START--
INFO: Run Behavior\BuildLiteBehavior [ RunTime:0.000000s ]
INFO: [ app_init ] --END-- [ RunTime:0.001000s ]
INFO: [ app_begin ] --START--
INFO: Run Behavior\ReadHtmlCacheBehavior [ RunTime:0.002000s ]
INFO: [ app_begin ] --END-- [ RunTime:0.002000s ]
SQL: SHOW COLUMNS FROM `model` [ RunTime:0.0030s ]
SQL: SELECT * FROM `model` WHERE `controller` = 'Mes' AND `action` = 'index' LIMIT 1   [ RunTime:0.0020s ]
SQL: SELECT * FROM `model` WHERE `belongid` = 213 AND `level` = 3  [ RunTime:0.0010s ]
INFO: [ app_end ] --START--
INFO: Run Behavior\ShowPageTraceBehavior [ RunTime:0.002000s ]
INFO: [ app_end ] --END-- [ RunTime:0.002000s ]

[ 2019-08-06T08:56:29+08:00 ] 119.119.85.146 /index.php/Admin/Mes/index.html
INFO: [ app_init ] --START--
INFO: Run Behavior\BuildLiteBehavior [ RunTime:0.000000s ]
INFO: [ app_init ] --END-- [ RunTime:0.001000s ]
INFO: [ app_begin ] --START--
INFO: Run Behavior\ReadHtmlCacheBehavior [ RunTime:0.001000s ]
INFO: [ app_begin ] --END-- [ RunTime:0.002000s ]
SQL: SHOW COLUMNS FROM `model` [ RunTime:0.0030s ]
SQL: SELECT * FROM `model` WHERE `controller` = 'Mes' AND `action` = 'index' LIMIT 1   [ RunTime:0.0020s ]
SQL: SELECT * FROM `model` WHERE `belongid` = 213 AND `level` = 3  [ RunTime:0.0010s ]
SQL: SHOW COLUMNS FROM `framework` [ RunTime:0.0040s ]
SQL: SELECT COUNT(*) AS tp_count FROM `framework` WHERE ( type_id=0 ) LIMIT 1   [ RunTime:0.0010s ]
INFO: [ view_parse ] --START--
INFO: [ template_filter ] --START--
INFO: Run Behavior\ContentReplaceBehavior [ RunTime:0.000000s ]
INFO: [ template_filter ] --END-- [ RunTime:0.000000s ]
INFO: Run Behavior\ParseTemplateBehavior [ RunTime:0.017001s ]
INFO: [ view_parse ] --END-- [ RunTime:0.017001s ]
INFO: [ view_filter ] --START--
INFO: Run Behavior\WriteHtmlCacheBehavior [ RunTime:0.001000s ]
INFO: [ view_filter ] --END-- [ RunTime:0.002000s ]
INFO: [ app_end ] --START--
INFO: Run Behavior\ShowPageTraceBehavior [ RunTime:0.002000s ]
INFO: [ app_end ] --END-- [ RunTime:0.002000s ]

[ 2019-08-06T08:56:38+08:00 ] 119.119.85.146 /admin/mes/index
INFO: [ app_init ] --START--
INFO: Run Behavior\BuildLiteBehavior [ RunTime:0.000000s ]
INFO: [ app_init ] --END-- [ RunTime:0.002000s ]
INFO: [ app_begin ] --START--
INFO: Run Behavior\ReadHtmlCacheBehavior [ RunTime:0.002000s ]
INFO: [ app_begin ] --END-- [ RunTime:0.002000s ]
SQL: SHOW COLUMNS FROM `model` [ RunTime:0.0030s ]
SQL: SELECT * FROM `model` WHERE `controller` = 'Mes' AND `action` = 'index' LIMIT 1   [ RunTime:0.0010s ]
SQL: SELECT * FROM `model` WHERE `belongid` = 213 AND `level` = 3  [ RunTime:0.0010s ]
INFO: [ app_end ] --START--
INFO: Run Behavior\ShowPageTraceBehavior [ RunTime:0.002000s ]
INFO: [ app_end ] --END-- [ RunTime:0.002000s ]

[ 2019-08-06T09:01:25+08:00 ] 119.119.85.146 /index.php/Admin/Mes/index.html
INFO: [ app_init ] --START--
INFO: Run Behavior\BuildLiteBehavior [ RunTime:0.000000s ]
INFO: [ app_init ] --END-- [ RunTime:0.001000s ]
INFO: [ app_begin ] --START--
INFO: Run Behavior\ReadHtmlCacheBehavior [ RunTime:0.002000s ]
INFO: [ app_begin ] --END-- [ RunTime:0.002000s ]
SQL: SHOW COLUMNS FROM `model` [ RunTime:0.0020s ]
SQL: SELECT * FROM `model` WHERE `controller` = 'Mes' AND `action` = 'index' LIMIT 1   [ RunTime:0.0010s ]
SQL: SELECT * FROM `model` WHERE `belongid` = 213 AND `level` = 3  [ RunTime:0.0010s ]
SQL: SHOW COLUMNS FROM `framework` [ RunTime:0.0020s ]
SQL: SELECT COUNT(*) AS tp_count FROM `framework` WHERE ( type_id=0 ) LIMIT 1   [ RunTime:0.0010s ]
INFO: [ view_parse ] --START--
INFO: [ template_filter ] --START--
INFO: Run Behavior\ContentReplaceBehavior [ RunTime:0.000000s ]
INFO: [ template_filter ] --END-- [ RunTime:0.000000s ]
INFO: Run Behavior\ParseTemplateBehavior [ RunTime:0.011001s ]
INFO: [ view_parse ] --END-- [ RunTime:0.011001s ]
INFO: [ view_filter ] --START--
INFO: Run Behavior\WriteHtmlCacheBehavior [ RunTime:0.001000s ]
INFO: [ view_filter ] --END-- [ RunTime:0.001000s ]
INFO: [ app_end ] --START--
INFO: Run Behavior\ShowPageTraceBehavior [ RunTime:0.001000s ]
INFO: [ app_end ] --END-- [ RunTime:0.001000s ]

[ 2019-08-06T09:01:35+08:00 ] 119.119.85.146 /admin/mes/index
INFO: [ app_init ] --START--
INFO: Run Behavior\BuildLiteBehavior [ RunTime:0.000000s ]
INFO: [ app_init ] --END-- [ RunTime:0.001001s ]
INFO: [ app_begin ] --START--
INFO: Run Behavior\ReadHtmlCacheBehavior [ RunTime:0.002000s ]
INFO: [ app_begin ] --END-- [ RunTime:0.002000s ]
SQL: SHOW COLUMNS FROM `model` [ RunTime:0.0040s ]
SQL: SELECT * FROM `model` WHERE `controller` = 'Mes' AND `action` = 'index' LIMIT 1   [ RunTime:0.0010s ]
SQL: SELECT * FROM `model` WHERE `belongid` = 213 AND `level` = 3  [ RunTime:0.0020s ]
INFO: [ app_end ] --START--
INFO: Run Behavior\ShowPageTraceBehavior [ RunTime:0.002000s ]
INFO: [ app_end ] --END-- [ RunTime:0.002000s ]

[ 2019-08-06T09:12:59+08:00 ] 119.119.85.146 /index.php/Admin/Mes/index.html
INFO: [ app_init ] --START--
INFO: Run Behavior\BuildLiteBehavior [ RunTime:0.000000s ]
INFO: [ app_init ] --END-- [ RunTime:0.001000s ]
INFO: [ app_begin ] --START--
INFO: Run Behavior\ReadHtmlCacheBehavior [ RunTime:0.001000s ]
INFO: [ app_begin ] --END-- [ RunTime:0.001000s ]
ERR: syntax error, unexpected 'elseif' (T_ELSEIF)

[ 2019-08-06T09:14:53+08:00 ] 119.119.85.146 /index.php/Admin/Mes/index.html
INFO: [ app_init ] --START--
INFO: Run Behavior\BuildLiteBehavior [ RunTime:0.000000s ]
INFO: [ app_init ] --END-- [ RunTime:0.001000s ]
INFO: [ app_begin ] --START--
INFO: Run Behavior\ReadHtmlCacheBehavior [ RunTime:0.002000s ]
INFO: [ app_begin ] --END-- [ RunTime:0.002000s ]
ERR: syntax error, unexpected '}', expecting end of file

[ 2019-08-06T09:15:20+08:00 ] 119.119.85.146 /index.php/Admin/Mes/index.html
INFO: [ app_init ] --START--
INFO: Run Behavior\BuildLiteBehavior [ RunTime:0.000000s ]
INFO: [ app_init ] --END-- [ RunTime:0.001000s ]
INFO: [ app_begin ] --START--
INFO: Run Behavior\ReadHtmlCacheBehavior [ RunTime:0.001001s ]
INFO: [ app_begin ] --END-- [ RunTime:0.001001s ]
SQL: SHOW COLUMNS FROM `model` [ RunTime:0.0030s ]
SQL: SELECT * FROM `model` WHERE `controller` = 'Mes' AND `action` = 'index' LIMIT 1   [ RunTime:0.0010s ]
SQL: SELECT * FROM `model` WHERE `belongid` = 213 AND `level` = 3  [ RunTime:0.0010s ]
SQL: SHOW COLUMNS FROM `framework` [ RunTime:0.0030s ]
SQL: SELECT COUNT(*) AS tp_count FROM `framework` WHERE ( type_id=0 ) LIMIT 1   [ RunTime:0.0010s ]
INFO: [ view_parse ] --START--
INFO: [ template_filter ] --START--
INFO: Run Behavior\ContentReplaceBehavior [ RunTime:0.000000s ]
INFO: [ template_filter ] --END-- [ RunTime:0.000000s ]
INFO: Run Behavior\ParseTemplateBehavior [ RunTime:0.019001s ]
INFO: [ view_parse ] --END-- [ RunTime:0.019001s ]
INFO: [ view_filter ] --START--
INFO: Run Behavior\WriteHtmlCacheBehavior [ RunTime:0.001000s ]
INFO: [ view_filter ] --END-- [ RunTime:0.001000s ]
INFO: [ app_end ] --START--
INFO: Run Behavior\ShowPageTraceBehavior [ RunTime:0.002000s ]
INFO: [ app_end ] --END-- [ RunTime:0.002000s ]

[ 2019-08-06T09:15:30+08:00 ] 119.119.85.146 /admin/mes/index
INFO: [ app_init ] --START--
INFO: Run Behavior\BuildLiteBehavior [ RunTime:0.000000s ]
INFO: [ app_init ] --END-- [ RunTime:0.001000s ]
INFO: [ app_begin ] --START--
INFO: Run Behavior\ReadHtmlCacheBehavior [ RunTime:0.001000s ]
INFO: [ app_begin ] --END-- [ RunTime:0.001000s ]
SQL: SHOW COLUMNS FROM `model` [ RunTime:0.0030s ]
SQL: SELECT * FROM `model` WHERE `controller` = 'Mes' AND `action` = 'index' LIMIT 1   [ RunTime:0.0010s ]
SQL: SELECT * FROM `model` WHERE `belongid` = 213 AND `level` = 3  [ RunTime:0.0010s ]
INFO: [ app_end ] --START--
INFO: Run Behavior\ShowPageTraceBehavior [ RunTime:0.002000s ]
INFO: [ app_end ] --END-- [ RunTime:0.002000s ]

[ 2019-08-06T09:31:56+08:00 ] 119.119.85.146 /index.php/Admin/Mes/index.html
INFO: [ app_init ] --START--
INFO: Run Behavior\BuildLiteBehavior [ RunTime:0.000000s ]
INFO: [ app_init ] --END-- [ RunTime:0.001000s ]
INFO: [ app_begin ] --START--
INFO: Run Behavior\ReadHtmlCacheBehavior [ RunTime:0.002000s ]
INFO: [ app_begin ] --END-- [ RunTime:0.002000s ]
SQL: SHOW COLUMNS FROM `model` [ RunTime:0.0040s ]
SQL: SELECT * FROM `model` WHERE `controller` = 'Mes' AND `action` = 'index' LIMIT 1   [ RunTime:0.0020s ]
SQL: SELECT * FROM `model` WHERE `belongid` = 213 AND `level` = 3  [ RunTime:0.0010s ]
SQL: SHOW COLUMNS FROM `framework` [ RunTime:0.0030s ]
SQL: SELECT COUNT(*) AS tp_count FROM `framework` WHERE ( type_id=0 ) LIMIT 1   [ RunTime:0.0010s ]
INFO: [ view_parse ] --START--
INFO: [ template_filter ] --START--
INFO: Run Behavior\ContentReplaceBehavior [ RunTime:0.001000s ]
INFO: [ template_filter ] --END-- [ RunTime:0.001000s ]
INFO: Run Behavior\ParseTemplateBehavior [ RunTime:0.018001s ]
INFO: [ view_parse ] --END-- [ RunTime:0.018001s ]
INFO: [ view_filter ] --START--
INFO: Run Behavior\WriteHtmlCacheBehavior [ RunTime:0.001000s ]
INFO: [ view_filter ] --END-- [ RunTime:0.001000s ]
INFO: [ app_end ] --START--
INFO: Run Behavior\ShowPageTraceBehavior [ RunTime:0.003000s ]
INFO: [ app_end ] --END-- [ RunTime:0.003000s ]

[ 2019-08-06T09:32:05+08:00 ] 119.119.85.146 /admin/mes/index
INFO: [ app_init ] --START--
INFO: Run Behavior\BuildLiteBehavior [ RunTime:0.000000s ]
INFO: [ app_init ] --END-- [ RunTime:0.002000s ]
INFO: [ app_begin ] --START--
INFO: Run Behavior\ReadHtmlCacheBehavior [ RunTime:0.002000s ]
INFO: [ app_begin ] --END-- [ RunTime:0.002000s ]
SQL: SHOW COLUMNS FROM `model` [ RunTime:0.0030s ]
SQL: SELECT * FROM `model` WHERE `controller` = 'Mes' AND `action` = 'index' LIMIT 1   [ RunTime:0.0010s ]
SQL: SELECT * FROM `model` WHERE `belongid` = 213 AND `level` = 3  [ RunTime:0.0010s ]
INFO: [ app_end ] --START--
INFO: Run Behavior\ShowPageTraceBehavior [ RunTime:0.002000s ]
INFO: [ app_end ] --END-- [ RunTime:0.002000s ]

[ 2019-08-06T09:41:01+08:00 ] 119.119.85.146 /index.php/Admin/Mes/index.html
INFO: [ app_init ] --START--
INFO: Run Behavior\BuildLiteBehavior [ RunTime:0.000000s ]
INFO: [ app_init ] --END-- [ RunTime:0.001000s ]
INFO: [ app_begin ] --START--
INFO: Run Behavior\ReadHtmlCacheBehavior [ RunTime:0.002000s ]
INFO: [ app_begin ] --END-- [ RunTime:0.002000s ]
SQL: SHOW COLUMNS FROM `model` [ RunTime:0.0020s ]
SQL: SELECT * FROM `model` WHERE `controller` = 'Mes' AND `action` = 'index' LIMIT 1   [ RunTime:0.0010s ]
SQL: SELECT * FROM `model` WHERE `belongid` = 213 AND `level` = 3  [ RunTime:0.0010s ]
SQL: SHOW COLUMNS FROM `framework` [ RunTime:0.0020s ]
SQL: SELECT COUNT(*) AS tp_count FROM `framework` WHERE ( type_id=0 ) LIMIT 1   [ RunTime:0.0000s ]
INFO: [ view_parse ] --START--
INFO: [ template_filter ] --START--
INFO: Run Behavior\ContentReplaceBehavior [ RunTime:0.001000s ]
INFO: [ template_filter ] --END-- [ RunTime:0.001000s ]
INFO: Run Behavior\ParseTemplateBehavior [ RunTime:0.012000s ]
INFO: [ view_parse ] --END-- [ RunTime:0.012000s ]
INFO: [ view_filter ] --START--
INFO: Run Behavior\WriteHtmlCacheBehavior [ RunTime:0.001000s ]
INFO: [ view_filter ] --END-- [ RunTime:0.001000s ]
INFO: [ app_end ] --START--
INFO: Run Behavior\ShowPageTraceBehavior [ RunTime:0.001000s ]
INFO: [ app_end ] --END-- [ RunTime:0.002000s ]

[ 2019-08-06T09:41:11+08:00 ] 119.119.85.146 /admin/mes/index
INFO: [ app_init ] --START--
INFO: Run Behavior\BuildLiteBehavior [ RunTime:0.000000s ]
INFO: [ app_init ] --END-- [ RunTime:0.001001s ]
INFO: [ app_begin ] --START--
INFO: Run Behavior\ReadHtmlCacheBehavior [ RunTime:0.002000s ]
INFO: [ app_begin ] --END-- [ RunTime:0.002000s ]
SQL: SHOW COLUMNS FROM `model` [ RunTime:0.0020s ]
SQL: SELECT * FROM `model` WHERE `controller` = 'Mes' AND `action` = 'index' LIMIT 1   [ RunTime:0.0010s ]
SQL: SELECT * FROM `model` WHERE `belongid` = 213 AND `level` = 3  [ RunTime:0.0010s ]
INFO: [ app_end ] --START--
INFO: Run Behavior\ShowPageTraceBehavior [ RunTime:0.002001s ]
INFO: [ app_end ] --END-- [ RunTime:0.002001s ]

[ 2019-08-06T09:45:29+08:00 ] 119.119.85.146 /index.php/Admin/Mes/index.html
INFO: [ app_init ] --START--
INFO: Run Behavior\BuildLiteBehavior [ RunTime:0.000000s ]
INFO: [ app_init ] --END-- [ RunTime:0.001000s ]
INFO: [ app_begin ] --START--
INFO: Run Behavior\ReadHtmlCacheBehavior [ RunTime:0.002001s ]
INFO: [ app_begin ] --END-- [ RunTime:0.002001s ]
SQL: SHOW COLUMNS FROM `model` [ RunTime:0.0040s ]
SQL: SELECT * FROM `model` WHERE `controller` = 'Mes' AND `action` = 'index' LIMIT 1   [ RunTime:0.0010s ]
SQL: SELECT * FROM `model` WHERE `belongid` = 213 AND `level` = 3  [ RunTime:0.0020s ]
SQL: SHOW COLUMNS FROM `framework` [ RunTime:0.0030s ]
SQL: SELECT COUNT(*) AS tp_count FROM `framework` WHERE ( type_id=0 ) LIMIT 1   [ RunTime:0.0010s ]
INFO: [ view_parse ] --START--
INFO: [ template_filter ] --START--
INFO: Run Behavior\ContentReplaceBehavior [ RunTime:0.000000s ]
INFO: [ template_filter ] --END-- [ RunTime:0.000000s ]
INFO: Run Behavior\ParseTemplateBehavior [ RunTime:0.018002s ]
INFO: [ view_parse ] --END-- [ RunTime:0.018002s ]
INFO: [ view_filter ] --START--
INFO: Run Behavior\WriteHtmlCacheBehavior [ RunTime:0.002000s ]
INFO: [ view_filter ] --END-- [ RunTime:0.002000s ]
INFO: [ app_end ] --START--
INFO: Run Behavior\ShowPageTraceBehavior [ RunTime:0.002000s ]
INFO: [ app_end ] --END-- [ RunTime:0.002000s ]

[ 2019-08-06T09:45:39+08:00 ] 119.119.85.146 /admin/mes/index
INFO: [ app_init ] --START--
INFO: Run Behavior\BuildLiteBehavior [ RunTime:0.000000s ]
INFO: [ app_init ] --END-- [ RunTime:0.001000s ]
INFO: [ app_begin ] --START--
INFO: Run Behavior\ReadHtmlCacheBehavior [ RunTime:0.002000s ]
INFO: [ app_begin ] --END-- [ RunTime:0.002000s ]
SQL: SHOW COLUMNS FROM `model` [ RunTime:0.0030s ]
SQL: SELECT * FROM `model` WHERE `controller` = 'Mes' AND `action` = 'index' LIMIT 1   [ RunTime:0.0010s ]
SQL: SELECT * FROM `model` WHERE `belongid` = 213 AND `level` = 3  [ RunTime:0.0020s ]
INFO: [ app_end ] --START--
INFO: Run Behavior\ShowPageTraceBehavior [ RunTime:0.002000s ]
INFO: [ app_end ] --END-- [ RunTime:0.002000s ]

[ 2019-08-06T09:46:20+08:00 ] 119.119.85.146 /admin/mes/add
INFO: [ app_init ] --START--
INFO: Run Behavior\BuildLiteBehavior [ RunTime:0.000000s ]
INFO: [ app_init ] --END-- [ RunTime:0.001000s ]
INFO: [ app_begin ] --START--
INFO: Run Behavior\ReadHtmlCacheBehavior [ RunTime:0.002000s ]
INFO: [ app_begin ] --END-- [ RunTime:0.002000s ]
SQL: SHOW COLUMNS FROM `model` [ RunTime:0.0030s ]
SQL: SELECT * FROM `model` WHERE `controller` = 'Mes' AND `action` = 'add' LIMIT 1   [ RunTime:0.0010s ]
SQL: SELECT * FROM `model` WHERE `belongid` = null AND `level` = 3  [ RunTime:0.0010s ]

[ 2019-08-06T09:46:31+08:00 ] 119.119.85.146 /admin/mes/index
INFO: [ app_init ] --START--
INFO: Run Behavior\BuildLiteBehavior [ RunTime:0.000000s ]
INFO: [ app_init ] --END-- [ RunTime:0.001000s ]
INFO: [ app_begin ] --START--
INFO: Run Behavior\ReadHtmlCacheBehavior [ RunTime:0.002000s ]
INFO: [ app_begin ] --END-- [ RunTime:0.002000s ]
SQL: SHOW COLUMNS FROM `model` [ RunTime:0.0040s ]
SQL: SELECT * FROM `model` WHERE `controller` = 'Mes' AND `action` = 'index' LIMIT 1   [ RunTime:0.0010s ]
SQL: SELECT * FROM `model` WHERE `belongid` = 213 AND `level` = 3  [ RunTime:0.0010s ]
INFO: [ app_end ] --START--
INFO: Run Behavior\ShowPageTraceBehavior [ RunTime:0.002000s ]
INFO: [ app_end ] --END-- [ RunTime:0.003000s ]

[ 2019-08-06T09:46:35+08:00 ] 119.119.85.146 /admin/mes/add
INFO: [ app_init ] --START--
INFO: Run Behavior\BuildLiteBehavior [ RunTime:0.000000s ]
INFO: [ app_init ] --END-- [ RunTime:0.002001s ]
INFO: [ app_begin ] --START--
INFO: Run Behavior\ReadHtmlCacheBehavior [ RunTime:0.002000s ]
INFO: [ app_begin ] --END-- [ RunTime:0.002000s ]
SQL: SHOW COLUMNS FROM `model` [ RunTime:0.0030s ]
SQL: SELECT * FROM `model` WHERE `controller` = 'Mes' AND `action` = 'add' LIMIT 1   [ RunTime:0.0010s ]
SQL: SELECT * FROM `model` WHERE `belongid` = null AND `level` = 3  [ RunTime:0.0010s ]

[ 2019-08-06T09:46:46+08:00 ] 119.119.85.146 /admin/mes/index
INFO: [ app_init ] --START--
INFO: Run Behavior\BuildLiteBehavior [ RunTime:0.000000s ]
INFO: [ app_init ] --END-- [ RunTime:0.001000s ]
INFO: [ app_begin ] --START--
INFO: Run Behavior\ReadHtmlCacheBehavior [ RunTime:0.002000s ]
INFO: [ app_begin ] --END-- [ RunTime:0.002000s ]
SQL: SHOW COLUMNS FROM `model` [ RunTime:0.0020s ]
SQL: SELECT * FROM `model` WHERE `controller` = 'Mes' AND `action` = 'index' LIMIT 1   [ RunTime:0.0000s ]
SQL: SELECT * FROM `model` WHERE `belongid` = 213 AND `level` = 3  [ RunTime:0.0010s ]
INFO: [ app_end ] --START--
INFO: Run Behavior\ShowPageTraceBehavior [ RunTime:0.003000s ]
INFO: [ app_end ] --END-- [ RunTime:0.003000s ]

[ 2019-08-06T09:49:51+08:00 ] 119.119.85.146 /index.php/Admin/Mes/index.html
INFO: [ app_init ] --START--
INFO: Run Behavior\BuildLiteBehavior [ RunTime:0.000000s ]
INFO: [ app_init ] --END-- [ RunTime:0.002000s ]
INFO: [ app_begin ] --START--
INFO: Run Behavior\ReadHtmlCacheBehavior [ RunTime:0.002001s ]
INFO: [ app_begin ] --END-- [ RunTime:0.002001s ]
SQL: SHOW COLUMNS FROM `model` [ RunTime:0.0040s ]
SQL: SELECT * FROM `model` WHERE `controller` = 'Mes' AND `action` = 'index' LIMIT 1   [ RunTime:0.0020s ]
SQL: SELECT * FROM `model` WHERE `belongid` = 213 AND `level` = 3  [ RunTime:0.0010s ]
SQL: SHOW COLUMNS FROM `framework` [ RunTime:0.0030s ]
SQL: SELECT COUNT(*) AS tp_count FROM `framework` WHERE ( type_id=0 ) LIMIT 1   [ RunTime:0.0010s ]
INFO: [ view_parse ] --START--
INFO: [ template_filter ] --START--
INFO: Run Behavior\ContentReplaceBehavior [ RunTime:0.001000s ]
INFO: [ template_filter ] --END-- [ RunTime:0.001000s ]
INFO: Run Behavior\ParseTemplateBehavior [ RunTime:0.018001s ]
INFO: [ view_parse ] --END-- [ RunTime:0.018001s ]
INFO: [ view_filter ] --START--
INFO: Run Behavior\WriteHtmlCacheBehavior [ RunTime:0.001000s ]
INFO: [ view_filter ] --END-- [ RunTime:0.001000s ]
INFO: [ app_end ] --START--
INFO: Run Behavior\ShowPageTraceBehavior [ RunTime:0.002001s ]
INFO: [ app_end ] --END-- [ RunTime:0.002001s ]

[ 2019-08-06T09:50:01+08:00 ] 119.119.85.146 /admin/mes/index
INFO: [ app_init ] --START--
INFO: Run Behavior\BuildLiteBehavior [ RunTime:0.000000s ]
INFO: [ app_init ] --END-- [ RunTime:0.001000s ]
INFO: [ app_begin ] --START--
INFO: Run Behavior\ReadHtmlCacheBehavior [ RunTime:0.002000s ]
INFO: [ app_begin ] --END-- [ RunTime:0.002000s ]
SQL: SHOW COLUMNS FROM `model` [ RunTime:0.0020s ]
SQL: SELECT * FROM `model` WHERE `controller` = 'Mes' AND `action` = 'index' LIMIT 1   [ RunTime:0.0000s ]
SQL: SELECT * FROM `model` WHERE `belongid` = 213 AND `level` = 3  [ RunTime:0.0010s ]
INFO: [ app_end ] --START--
INFO: Run Behavior\ShowPageTraceBehavior [ RunTime:0.002000s ]
INFO: [ app_end ] --END-- [ RunTime:0.002000s ]

[ 2019-08-06T09:51:30+08:00 ] 119.119.85.146 /admin/mes/add
INFO: [ app_init ] --START--
INFO: Run Behavior\BuildLiteBehavior [ RunTime:0.000000s ]
INFO: [ app_init ] --END-- [ RunTime:0.002000s ]
INFO: [ app_begin ] --START--
INFO: Run Behavior\ReadHtmlCacheBehavior [ RunTime:0.002000s ]
INFO: [ app_begin ] --END-- [ RunTime:0.002000s ]
SQL: SHOW COLUMNS FROM `model` [ RunTime:0.0030s ]
SQL: SELECT * FROM `model` WHERE `controller` = 'Mes' AND `action` = 'add' LIMIT 1   [ RunTime:0.0010s ]
SQL: SELECT * FROM `model` WHERE `belongid` = null AND `level` = 3  [ RunTime:0.0020s ]

[ 2019-08-06T09:51:49+08:00 ] 119.119.85.146 /admin/mes/index
INFO: [ app_init ] --START--
INFO: Run Behavior\BuildLiteBehavior [ RunTime:0.000000s ]
INFO: [ app_init ] --END-- [ RunTime:0.001000s ]
INFO: [ app_begin ] --START--
INFO: Run Behavior\ReadHtmlCacheBehavior [ RunTime:0.002000s ]
INFO: [ app_begin ] --END-- [ RunTime:0.002000s ]
SQL: SHOW COLUMNS FROM `model` [ RunTime:0.0020s ]
SQL: SELECT * FROM `model` WHERE `controller` = 'Mes' AND `action` = 'index' LIMIT 1   [ RunTime:0.0000s ]
SQL: SELECT * FROM `model` WHERE `belongid` = 213 AND `level` = 3  [ RunTime:0.0010s ]
INFO: [ app_end ] --START--
INFO: Run Behavior\ShowPageTraceBehavior [ RunTime:0.002000s ]
INFO: [ app_end ] --END-- [ RunTime:0.002000s ]

[ 2019-08-06T10:05:17+08:00 ] 119.119.85.146 /index.php/Admin/Mes/index.html
INFO: [ app_init ] --START--
INFO: Run Behavior\BuildLiteBehavior [ RunTime:0.000000s ]
INFO: [ app_init ] --END-- [ RunTime:0.001000s ]
INFO: [ app_begin ] --START--
INFO: Run Behavior\ReadHtmlCacheBehavior [ RunTime:0.002000s ]
INFO: [ app_begin ] --END-- [ RunTime:0.002000s ]
SQL: SHOW COLUMNS FROM `model` [ RunTime:0.0030s ]
SQL: SELECT * FROM `model` WHERE `controller` = 'Mes' AND `action` = 'index' LIMIT 1   [ RunTime:0.0010s ]
SQL: SELECT * FROM `model` WHERE `belongid` = 213 AND `level` = 3  [ RunTime:0.0010s ]
SQL: SHOW COLUMNS FROM `framework` [ RunTime:0.0020s ]
SQL: SELECT COUNT(*) AS tp_count FROM `framework` WHERE ( type_id=0 ) LIMIT 1   [ RunTime:0.0000s ]
INFO: [ view_parse ] --START--
INFO: [ template_filter ] --START--
INFO: Run Behavior\ContentReplaceBehavior [ RunTime:0.000000s ]
INFO: [ template_filter ] --END-- [ RunTime:0.000000s ]
INFO: Run Behavior\ParseTemplateBehavior [ RunTime:0.013001s ]
INFO: [ view_parse ] --END-- [ RunTime:0.013001s ]
INFO: [ view_filter ] --START--
INFO: Run Behavior\WriteHtmlCacheBehavior [ RunTime:0.002000s ]
INFO: [ view_filter ] --END-- [ RunTime:0.002000s ]
INFO: [ app_end ] --START--
INFO: Run Behavior\ShowPageTraceBehavior [ RunTime:0.001000s ]
INFO: [ app_end ] --END-- [ RunTime:0.001000s ]

[ 2019-08-06T10:05:27+08:00 ] 119.119.85.146 /admin/mes/index
INFO: [ app_init ] --START--
INFO: Run Behavior\BuildLiteBehavior [ RunTime:0.000000s ]
INFO: [ app_init ] --END-- [ RunTime:0.001000s ]
INFO: [ app_begin ] --START--
INFO: Run Behavior\ReadHtmlCacheBehavior [ RunTime:0.002000s ]
INFO: [ app_begin ] --END-- [ RunTime:0.002000s ]
SQL: SHOW COLUMNS FROM `model` [ RunTime:0.0020s ]
SQL: SELECT * FROM `model` WHERE `controller` = 'Mes' AND `action` = 'index' LIMIT 1   [ RunTime:0.0000s ]
SQL: SELECT * FROM `model` WHERE `belongid` = 213 AND `level` = 3  [ RunTime:0.0010s ]
INFO: [ app_end ] --START--
INFO: Run Behavior\ShowPageTraceBehavior [ RunTime:0.002000s ]
INFO: [ app_end ] --END-- [ RunTime:0.002000s ]

[ 2019-08-06T10:09:47+08:00 ] 119.119.85.146 /index.php/Admin/Mes/index.html
INFO: [ app_init ] --START--
INFO: Run Behavior\BuildLiteBehavior [ RunTime:0.000000s ]
INFO: [ app_init ] --END-- [ RunTime:0.002000s ]
INFO: [ app_begin ] --START--
INFO: Run Behavior\ReadHtmlCacheBehavior [ RunTime:0.001000s ]
INFO: [ app_begin ] --END-- [ RunTime:0.002000s ]
SQL: SHOW COLUMNS FROM `model` [ RunTime:0.0030s ]
SQL: SELECT * FROM `model` WHERE `controller` = 'Mes' AND `action` = 'index' LIMIT 1   [ RunTime:0.0010s ]
SQL: SELECT * FROM `model` WHERE `belongid` = 213 AND `level` = 3  [ RunTime:0.0010s ]
SQL: SHOW COLUMNS FROM `framework` [ RunTime:0.0030s ]
SQL: SELECT COUNT(*) AS tp_count FROM `framework` WHERE ( type_id=0 ) LIMIT 1   [ RunTime:0.0010s ]
INFO: [ view_parse ] --START--
INFO: [ template_filter ] --START--
INFO: Run Behavior\ContentReplaceBehavior [ RunTime:0.000000s ]
INFO: [ template_filter ] --END-- [ RunTime:0.000000s ]
INFO: Run Behavior\ParseTemplateBehavior [ RunTime:0.018001s ]
INFO: [ view_parse ] --END-- [ RunTime:0.018001s ]
INFO: [ view_filter ] --START--
INFO: Run Behavior\WriteHtmlCacheBehavior [ RunTime:0.001000s ]
INFO: [ view_filter ] --END-- [ RunTime:0.001000s ]
INFO: [ app_end ] --START--
INFO: Run Behavior\ShowPageTraceBehavior [ RunTime:0.003001s ]
INFO: [ app_end ] --END-- [ RunTime:0.003001s ]

[ 2019-08-06T10:09:57+08:00 ] 119.119.85.146 /admin/mes/index
INFO: [ app_init ] --START--
INFO: Run Behavior\BuildLiteBehavior [ RunTime:0.000000s ]
INFO: [ app_init ] --END-- [ RunTime:0.002000s ]
INFO: [ app_begin ] --START--
INFO: Run Behavior\ReadHtmlCacheBehavior [ RunTime:0.002000s ]
INFO: [ app_begin ] --END-- [ RunTime:0.002000s ]
SQL: SHOW COLUMNS FROM `model` [ RunTime:0.0020s ]
SQL: SELECT * FROM `model` WHERE `controller` = 'Mes' AND `action` = 'index' LIMIT 1   [ RunTime:0.0010s ]
SQL: SELECT * FROM `model` WHERE `belongid` = 213 AND `level` = 3  [ RunTime:0.0010s ]
INFO: [ app_end ] --START--
INFO: Run Behavior\ShowPageTraceBehavior [ RunTime:0.003001s ]
INFO: [ app_end ] --END-- [ RunTime:0.003001s ]

[ 2019-08-06T10:14:10+08:00 ] 119.119.85.146 /index.php/Admin/Mes/index.html
INFO: [ app_init ] --START--
INFO: Run Behavior\BuildLiteBehavior [ RunTime:0.000000s ]
INFO: [ app_init ] --END-- [ RunTime:0.001000s ]
INFO: [ app_begin ] --START--
INFO: Run Behavior\ReadHtmlCacheBehavior [ RunTime:0.001000s ]
INFO: [ app_begin ] --END-- [ RunTime:0.001000s ]
SQL: SHOW COLUMNS FROM `model` [ RunTime:0.0020s ]
SQL: SELECT * FROM `model` WHERE `controller` = 'Mes' AND `action` = 'index' LIMIT 1   [ RunTime:0.0010s ]
SQL: SELECT * FROM `model` WHERE `belongid` = 213 AND `level` = 3  [ RunTime:0.0010s ]
SQL: SHOW COLUMNS FROM `framework` [ RunTime:0.0020s ]
SQL: SELECT COUNT(*) AS tp_count FROM `framework` WHERE ( type_id=0 ) LIMIT 1   [ RunTime:0.0000s ]
INFO: [ view_parse ] --START--
INFO: [ template_filter ] --START--
INFO: Run Behavior\ContentReplaceBehavior [ RunTime:0.000000s ]
INFO: [ template_filter ] --END-- [ RunTime:0.000000s ]
INFO: Run Behavior\ParseTemplateBehavior [ RunTime:0.012000s ]
INFO: [ view_parse ] --END-- [ RunTime:0.012000s ]
INFO: [ view_filter ] --START--
INFO: Run Behavior\WriteHtmlCacheBehavior [ RunTime:0.001000s ]
INFO: [ view_filter ] --END-- [ RunTime:0.001000s ]
INFO: [ app_end ] --START--
INFO: Run Behavior\ShowPageTraceBehavior [ RunTime:0.001000s ]
INFO: [ app_end ] --END-- [ RunTime:0.001000s ]

[ 2019-08-06T10:14:20+08:00 ] 119.119.85.146 /admin/mes/index
INFO: [ app_init ] --START--
INFO: Run Behavior\BuildLiteBehavior [ RunTime:0.000000s ]
INFO: [ app_init ] --END-- [ RunTime:0.001000s ]
INFO: [ app_begin ] --START--
INFO: Run Behavior\ReadHtmlCacheBehavior [ RunTime:0.002000s ]
INFO: [ app_begin ] --END-- [ RunTime:0.002000s ]
SQL: SHOW COLUMNS FROM `model` [ RunTime:0.0040s ]
SQL: SELECT * FROM `model` WHERE `controller` = 'Mes' AND `action` = 'index' LIMIT 1   [ RunTime:0.0010s ]
SQL: SELECT * FROM `model` WHERE `belongid` = 213 AND `level` = 3  [ RunTime:0.0010s ]
INFO: [ app_end ] --START--
INFO: Run Behavior\ShowPageTraceBehavior [ RunTime:0.002000s ]
INFO: [ app_end ] --END-- [ RunTime:0.002000s ]

[ 2019-08-06T10:17:46+08:00 ] 119.119.85.146 /admin/mes/add
INFO: [ app_init ] --START--
INFO: Run Behavior\BuildLiteBehavior [ RunTime:0.000000s ]
INFO: [ app_init ] --END-- [ RunTime:0.001000s ]
INFO: [ app_begin ] --START--
INFO: Run Behavior\ReadHtmlCacheBehavior [ RunTime:0.002000s ]
INFO: [ app_begin ] --END-- [ RunTime:0.002000s ]
SQL: SHOW COLUMNS FROM `model` [ RunTime:0.0040s ]
SQL: SELECT * FROM `model` WHERE `controller` = 'Mes' AND `action` = 'add' LIMIT 1   [ RunTime:0.0010s ]
SQL: SELECT * FROM `model` WHERE `belongid` = null AND `level` = 3  [ RunTime:0.0020s ]

[ 2019-08-06T10:31:47+08:00 ] 119.119.85.146 /admin/mes/index
INFO: [ app_init ] --START--
INFO: Run Behavior\BuildLiteBehavior [ RunTime:0.000000s ]
INFO: [ app_init ] --END-- [ RunTime:0.001000s ]
INFO: [ app_begin ] --START--
INFO: Run Behavior\ReadHtmlCacheBehavior [ RunTime:0.001000s ]
INFO: [ app_begin ] --END-- [ RunTime:0.001000s ]
SQL: SHOW COLUMNS FROM `model` [ RunTime:0.0020s ]
SQL: SELECT * FROM `model` WHERE `controller` = 'Mes' AND `action` = 'index' LIMIT 1   [ RunTime:0.0010s ]
SQL: SELECT * FROM `model` WHERE `belongid` = 213 AND `level` = 3  [ RunTime:0.0000s ]
INFO: [ app_end ] --START--
INFO: Run Behavior\ShowPageTraceBehavior [ RunTime:0.002001s ]
INFO: [ app_end ] --END-- [ RunTime:0.003001s ]

[ 2019-08-06T11:03:23+08:00 ] 119.119.85.146 /index.php/Admin/Mes/index.html
INFO: [ app_init ] --START--
INFO: Run Behavior\BuildLiteBehavior [ RunTime:0.000000s ]
INFO: [ app_init ] --END-- [ RunTime:0.000000s ]
INFO: [ app_begin ] --START--
INFO: Run Behavior\ReadHtmlCacheBehavior [ RunTime:0.001000s ]
INFO: [ app_begin ] --END-- [ RunTime:0.001000s ]
SQL: SHOW COLUMNS FROM `model` [ RunTime:0.0020s ]
SQL: SELECT * FROM `model` WHERE `controller` = 'Mes' AND `action` = 'index' LIMIT 1   [ RunTime:0.0010s ]
SQL: SELECT * FROM `model` WHERE `belongid` = 213 AND `level` = 3  [ RunTime:0.0010s ]
SQL: SHOW COLUMNS FROM `framework` [ RunTime:0.0020s ]
SQL: SELECT COUNT(*) AS tp_count FROM `framework` WHERE ( type_id=0 ) LIMIT 1   [ RunTime:0.0010s ]
INFO: [ view_parse ] --START--
INFO: [ template_filter ] --START--
INFO: Run Behavior\ContentReplaceBehavior [ RunTime:0.000000s ]
INFO: [ template_filter ] --END-- [ RunTime:0.000000s ]
INFO: Run Behavior\ParseTemplateBehavior [ RunTime:0.013001s ]
INFO: [ view_parse ] --END-- [ RunTime:0.013001s ]
INFO: [ view_filter ] --START--
INFO: Run Behavior\WriteHtmlCacheBehavior [ RunTime:0.001000s ]
INFO: [ view_filter ] --END-- [ RunTime:0.001000s ]
INFO: [ app_end ] --START--
INFO: Run Behavior\ShowPageTraceBehavior [ RunTime:0.002000s ]
INFO: [ app_end ] --END-- [ RunTime:0.002000s ]

[ 2019-08-06T11:03:33+08:00 ] 119.119.85.146 /admin/mes/index
INFO: [ app_init ] --START--
INFO: Run Behavior\BuildLiteBehavior [ RunTime:0.000000s ]
INFO: [ app_init ] --END-- [ RunTime:0.001001s ]
INFO: [ app_begin ] --START--
INFO: Run Behavior\ReadHtmlCacheBehavior [ RunTime:0.001000s ]
INFO: [ app_begin ] --END-- [ RunTime:0.001000s ]
SQL: SHOW COLUMNS FROM `model` [ RunTime:0.0030s ]
SQL: SELECT * FROM `model` WHERE `controller` = 'Mes' AND `action` = 'index' LIMIT 1   [ RunTime:0.0010s ]
SQL: SELECT * FROM `model` WHERE `belongid` = 213 AND `level` = 3  [ RunTime:0.0010s ]
INFO: [ app_end ] --START--
INFO: Run Behavior\ShowPageTraceBehavior [ RunTime:0.002000s ]
INFO: [ app_end ] --END-- [ RunTime:0.002000s ]

[ 2019-08-06T11:04:31+08:00 ] 119.119.85.146 /index.php/Admin/Mes/index.html
INFO: [ app_init ] --START--
INFO: Run Behavior\BuildLiteBehavior [ RunTime:0.000000s ]
INFO: [ app_init ] --END-- [ RunTime:0.001000s ]
INFO: [ app_begin ] --START--
INFO: Run Behavior\ReadHtmlCacheBehavior [ RunTime:0.001000s ]
INFO: [ app_begin ] --END-- [ RunTime:0.001000s ]
SQL: SHOW COLUMNS FROM `model` [ RunTime:0.0030s ]
SQL: SELECT * FROM `model` WHERE `controller` = 'Mes' AND `action` = 'index' LIMIT 1   [ RunTime:0.0010s ]
SQL: SELECT * FROM `model` WHERE `belongid` = 213 AND `level` = 3  [ RunTime:0.0010s ]
SQL: SHOW COLUMNS FROM `framework` [ RunTime:0.0020s ]
SQL: SELECT COUNT(*) AS tp_count FROM `framework` WHERE ( type_id=0 ) LIMIT 1   [ RunTime:0.0000s ]
INFO: [ view_parse ] --START--
INFO: [ template_filter ] --START--
INFO: Run Behavior\ContentReplaceBehavior [ RunTime:0.001000s ]
INFO: [ template_filter ] --END-- [ RunTime:0.001000s ]
INFO: Run Behavior\ParseTemplateBehavior [ RunTime:0.013001s ]
INFO: [ view_parse ] --END-- [ RunTime:0.013001s ]
INFO: [ view_filter ] --START--
INFO: Run Behavior\WriteHtmlCacheBehavior [ RunTime:0.001000s ]
INFO: [ view_filter ] --END-- [ RunTime:0.001000s ]
INFO: [ app_end ] --START--
INFO: Run Behavior\ShowPageTraceBehavior [ RunTime:0.002000s ]
INFO: [ app_end ] --END-- [ RunTime:0.002000s ]

[ 2019-08-06T11:04:41+08:00 ] 119.119.85.146 /admin/mes/index
INFO: [ app_init ] --START--
INFO: Run Behavior\BuildLiteBehavior [ RunTime:0.000000s ]
INFO: [ app_init ] --END-- [ RunTime:0.001000s ]
INFO: [ app_begin ] --START--
INFO: Run Behavior\ReadHtmlCacheBehavior [ RunTime:0.002000s ]
INFO: [ app_begin ] --END-- [ RunTime:0.002000s ]
SQL: SHOW COLUMNS FROM `model` [ RunTime:0.0030s ]
SQL: SELECT * FROM `model` WHERE `controller` = 'Mes' AND `action` = 'index' LIMIT 1   [ RunTime:0.0010s ]
SQL: SELECT * FROM `model` WHERE `belongid` = 213 AND `level` = 3  [ RunTime:0.0010s ]
INFO: [ app_end ] --START--
INFO: Run Behavior\ShowPageTraceBehavior [ RunTime:0.002000s ]
INFO: [ app_end ] --END-- [ RunTime:0.002000s ]

[ 2019-08-06T11:24:04+08:00 ] 119.119.85.146 /index.php/Admin/Mes/index.html
INFO: [ app_init ] --START--
INFO: Run Behavior\BuildLiteBehavior [ RunTime:0.000000s ]
INFO: [ app_init ] --END-- [ RunTime:0.001000s ]
INFO: [ app_begin ] --START--
INFO: Run Behavior\ReadHtmlCacheBehavior [ RunTime:0.001000s ]
INFO: [ app_begin ] --END-- [ RunTime:0.001000s ]
SQL: SHOW COLUMNS FROM `model` [ RunTime:0.0020s ]
SQL: SELECT * FROM `model` WHERE `controller` = 'Mes' AND `action` = 'index' LIMIT 1   [ RunTime:0.0010s ]
SQL: SELECT * FROM `model` WHERE `belongid` = 213 AND `level` = 3  [ RunTime:0.0010s ]
SQL: SHOW COLUMNS FROM `framework` [ RunTime:0.0030s ]
SQL: SELECT COUNT(*) AS tp_count FROM `framework` WHERE ( type_id=0 ) LIMIT 1   [ RunTime:0.0000s ]
INFO: [ view_parse ] --START--
INFO: [ template_filter ] --START--
INFO: Run Behavior\ContentReplaceBehavior [ RunTime:0.000000s ]
INFO: [ template_filter ] --END-- [ RunTime:0.000000s ]
INFO: Run Behavior\ParseTemplateBehavior [ RunTime:0.013001s ]
INFO: [ view_parse ] --END-- [ RunTime:0.013001s ]
INFO: [ view_filter ] --START--
INFO: Run Behavior\WriteHtmlCacheBehavior [ RunTime:0.001000s ]
INFO: [ view_filter ] --END-- [ RunTime:0.001000s ]
INFO: [ app_end ] --START--
INFO: Run Behavior\ShowPageTraceBehavior [ RunTime:0.001000s ]
INFO: [ app_end ] --END-- [ RunTime:0.001000s ]

[ 2019-08-06T11:24:14+08:00 ] 119.119.85.146 /admin/mes/index
INFO: [ app_init ] --START--
INFO: Run Behavior\BuildLiteBehavior [ RunTime:0.000000s ]
INFO: [ app_init ] --END-- [ RunTime:0.001000s ]
INFO: [ app_begin ] --START--
INFO: Run Behavior\ReadHtmlCacheBehavior [ RunTime:0.002000s ]
INFO: [ app_begin ] --END-- [ RunTime:0.002000s ]
SQL: SHOW COLUMNS FROM `model` [ RunTime:0.0030s ]
SQL: SELECT * FROM `model` WHERE `controller` = 'Mes' AND `action` = 'index' LIMIT 1   [ RunTime:0.0010s ]
SQL: SELECT * FROM `model` WHERE `belongid` = 213 AND `level` = 3  [ RunTime:0.0010s ]
INFO: [ app_end ] --START--
INFO: Run Behavior\ShowPageTraceBehavior [ RunTime:0.003000s ]
INFO: [ app_end ] --END-- [ RunTime:0.003000s ]

[ 2019-08-06T13:01:31+08:00 ] 119.119.85.146 /index.php/Admin/Index/index.html
INFO: [ app_init ] --START--
INFO: Run Behavior\BuildLiteBehavior [ RunTime:0.000000s ]
INFO: [ app_init ] --END-- [ RunTime:0.001001s ]
INFO: [ app_begin ] --START--
INFO: Run Behavior\ReadHtmlCacheBehavior [ RunTime:0.001000s ]
INFO: [ app_begin ] --END-- [ RunTime:0.001000s ]
SQL: SHOW COLUMNS FROM `error` [ RunTime:0.0020s ]
SQL: SELECT * FROM `error` WHERE `error_id` = 10004 LIMIT 1   [ RunTime:0.0010s ]
INFO: [ view_parse ] --START--
INFO: [ template_filter ] --START--
INFO: Run Behavior\ContentReplaceBehavior [ RunTime:0.000000s ]
INFO: [ template_filter ] --END-- [ RunTime:0.000000s ]
INFO: Run Behavior\ParseTemplateBehavior [ RunTime:0.013001s ]
INFO: [ view_parse ] --END-- [ RunTime:0.013001s ]
INFO: [ view_filter ] --START--
INFO: Run Behavior\WriteHtmlCacheBehavior [ RunTime:0.001000s ]
INFO: [ view_filter ] --END-- [ RunTime:0.001000s ]

[ 2019-08-06T13:01:32+08:00 ] 119.119.85.146 /index.php/Admin/Login/index.html
INFO: [ app_init ] --START--
INFO: Run Behavior\BuildLiteBehavior [ RunTime:0.000000s ]
INFO: [ app_init ] --END-- [ RunTime:0.001000s ]
INFO: [ app_begin ] --START--
INFO: Run Behavior\ReadHtmlCacheBehavior [ RunTime:0.002000s ]
INFO: [ app_begin ] --END-- [ RunTime:0.002000s ]
INFO: [ view_parse ] --START--
INFO: [ template_filter ] --START--
INFO: Run Behavior\ContentReplaceBehavior [ RunTime:0.000000s ]
INFO: [ template_filter ] --END-- [ RunTime:0.000000s ]
INFO: Run Behavior\ParseTemplateBehavior [ RunTime:0.013001s ]
INFO: [ view_parse ] --END-- [ RunTime:0.013001s ]
INFO: [ view_filter ] --START--
INFO: Run Behavior\WriteHtmlCacheBehavior [ RunTime:0.001000s ]
INFO: [ view_filter ] --END-- [ RunTime:0.001000s ]
INFO: [ app_end ] --START--
INFO: Run Behavior\ShowPageTraceBehavior [ RunTime:0.001000s ]
INFO: [ app_end ] --END-- [ RunTime:0.001000s ]

[ 2019-08-06T13:01:38+08:00 ] 119.119.85.146 /index.php/Admin/Login/login
INFO: [ app_init ] --START--
INFO: Run Behavior\BuildLiteBehavior [ RunTime:0.000000s ]
INFO: [ app_init ] --END-- [ RunTime:0.001000s ]
INFO: [ app_begin ] --START--
INFO: Run Behavior\ReadHtmlCacheBehavior [ RunTime:0.002000s ]
INFO: [ app_begin ] --END-- [ RunTime:0.002000s ]
SQL: SHOW COLUMNS FROM `admin` [ RunTime:0.0030s ]
SQL: SELECT * FROM `admin` WHERE `username` = 'admin' AND `password` = '21232f297a57a5a743894a0e4a801fc3' LIMIT 1   [ RunTime:0.0010s ]
SQL: SHOW COLUMNS FROM `model` [ RunTime:0.0020s ]
SQL: SELECT * FROM `model`  [ RunTime:0.0020s ]
SQL: UPDATE `admin` SET `login_time`='1565067698',`login_ip`='119.119.85.146' WHERE `id` = 1 [ RunTime:0.0420s ]
SQL: SHOW COLUMNS FROM `error` [ RunTime:0.0030s ]
SQL: SELECT * FROM `error` WHERE `error_id` = 10002 LIMIT 1   [ RunTime:0.0000s ]

[ 2019-08-06T13:01:40+08:00 ] 119.119.85.146 /index.php/Admin/Index/index.html
INFO: [ app_init ] --START--
INFO: Run Behavior\BuildLiteBehavior [ RunTime:0.000000s ]
INFO: [ app_init ] --END-- [ RunTime:0.001000s ]
INFO: [ app_begin ] --START--
INFO: Run Behavior\ReadHtmlCacheBehavior [ RunTime:0.001000s ]
INFO: [ app_begin ] --END-- [ RunTime:0.001000s ]
SQL: SHOW COLUMNS FROM `model` [ RunTime:0.0020s ]
SQL: SELECT * FROM `model` WHERE `controller` = 'Index' AND `action` = 'index' LIMIT 1   [ RunTime:0.0010s ]
SQL: SELECT * FROM `model` WHERE `belongid` = null AND `level` = 3  [ RunTime:0.0010s ]
INFO: [ view_parse ] --START--
INFO: [ template_filter ] --START--
INFO: Run Behavior\ContentReplaceBehavior [ RunTime:0.000000s ]
INFO: [ template_filter ] --END-- [ RunTime:0.000000s ]
INFO: Run Behavior\ParseTemplateBehavior [ RunTime:0.019001s ]
INFO: [ view_parse ] --END-- [ RunTime:0.020001s ]
INFO: [ view_filter ] --START--
INFO: Run Behavior\WriteHtmlCacheBehavior [ RunTime:0.001000s ]
INFO: [ view_filter ] --END-- [ RunTime:0.001000s ]
INFO: [ app_end ] --START--
INFO: Run Behavior\ShowPageTraceBehavior [ RunTime:0.002001s ]
INFO: [ app_end ] --END-- [ RunTime:0.002001s ]

[ 2019-08-06T13:01:40+08:00 ] 119.119.85.146 /index.php/Admin/Index/welcome.html
INFO: [ app_init ] --START--
INFO: Run Behavior\BuildLiteBehavior [ RunTime:0.000000s ]
INFO: [ app_init ] --END-- [ RunTime:0.001000s ]
INFO: [ app_begin ] --START--
INFO: Run Behavior\ReadHtmlCacheBehavior [ RunTime:0.002000s ]
INFO: [ app_begin ] --END-- [ RunTime:0.002000s ]
SQL: SHOW COLUMNS FROM `model` [ RunTime:0.0020s ]
SQL: SELECT * FROM `model` WHERE `controller` = 'Index' AND `action` = 'welcome' LIMIT 1   [ RunTime:0.0010s ]
SQL: SELECT * FROM `model` WHERE `belongid` = null AND `level` = 3  [ RunTime:0.0010s ]
INFO: [ view_parse ] --START--
INFO: [ template_filter ] --START--
INFO: Run Behavior\ContentReplaceBehavior [ RunTime:0.000000s ]
INFO: [ template_filter ] --END-- [ RunTime:0.000000s ]
INFO: Run Behavior\ParseTemplateBehavior [ RunTime:0.019001s ]
INFO: [ view_parse ] --END-- [ RunTime:0.019001s ]
INFO: [ view_filter ] --START--
INFO: Run Behavior\WriteHtmlCacheBehavior [ RunTime:0.001000s ]
INFO: [ view_filter ] --END-- [ RunTime:0.001000s ]
INFO: [ app_end ] --START--
INFO: Run Behavior\ShowPageTraceBehavior [ RunTime:0.001000s ]
INFO: [ app_end ] --END-- [ RunTime:0.002000s ]

[ 2019-08-06T13:09:47+08:00 ] 119.119.85.146 /index.php/Admin/seal/index
INFO: [ app_init ] --START--
INFO: Run Behavior\BuildLiteBehavior [ RunTime:0.000000s ]
INFO: [ app_init ] --END-- [ RunTime:0.001000s ]
INFO: [ app_begin ] --START--
INFO: Run Behavior\ReadHtmlCacheBehavior [ RunTime:0.001000s ]
INFO: [ app_begin ] --END-- [ RunTime:0.001000s ]
SQL: SHOW COLUMNS FROM `model` [ RunTime:0.0020s ]
SQL: SELECT * FROM `model` WHERE `controller` = 'Seal' AND `action` = 'index' LIMIT 1   [ RunTime:0.0010s ]
SQL: SELECT * FROM `model` WHERE `belongid` = 177 AND `level` = 3  [ RunTime:0.0010s ]
SQL: SHOW COLUMNS FROM `seal` [ RunTime:0.0020s ]
NOTIC: [2] Invalid argument supplied for foreach() D:\phpstudy_pro\WWW\wqxts\ThinkPHP\Library\Think\Db\Driver.class.php  504 .
SQL: SELECT COUNT(*) AS tp_count FROM `seal` LIMIT 1   [ RunTime:0.0010s ]
NOTIC: [8] Undefined index: pagesize D:\phpstudy_pro\WWW\wqxts\Application\Admin\Controller\BaseController.class.php  191 .
NOTIC: [8] Undefined index: pagesize D:\phpstudy_pro\WWW\wqxts\Application\Admin\Controller\BaseController.class.php  191 .
NOTIC: [8] Undefined index: pagesize D:\phpstudy_pro\WWW\wqxts\Application\Admin\Controller\BaseController.class.php  191 .
SQL: SHOW COLUMNS FROM `seal` [ RunTime:0.0020s ]
NOTIC: [2] Invalid argument supplied for foreach() D:\phpstudy_pro\WWW\wqxts\ThinkPHP\Library\Think\Db\Driver.class.php  504 .
SQL: SELECT * FROM `seal` ORDER BY orders desc LIMIT 0,15   [ RunTime:0.0010s ]
INFO: [ view_parse ] --START--
INFO: [ template_filter ] --START--
INFO: Run Behavior\ContentReplaceBehavior [ RunTime:0.000000s ]
INFO: [ template_filter ] --END-- [ RunTime:0.001000s ]
NOTIC: [8] Undefined variable: vo D:\phpstudy_pro\WWW\wqxts\Application\Runtime\Cache\Admin\5337c7bbe13c98ed61d4a68b7b49d16c.php  39 .
NOTIC: [8] Undefined variable: vo D:\phpstudy_pro\WWW\wqxts\Application\Runtime\Cache\Admin\5337c7bbe13c98ed61d4a68b7b49d16c.php  39 .
NOTIC: [8] Undefined variable: search D:\phpstudy_pro\WWW\wqxts\Application\Runtime\Cache\Admin\5337c7bbe13c98ed61d4a68b7b49d16c.php  48 .
INFO: Run Behavior\ParseTemplateBehavior [ RunTime:0.020001s ]
INFO: [ view_parse ] --END-- [ RunTime:0.020001s ]
INFO: [ view_filter ] --START--
INFO: Run Behavior\WriteHtmlCacheBehavior [ RunTime:0.001000s ]
INFO: [ view_filter ] --END-- [ RunTime:0.001000s ]
INFO: [ app_end ] --START--
INFO: Run Behavior\ShowPageTraceBehavior [ RunTime:0.001000s ]
INFO: [ app_end ] --END-- [ RunTime:0.001000s ]

[ 2019-08-06T13:11:59+08:00 ] 119.119.85.146 /index.php/Admin/Framework/index
INFO: [ app_init ] --START--
INFO: Run Behavior\BuildLiteBehavior [ RunTime:0.000000s ]
INFO: [ app_init ] --END-- [ RunTime:0.001000s ]
INFO: [ app_begin ] --START--
INFO: Run Behavior\ReadHtmlCacheBehavior [ RunTime:0.002000s ]
INFO: [ app_begin ] --END-- [ RunTime:0.002000s ]
SQL: SHOW COLUMNS FROM `model` [ RunTime:0.0020s ]
SQL: SELECT * FROM `model` WHERE `controller` = 'Framework' AND `action` = 'index' LIMIT 1   [ RunTime:0.0010s ]
SQL: SELECT * FROM `model` WHERE `belongid` = 173 AND `level` = 3  [ RunTime:0.0010s ]
SQL: SHOW COLUMNS FROM `framework` [ RunTime:0.0030s ]
SQL: SELECT COUNT(*) AS tp_count FROM `framework` WHERE ( type_id=0 ) LIMIT 1   [ RunTime:0.0010s ]
INFO: [ view_parse ] --START--
INFO: [ template_filter ] --START--
INFO: Run Behavior\ContentReplaceBehavior [ RunTime:0.000000s ]
INFO: [ template_filter ] --END-- [ RunTime:0.000000s ]
INFO: Run Behavior\ParseTemplateBehavior [ RunTime:0.020001s ]
INFO: [ view_parse ] --END-- [ RunTime:0.020001s ]
INFO: [ view_filter ] --START--
INFO: Run Behavior\WriteHtmlCacheBehavior [ RunTime:0.002000s ]
INFO: [ view_filter ] --END-- [ RunTime:0.002000s ]
INFO: [ app_end ] --START--
INFO: Run Behavior\ShowPageTraceBehavior [ RunTime:0.002000s ]
INFO: [ app_end ] --END-- [ RunTime:0.002000s ]

[ 2019-08-06T13:12:00+08:00 ] 119.119.85.146 /admin/framework/index
INFO: [ app_init ] --START--
INFO: Run Behavior\BuildLiteBehavior [ RunTime:0.000000s ]
INFO: [ app_init ] --END-- [ RunTime:0.001001s ]
INFO: [ app_begin ] --START--
INFO: Run Behavior\ReadHtmlCacheBehavior [ RunTime:0.002000s ]
INFO: [ app_begin ] --END-- [ RunTime:0.002000s ]
SQL: SHOW COLUMNS FROM `model` [ RunTime:0.0020s ]
SQL: SELECT * FROM `model` WHERE `controller` = 'Framework' AND `action` = 'index' LIMIT 1   [ RunTime:0.0010s ]
SQL: SELECT * FROM `model` WHERE `belongid` = 173 AND `level` = 3  [ RunTime:0.0010s ]
SQL: SHOW COLUMNS FROM `framework` [ RunTime:0.0020s ]
SQL: SELECT `id`,node_name name,type_id pid FROM `framework`  [ RunTime:0.0010s ]
NOTIC: [8] Undefined index: nums D:\phpstudy_pro\WWW\wqxts\Application\Common\Common\function.php  212 .
INFO: [ app_end ] --START--
INFO: Run Behavior\ShowPageTraceBehavior [ RunTime:0.002000s ]
INFO: [ app_end ] --END-- [ RunTime:0.002000s ]

[ 2019-08-06T13:16:19+08:00 ] 180.163.220.3 /index.php/Admin/Mes/index.html
INFO: [ app_init ] --START--
INFO: Run Behavior\BuildLiteBehavior [ RunTime:0.000000s ]
INFO: [ app_init ] --END-- [ RunTime:0.002000s ]
INFO: [ app_begin ] --START--
INFO: Run Behavior\ReadHtmlCacheBehavior [ RunTime:0.002000s ]
INFO: [ app_begin ] --END-- [ RunTime:0.002000s ]
SQL: SHOW COLUMNS FROM `error` [ RunTime:0.0030s ]
SQL: SELECT * FROM `error` WHERE `error_id` = 10004 LIMIT 1   [ RunTime:0.0010s ]
INFO: [ view_parse ] --START--
INFO: [ template_filter ] --START--
INFO: Run Behavior\ContentReplaceBehavior [ RunTime:0.000000s ]
INFO: [ template_filter ] --END-- [ RunTime:0.000000s ]
INFO: Run Behavior\ParseTemplateBehavior [ RunTime:0.013001s ]
INFO: [ view_parse ] --END-- [ RunTime:0.013001s ]
INFO: [ view_filter ] --START--
INFO: Run Behavior\WriteHtmlCacheBehavior [ RunTime:0.001000s ]
INFO: [ view_filter ] --END-- [ RunTime:0.001000s ]

[ 2019-08-06T13:16:32+08:00 ] 180.163.220.3 /index.php/Admin/Login/index.html
INFO: [ app_init ] --START--
INFO: Run Behavior\BuildLiteBehavior [ RunTime:0.000000s ]
INFO: [ app_init ] --END-- [ RunTime:0.001000s ]
INFO: [ app_begin ] --START--
INFO: Run Behavior\ReadHtmlCacheBehavior [ RunTime:0.001000s ]
INFO: [ app_begin ] --END-- [ RunTime:0.001000s ]
INFO: [ view_parse ] --START--
INFO: [ template_filter ] --START--
INFO: Run Behavior\ContentReplaceBehavior [ RunTime:0.000000s ]
INFO: [ template_filter ] --END-- [ RunTime:0.000000s ]
INFO: Run Behavior\ParseTemplateBehavior [ RunTime:0.013001s ]
INFO: [ view_parse ] --END-- [ RunTime:0.013001s ]
INFO: [ view_filter ] --START--
INFO: Run Behavior\WriteHtmlCacheBehavior [ RunTime:0.001000s ]
INFO: [ view_filter ] --END-- [ RunTime:0.001000s ]
INFO: [ app_end ] --START--
INFO: Run Behavior\ShowPageTraceBehavior [ RunTime:0.002000s ]
INFO: [ app_end ] --END-- [ RunTime:0.002000s ]

[ 2019-08-06T13:16:46+08:00 ] 180.163.220.3 /index.php/Admin/Mes/index.html
INFO: [ app_init ] --START--
INFO: Run Behavior\BuildLiteBehavior [ RunTime:0.000000s ]
INFO: [ app_init ] --END-- [ RunTime:0.001000s ]
INFO: [ app_begin ] --START--
INFO: Run Behavior\ReadHtmlCacheBehavior [ RunTime:0.001000s ]
INFO: [ app_begin ] --END-- [ RunTime:0.001000s ]
SQL: SHOW COLUMNS FROM `error` [ RunTime:0.0020s ]
SQL: SELECT * FROM `error` WHERE `error_id` = 10004 LIMIT 1   [ RunTime:0.0000s ]
INFO: [ view_parse ] --START--
INFO: [ template_filter ] --START--
INFO: Run Behavior\ContentReplaceBehavior [ RunTime:0.000000s ]
INFO: [ template_filter ] --END-- [ RunTime:0.000000s ]
INFO: Run Behavior\ParseTemplateBehavior [ RunTime:0.011000s ]
INFO: [ view_parse ] --END-- [ RunTime:0.011000s ]
INFO: [ view_filter ] --START--
INFO: Run Behavior\WriteHtmlCacheBehavior [ RunTime:0.001000s ]
INFO: [ view_filter ] --END-- [ RunTime:0.001000s ]

[ 2019-08-06T13:16:46+08:00 ] 180.163.220.3 /index.php/Admin/Mes/index.html
INFO: [ app_init ] --START--
INFO: Run Behavior\BuildLiteBehavior [ RunTime:0.000000s ]
INFO: [ app_init ] --END-- [ RunTime:0.001000s ]
INFO: [ app_begin ] --START--
INFO: Run Behavior\ReadHtmlCacheBehavior [ RunTime:0.001000s ]
INFO: [ app_begin ] --END-- [ RunTime:0.001000s ]
SQL: SHOW COLUMNS FROM `error` [ RunTime:0.0020s ]
SQL: SELECT * FROM `error` WHERE `error_id` = 10004 LIMIT 1   [ RunTime:0.0010s ]
INFO: [ view_parse ] --START--
INFO: [ template_filter ] --START--
INFO: Run Behavior\ContentReplaceBehavior [ RunTime:0.000000s ]
INFO: [ template_filter ] --END-- [ RunTime:0.000000s ]
INFO: Run Behavior\ParseTemplateBehavior [ RunTime:0.012000s ]
INFO: [ view_parse ] --END-- [ RunTime:0.012000s ]
INFO: [ view_filter ] --START--
INFO: Run Behavior\WriteHtmlCacheBehavior [ RunTime:0.001001s ]
INFO: [ view_filter ] --END-- [ RunTime:0.001001s ]

[ 2019-08-06T13:16:47+08:00 ] 180.163.220.3 /index.php/Admin/Login/index.html
INFO: [ app_init ] --START--
INFO: Run Behavior\BuildLiteBehavior [ RunTime:0.000000s ]
INFO: [ app_init ] --END-- [ RunTime:0.001000s ]
INFO: [ app_begin ] --START--
INFO: Run Behavior\ReadHtmlCacheBehavior [ RunTime:0.002000s ]
INFO: [ app_begin ] --END-- [ RunTime:0.002000s ]
INFO: [ view_parse ] --START--
INFO: [ template_filter ] --START--
INFO: Run Behavior\ContentReplaceBehavior [ RunTime:0.000000s ]
INFO: [ template_filter ] --END-- [ RunTime:0.000000s ]
INFO: Run Behavior\ParseTemplateBehavior [ RunTime:0.017001s ]
INFO: [ view_parse ] --END-- [ RunTime:0.017001s ]
INFO: [ view_filter ] --START--
INFO: Run Behavior\WriteHtmlCacheBehavior [ RunTime:0.002000s ]
INFO: [ view_filter ] --END-- [ RunTime:0.002000s ]
INFO: [ app_end ] --START--
INFO: Run Behavior\ShowPageTraceBehavior [ RunTime:0.002000s ]
INFO: [ app_end ] --END-- [ RunTime:0.002000s ]

[ 2019-08-06T13:40:33+08:00 ] 119.119.85.146 /index.php/Admin/seal/index
INFO: [ app_init ] --START--
INFO: Run Behavior\BuildLiteBehavior [ RunTime:0.000000s ]
INFO: [ app_init ] --END-- [ RunTime:0.001000s ]
INFO: [ app_begin ] --START--
INFO: Run Behavior\ReadHtmlCacheBehavior [ RunTime:0.003000s ]
INFO: [ app_begin ] --END-- [ RunTime:0.003000s ]
SQL: SHOW COLUMNS FROM `model` [ RunTime:0.0030s ]
SQL: SELECT * FROM `model` WHERE `controller` = 'Seal' AND `action` = 'index' LIMIT 1   [ RunTime:0.0010s ]
SQL: SELECT * FROM `model` WHERE `belongid` = 177 AND `level` = 3  [ RunTime:0.0010s ]
SQL: SHOW COLUMNS FROM `seal` [ RunTime:0.0040s ]
NOTIC: [2] Invalid argument supplied for foreach() D:\phpstudy_pro\WWW\wqxts\ThinkPHP\Library\Think\Db\Driver.class.php  504 .
SQL: SELECT COUNT(*) AS tp_count FROM `seal` LIMIT 1   [ RunTime:0.0010s ]
NOTIC: [8] Undefined index: pagesize D:\phpstudy_pro\WWW\wqxts\Application\Admin\Controller\BaseController.class.php  191 .
NOTIC: [8] Undefined index: pagesize D:\phpstudy_pro\WWW\wqxts\Application\Admin\Controller\BaseController.class.php  191 .
NOTIC: [8] Undefined index: pagesize D:\phpstudy_pro\WWW\wqxts\Application\Admin\Controller\BaseController.class.php  191 .
SQL: SHOW COLUMNS FROM `seal` [ RunTime:0.0020s ]
NOTIC: [2] Invalid argument supplied for foreach() D:\phpstudy_pro\WWW\wqxts\ThinkPHP\Library\Think\Db\Driver.class.php  504 .
SQL: SELECT * FROM `seal` ORDER BY orders desc LIMIT 0,15   [ RunTime:0.0010s ]
INFO: [ view_parse ] --START--
INFO: [ template_filter ] --START--
INFO: Run Behavior\ContentReplaceBehavior [ RunTime:0.000000s ]
INFO: [ template_filter ] --END-- [ RunTime:0.000000s ]
NOTIC: [8] Undefined variable: vo D:\phpstudy_pro\WWW\wqxts\Application\Runtime\Cache\Admin\5337c7bbe13c98ed61d4a68b7b49d16c.php  39 .
NOTIC: [8] Undefined variable: vo D:\phpstudy_pro\WWW\wqxts\Application\Runtime\Cache\Admin\5337c7bbe13c98ed61d4a68b7b49d16c.php  39 .
NOTIC: [8] Undefined variable: search D:\phpstudy_pro\WWW\wqxts\Application\Runtime\Cache\Admin\5337c7bbe13c98ed61d4a68b7b49d16c.php  48 .
INFO: Run Behavior\ParseTemplateBehavior [ RunTime:0.019001s ]
INFO: [ view_parse ] --END-- [ RunTime:0.019001s ]
INFO: [ view_filter ] --START--
INFO: Run Behavior\WriteHtmlCacheBehavior [ RunTime:0.002000s ]
INFO: [ view_filter ] --END-- [ RunTime:0.002000s ]
INFO: [ app_end ] --START--
INFO: Run Behavior\ShowPageTraceBehavior [ RunTime:0.001000s ]
INFO: [ app_end ] --END-- [ RunTime:0.001000s ]

[ 2019-08-06T13:42:44+08:00 ] 119.119.85.146 /index.php/Admin/Seal/add
INFO: [ app_init ] --START--
INFO: Run Behavior\BuildLiteBehavior [ RunTime:0.000000s ]
INFO: [ app_init ] --END-- [ RunTime:0.001000s ]
INFO: [ app_begin ] --START--
INFO: Run Behavior\ReadHtmlCacheBehavior [ RunTime:0.001000s ]
INFO: [ app_begin ] --END-- [ RunTime:0.002000s ]
SQL: SHOW COLUMNS FROM `model` [ RunTime:0.0030s ]
SQL: SELECT * FROM `model` WHERE `controller` = 'Seal' AND `action` = 'add' LIMIT 1   [ RunTime:0.0010s ]
SQL: SELECT * FROM `model` WHERE `belongid` = 178 AND `level` = 3  [ RunTime:0.0010s ]
INFO: [ view_parse ] --START--
INFO: [ template_filter ] --START--
INFO: Run Behavior\ContentReplaceBehavior [ RunTime:0.000000s ]
INFO: [ template_filter ] --END-- [ RunTime:0.000000s ]
INFO: Run Behavior\ParseTemplateBehavior [ RunTime:0.014000s ]
INFO: [ view_parse ] --END-- [ RunTime:0.014000s ]
INFO: [ view_filter ] --START--
INFO: Run Behavior\WriteHtmlCacheBehavior [ RunTime:0.001000s ]
INFO: [ view_filter ] --END-- [ RunTime:0.001000s ]
INFO: [ app_end ] --START--
INFO: Run Behavior\ShowPageTraceBehavior [ RunTime:0.002001s ]
INFO: [ app_end ] --END-- [ RunTime:0.002001s ]

[ 2019-08-06T13:45:35+08:00 ] 119.119.85.146 /index.php/Admin/users/index
INFO: [ app_init ] --START--
INFO: Run Behavior\BuildLiteBehavior [ RunTime:0.000000s ]
INFO: [ app_init ] --END-- [ RunTime:0.002000s ]
INFO: [ app_begin ] --START--
INFO: Run Behavior\ReadHtmlCacheBehavior [ RunTime:0.002000s ]
INFO: [ app_begin ] --END-- [ RunTime:0.002000s ]
SQL: SHOW COLUMNS FROM `model` [ RunTime:0.0020s ]
SQL: SELECT * FROM `model` WHERE `controller` = 'Users' AND `action` = 'index' LIMIT 1   [ RunTime:0.0010s ]
SQL: SELECT * FROM `model` WHERE `belongid` = 182 AND `level` = 3  [ RunTime:0.0010s ]
SQL: SHOW COLUMNS FROM `customer` [ RunTime:0.0050s ]
SQL: SELECT COUNT(*) AS tp_count FROM `customer` WHERE ( status=1 and usertype = 2 ) LIMIT 1   [ RunTime:0.0010s ]
NOTIC: [8] Undefined index: pagesize D:\phpstudy_pro\WWW\wqxts\Application\Admin\Controller\BaseController.class.php  191 .
NOTIC: [8] Undefined index: pagesize D:\phpstudy_pro\WWW\wqxts\Application\Admin\Controller\BaseController.class.php  191 .
NOTIC: [8] Undefined index: pagesize D:\phpstudy_pro\WWW\wqxts\Application\Admin\Controller\BaseController.class.php  191 .
SQL: SHOW COLUMNS FROM `customer` [ RunTime:0.0030s ]
SQL: SELECT * FROM `customer` WHERE ( status=1 and usertype = 2 ) ORDER BY id LIMIT 0,15   [ RunTime:0.0010s ]
SQL: SHOW COLUMNS FROM `framework` [ RunTime:0.0040s ]
SQL: SELECT * FROM `framework` WHERE ( id='99' ) LIMIT 1   [ RunTime:0.0010s ]
SQL: SELECT * FROM `framework` WHERE ( id='99' ) LIMIT 1   [ RunTime:0.0010s ]
SQL: SELECT * FROM `framework` WHERE ( id='99' ) LIMIT 1   [ RunTime:0.0000s ]
SQL: SELECT * FROM `framework` WHERE ( id='99' ) LIMIT 1   [ RunTime:0.0010s ]
SQL: SELECT * FROM `framework` WHERE ( id='99' ) LIMIT 1   [ RunTime:0.0010s ]
SQL: SELECT * FROM `framework` WHERE ( id='99' ) LIMIT 1   [ RunTime:0.0010s ]
SQL: SELECT * FROM `framework` WHERE ( id='99' ) LIMIT 1   [ RunTime:0.0010s ]
SQL: SELECT * FROM `framework` WHERE ( id='99' ) LIMIT 1   [ RunTime:0.0010s ]
SQL: SELECT * FROM `framework` WHERE ( id='99' ) LIMIT 1   [ RunTime:0.0010s ]
SQL: SELECT * FROM `framework` WHERE ( id='99' ) LIMIT 1   [ RunTime:0.0010s ]
SQL: SELECT * FROM `framework` WHERE ( id='100' ) LIMIT 1   [ RunTime:0.0020s ]
SQL: SELECT * FROM `framework` WHERE ( id='100' ) LIMIT 1   [ RunTime:0.0010s ]
SQL: SELECT * FROM `framework` WHERE ( id='100' ) LIMIT 1   [ RunTime:0.0010s ]
SQL: SELECT * FROM `framework` WHERE ( id='100' ) LIMIT 1   [ RunTime:0.0010s ]
SQL: SELECT * FROM `framework` WHERE ( id='100' ) LIMIT 1   [ RunTime:0.0010s ]
INFO: [ view_parse ] --START--
INFO: [ template_filter ] --START--
INFO: Run Behavior\ContentReplaceBehavior [ RunTime:0.001000s ]
INFO: [ template_filter ] --END-- [ RunTime:0.001000s ]
NOTIC: [8] Undefined variable: vo D:\phpstudy_pro\WWW\wqxts\Application\Runtime\Cache\Admin\67497c3a2bf2951b752063fc54092cda.php  39 .
NOTIC: [8] Undefined variable: vo D:\phpstudy_pro\WWW\wqxts\Application\Runtime\Cache\Admin\67497c3a2bf2951b752063fc54092cda.php  39 .
NOTIC: [8] Undefined index: tel D:\phpstudy_pro\WWW\wqxts\Application\Runtime\Cache\Admin\67497c3a2bf2951b752063fc54092cda.php  48 .
NOTIC: [8] Undefined index: name D:\phpstudy_pro\WWW\wqxts\Application\Runtime\Cache\Admin\67497c3a2bf2951b752063fc54092cda.php  88 .
NOTIC: [8] Undefined index: name D:\phpstudy_pro\WWW\wqxts\Application\Runtime\Cache\Admin\67497c3a2bf2951b752063fc54092cda.php  88 .
NOTIC: [8] Undefined index: name D:\phpstudy_pro\WWW\wqxts\Application\Runtime\Cache\Admin\67497c3a2bf2951b752063fc54092cda.php  88 .
NOTIC: [8] Undefined index: name D:\phpstudy_pro\WWW\wqxts\Application\Runtime\Cache\Admin\67497c3a2bf2951b752063fc54092cda.php  88 .
NOTIC: [8] Undefined index: name D:\phpstudy_pro\WWW\wqxts\Application\Runtime\Cache\Admin\67497c3a2bf2951b752063fc54092cda.php  88 .
NOTIC: [8] Undefined index: name D:\phpstudy_pro\WWW\wqxts\Application\Runtime\Cache\Admin\67497c3a2bf2951b752063fc54092cda.php  88 .
NOTIC: [8] Undefined index: name D:\phpstudy_pro\WWW\wqxts\Application\Runtime\Cache\Admin\67497c3a2bf2951b752063fc54092cda.php  88 .
NOTIC: [8] Undefined index: name D:\phpstudy_pro\WWW\wqxts\Application\Runtime\Cache\Admin\67497c3a2bf2951b752063fc54092cda.php  88 .
NOTIC: [8] Undefined index: name D:\phpstudy_pro\WWW\wqxts\Application\Runtime\Cache\Admin\67497c3a2bf2951b752063fc54092cda.php  88 .
NOTIC: [8] Undefined index: name D:\phpstudy_pro\WWW\wqxts\Application\Runtime\Cache\Admin\67497c3a2bf2951b752063fc54092cda.php  88 .
NOTIC: [8] Undefined index: name D:\phpstudy_pro\WWW\wqxts\Application\Runtime\Cache\Admin\67497c3a2bf2951b752063fc54092cda.php  88 .
NOTIC: [8] Undefined index: name D:\phpstudy_pro\WWW\wqxts\Application\Runtime\Cache\Admin\67497c3a2bf2951b752063fc54092cda.php  88 .
NOTIC: [8] Undefined index: name D:\phpstudy_pro\WWW\wqxts\Application\Runtime\Cache\Admin\67497c3a2bf2951b752063fc54092cda.php  88 .
NOTIC: [8] Undefined index: name D:\phpstudy_pro\WWW\wqxts\Application\Runtime\Cache\Admin\67497c3a2bf2951b752063fc54092cda.php  88 .
NOTIC: [8] Undefined index: name D:\phpstudy_pro\WWW\wqxts\Application\Runtime\Cache\Admin\67497c3a2bf2951b752063fc54092cda.php  88 .
NOTIC: [8] Undefined index: name D:\phpstudy_pro\WWW\wqxts\Application\Runtime\Cache\Admin\67497c3a2bf2951b752063fc54092cda.php  88 .
NOTIC: [8] Undefined index: name D:\phpstudy_pro\WWW\wqxts\Application\Runtime\Cache\Admin\67497c3a2bf2951b752063fc54092cda.php  88 .
NOTIC: [8] Undefined index: name D:\phpstudy_pro\WWW\wqxts\Application\Runtime\Cache\Admin\67497c3a2bf2951b752063fc54092cda.php  88 .
NOTIC: [8] Undefined index: name D:\phpstudy_pro\WWW\wqxts\Application\Runtime\Cache\Admin\67497c3a2bf2951b752063fc54092cda.php  88 .
NOTIC: [8] Undefined index: name D:\phpstudy_pro\WWW\wqxts\Application\Runtime\Cache\Admin\67497c3a2bf2951b752063fc54092cda.php  88 .
NOTIC: [8] Undefined index: name D:\phpstudy_pro\WWW\wqxts\Application\Runtime\Cache\Admin\67497c3a2bf2951b752063fc54092cda.php  88 .
NOTIC: [8] Undefined index: name D:\phpstudy_pro\WWW\wqxts\Application\Runtime\Cache\Admin\67497c3a2bf2951b752063fc54092cda.php  88 .
NOTIC: [8] Undefined index: name D:\phpstudy_pro\WWW\wqxts\Application\Runtime\Cache\Admin\67497c3a2bf2951b752063fc54092cda.php  88 .
NOTIC: [8] Undefined index: name D:\phpstudy_pro\WWW\wqxts\Application\Runtime\Cache\Admin\67497c3a2bf2951b752063fc54092cda.php  88 .
NOTIC: [8] Undefined index: name D:\phpstudy_pro\WWW\wqxts\Application\Runtime\Cache\Admin\67497c3a2bf2951b752063fc54092cda.php  88 .
NOTIC: [8] Undefined index: name D:\phpstudy_pro\WWW\wqxts\Application\Runtime\Cache\Admin\67497c3a2bf2951b752063fc54092cda.php  88 .
NOTIC: [8] Undefined index: name D:\phpstudy_pro\WWW\wqxts\Application\Runtime\Cache\Admin\67497c3a2bf2951b752063fc54092cda.php  88 .
NOTIC: [8] Undefined index: name D:\phpstudy_pro\WWW\wqxts\Application\Runtime\Cache\Admin\67497c3a2bf2951b752063fc54092cda.php  88 .
NOTIC: [8] Undefined index: name D:\phpstudy_pro\WWW\wqxts\Application\Runtime\Cache\Admin\67497c3a2bf2951b752063fc54092cda.php  88 .
NOTIC: [8] Undefined index: name D:\phpstudy_pro\WWW\wqxts\Application\Runtime\Cache\Admin\67497c3a2bf2951b752063fc54092cda.php  88 .
INFO: Run Behavior\ParseTemplateBehavior [ RunTime:0.028001s ]
INFO: [ view_parse ] --END-- [ RunTime:0.029001s ]
INFO: [ view_filter ] --START--
INFO: Run Behavior\WriteHtmlCacheBehavior [ RunTime:0.002001s ]
INFO: [ view_filter ] --END-- [ RunTime:0.002001s ]
INFO: [ app_end ] --START--
INFO: Run Behavior\ShowPageTraceBehavior [ RunTime:0.002000s ]
INFO: [ app_end ] --END-- [ RunTime:0.003000s ]

[ 2019-08-06T13:50:38+08:00 ] 119.119.85.146 /index.php/Admin/sign/index
INFO: [ app_init ] --START--
INFO: Run Behavior\BuildLiteBehavior [ RunTime:0.000000s ]
INFO: [ app_init ] --END-- [ RunTime:0.001000s ]
INFO: [ app_begin ] --START--
INFO: Run Behavior\ReadHtmlCacheBehavior [ RunTime:0.002000s ]
INFO: [ app_begin ] --END-- [ RunTime:0.002000s ]
SQL: SHOW COLUMNS FROM `model` [ RunTime:0.0030s ]
SQL: SELECT * FROM `model` WHERE `controller` = 'Sign' AND `action` = 'index' LIMIT 1   [ RunTime:0.0010s ]
SQL: SELECT * FROM `model` WHERE `belongid` = 188 AND `level` = 3  [ RunTime:0.0020s ]
SQL: SHOW COLUMNS FROM `template` [ RunTime:0.0040s ]
SQL: SELECT COUNT(*) AS tp_count FROM `template` WHERE ( status=1 ) LIMIT 1   [ RunTime:0.0010s ]
NOTIC: [8] Undefined index: pagesize D:\phpstudy_pro\WWW\wqxts\Application\Admin\Controller\SignController.class.php  17 .
NOTIC: [8] Undefined index: pagesize D:\phpstudy_pro\WWW\wqxts\Application\Admin\Controller\SignController.class.php  17 .
NOTIC: [8] Undefined index: pagesize D:\phpstudy_pro\WWW\wqxts\Application\Admin\Controller\SignController.class.php  17 .
SQL: SHOW COLUMNS FROM `template` [ RunTime:0.0030s ]
SQL: SELECT * FROM `template` WHERE ( status=1 ) LIMIT 0,15   [ RunTime:0.0010s ]
INFO: [ view_parse ] --START--
INFO: [ template_filter ] --START--
INFO: Run Behavior\ContentReplaceBehavior [ RunTime:0.000000s ]
INFO: [ template_filter ] --END-- [ RunTime:0.000000s ]
NOTIC: [8] Undefined variable: vo D:\phpstudy_pro\WWW\wqxts\Application\Runtime\Cache\Admin\97d3a8f85234720218287ed0a1c7f6ac.php  39 .
NOTIC: [8] Undefined variable: vo D:\phpstudy_pro\WWW\wqxts\Application\Runtime\Cache\Admin\97d3a8f85234720218287ed0a1c7f6ac.php  39 .
NOTIC: [8] Undefined variable: search D:\phpstudy_pro\WWW\wqxts\Application\Runtime\Cache\Admin\97d3a8f85234720218287ed0a1c7f6ac.php  48 .
INFO: Run Behavior\ParseTemplateBehavior [ RunTime:0.027001s ]
INFO: [ view_parse ] --END-- [ RunTime:0.027001s ]
INFO: [ view_filter ] --START--
INFO: Run Behavior\WriteHtmlCacheBehavior [ RunTime:0.001000s ]
INFO: [ view_filter ] --END-- [ RunTime:0.001000s ]
INFO: [ app_end ] --START--
INFO: Run Behavior\ShowPageTraceBehavior [ RunTime:0.002000s ]
INFO: [ app_end ] --END-- [ RunTime:0.002000s ]

[ 2019-08-06T13:51:23+08:00 ] 119.119.85.146 /index.php/Admin/Sign/add
INFO: [ app_init ] --START--
INFO: Run Behavior\BuildLiteBehavior [ RunTime:0.000000s ]
INFO: [ app_init ] --END-- [ RunTime:0.001000s ]
INFO: [ app_begin ] --START--
INFO: Run Behavior\ReadHtmlCacheBehavior [ RunTime:0.001000s ]
INFO: [ app_begin ] --END-- [ RunTime:0.001000s ]
SQL: SHOW COLUMNS FROM `model` [ RunTime:0.0040s ]
SQL: SELECT * FROM `model` WHERE `controller` = 'Sign' AND `action` = 'add' LIMIT 1   [ RunTime:0.0010s ]
SQL: SELECT * FROM `model` WHERE `belongid` = 189 AND `level` = 3  [ RunTime:0.0010s ]
INFO: [ view_parse ] --START--
INFO: [ template_filter ] --START--
INFO: Run Behavior\ContentReplaceBehavior [ RunTime:0.000000s ]
INFO: [ template_filter ] --END-- [ RunTime:0.000000s ]
INFO: Run Behavior\ParseTemplateBehavior [ RunTime:0.019001s ]
INFO: [ view_parse ] --END-- [ RunTime:0.019001s ]
INFO: [ view_filter ] --START--
INFO: Run Behavior\WriteHtmlCacheBehavior [ RunTime:0.002000s ]
INFO: [ view_filter ] --END-- [ RunTime:0.002000s ]
INFO: [ app_end ] --START--
INFO: Run Behavior\ShowPageTraceBehavior [ RunTime:0.002000s ]
INFO: [ app_end ] --END-- [ RunTime:0.002000s ]

[ 2019-08-06T13:58:56+08:00 ] 119.119.85.146 /index.php/Admin/Sign/add
INFO: [ app_init ] --START--
INFO: Run Behavior\BuildLiteBehavior [ RunTime:0.000000s ]
INFO: [ app_init ] --END-- [ RunTime:0.001000s ]
INFO: [ app_begin ] --START--
INFO: Run Behavior\ReadHtmlCacheBehavior [ RunTime:0.001000s ]
INFO: [ app_begin ] --END-- [ RunTime:0.001000s ]
SQL: SHOW COLUMNS FROM `model` [ RunTime:0.0030s ]
SQL: SELECT * FROM `model` WHERE `controller` = 'Sign' AND `action` = 'add' LIMIT 1   [ RunTime:0.0010s ]
SQL: SELECT * FROM `model` WHERE `belongid` = 189 AND `level` = 3  [ RunTime:0.0010s ]
INFO: [ view_parse ] --START--
INFO: [ template_filter ] --START--
INFO: Run Behavior\ContentReplaceBehavior [ RunTime:0.000000s ]
INFO: [ template_filter ] --END-- [ RunTime:0.000000s ]
INFO: Run Behavior\ParseTemplateBehavior [ RunTime:0.015001s ]
INFO: [ view_parse ] --END-- [ RunTime:0.015001s ]
INFO: [ view_filter ] --START--
INFO: Run Behavior\WriteHtmlCacheBehavior [ RunTime:0.001000s ]
INFO: [ view_filter ] --END-- [ RunTime:0.001000s ]
INFO: [ app_end ] --START--
INFO: Run Behavior\ShowPageTraceBehavior [ RunTime:0.001000s ]
INFO: [ app_end ] --END-- [ RunTime:0.001000s ]

[ 2019-08-06T14:02:24+08:00 ] 119.119.85.146 /index.php/Admin/swwscolumn/index
INFO: [ app_init ] --START--
INFO: Run Behavior\BuildLiteBehavior [ RunTime:0.000000s ]
INFO: [ app_init ] --END-- [ RunTime:0.002000s ]
INFO: [ app_begin ] --START--
INFO: Run Behavior\ReadHtmlCacheBehavior [ RunTime:0.001000s ]
INFO: [ app_begin ] --END-- [ RunTime:0.001000s ]
SQL: SHOW COLUMNS FROM `model` [ RunTime:0.0030s ]
SQL: SELECT * FROM `model` WHERE `controller` = 'Swwscolumn' AND `action` = 'index' LIMIT 1   [ RunTime:0.0010s ]
SQL: SELECT * FROM `model` WHERE `belongid` = 193 AND `level` = 3  [ RunTime:0.0020s ]
SQL: SHOW COLUMNS FROM `swwscolumn` [ RunTime:0.0040s ]
SQL: SELECT * FROM `swwscolumn` WHERE ( 1 )  [ RunTime:0.0010s ]
INFO: [ view_parse ] --START--
INFO: [ template_filter ] --START--
INFO: Run Behavior\ContentReplaceBehavior [ RunTime:0.000000s ]
INFO: [ template_filter ] --END-- [ RunTime:0.000000s ]
NOTIC: [8] Undefined variable: vo D:\phpstudy_pro\WWW\wqxts\Application\Runtime\Cache\Admin\162b60001986f7295eee05f5c8cc78bc.php  39 .
NOTIC: [8] Undefined variable: vo D:\phpstudy_pro\WWW\wqxts\Application\Runtime\Cache\Admin\162b60001986f7295eee05f5c8cc78bc.php  39 .
NOTIC: [8] Undefined index: tel D:\phpstudy_pro\WWW\wqxts\Application\Runtime\Cache\Admin\162b60001986f7295eee05f5c8cc78bc.php  48 .
NOTIC: [8] Undefined variable: count D:\phpstudy_pro\WWW\wqxts\Application\Runtime\Cache\Admin\162b60001986f7295eee05f5c8cc78bc.php  85 .
NOTIC: [8] Undefined variable: pagesize D:\phpstudy_pro\WWW\wqxts\Application\Runtime\Cache\Admin\162b60001986f7295eee05f5c8cc78bc.php  86 .
NOTIC: [8] Undefined variable: page D:\phpstudy_pro\WWW\wqxts\Application\Runtime\Cache\Admin\162b60001986f7295eee05f5c8cc78bc.php  88 .
INFO: Run Behavior\ParseTemplateBehavior [ RunTime:0.027001s ]
INFO: [ view_parse ] --END-- [ RunTime:0.027001s ]
INFO: [ view_filter ] --START--
INFO: Run Behavior\WriteHtmlCacheBehavior [ RunTime:0.001000s ]
INFO: [ view_filter ] --END-- [ RunTime:0.001000s ]
INFO: [ app_end ] --START--
INFO: Run Behavior\ShowPageTraceBehavior [ RunTime:0.003000s ]
INFO: [ app_end ] --END-- [ RunTime:0.003000s ]

[ 2019-08-06T14:02:25+08:00 ] 119.119.85.146 /index.php/Admin/swws/index
INFO: [ app_init ] --START--
INFO: Run Behavior\BuildLiteBehavior [ RunTime:0.000000s ]
INFO: [ app_init ] --END-- [ RunTime:0.001000s ]
INFO: [ app_begin ] --START--
INFO: Run Behavior\ReadHtmlCacheBehavior [ RunTime:0.002000s ]
INFO: [ app_begin ] --END-- [ RunTime:0.002000s ]
SQL: SHOW COLUMNS FROM `model` [ RunTime:0.0030s ]
SQL: SELECT * FROM `model` WHERE `controller` = 'Swws' AND `action` = 'index' LIMIT 1   [ RunTime:0.0010s ]
SQL: SELECT * FROM `model` WHERE `belongid` = 197 AND `level` = 3  [ RunTime:0.0010s ]
SQL: SHOW COLUMNS FROM `swws` [ RunTime:0.0040s ]
SQL: SELECT COUNT(*) AS tp_count FROM `swws` WHERE ( 1 ) LIMIT 1   [ RunTime:0.0010s ]
NOTIC: [8] Undefined index: pagesize D:\phpstudy_pro\WWW\wqxts\Application\Admin\Controller\BaseController.class.php  191 .
NOTIC: [8] Undefined index: pagesize D:\phpstudy_pro\WWW\wqxts\Application\Admin\Controller\BaseController.class.php  191 .
NOTIC: [8] Undefined index: pagesize D:\phpstudy_pro\WWW\wqxts\Application\Admin\Controller\BaseController.class.php  191 .
SQL: SHOW COLUMNS FROM `swws` [ RunTime:0.0030s ]
SQL: SELECT * FROM `swws` WHERE ( 1 ) ORDER BY id desc LIMIT 0,15   [ RunTime:0.0010s ]
SQL: SHOW COLUMNS FROM `swwscolumn` [ RunTime:0.0030s ]
SQL: SELECT * FROM `swwscolumn` WHERE ( id='7' ) LIMIT 1   [ RunTime:0.0010s ]
SQL: SELECT * FROM `swwscolumn` WHERE ( id='7' ) LIMIT 1   [ RunTime:0.0000s ]
SQL: SELECT * FROM `swwscolumn` WHERE ( id='7' ) LIMIT 1   [ RunTime:0.0010s ]
SQL: SELECT * FROM `swwscolumn` WHERE ( id='1' ) LIMIT 1   [ RunTime:0.0010s ]
SQL: SELECT * FROM `swwscolumn` WHERE ( id='1' ) LIMIT 1   [ RunTime:0.0010s ]
SQL: SELECT * FROM `swwscolumn` WHERE ( id='1' ) LIMIT 1   [ RunTime:0.0010s ]
SQL: SELECT * FROM `swwscolumn` WHERE ( id='1' ) LIMIT 1   [ RunTime:0.0010s ]
SQL: SELECT * FROM `swwscolumn` WHERE ( id='6' ) LIMIT 1   [ RunTime:0.0010s ]
INFO: [ view_parse ] --START--
INFO: [ template_filter ] --START--
INFO: Run Behavior\ContentReplaceBehavior [ RunTime:0.000000s ]
INFO: [ template_filter ] --END-- [ RunTime:0.000000s ]
NOTIC: [8] Undefined variable: vo D:\phpstudy_pro\WWW\wqxts\Application\Runtime\Cache\Admin\1e815d2f6fc78b405a6d219254634115.php  39 .
NOTIC: [8] Undefined variable: vo D:\phpstudy_pro\WWW\wqxts\Application\Runtime\Cache\Admin\1e815d2f6fc78b405a6d219254634115.php  39 .
NOTIC: [8] Undefined index: tel D:\phpstudy_pro\WWW\wqxts\Application\Runtime\Cache\Admin\1e815d2f6fc78b405a6d219254634115.php  48 .
INFO: Run Behavior\ParseTemplateBehavior [ RunTime:0.024002s ]
INFO: [ view_parse ] --END-- [ RunTime:0.024002s ]
INFO: [ view_filter ] --START--
INFO: Run Behavior\WriteHtmlCacheBehavior [ RunTime:0.002000s ]
INFO: [ view_filter ] --END-- [ RunTime:0.002000s ]
INFO: [ app_end ] --START--
INFO: Run Behavior\ShowPageTraceBehavior [ RunTime:0.002000s ]
INFO: [ app_end ] --END-- [ RunTime:0.002000s ]

