[ 2019-12-18T09:09:12+08:00 ] 175.160.151.123 /index.php/Admin/Login/index.html
INFO: [ app_init ] --START--
INFO: Run Behavior\BuildLiteBehavior [ RunTime:0.000000s ]
INFO: [ app_init ] --END-- [ RunTime:0.001000s ]
INFO: [ app_begin ] --START--
INFO: Run Behavior\ReadHtmlCacheBehavior [ RunTime:0.001000s ]
INFO: [ app_begin ] --END-- [ RunTime:0.001000s ]
INFO: [ view_parse ] --START--
INFO: [ template_filter ] --START--
INFO: Run Behavior\ContentReplaceBehavior [ RunTime:0.001000s ]
INFO: [ template_filter ] --END-- [ RunTime:0.001000s ]
INFO: Run Behavior\ParseTemplateBehavior [ RunTime:0.012001s ]
INFO: [ view_parse ] --END-- [ RunTime:0.012001s ]
INFO: [ view_filter ] --START--
INFO: Run Behavior\WriteHtmlCacheBehavior [ RunTime:0.001000s ]
INFO: [ view_filter ] --END-- [ RunTime:0.001000s ]
INFO: [ app_end ] --START--
INFO: Run Behavior\ShowPageTraceBehavior [ RunTime:0.002000s ]
INFO: [ app_end ] --END-- [ RunTime:0.002000s ]

[ 2019-12-18T09:09:18+08:00 ] 175.160.151.123 /index.php/Admin/Login/login
INFO: [ app_init ] --START--
INFO: Run Behavior\BuildLiteBehavior [ RunTime:0.000000s ]
INFO: [ app_init ] --END-- [ RunTime:0.002000s ]
INFO: [ app_begin ] --START--
INFO: Run Behavior\ReadHtmlCacheBehavior [ RunTime:0.002000s ]
INFO: [ app_begin ] --END-- [ RunTime:0.002000s ]
SQL: SHOW COLUMNS FROM `admin` [ RunTime:0.0050s ]
SQL: SELECT * FROM `admin` WHERE `username` = 'admin' AND `password` = '21232f297a57a5a743894a0e4a801fc3' LIMIT 1   [ RunTime:0.0010s ]
SQL: SHOW COLUMNS FROM `model` [ RunTime:0.0050s ]
SQL: SELECT * FROM `model`  [ RunTime:0.0010s ]
SQL: UPDATE `admin` SET `login_time`='1576631358',`login_ip`='175.160.151.123' WHERE `id` = 1 [ RunTime:0.0400s ]
SQL: SHOW COLUMNS FROM `error` [ RunTime:0.0050s ]
SQL: SELECT * FROM `error` WHERE `error_id` = 10002 LIMIT 1   [ RunTime:0.0010s ]

[ 2019-12-18T09:09:19+08:00 ] 175.160.151.123 /index.php/Admin/Index/index.html
INFO: [ app_init ] --START--
INFO: Run Behavior\BuildLiteBehavior [ RunTime:0.000000s ]
INFO: [ app_init ] --END-- [ RunTime:0.001000s ]
INFO: [ app_begin ] --START--
INFO: Run Behavior\ReadHtmlCacheBehavior [ RunTime:0.001000s ]
INFO: [ app_begin ] --END-- [ RunTime:0.001000s ]
SQL: SHOW COLUMNS FROM `model` [ RunTime:0.0040s ]
SQL: SELECT * FROM `model` WHERE `controller` = 'Index' AND `action` = 'index' LIMIT 1   [ RunTime:0.0010s ]
SQL: SELECT * FROM `model` WHERE `belongid` = null AND `level` = 3  [ RunTime:0.0010s ]
INFO: [ view_parse ] --START--
INFO: [ template_filter ] --START--
INFO: Run Behavior\ContentReplaceBehavior [ RunTime:0.000000s ]
INFO: [ template_filter ] --END-- [ RunTime:0.000000s ]
INFO: Run Behavior\ParseTemplateBehavior [ RunTime:0.023002s ]
INFO: [ view_parse ] --END-- [ RunTime:0.024002s ]
INFO: [ view_filter ] --START--
INFO: Run Behavior\WriteHtmlCacheBehavior [ RunTime:0.001000s ]
INFO: [ view_filter ] --END-- [ RunTime:0.001000s ]
INFO: [ app_end ] --START--
INFO: Run Behavior\ShowPageTraceBehavior [ RunTime:0.002000s ]
INFO: [ app_end ] --END-- [ RunTime:0.002000s ]

[ 2019-12-18T09:09:20+08:00 ] 175.160.151.123 /index.php/Admin/Index/welcome.html
INFO: [ app_init ] --START--
INFO: Run Behavior\BuildLiteBehavior [ RunTime:0.000000s ]
INFO: [ app_init ] --END-- [ RunTime:0.001000s ]
INFO: [ app_begin ] --START--
INFO: Run Behavior\ReadHtmlCacheBehavior [ RunTime:0.001000s ]
INFO: [ app_begin ] --END-- [ RunTime:0.001000s ]
SQL: SHOW COLUMNS FROM `model` [ RunTime:0.0020s ]
SQL: SELECT * FROM `model` WHERE `controller` = 'Index' AND `action` = 'welcome' LIMIT 1   [ RunTime:0.0010s ]
SQL: SELECT * FROM `model` WHERE `belongid` = null AND `level` = 3  [ RunTime:0.0010s ]
INFO: [ view_parse ] --START--
INFO: [ template_filter ] --START--
INFO: Run Behavior\ContentReplaceBehavior [ RunTime:0.000000s ]
INFO: [ template_filter ] --END-- [ RunTime:0.000000s ]
INFO: Run Behavior\ParseTemplateBehavior [ RunTime:0.013000s ]
INFO: [ view_parse ] --END-- [ RunTime:0.013000s ]
INFO: [ view_filter ] --START--
INFO: Run Behavior\WriteHtmlCacheBehavior [ RunTime:0.002000s ]
INFO: [ view_filter ] --END-- [ RunTime:0.002000s ]
INFO: [ app_end ] --START--
INFO: Run Behavior\ShowPageTraceBehavior [ RunTime:0.001000s ]
INFO: [ app_end ] --END-- [ RunTime:0.001000s ]

[ 2019-12-18T09:18:45+08:00 ] 175.160.151.123 /index.php/Admin/users/index
INFO: [ app_init ] --START--
INFO: Run Behavior\BuildLiteBehavior [ RunTime:0.000000s ]
INFO: [ app_init ] --END-- [ RunTime:0.001000s ]
INFO: [ app_begin ] --START--
INFO: Run Behavior\ReadHtmlCacheBehavior [ RunTime:0.001000s ]
INFO: [ app_begin ] --END-- [ RunTime:0.001000s ]
SQL: SHOW COLUMNS FROM `model` [ RunTime:0.0040s ]
SQL: SELECT * FROM `model` WHERE `controller` = 'Users' AND `action` = 'index' LIMIT 1   [ RunTime:0.0010s ]
SQL: SELECT * FROM `model` WHERE `belongid` = 182 AND `level` = 3  [ RunTime:0.0010s ]
SQL: SHOW COLUMNS FROM `customer` [ RunTime:0.0040s ]
SQL: SELECT COUNT(*) AS tp_count FROM `customer` WHERE ( status=1 and usertype = 2 ) LIMIT 1   [ RunTime:0.0020s ]
NOTIC: [8] Undefined index: pagesize D:\phpstudy_pro\WWW\wqxts\Application\Admin\Controller\BaseController.class.php 第 191 行.
NOTIC: [8] Undefined index: pagesize D:\phpstudy_pro\WWW\wqxts\Application\Admin\Controller\BaseController.class.php 第 191 行.
NOTIC: [8] Undefined index: pagesize D:\phpstudy_pro\WWW\wqxts\Application\Admin\Controller\BaseController.class.php 第 191 行.
SQL: SHOW COLUMNS FROM `customer` [ RunTime:0.0040s ]
SQL: SELECT * FROM `customer` WHERE ( status=1 and usertype = 2 ) ORDER BY id LIMIT 0,15   [ RunTime:0.0020s ]
SQL: SHOW COLUMNS FROM `framework` [ RunTime:0.0030s ]
SQL: SELECT * FROM `framework` WHERE ( id='99' ) LIMIT 1   [ RunTime:0.0010s ]
SQL: SELECT * FROM `framework` WHERE ( id='99' ) LIMIT 1   [ RunTime:0.0010s ]
SQL: SELECT * FROM `framework` WHERE ( id='99' ) LIMIT 1   [ RunTime:0.0010s ]
SQL: SELECT * FROM `framework` WHERE ( id='99' ) LIMIT 1   [ RunTime:0.0010s ]
SQL: SELECT * FROM `framework` WHERE ( id='99' ) LIMIT 1   [ RunTime:0.0000s ]
SQL: SELECT * FROM `framework` WHERE ( id='99' ) LIMIT 1   [ RunTime:0.0010s ]
SQL: SELECT * FROM `framework` WHERE ( id='99' ) LIMIT 1   [ RunTime:0.0010s ]
SQL: SELECT * FROM `framework` WHERE ( id='99' ) LIMIT 1   [ RunTime:0.0010s ]
SQL: SELECT * FROM `framework` WHERE ( id='99' ) LIMIT 1   [ RunTime:0.0010s ]
SQL: SELECT * FROM `framework` WHERE ( id='99' ) LIMIT 1   [ RunTime:0.0010s ]
SQL: SELECT * FROM `framework` WHERE ( id='100' ) LIMIT 1   [ RunTime:0.0010s ]
SQL: SELECT * FROM `framework` WHERE ( id='100' ) LIMIT 1   [ RunTime:0.0010s ]
SQL: SELECT * FROM `framework` WHERE ( id='100' ) LIMIT 1   [ RunTime:0.0010s ]
SQL: SELECT * FROM `framework` WHERE ( id='100' ) LIMIT 1   [ RunTime:0.0010s ]
SQL: SELECT * FROM `framework` WHERE ( id='100' ) LIMIT 1   [ RunTime:0.0010s ]
INFO: [ view_parse ] --START--
INFO: [ template_filter ] --START--
INFO: Run Behavior\ContentReplaceBehavior [ RunTime:0.001000s ]
INFO: [ template_filter ] --END-- [ RunTime:0.001000s ]
NOTIC: [8] Undefined variable: vo D:\phpstudy_pro\WWW\wqxts\Application\Runtime\Cache\Admin\67497c3a2bf2951b752063fc54092cda.php 第 39 行.
NOTIC: [8] Undefined variable: vo D:\phpstudy_pro\WWW\wqxts\Application\Runtime\Cache\Admin\67497c3a2bf2951b752063fc54092cda.php 第 39 行.
NOTIC: [8] Undefined index: tel D:\phpstudy_pro\WWW\wqxts\Application\Runtime\Cache\Admin\67497c3a2bf2951b752063fc54092cda.php 第 48 行.
NOTIC: [8] Undefined index: name D:\phpstudy_pro\WWW\wqxts\Application\Runtime\Cache\Admin\67497c3a2bf2951b752063fc54092cda.php 第 88 行.
NOTIC: [8] Undefined index: name D:\phpstudy_pro\WWW\wqxts\Application\Runtime\Cache\Admin\67497c3a2bf2951b752063fc54092cda.php 第 88 行.
NOTIC: [8] Undefined index: name D:\phpstudy_pro\WWW\wqxts\Application\Runtime\Cache\Admin\67497c3a2bf2951b752063fc54092cda.php 第 88 行.
NOTIC: [8] Undefined index: name D:\phpstudy_pro\WWW\wqxts\Application\Runtime\Cache\Admin\67497c3a2bf2951b752063fc54092cda.php 第 88 行.
NOTIC: [8] Undefined index: name D:\phpstudy_pro\WWW\wqxts\Application\Runtime\Cache\Admin\67497c3a2bf2951b752063fc54092cda.php 第 88 行.
NOTIC: [8] Undefined index: name D:\phpstudy_pro\WWW\wqxts\Application\Runtime\Cache\Admin\67497c3a2bf2951b752063fc54092cda.php 第 88 行.
NOTIC: [8] Undefined index: name D:\phpstudy_pro\WWW\wqxts\Application\Runtime\Cache\Admin\67497c3a2bf2951b752063fc54092cda.php 第 88 行.
NOTIC: [8] Undefined index: name D:\phpstudy_pro\WWW\wqxts\Application\Runtime\Cache\Admin\67497c3a2bf2951b752063fc54092cda.php 第 88 行.
NOTIC: [8] Undefined index: name D:\phpstudy_pro\WWW\wqxts\Application\Runtime\Cache\Admin\67497c3a2bf2951b752063fc54092cda.php 第 88 行.
NOTIC: [8] Undefined index: name D:\phpstudy_pro\WWW\wqxts\Application\Runtime\Cache\Admin\67497c3a2bf2951b752063fc54092cda.php 第 88 行.
NOTIC: [8] Undefined index: name D:\phpstudy_pro\WWW\wqxts\Application\Runtime\Cache\Admin\67497c3a2bf2951b752063fc54092cda.php 第 88 行.
NOTIC: [8] Undefined index: name D:\phpstudy_pro\WWW\wqxts\Application\Runtime\Cache\Admin\67497c3a2bf2951b752063fc54092cda.php 第 88 行.
NOTIC: [8] Undefined index: name D:\phpstudy_pro\WWW\wqxts\Application\Runtime\Cache\Admin\67497c3a2bf2951b752063fc54092cda.php 第 88 行.
NOTIC: [8] Undefined index: name D:\phpstudy_pro\WWW\wqxts\Application\Runtime\Cache\Admin\67497c3a2bf2951b752063fc54092cda.php 第 88 行.
NOTIC: [8] Undefined index: name D:\phpstudy_pro\WWW\wqxts\Application\Runtime\Cache\Admin\67497c3a2bf2951b752063fc54092cda.php 第 88 行.
NOTIC: [8] Undefined index: name D:\phpstudy_pro\WWW\wqxts\Application\Runtime\Cache\Admin\67497c3a2bf2951b752063fc54092cda.php 第 88 行.
NOTIC: [8] Undefined index: name D:\phpstudy_pro\WWW\wqxts\Application\Runtime\Cache\Admin\67497c3a2bf2951b752063fc54092cda.php 第 88 行.
NOTIC: [8] Undefined index: name D:\phpstudy_pro\WWW\wqxts\Application\Runtime\Cache\Admin\67497c3a2bf2951b752063fc54092cda.php 第 88 行.
NOTIC: [8] Undefined index: name D:\phpstudy_pro\WWW\wqxts\Application\Runtime\Cache\Admin\67497c3a2bf2951b752063fc54092cda.php 第 88 行.
NOTIC: [8] Undefined index: name D:\phpstudy_pro\WWW\wqxts\Application\Runtime\Cache\Admin\67497c3a2bf2951b752063fc54092cda.php 第 88 行.
NOTIC: [8] Undefined index: name D:\phpstudy_pro\WWW\wqxts\Application\Runtime\Cache\Admin\67497c3a2bf2951b752063fc54092cda.php 第 88 行.
NOTIC: [8] Undefined index: name D:\phpstudy_pro\WWW\wqxts\Application\Runtime\Cache\Admin\67497c3a2bf2951b752063fc54092cda.php 第 88 行.
NOTIC: [8] Undefined index: name D:\phpstudy_pro\WWW\wqxts\Application\Runtime\Cache\Admin\67497c3a2bf2951b752063fc54092cda.php 第 88 行.
NOTIC: [8] Undefined index: name D:\phpstudy_pro\WWW\wqxts\Application\Runtime\Cache\Admin\67497c3a2bf2951b752063fc54092cda.php 第 88 行.
NOTIC: [8] Undefined index: name D:\phpstudy_pro\WWW\wqxts\Application\Runtime\Cache\Admin\67497c3a2bf2951b752063fc54092cda.php 第 88 行.
NOTIC: [8] Undefined index: name D:\phpstudy_pro\WWW\wqxts\Application\Runtime\Cache\Admin\67497c3a2bf2951b752063fc54092cda.php 第 88 行.
NOTIC: [8] Undefined index: name D:\phpstudy_pro\WWW\wqxts\Application\Runtime\Cache\Admin\67497c3a2bf2951b752063fc54092cda.php 第 88 行.
NOTIC: [8] Undefined index: name D:\phpstudy_pro\WWW\wqxts\Application\Runtime\Cache\Admin\67497c3a2bf2951b752063fc54092cda.php 第 88 行.
NOTIC: [8] Undefined index: name D:\phpstudy_pro\WWW\wqxts\Application\Runtime\Cache\Admin\67497c3a2bf2951b752063fc54092cda.php 第 88 行.
NOTIC: [8] Undefined index: name D:\phpstudy_pro\WWW\wqxts\Application\Runtime\Cache\Admin\67497c3a2bf2951b752063fc54092cda.php 第 88 行.
INFO: Run Behavior\ParseTemplateBehavior [ RunTime:0.030002s ]
INFO: [ view_parse ] --END-- [ RunTime:0.030002s ]
INFO: [ view_filter ] --START--
INFO: Run Behavior\WriteHtmlCacheBehavior [ RunTime:0.002000s ]
INFO: [ view_filter ] --END-- [ RunTime:0.002000s ]
INFO: [ app_end ] --START--
INFO: Run Behavior\ShowPageTraceBehavior [ RunTime:0.002000s ]
INFO: [ app_end ] --END-- [ RunTime:0.002000s ]

[ 2019-12-18T09:18:48+08:00 ] 175.160.151.123 /index.php/Admin/Users/index/p/20.html
INFO: [ app_init ] --START--
INFO: Run Behavior\BuildLiteBehavior [ RunTime:0.000000s ]
INFO: [ app_init ] --END-- [ RunTime:0.001000s ]
INFO: [ app_begin ] --START--
INFO: Run Behavior\ReadHtmlCacheBehavior [ RunTime:0.001000s ]
INFO: [ app_begin ] --END-- [ RunTime:0.002000s ]
SQL: SHOW COLUMNS FROM `model` [ RunTime:0.0030s ]
SQL: SELECT * FROM `model` WHERE `controller` = 'Users' AND `action` = 'index' LIMIT 1   [ RunTime:0.0020s ]
SQL: SELECT * FROM `model` WHERE `belongid` = 182 AND `level` = 3  [ RunTime:0.0010s ]
SQL: SHOW COLUMNS FROM `customer` [ RunTime:0.0030s ]
SQL: SELECT COUNT(*) AS tp_count FROM `customer` WHERE ( status=1 and usertype = 2 ) LIMIT 1   [ RunTime:0.0010s ]
NOTIC: [8] Undefined index: pagesize D:\phpstudy_pro\WWW\wqxts\Application\Admin\Controller\BaseController.class.php 第 191 行.
NOTIC: [8] Undefined index: pagesize D:\phpstudy_pro\WWW\wqxts\Application\Admin\Controller\BaseController.class.php 第 191 行.
NOTIC: [8] Undefined index: pagesize D:\phpstudy_pro\WWW\wqxts\Application\Admin\Controller\BaseController.class.php 第 191 行.
SQL: SHOW COLUMNS FROM `customer` [ RunTime:0.0030s ]
SQL: SELECT * FROM `customer` WHERE ( status=1 and usertype = 2 ) ORDER BY id LIMIT 285,15   [ RunTime:0.0030s ]
SQL: SHOW COLUMNS FROM `framework` [ RunTime:0.0030s ]
SQL: SELECT * FROM `framework` WHERE ( id='129' ) LIMIT 1   [ RunTime:0.0010s ]
SQL: SELECT * FROM `framework` WHERE ( id='129' ) LIMIT 1   [ RunTime:0.0010s ]
SQL: SELECT * FROM `framework` WHERE ( id='129' ) LIMIT 1   [ RunTime:0.0010s ]
SQL: SELECT * FROM `framework` WHERE ( id='129' ) LIMIT 1   [ RunTime:0.0010s ]
SQL: SELECT * FROM `framework` WHERE ( id='129' ) LIMIT 1   [ RunTime:0.0010s ]
SQL: SELECT * FROM `framework` WHERE ( id='129' ) LIMIT 1   [ RunTime:0.0000s ]
SQL: SELECT * FROM `framework` WHERE ( id='99' ) LIMIT 1   [ RunTime:0.0010s ]
SQL: SELECT * FROM `framework` WHERE ( id='99' ) LIMIT 1   [ RunTime:0.0010s ]
SQL: SELECT * FROM `framework` WHERE ( id='99' ) LIMIT 1   [ RunTime:0.0010s ]
SQL: SELECT * FROM `framework` WHERE ( id='99' ) LIMIT 1   [ RunTime:0.0010s ]
SQL: SELECT * FROM `framework` WHERE ( id='99' ) LIMIT 1   [ RunTime:0.0010s ]
INFO: [ view_parse ] --START--
INFO: [ template_filter ] --START--
INFO: Run Behavior\ContentReplaceBehavior [ RunTime:0.000000s ]
INFO: [ template_filter ] --END-- [ RunTime:0.000000s ]
NOTIC: [8] Undefined variable: vo D:\phpstudy_pro\WWW\wqxts\Application\Runtime\Cache\Admin\67497c3a2bf2951b752063fc54092cda.php 第 39 行.
NOTIC: [8] Undefined variable: vo D:\phpstudy_pro\WWW\wqxts\Application\Runtime\Cache\Admin\67497c3a2bf2951b752063fc54092cda.php 第 39 行.
NOTIC: [8] Undefined index: tel D:\phpstudy_pro\WWW\wqxts\Application\Runtime\Cache\Admin\67497c3a2bf2951b752063fc54092cda.php 第 48 行.
NOTIC: [8] Undefined index: name D:\phpstudy_pro\WWW\wqxts\Application\Runtime\Cache\Admin\67497c3a2bf2951b752063fc54092cda.php 第 88 行.
NOTIC: [8] Undefined index: name D:\phpstudy_pro\WWW\wqxts\Application\Runtime\Cache\Admin\67497c3a2bf2951b752063fc54092cda.php 第 88 行.
NOTIC: [8] Undefined index: name D:\phpstudy_pro\WWW\wqxts\Application\Runtime\Cache\Admin\67497c3a2bf2951b752063fc54092cda.php 第 88 行.
NOTIC: [8] Undefined index: name D:\phpstudy_pro\WWW\wqxts\Application\Runtime\Cache\Admin\67497c3a2bf2951b752063fc54092cda.php 第 88 行.
NOTIC: [8] Undefined index: name D:\phpstudy_pro\WWW\wqxts\Application\Runtime\Cache\Admin\67497c3a2bf2951b752063fc54092cda.php 第 88 行.
NOTIC: [8] Undefined index: name D:\phpstudy_pro\WWW\wqxts\Application\Runtime\Cache\Admin\67497c3a2bf2951b752063fc54092cda.php 第 88 行.
NOTIC: [8] Undefined index: name D:\phpstudy_pro\WWW\wqxts\Application\Runtime\Cache\Admin\67497c3a2bf2951b752063fc54092cda.php 第 88 行.
NOTIC: [8] Undefined index: name D:\phpstudy_pro\WWW\wqxts\Application\Runtime\Cache\Admin\67497c3a2bf2951b752063fc54092cda.php 第 88 行.
NOTIC: [8] Undefined index: name D:\phpstudy_pro\WWW\wqxts\Application\Runtime\Cache\Admin\67497c3a2bf2951b752063fc54092cda.php 第 88 行.
NOTIC: [8] Undefined index: name D:\phpstudy_pro\WWW\wqxts\Application\Runtime\Cache\Admin\67497c3a2bf2951b752063fc54092cda.php 第 88 行.
NOTIC: [8] Undefined index: name D:\phpstudy_pro\WWW\wqxts\Application\Runtime\Cache\Admin\67497c3a2bf2951b752063fc54092cda.php 第 88 行.
NOTIC: [8] Undefined index: name D:\phpstudy_pro\WWW\wqxts\Application\Runtime\Cache\Admin\67497c3a2bf2951b752063fc54092cda.php 第 88 行.
NOTIC: [8] Undefined index: name D:\phpstudy_pro\WWW\wqxts\Application\Runtime\Cache\Admin\67497c3a2bf2951b752063fc54092cda.php 第 88 行.
NOTIC: [8] Undefined index: name D:\phpstudy_pro\WWW\wqxts\Application\Runtime\Cache\Admin\67497c3a2bf2951b752063fc54092cda.php 第 88 行.
NOTIC: [8] Undefined index: name D:\phpstudy_pro\WWW\wqxts\Application\Runtime\Cache\Admin\67497c3a2bf2951b752063fc54092cda.php 第 88 行.
NOTIC: [8] Undefined index: name D:\phpstudy_pro\WWW\wqxts\Application\Runtime\Cache\Admin\67497c3a2bf2951b752063fc54092cda.php 第 88 行.
NOTIC: [8] Undefined index: name D:\phpstudy_pro\WWW\wqxts\Application\Runtime\Cache\Admin\67497c3a2bf2951b752063fc54092cda.php 第 88 行.
NOTIC: [8] Undefined index: name D:\phpstudy_pro\WWW\wqxts\Application\Runtime\Cache\Admin\67497c3a2bf2951b752063fc54092cda.php 第 88 行.
NOTIC: [8] Undefined index: name D:\phpstudy_pro\WWW\wqxts\Application\Runtime\Cache\Admin\67497c3a2bf2951b752063fc54092cda.php 第 88 行.
NOTIC: [8] Undefined index: name D:\phpstudy_pro\WWW\wqxts\Application\Runtime\Cache\Admin\67497c3a2bf2951b752063fc54092cda.php 第 88 行.
NOTIC: [8] Undefined index: name D:\phpstudy_pro\WWW\wqxts\Application\Runtime\Cache\Admin\67497c3a2bf2951b752063fc54092cda.php 第 88 行.
NOTIC: [8] Undefined index: name D:\phpstudy_pro\WWW\wqxts\Application\Runtime\Cache\Admin\67497c3a2bf2951b752063fc54092cda.php 第 88 行.
INFO: Run Behavior\ParseTemplateBehavior [ RunTime:0.029001s ]
INFO: [ view_parse ] --END-- [ RunTime:0.029001s ]
INFO: [ view_filter ] --START--
INFO: Run Behavior\WriteHtmlCacheBehavior [ RunTime:0.002000s ]
INFO: [ view_filter ] --END-- [ RunTime:0.002000s ]
INFO: [ app_end ] --START--
INFO: Run Behavior\ShowPageTraceBehavior [ RunTime:0.002001s ]
INFO: [ app_end ] --END-- [ RunTime:0.002001s ]

[ 2019-12-18T09:18:51+08:00 ] 175.160.151.123 /index.php/Admin/Users/save/id/925
INFO: [ app_init ] --START--
INFO: Run Behavior\BuildLiteBehavior [ RunTime:0.000000s ]
INFO: [ app_init ] --END-- [ RunTime:0.001000s ]
INFO: [ app_begin ] --START--
INFO: Run Behavior\ReadHtmlCacheBehavior [ RunTime:0.001000s ]
INFO: [ app_begin ] --END-- [ RunTime:0.001000s ]
SQL: SHOW COLUMNS FROM `model` [ RunTime:0.0030s ]
SQL: SELECT * FROM `model` WHERE `controller` = 'Users' AND `action` = 'save' LIMIT 1   [ RunTime:0.0010s ]
SQL: SELECT * FROM `model` WHERE `belongid` = 184 AND `level` = 3  [ RunTime:0.0000s ]
SQL: SHOW COLUMNS FROM `customer` [ RunTime:0.0030s ]
SQL: SELECT * FROM `customer` WHERE ( id=925 ) LIMIT 1   [ RunTime:0.0010s ]
SQL: SHOW COLUMNS FROM `framework` [ RunTime:0.0020s ]
SQL: SELECT * FROM `framework` WHERE ( id='99' ) LIMIT 1   [ RunTime:0.0000s ]
SQL: SHOW COLUMNS FROM `seal` [ RunTime:0.0020s ]
SQL: SELECT * FROM `seal` WHERE ( id='24' ) LIMIT 1   [ RunTime:0.0010s ]
INFO: [ view_parse ] --START--
INFO: [ template_filter ] --START--
INFO: Run Behavior\ContentReplaceBehavior [ RunTime:0.000000s ]
INFO: [ template_filter ] --END-- [ RunTime:0.000000s ]
INFO: Run Behavior\ParseTemplateBehavior [ RunTime:0.019001s ]
INFO: [ view_parse ] --END-- [ RunTime:0.020001s ]
INFO: [ view_filter ] --START--
INFO: Run Behavior\WriteHtmlCacheBehavior [ RunTime:0.001000s ]
INFO: [ view_filter ] --END-- [ RunTime:0.001000s ]
INFO: [ app_end ] --START--
INFO: Run Behavior\ShowPageTraceBehavior [ RunTime:0.002000s ]
INFO: [ app_end ] --END-- [ RunTime:0.002000s ]

[ 2019-12-18T09:18:54+08:00 ] 175.160.151.123 /admin/users/seal
INFO: [ app_init ] --START--
INFO: Run Behavior\BuildLiteBehavior [ RunTime:0.000000s ]
INFO: [ app_init ] --END-- [ RunTime:0.001000s ]
INFO: [ app_begin ] --START--
INFO: Run Behavior\ReadHtmlCacheBehavior [ RunTime:0.001000s ]
INFO: [ app_begin ] --END-- [ RunTime:0.001000s ]
SQL: SHOW COLUMNS FROM `model` [ RunTime:0.0040s ]
SQL: SELECT * FROM `model` WHERE `controller` = 'Users' AND `action` = 'seal' LIMIT 1   [ RunTime:0.0010s ]
SQL: SELECT * FROM `model` WHERE `belongid` = null AND `level` = 3  [ RunTime:0.0010s ]
NOTIC: [8] Undefined index: title D:\phpstudy_pro\WWW\wqxts\Application\Admin\Controller\UsersController.class.php 第 91 行.
SQL: SHOW COLUMNS FROM `customer` [ RunTime:0.0040s ]
SQL: SELECT `sid` FROM `customer` WHERE ( sid<>0 )  [ RunTime:0.0020s ]
SQL: SHOW COLUMNS FROM `seal` [ RunTime:0.0030s ]
SQL: SELECT COUNT(*) AS tp_count FROM `seal` WHERE ( 1 and id not in(37,35,42,30,36,43,48,45,29,33,25,38,26,27,34,41,44,39,46,49,32,40,47,24,28,31) ) LIMIT 1   [ RunTime:0.0020s ]
NOTIC: [8] Undefined index: pagesize D:\phpstudy_pro\WWW\wqxts\Application\Admin\Controller\BaseController.class.php 第 191 行.
NOTIC: [8] Undefined index: pagesize D:\phpstudy_pro\WWW\wqxts\Application\Admin\Controller\BaseController.class.php 第 191 行.
NOTIC: [8] Undefined index: pagesize D:\phpstudy_pro\WWW\wqxts\Application\Admin\Controller\BaseController.class.php 第 191 行.
SQL: SHOW COLUMNS FROM `seal` [ RunTime:0.0040s ]
SQL: SELECT * FROM `seal` WHERE ( 1 and id not in(37,35,42,30,36,43,48,45,29,33,25,38,26,27,34,41,44,39,46,49,32,40,47,24,28,31) ) ORDER BY orders desc LIMIT 0,100   [ RunTime:0.0020s ]
INFO: [ view_parse ] --START--
INFO: [ template_filter ] --START--
INFO: Run Behavior\ContentReplaceBehavior [ RunTime:0.000000s ]
INFO: [ template_filter ] --END-- [ RunTime:0.000000s ]
NOTIC: [8] Undefined index: title D:\phpstudy_pro\WWW\wqxts\Application\Runtime\Cache\Admin\636c53e9b9dc3e7b2e41f02316180a82.php 第 46 行.
INFO: Run Behavior\ParseTemplateBehavior [ RunTime:0.022002s ]
INFO: [ view_parse ] --END-- [ RunTime:0.022002s ]
INFO: [ view_filter ] --START--
INFO: Run Behavior\WriteHtmlCacheBehavior [ RunTime:0.002000s ]
INFO: [ view_filter ] --END-- [ RunTime:0.002000s ]
INFO: [ app_end ] --START--
INFO: Run Behavior\ShowPageTraceBehavior [ RunTime:0.002000s ]
INFO: [ app_end ] --END-- [ RunTime:0.002000s ]

[ 2019-12-18T09:19:01+08:00 ] 175.160.151.123 /index.php/Admin/Users/save/id/928
INFO: [ app_init ] --START--
INFO: Run Behavior\BuildLiteBehavior [ RunTime:0.000000s ]
INFO: [ app_init ] --END-- [ RunTime:0.002001s ]
INFO: [ app_begin ] --START--
INFO: Run Behavior\ReadHtmlCacheBehavior [ RunTime:0.003000s ]
INFO: [ app_begin ] --END-- [ RunTime:0.003000s ]
SQL: SHOW COLUMNS FROM `model` [ RunTime:0.0030s ]
SQL: SELECT * FROM `model` WHERE `controller` = 'Users' AND `action` = 'save' LIMIT 1   [ RunTime:0.0010s ]
SQL: SELECT * FROM `model` WHERE `belongid` = 184 AND `level` = 3  [ RunTime:0.0010s ]
SQL: SHOW COLUMNS FROM `customer` [ RunTime:0.0040s ]
SQL: SELECT * FROM `customer` WHERE ( id=928 ) LIMIT 1   [ RunTime:0.0010s ]
SQL: SHOW COLUMNS FROM `framework` [ RunTime:0.0030s ]
SQL: SELECT * FROM `framework` WHERE ( id='99' ) LIMIT 1   [ RunTime:0.0010s ]
SQL: SHOW COLUMNS FROM `seal` [ RunTime:0.0040s ]
SQL: SELECT * FROM `seal` WHERE ( id='31' ) LIMIT 1   [ RunTime:0.0010s ]
INFO: [ view_parse ] --START--
INFO: [ template_filter ] --START--
INFO: Run Behavior\ContentReplaceBehavior [ RunTime:0.000000s ]
INFO: [ template_filter ] --END-- [ RunTime:0.000000s ]
INFO: Run Behavior\ParseTemplateBehavior [ RunTime:0.024001s ]
INFO: [ view_parse ] --END-- [ RunTime:0.024001s ]
INFO: [ view_filter ] --START--
INFO: Run Behavior\WriteHtmlCacheBehavior [ RunTime:0.001000s ]
INFO: [ view_filter ] --END-- [ RunTime:0.002001s ]
INFO: [ app_end ] --START--
INFO: Run Behavior\ShowPageTraceBehavior [ RunTime:0.002000s ]
INFO: [ app_end ] --END-- [ RunTime:0.002000s ]

[ 2019-12-18T09:19:10+08:00 ] 175.160.151.123 /index.php/Admin/Users/save/id/926
INFO: [ app_init ] --START--
INFO: Run Behavior\BuildLiteBehavior [ RunTime:0.000000s ]
INFO: [ app_init ] --END-- [ RunTime:0.001000s ]
INFO: [ app_begin ] --START--
INFO: Run Behavior\ReadHtmlCacheBehavior [ RunTime:0.002000s ]
INFO: [ app_begin ] --END-- [ RunTime:0.002000s ]
SQL: SHOW COLUMNS FROM `model` [ RunTime:0.0030s ]
SQL: SELECT * FROM `model` WHERE `controller` = 'Users' AND `action` = 'save' LIMIT 1   [ RunTime:0.0010s ]
SQL: SELECT * FROM `model` WHERE `belongid` = 184 AND `level` = 3  [ RunTime:0.0010s ]
SQL: SHOW COLUMNS FROM `customer` [ RunTime:0.0040s ]
SQL: SELECT * FROM `customer` WHERE ( id=926 ) LIMIT 1   [ RunTime:0.0010s ]
SQL: SHOW COLUMNS FROM `framework` [ RunTime:0.0040s ]
SQL: SELECT * FROM `framework` WHERE ( id='99' ) LIMIT 1   [ RunTime:0.0010s ]
SQL: SHOW COLUMNS FROM `seal` [ RunTime:0.0040s ]
SQL: SELECT * FROM `seal` WHERE ( id='28' ) LIMIT 1   [ RunTime:0.0010s ]
INFO: [ view_parse ] --START--
INFO: [ template_filter ] --START--
INFO: Run Behavior\ContentReplaceBehavior [ RunTime:0.000000s ]
INFO: [ template_filter ] --END-- [ RunTime:0.001000s ]
INFO: Run Behavior\ParseTemplateBehavior [ RunTime:0.024001s ]
INFO: [ view_parse ] --END-- [ RunTime:0.025001s ]
INFO: [ view_filter ] --START--
INFO: Run Behavior\WriteHtmlCacheBehavior [ RunTime:0.001000s ]
INFO: [ view_filter ] --END-- [ RunTime:0.001000s ]
INFO: [ app_end ] --START--
INFO: Run Behavior\ShowPageTraceBehavior [ RunTime:0.002001s ]
INFO: [ app_end ] --END-- [ RunTime:0.003001s ]

[ 2019-12-18T09:19:15+08:00 ] 175.160.151.123 /index.php/Admin/Users/save
INFO: [ app_init ] --START--
INFO: Run Behavior\BuildLiteBehavior [ RunTime:0.000000s ]
INFO: [ app_init ] --END-- [ RunTime:0.002000s ]
INFO: [ app_begin ] --START--
INFO: Run Behavior\ReadHtmlCacheBehavior [ RunTime:0.002001s ]
INFO: [ app_begin ] --END-- [ RunTime:0.002001s ]
SQL: SHOW COLUMNS FROM `model` [ RunTime:0.0040s ]
SQL: SELECT * FROM `model` WHERE `controller` = 'Users' AND `action` = 'save' LIMIT 1   [ RunTime:0.0010s ]
SQL: SELECT * FROM `model` WHERE `belongid` = 184 AND `level` = 3  [ RunTime:0.0010s ]
SQL: SHOW COLUMNS FROM `customer` [ RunTime:0.0040s ]
SQL: UPDATE `customer` SET `username`='jin',`idnumber`='',`pid`='99',`bm`='',`worker`='',`isbest`='2',`sid`='0',`id`='926' WHERE ( id='926' ) [ RunTime:0.0590s ]
INFO: [ app_end ] --START--
INFO: Run Behavior\ShowPageTraceBehavior [ RunTime:0.003001s ]
INFO: [ app_end ] --END-- [ RunTime:0.003001s ]

[ 2019-12-18T09:19:18+08:00 ] 175.160.151.123 /index.php/Admin/Users/index/p/20.html
INFO: [ app_init ] --START--
INFO: Run Behavior\BuildLiteBehavior [ RunTime:0.000000s ]
INFO: [ app_init ] --END-- [ RunTime:0.001000s ]
INFO: [ app_begin ] --START--
INFO: Run Behavior\ReadHtmlCacheBehavior [ RunTime:0.002000s ]
INFO: [ app_begin ] --END-- [ RunTime:0.002000s ]
SQL: SHOW COLUMNS FROM `model` [ RunTime:0.0040s ]
SQL: SELECT * FROM `model` WHERE `controller` = 'Users' AND `action` = 'index' LIMIT 1   [ RunTime:0.0020s ]
SQL: SELECT * FROM `model` WHERE `belongid` = 182 AND `level` = 3  [ RunTime:0.0010s ]
SQL: SHOW COLUMNS FROM `customer` [ RunTime:0.0040s ]
SQL: SELECT COUNT(*) AS tp_count FROM `customer` WHERE ( status=1 and usertype = 2 ) LIMIT 1   [ RunTime:0.0010s ]
NOTIC: [8] Undefined index: pagesize D:\phpstudy_pro\WWW\wqxts\Application\Admin\Controller\BaseController.class.php 第 191 行.
NOTIC: [8] Undefined index: pagesize D:\phpstudy_pro\WWW\wqxts\Application\Admin\Controller\BaseController.class.php 第 191 行.
NOTIC: [8] Undefined index: pagesize D:\phpstudy_pro\WWW\wqxts\Application\Admin\Controller\BaseController.class.php 第 191 行.
SQL: SHOW COLUMNS FROM `customer` [ RunTime:0.0040s ]
SQL: SELECT * FROM `customer` WHERE ( status=1 and usertype = 2 ) ORDER BY id LIMIT 285,15   [ RunTime:0.0030s ]
SQL: SHOW COLUMNS FROM `framework` [ RunTime:0.0040s ]
SQL: SELECT * FROM `framework` WHERE ( id='129' ) LIMIT 1   [ RunTime:0.0010s ]
SQL: SELECT * FROM `framework` WHERE ( id='129' ) LIMIT 1   [ RunTime:0.0010s ]
SQL: SELECT * FROM `framework` WHERE ( id='129' ) LIMIT 1   [ RunTime:0.0000s ]
SQL: SELECT * FROM `framework` WHERE ( id='129' ) LIMIT 1   [ RunTime:0.0010s ]
SQL: SELECT * FROM `framework` WHERE ( id='129' ) LIMIT 1   [ RunTime:0.0010s ]
SQL: SELECT * FROM `framework` WHERE ( id='129' ) LIMIT 1   [ RunTime:0.0010s ]
SQL: SELECT * FROM `framework` WHERE ( id='99' ) LIMIT 1   [ RunTime:0.0010s ]
SQL: SELECT * FROM `framework` WHERE ( id='99' ) LIMIT 1   [ RunTime:0.0010s ]
SQL: SELECT * FROM `framework` WHERE ( id='99' ) LIMIT 1   [ RunTime:0.0000s ]
SQL: SELECT * FROM `framework` WHERE ( id='99' ) LIMIT 1   [ RunTime:0.0010s ]
SQL: SELECT * FROM `framework` WHERE ( id='99' ) LIMIT 1   [ RunTime:0.0010s ]
INFO: [ view_parse ] --START--
INFO: [ template_filter ] --START--
INFO: Run Behavior\ContentReplaceBehavior [ RunTime:0.000000s ]
INFO: [ template_filter ] --END-- [ RunTime:0.001000s ]
NOTIC: [8] Undefined variable: vo D:\phpstudy_pro\WWW\wqxts\Application\Runtime\Cache\Admin\67497c3a2bf2951b752063fc54092cda.php 第 39 行.
NOTIC: [8] Undefined variable: vo D:\phpstudy_pro\WWW\wqxts\Application\Runtime\Cache\Admin\67497c3a2bf2951b752063fc54092cda.php 第 39 行.
NOTIC: [8] Undefined index: tel D:\phpstudy_pro\WWW\wqxts\Application\Runtime\Cache\Admin\67497c3a2bf2951b752063fc54092cda.php 第 48 行.
NOTIC: [8] Undefined index: name D:\phpstudy_pro\WWW\wqxts\Application\Runtime\Cache\Admin\67497c3a2bf2951b752063fc54092cda.php 第 88 行.
NOTIC: [8] Undefined index: name D:\phpstudy_pro\WWW\wqxts\Application\Runtime\Cache\Admin\67497c3a2bf2951b752063fc54092cda.php 第 88 行.
NOTIC: [8] Undefined index: name D:\phpstudy_pro\WWW\wqxts\Application\Runtime\Cache\Admin\67497c3a2bf2951b752063fc54092cda.php 第 88 行.
NOTIC: [8] Undefined index: name D:\phpstudy_pro\WWW\wqxts\Application\Runtime\Cache\Admin\67497c3a2bf2951b752063fc54092cda.php 第 88 行.
NOTIC: [8] Undefined index: name D:\phpstudy_pro\WWW\wqxts\Application\Runtime\Cache\Admin\67497c3a2bf2951b752063fc54092cda.php 第 88 行.
NOTIC: [8] Undefined index: name D:\phpstudy_pro\WWW\wqxts\Application\Runtime\Cache\Admin\67497c3a2bf2951b752063fc54092cda.php 第 88 行.
NOTIC: [8] Undefined index: name D:\phpstudy_pro\WWW\wqxts\Application\Runtime\Cache\Admin\67497c3a2bf2951b752063fc54092cda.php 第 88 行.
NOTIC: [8] Undefined index: name D:\phpstudy_pro\WWW\wqxts\Application\Runtime\Cache\Admin\67497c3a2bf2951b752063fc54092cda.php 第 88 行.
NOTIC: [8] Undefined index: name D:\phpstudy_pro\WWW\wqxts\Application\Runtime\Cache\Admin\67497c3a2bf2951b752063fc54092cda.php 第 88 行.
NOTIC: [8] Undefined index: name D:\phpstudy_pro\WWW\wqxts\Application\Runtime\Cache\Admin\67497c3a2bf2951b752063fc54092cda.php 第 88 行.
NOTIC: [8] Undefined index: name D:\phpstudy_pro\WWW\wqxts\Application\Runtime\Cache\Admin\67497c3a2bf2951b752063fc54092cda.php 第 88 行.
NOTIC: [8] Undefined index: name D:\phpstudy_pro\WWW\wqxts\Application\Runtime\Cache\Admin\67497c3a2bf2951b752063fc54092cda.php 第 88 行.
NOTIC: [8] Undefined index: name D:\phpstudy_pro\WWW\wqxts\Application\Runtime\Cache\Admin\67497c3a2bf2951b752063fc54092cda.php 第 88 行.
NOTIC: [8] Undefined index: name D:\phpstudy_pro\WWW\wqxts\Application\Runtime\Cache\Admin\67497c3a2bf2951b752063fc54092cda.php 第 88 行.
NOTIC: [8] Undefined index: name D:\phpstudy_pro\WWW\wqxts\Application\Runtime\Cache\Admin\67497c3a2bf2951b752063fc54092cda.php 第 88 行.
NOTIC: [8] Undefined index: name D:\phpstudy_pro\WWW\wqxts\Application\Runtime\Cache\Admin\67497c3a2bf2951b752063fc54092cda.php 第 88 行.
NOTIC: [8] Undefined index: name D:\phpstudy_pro\WWW\wqxts\Application\Runtime\Cache\Admin\67497c3a2bf2951b752063fc54092cda.php 第 88 行.
NOTIC: [8] Undefined index: name D:\phpstudy_pro\WWW\wqxts\Application\Runtime\Cache\Admin\67497c3a2bf2951b752063fc54092cda.php 第 88 行.
NOTIC: [8] Undefined index: name D:\phpstudy_pro\WWW\wqxts\Application\Runtime\Cache\Admin\67497c3a2bf2951b752063fc54092cda.php 第 88 行.
NOTIC: [8] Undefined index: name D:\phpstudy_pro\WWW\wqxts\Application\Runtime\Cache\Admin\67497c3a2bf2951b752063fc54092cda.php 第 88 行.
NOTIC: [8] Undefined index: name D:\phpstudy_pro\WWW\wqxts\Application\Runtime\Cache\Admin\67497c3a2bf2951b752063fc54092cda.php 第 88 行.
NOTIC: [8] Undefined index: name D:\phpstudy_pro\WWW\wqxts\Application\Runtime\Cache\Admin\67497c3a2bf2951b752063fc54092cda.php 第 88 行.
INFO: Run Behavior\ParseTemplateBehavior [ RunTime:0.031002s ]
INFO: [ view_parse ] --END-- [ RunTime:0.031002s ]
INFO: [ view_filter ] --START--
INFO: Run Behavior\WriteHtmlCacheBehavior [ RunTime:0.001000s ]
INFO: [ view_filter ] --END-- [ RunTime:0.001000s ]
INFO: [ app_end ] --START--
INFO: Run Behavior\ShowPageTraceBehavior [ RunTime:0.002000s ]
INFO: [ app_end ] --END-- [ RunTime:0.002000s ]

[ 2019-12-18T09:19:21+08:00 ] 175.160.151.123 /index.php/Admin/Users/save/id/925
INFO: [ app_init ] --START--
INFO: Run Behavior\BuildLiteBehavior [ RunTime:0.000000s ]
INFO: [ app_init ] --END-- [ RunTime:0.002001s ]
INFO: [ app_begin ] --START--
INFO: Run Behavior\ReadHtmlCacheBehavior [ RunTime:0.002000s ]
INFO: [ app_begin ] --END-- [ RunTime:0.002000s ]
SQL: SHOW COLUMNS FROM `model` [ RunTime:0.0040s ]
SQL: SELECT * FROM `model` WHERE `controller` = 'Users' AND `action` = 'save' LIMIT 1   [ RunTime:0.0010s ]
SQL: SELECT * FROM `model` WHERE `belongid` = 184 AND `level` = 3  [ RunTime:0.0010s ]
SQL: SHOW COLUMNS FROM `customer` [ RunTime:0.0040s ]
SQL: SELECT * FROM `customer` WHERE ( id=925 ) LIMIT 1   [ RunTime:0.0010s ]
SQL: SHOW COLUMNS FROM `framework` [ RunTime:0.0030s ]
SQL: SELECT * FROM `framework` WHERE ( id='99' ) LIMIT 1   [ RunTime:0.0010s ]
SQL: SHOW COLUMNS FROM `seal` [ RunTime:0.0040s ]
SQL: SELECT * FROM `seal` WHERE ( id='24' ) LIMIT 1   [ RunTime:0.0010s ]
INFO: [ view_parse ] --START--
INFO: [ template_filter ] --START--
INFO: Run Behavior\ContentReplaceBehavior [ RunTime:0.000000s ]
INFO: [ template_filter ] --END-- [ RunTime:0.001000s ]
INFO: Run Behavior\ParseTemplateBehavior [ RunTime:0.028001s ]
INFO: [ view_parse ] --END-- [ RunTime:0.028001s ]
INFO: [ view_filter ] --START--
INFO: Run Behavior\WriteHtmlCacheBehavior [ RunTime:0.002000s ]
INFO: [ view_filter ] --END-- [ RunTime:0.002000s ]
INFO: [ app_end ] --START--
INFO: Run Behavior\ShowPageTraceBehavior [ RunTime:0.002000s ]
INFO: [ app_end ] --END-- [ RunTime:0.002000s ]

[ 2019-12-18T09:19:23+08:00 ] 175.160.151.123 /admin/users/seal
INFO: [ app_init ] --START--
INFO: Run Behavior\BuildLiteBehavior [ RunTime:0.000000s ]
INFO: [ app_init ] --END-- [ RunTime:0.001001s ]
INFO: [ app_begin ] --START--
INFO: Run Behavior\ReadHtmlCacheBehavior [ RunTime:0.002000s ]
INFO: [ app_begin ] --END-- [ RunTime:0.002000s ]
SQL: SHOW COLUMNS FROM `model` [ RunTime:0.0040s ]
SQL: SELECT * FROM `model` WHERE `controller` = 'Users' AND `action` = 'seal' LIMIT 1   [ RunTime:0.0020s ]
SQL: SELECT * FROM `model` WHERE `belongid` = null AND `level` = 3  [ RunTime:0.0010s ]
NOTIC: [8] Undefined index: title D:\phpstudy_pro\WWW\wqxts\Application\Admin\Controller\UsersController.class.php 第 91 行.
SQL: SHOW COLUMNS FROM `customer` [ RunTime:0.0040s ]
SQL: SELECT `sid` FROM `customer` WHERE ( sid<>0 )  [ RunTime:0.0010s ]
SQL: SHOW COLUMNS FROM `seal` [ RunTime:0.0040s ]
SQL: SELECT COUNT(*) AS tp_count FROM `seal` WHERE ( 1 and id not in(37,35,42,30,36,43,48,45,29,33,25,38,26,27,34,41,44,39,46,49,32,40,47,24,31) ) LIMIT 1   [ RunTime:0.0020s ]
NOTIC: [8] Undefined index: pagesize D:\phpstudy_pro\WWW\wqxts\Application\Admin\Controller\BaseController.class.php 第 191 行.
NOTIC: [8] Undefined index: pagesize D:\phpstudy_pro\WWW\wqxts\Application\Admin\Controller\BaseController.class.php 第 191 行.
NOTIC: [8] Undefined index: pagesize D:\phpstudy_pro\WWW\wqxts\Application\Admin\Controller\BaseController.class.php 第 191 行.
SQL: SHOW COLUMNS FROM `seal` [ RunTime:0.0030s ]
SQL: SELECT * FROM `seal` WHERE ( 1 and id not in(37,35,42,30,36,43,48,45,29,33,25,38,26,27,34,41,44,39,46,49,32,40,47,24,31) ) ORDER BY orders desc LIMIT 0,100   [ RunTime:0.0010s ]
INFO: [ view_parse ] --START--
INFO: [ template_filter ] --START--
INFO: Run Behavior\ContentReplaceBehavior [ RunTime:0.000000s ]
INFO: [ template_filter ] --END-- [ RunTime:0.000000s ]
NOTIC: [8] Undefined index: title D:\phpstudy_pro\WWW\wqxts\Application\Runtime\Cache\Admin\636c53e9b9dc3e7b2e41f02316180a82.php 第 46 行.
INFO: Run Behavior\ParseTemplateBehavior [ RunTime:0.021001s ]
INFO: [ view_parse ] --END-- [ RunTime:0.021001s ]
INFO: [ view_filter ] --START--
INFO: Run Behavior\WriteHtmlCacheBehavior [ RunTime:0.002000s ]
INFO: [ view_filter ] --END-- [ RunTime:0.002000s ]
INFO: [ app_end ] --START--
INFO: Run Behavior\ShowPageTraceBehavior [ RunTime:0.002001s ]
INFO: [ app_end ] --END-- [ RunTime:0.002001s ]

[ 2019-12-18T09:19:30+08:00 ] 175.160.151.123 /index.php/Admin/Users/save
INFO: [ app_init ] --START--
INFO: Run Behavior\BuildLiteBehavior [ RunTime:0.000000s ]
INFO: [ app_init ] --END-- [ RunTime:0.001000s ]
INFO: [ app_begin ] --START--
INFO: Run Behavior\ReadHtmlCacheBehavior [ RunTime:0.001000s ]
INFO: [ app_begin ] --END-- [ RunTime:0.002000s ]
SQL: SHOW COLUMNS FROM `model` [ RunTime:0.0040s ]
SQL: SELECT * FROM `model` WHERE `controller` = 'Users' AND `action` = 'save' LIMIT 1   [ RunTime:0.0010s ]
SQL: SELECT * FROM `model` WHERE `belongid` = 184 AND `level` = 3  [ RunTime:0.0010s ]
SQL: SHOW COLUMNS FROM `customer` [ RunTime:0.0040s ]
SQL: UPDATE `customer` SET `username`='郑继东',`idnumber`='1',`pid`='99',`bm`='局领导',`worker`='1',`isbest`='2',`sid`='28',`id`='925' WHERE ( id='925' ) [ RunTime:0.0530s ]
INFO: [ app_end ] --START--
INFO: Run Behavior\ShowPageTraceBehavior [ RunTime:0.002000s ]
INFO: [ app_end ] --END-- [ RunTime:0.002000s ]

[ 2019-12-18T09:19:32+08:00 ] 175.160.151.123 /index.php/Admin/Users/index/p/20.html
INFO: [ app_init ] --START--
INFO: Run Behavior\BuildLiteBehavior [ RunTime:0.000000s ]
INFO: [ app_init ] --END-- [ RunTime:0.001000s ]
INFO: [ app_begin ] --START--
INFO: Run Behavior\ReadHtmlCacheBehavior [ RunTime:0.002000s ]
INFO: [ app_begin ] --END-- [ RunTime:0.002000s ]
SQL: SHOW COLUMNS FROM `model` [ RunTime:0.0040s ]
SQL: SELECT * FROM `model` WHERE `controller` = 'Users' AND `action` = 'index' LIMIT 1   [ RunTime:0.0010s ]
SQL: SELECT * FROM `model` WHERE `belongid` = 182 AND `level` = 3  [ RunTime:0.0010s ]
SQL: SHOW COLUMNS FROM `customer` [ RunTime:0.0040s ]
SQL: SELECT COUNT(*) AS tp_count FROM `customer` WHERE ( status=1 and usertype = 2 ) LIMIT 1   [ RunTime:0.0020s ]
NOTIC: [8] Undefined index: pagesize D:\phpstudy_pro\WWW\wqxts\Application\Admin\Controller\BaseController.class.php 第 191 行.
NOTIC: [8] Undefined index: pagesize D:\phpstudy_pro\WWW\wqxts\Application\Admin\Controller\BaseController.class.php 第 191 行.
NOTIC: [8] Undefined index: pagesize D:\phpstudy_pro\WWW\wqxts\Application\Admin\Controller\BaseController.class.php 第 191 行.
SQL: SHOW COLUMNS FROM `customer` [ RunTime:0.0040s ]
SQL: SELECT * FROM `customer` WHERE ( status=1 and usertype = 2 ) ORDER BY id LIMIT 285,15   [ RunTime:0.0030s ]
SQL: SHOW COLUMNS FROM `framework` [ RunTime:0.0040s ]
SQL: SELECT * FROM `framework` WHERE ( id='129' ) LIMIT 1   [ RunTime:0.0010s ]
SQL: SELECT * FROM `framework` WHERE ( id='129' ) LIMIT 1   [ RunTime:0.0010s ]
SQL: SELECT * FROM `framework` WHERE ( id='129' ) LIMIT 1   [ RunTime:0.0000s ]
SQL: SELECT * FROM `framework` WHERE ( id='129' ) LIMIT 1   [ RunTime:0.0010s ]
SQL: SELECT * FROM `framework` WHERE ( id='129' ) LIMIT 1   [ RunTime:0.0010s ]
SQL: SELECT * FROM `framework` WHERE ( id='129' ) LIMIT 1   [ RunTime:0.0010s ]
SQL: SELECT * FROM `framework` WHERE ( id='99' ) LIMIT 1   [ RunTime:0.0010s ]
SQL: SELECT * FROM `framework` WHERE ( id='99' ) LIMIT 1   [ RunTime:0.0010s ]
SQL: SELECT * FROM `framework` WHERE ( id='99' ) LIMIT 1   [ RunTime:0.0010s ]
SQL: SELECT * FROM `framework` WHERE ( id='99' ) LIMIT 1   [ RunTime:0.0010s ]
SQL: SELECT * FROM `framework` WHERE ( id='99' ) LIMIT 1   [ RunTime:0.0010s ]
INFO: [ view_parse ] --START--
INFO: [ template_filter ] --START--
INFO: Run Behavior\ContentReplaceBehavior [ RunTime:0.000000s ]
INFO: [ template_filter ] --END-- [ RunTime:0.000000s ]
NOTIC: [8] Undefined variable: vo D:\phpstudy_pro\WWW\wqxts\Application\Runtime\Cache\Admin\67497c3a2bf2951b752063fc54092cda.php 第 39 行.
NOTIC: [8] Undefined variable: vo D:\phpstudy_pro\WWW\wqxts\Application\Runtime\Cache\Admin\67497c3a2bf2951b752063fc54092cda.php 第 39 行.
NOTIC: [8] Undefined index: tel D:\phpstudy_pro\WWW\wqxts\Application\Runtime\Cache\Admin\67497c3a2bf2951b752063fc54092cda.php 第 48 行.
NOTIC: [8] Undefined index: name D:\phpstudy_pro\WWW\wqxts\Application\Runtime\Cache\Admin\67497c3a2bf2951b752063fc54092cda.php 第 88 行.
NOTIC: [8] Undefined index: name D:\phpstudy_pro\WWW\wqxts\Application\Runtime\Cache\Admin\67497c3a2bf2951b752063fc54092cda.php 第 88 行.
NOTIC: [8] Undefined index: name D:\phpstudy_pro\WWW\wqxts\Application\Runtime\Cache\Admin\67497c3a2bf2951b752063fc54092cda.php 第 88 行.
NOTIC: [8] Undefined index: name D:\phpstudy_pro\WWW\wqxts\Application\Runtime\Cache\Admin\67497c3a2bf2951b752063fc54092cda.php 第 88 行.
NOTIC: [8] Undefined index: name D:\phpstudy_pro\WWW\wqxts\Application\Runtime\Cache\Admin\67497c3a2bf2951b752063fc54092cda.php 第 88 行.
NOTIC: [8] Undefined index: name D:\phpstudy_pro\WWW\wqxts\Application\Runtime\Cache\Admin\67497c3a2bf2951b752063fc54092cda.php 第 88 行.
NOTIC: [8] Undefined index: name D:\phpstudy_pro\WWW\wqxts\Application\Runtime\Cache\Admin\67497c3a2bf2951b752063fc54092cda.php 第 88 行.
NOTIC: [8] Undefined index: name D:\phpstudy_pro\WWW\wqxts\Application\Runtime\Cache\Admin\67497c3a2bf2951b752063fc54092cda.php 第 88 行.
NOTIC: [8] Undefined index: name D:\phpstudy_pro\WWW\wqxts\Application\Runtime\Cache\Admin\67497c3a2bf2951b752063fc54092cda.php 第 88 行.
NOTIC: [8] Undefined index: name D:\phpstudy_pro\WWW\wqxts\Application\Runtime\Cache\Admin\67497c3a2bf2951b752063fc54092cda.php 第 88 行.
NOTIC: [8] Undefined index: name D:\phpstudy_pro\WWW\wqxts\Application\Runtime\Cache\Admin\67497c3a2bf2951b752063fc54092cda.php 第 88 行.
NOTIC: [8] Undefined index: name D:\phpstudy_pro\WWW\wqxts\Application\Runtime\Cache\Admin\67497c3a2bf2951b752063fc54092cda.php 第 88 行.
NOTIC: [8] Undefined index: name D:\phpstudy_pro\WWW\wqxts\Application\Runtime\Cache\Admin\67497c3a2bf2951b752063fc54092cda.php 第 88 行.
NOTIC: [8] Undefined index: name D:\phpstudy_pro\WWW\wqxts\Application\Runtime\Cache\Admin\67497c3a2bf2951b752063fc54092cda.php 第 88 行.
NOTIC: [8] Undefined index: name D:\phpstudy_pro\WWW\wqxts\Application\Runtime\Cache\Admin\67497c3a2bf2951b752063fc54092cda.php 第 88 行.
NOTIC: [8] Undefined index: name D:\phpstudy_pro\WWW\wqxts\Application\Runtime\Cache\Admin\67497c3a2bf2951b752063fc54092cda.php 第 88 行.
NOTIC: [8] Undefined index: name D:\phpstudy_pro\WWW\wqxts\Application\Runtime\Cache\Admin\67497c3a2bf2951b752063fc54092cda.php 第 88 行.
NOTIC: [8] Undefined index: name D:\phpstudy_pro\WWW\wqxts\Application\Runtime\Cache\Admin\67497c3a2bf2951b752063fc54092cda.php 第 88 行.
NOTIC: [8] Undefined index: name D:\phpstudy_pro\WWW\wqxts\Application\Runtime\Cache\Admin\67497c3a2bf2951b752063fc54092cda.php 第 88 行.
NOTIC: [8] Undefined index: name D:\phpstudy_pro\WWW\wqxts\Application\Runtime\Cache\Admin\67497c3a2bf2951b752063fc54092cda.php 第 88 行.
NOTIC: [8] Undefined index: name D:\phpstudy_pro\WWW\wqxts\Application\Runtime\Cache\Admin\67497c3a2bf2951b752063fc54092cda.php 第 88 行.
NOTIC: [8] Undefined index: name D:\phpstudy_pro\WWW\wqxts\Application\Runtime\Cache\Admin\67497c3a2bf2951b752063fc54092cda.php 第 88 行.
INFO: Run Behavior\ParseTemplateBehavior [ RunTime:0.029001s ]
INFO: [ view_parse ] --END-- [ RunTime:0.029001s ]
INFO: [ view_filter ] --START--
INFO: Run Behavior\WriteHtmlCacheBehavior [ RunTime:0.001000s ]
INFO: [ view_filter ] --END-- [ RunTime:0.001000s ]
INFO: [ app_end ] --START--
INFO: Run Behavior\ShowPageTraceBehavior [ RunTime:0.002000s ]
INFO: [ app_end ] --END-- [ RunTime:0.002000s ]

[ 2019-12-18T10:23:03+08:00 ] 223.104.175.71 /index.php/Admin/Login/index.html
INFO: [ app_init ] --START--
INFO: Run Behavior\BuildLiteBehavior [ RunTime:0.000000s ]
INFO: [ app_init ] --END-- [ RunTime:0.001000s ]
INFO: [ app_begin ] --START--
INFO: Run Behavior\ReadHtmlCacheBehavior [ RunTime:0.002000s ]
INFO: [ app_begin ] --END-- [ RunTime:0.002000s ]
INFO: [ view_parse ] --START--
INFO: [ template_filter ] --START--
INFO: Run Behavior\ContentReplaceBehavior [ RunTime:0.000000s ]
INFO: [ template_filter ] --END-- [ RunTime:0.000000s ]
INFO: Run Behavior\ParseTemplateBehavior [ RunTime:0.012000s ]
INFO: [ view_parse ] --END-- [ RunTime:0.013000s ]
INFO: [ view_filter ] --START--
INFO: Run Behavior\WriteHtmlCacheBehavior [ RunTime:0.000000s ]
INFO: [ view_filter ] --END-- [ RunTime:0.000000s ]
INFO: [ app_end ] --START--
INFO: Run Behavior\ShowPageTraceBehavior [ RunTime:0.001000s ]
INFO: [ app_end ] --END-- [ RunTime:0.002000s ]

[ 2019-12-18T10:23:07+08:00 ] 203.119.193.26 /index.php/Admin/Login/index.html
INFO: [ app_init ] --START--
INFO: Run Behavior\BuildLiteBehavior [ RunTime:0.000000s ]
INFO: [ app_init ] --END-- [ RunTime:0.001000s ]
INFO: [ app_begin ] --START--
INFO: Run Behavior\ReadHtmlCacheBehavior [ RunTime:0.002000s ]
INFO: [ app_begin ] --END-- [ RunTime:0.002000s ]
INFO: [ view_parse ] --START--
INFO: [ template_filter ] --START--
INFO: Run Behavior\ContentReplaceBehavior [ RunTime:0.001000s ]
INFO: [ template_filter ] --END-- [ RunTime:0.001000s ]
INFO: Run Behavior\ParseTemplateBehavior [ RunTime:0.018001s ]
INFO: [ view_parse ] --END-- [ RunTime:0.018001s ]
INFO: [ view_filter ] --START--
INFO: Run Behavior\WriteHtmlCacheBehavior [ RunTime:0.002000s ]
INFO: [ view_filter ] --END-- [ RunTime:0.002000s ]
INFO: [ app_end ] --START--
INFO: Run Behavior\ShowPageTraceBehavior [ RunTime:0.002001s ]
INFO: [ app_end ] --END-- [ RunTime:0.002001s ]

[ 2019-12-18T10:23:07+08:00 ] 39.98.40.142 /index.php/Admin/Login/index.html
INFO: [ app_init ] --START--
INFO: Run Behavior\BuildLiteBehavior [ RunTime:0.000000s ]
INFO: [ app_init ] --END-- [ RunTime:0.001000s ]
INFO: [ app_begin ] --START--
INFO: Run Behavior\ReadHtmlCacheBehavior [ RunTime:0.001000s ]
INFO: [ app_begin ] --END-- [ RunTime:0.002000s ]
INFO: [ view_parse ] --START--
INFO: [ template_filter ] --START--
INFO: Run Behavior\ContentReplaceBehavior [ RunTime:0.000000s ]
INFO: [ template_filter ] --END-- [ RunTime:0.000000s ]
INFO: Run Behavior\ParseTemplateBehavior [ RunTime:0.013001s ]
INFO: [ view_parse ] --END-- [ RunTime:0.013001s ]
INFO: [ view_filter ] --START--
INFO: Run Behavior\WriteHtmlCacheBehavior [ RunTime:0.001000s ]
INFO: [ view_filter ] --END-- [ RunTime:0.001000s ]
INFO: [ app_end ] --START--
INFO: Run Behavior\ShowPageTraceBehavior [ RunTime:0.002000s ]
INFO: [ app_end ] --END-- [ RunTime:0.002000s ]

[ 2019-12-18T10:26:10+08:00 ] 116.140.30.130 /index.php/admin/login/index.html
INFO: [ app_init ] --START--
INFO: Run Behavior\BuildLiteBehavior [ RunTime:0.000000s ]
INFO: [ app_init ] --END-- [ RunTime:0.001000s ]
INFO: [ app_begin ] --START--
INFO: Run Behavior\ReadHtmlCacheBehavior [ RunTime:0.002000s ]
INFO: [ app_begin ] --END-- [ RunTime:0.002000s ]
INFO: [ view_parse ] --START--
INFO: [ template_filter ] --START--
INFO: Run Behavior\ContentReplaceBehavior [ RunTime:0.000000s ]
INFO: [ template_filter ] --END-- [ RunTime:0.000000s ]
INFO: Run Behavior\ParseTemplateBehavior [ RunTime:0.016001s ]
INFO: [ view_parse ] --END-- [ RunTime:0.016001s ]
INFO: [ view_filter ] --START--
INFO: Run Behavior\WriteHtmlCacheBehavior [ RunTime:0.001000s ]
INFO: [ view_filter ] --END-- [ RunTime:0.001000s ]
INFO: [ app_end ] --START--
INFO: Run Behavior\ShowPageTraceBehavior [ RunTime:0.001000s ]
INFO: [ app_end ] --END-- [ RunTime:0.002000s ]

[ 2019-12-18T10:26:23+08:00 ] 116.140.30.130 /index.php/Admin/Login/login
INFO: [ app_init ] --START--
INFO: Run Behavior\BuildLiteBehavior [ RunTime:0.000000s ]
INFO: [ app_init ] --END-- [ RunTime:0.001001s ]
INFO: [ app_begin ] --START--
INFO: Run Behavior\ReadHtmlCacheBehavior [ RunTime:0.002000s ]
INFO: [ app_begin ] --END-- [ RunTime:0.002000s ]
SQL: SHOW COLUMNS FROM `admin` [ RunTime:0.0030s ]
SQL: SELECT * FROM `admin` WHERE `username` = 'admin' AND `password` = '21232f297a57a5a743894a0e4a801fc3' LIMIT 1   [ RunTime:0.0010s ]
SQL: SHOW COLUMNS FROM `model` [ RunTime:0.0050s ]
SQL: SELECT * FROM `model`  [ RunTime:0.0030s ]
SQL: UPDATE `admin` SET `login_time`='1576635983',`login_ip`='116.140.30.130' WHERE `id` = 1 [ RunTime:0.0610s ]
SQL: SHOW COLUMNS FROM `error` [ RunTime:0.0060s ]
SQL: SELECT * FROM `error` WHERE `error_id` = 10002 LIMIT 1   [ RunTime:0.0020s ]

[ 2019-12-18T10:26:24+08:00 ] 116.140.30.130 /index.php/Admin/Index/index.html
INFO: [ app_init ] --START--
INFO: Run Behavior\BuildLiteBehavior [ RunTime:0.001000s ]
INFO: [ app_init ] --END-- [ RunTime:0.002000s ]
INFO: [ app_begin ] --START--
INFO: Run Behavior\ReadHtmlCacheBehavior [ RunTime:0.002000s ]
INFO: [ app_begin ] --END-- [ RunTime:0.002000s ]
SQL: SHOW COLUMNS FROM `model` [ RunTime:0.0020s ]
SQL: SELECT * FROM `model` WHERE `controller` = 'Index' AND `action` = 'index' LIMIT 1   [ RunTime:0.0010s ]
SQL: SELECT * FROM `model` WHERE `belongid` = null AND `level` = 3  [ RunTime:0.0010s ]
INFO: [ view_parse ] --START--
INFO: [ template_filter ] --START--
INFO: Run Behavior\ContentReplaceBehavior [ RunTime:0.000000s ]
INFO: [ template_filter ] --END-- [ RunTime:0.001000s ]
INFO: Run Behavior\ParseTemplateBehavior [ RunTime:0.023001s ]
INFO: [ view_parse ] --END-- [ RunTime:0.023001s ]
INFO: [ view_filter ] --START--
INFO: Run Behavior\WriteHtmlCacheBehavior [ RunTime:0.002001s ]
INFO: [ view_filter ] --END-- [ RunTime:0.002001s ]
INFO: [ app_end ] --START--
INFO: Run Behavior\ShowPageTraceBehavior [ RunTime:0.002000s ]
INFO: [ app_end ] --END-- [ RunTime:0.002000s ]

[ 2019-12-18T10:26:24+08:00 ] 116.140.30.130 /index.php/Admin/Index/welcome.html
INFO: [ app_init ] --START--
INFO: Run Behavior\BuildLiteBehavior [ RunTime:0.000000s ]
INFO: [ app_init ] --END-- [ RunTime:0.001000s ]
INFO: [ app_begin ] --START--
INFO: Run Behavior\ReadHtmlCacheBehavior [ RunTime:0.002001s ]
INFO: [ app_begin ] --END-- [ RunTime:0.002001s ]
SQL: SHOW COLUMNS FROM `model` [ RunTime:0.0040s ]
SQL: SELECT * FROM `model` WHERE `controller` = 'Index' AND `action` = 'welcome' LIMIT 1   [ RunTime:0.0020s ]
SQL: SELECT * FROM `model` WHERE `belongid` = null AND `level` = 3  [ RunTime:0.0020s ]
INFO: [ view_parse ] --START--
INFO: [ template_filter ] --START--
INFO: Run Behavior\ContentReplaceBehavior [ RunTime:0.001000s ]
INFO: [ template_filter ] --END-- [ RunTime:0.001000s ]
INFO: Run Behavior\ParseTemplateBehavior [ RunTime:0.017001s ]
INFO: [ view_parse ] --END-- [ RunTime:0.017001s ]
INFO: [ view_filter ] --START--
INFO: Run Behavior\WriteHtmlCacheBehavior [ RunTime:0.001000s ]
INFO: [ view_filter ] --END-- [ RunTime:0.002000s ]
INFO: [ app_end ] --START--
INFO: Run Behavior\ShowPageTraceBehavior [ RunTime:0.002000s ]
INFO: [ app_end ] --END-- [ RunTime:0.002000s ]

[ 2019-12-18T10:27:49+08:00 ] 116.140.30.130 /index.php/admin/login/index.html
INFO: [ app_init ] --START--
INFO: Run Behavior\BuildLiteBehavior [ RunTime:0.000000s ]
INFO: [ app_init ] --END-- [ RunTime:0.001001s ]
INFO: [ app_begin ] --START--
INFO: Run Behavior\ReadHtmlCacheBehavior [ RunTime:0.002000s ]
INFO: [ app_begin ] --END-- [ RunTime:0.002000s ]
INFO: [ view_parse ] --START--
INFO: [ template_filter ] --START--
INFO: Run Behavior\ContentReplaceBehavior [ RunTime:0.000000s ]
INFO: [ template_filter ] --END-- [ RunTime:0.000000s ]
INFO: Run Behavior\ParseTemplateBehavior [ RunTime:0.015001s ]
INFO: [ view_parse ] --END-- [ RunTime:0.015001s ]
INFO: [ view_filter ] --START--
INFO: Run Behavior\WriteHtmlCacheBehavior [ RunTime:0.001000s ]
INFO: [ view_filter ] --END-- [ RunTime:0.001000s ]
INFO: [ app_end ] --START--
INFO: Run Behavior\ShowPageTraceBehavior [ RunTime:0.001000s ]
INFO: [ app_end ] --END-- [ RunTime:0.001000s ]

[ 2019-12-18T13:28:32+08:00 ] 116.140.30.130 /index.php/Admin/Framework/index
INFO: [ app_init ] --START--
INFO: Run Behavior\BuildLiteBehavior [ RunTime:0.000000s ]
INFO: [ app_init ] --END-- [ RunTime:0.001000s ]
INFO: [ app_begin ] --START--
INFO: Run Behavior\ReadHtmlCacheBehavior [ RunTime:0.002001s ]
INFO: [ app_begin ] --END-- [ RunTime:0.002001s ]
SQL: SHOW COLUMNS FROM `error` [ RunTime:0.0050s ]
SQL: SELECT * FROM `error` WHERE `error_id` = 10004 LIMIT 1   [ RunTime:0.0180s ]
INFO: [ view_parse ] --START--
INFO: [ template_filter ] --START--
INFO: Run Behavior\ContentReplaceBehavior [ RunTime:0.000000s ]
INFO: [ template_filter ] --END-- [ RunTime:0.000000s ]
INFO: Run Behavior\ParseTemplateBehavior [ RunTime:0.012001s ]
INFO: [ view_parse ] --END-- [ RunTime:0.013001s ]
INFO: [ view_filter ] --START--
INFO: Run Behavior\WriteHtmlCacheBehavior [ RunTime:0.001000s ]
INFO: [ view_filter ] --END-- [ RunTime:0.001000s ]

[ 2019-12-18T13:28:33+08:00 ] 116.140.30.130 /index.php/Admin/Login/index.html
INFO: [ app_init ] --START--
INFO: Run Behavior\BuildLiteBehavior [ RunTime:0.000000s ]
INFO: [ app_init ] --END-- [ RunTime:0.002000s ]
INFO: [ app_begin ] --START--
INFO: Run Behavior\ReadHtmlCacheBehavior [ RunTime:0.002000s ]
INFO: [ app_begin ] --END-- [ RunTime:0.002000s ]
INFO: [ view_parse ] --START--
INFO: [ template_filter ] --START--
INFO: Run Behavior\ContentReplaceBehavior [ RunTime:0.000000s ]
INFO: [ template_filter ] --END-- [ RunTime:0.000000s ]
INFO: Run Behavior\ParseTemplateBehavior [ RunTime:0.018001s ]
INFO: [ view_parse ] --END-- [ RunTime:0.019001s ]
INFO: [ view_filter ] --START--
INFO: Run Behavior\WriteHtmlCacheBehavior [ RunTime:0.001000s ]
INFO: [ view_filter ] --END-- [ RunTime:0.001000s ]
INFO: [ app_end ] --START--
INFO: Run Behavior\ShowPageTraceBehavior [ RunTime:0.002000s ]
INFO: [ app_end ] --END-- [ RunTime:0.002000s ]

[ 2019-12-18T13:28:34+08:00 ] 116.140.30.130 /index.php/Admin/Login/index.html
INFO: [ app_init ] --START--
INFO: Run Behavior\BuildLiteBehavior [ RunTime:0.000000s ]
INFO: [ app_init ] --END-- [ RunTime:0.001000s ]
INFO: [ app_begin ] --START--
INFO: Run Behavior\ReadHtmlCacheBehavior [ RunTime:0.002000s ]
INFO: [ app_begin ] --END-- [ RunTime:0.002000s ]
INFO: [ view_parse ] --START--
INFO: [ template_filter ] --START--
INFO: Run Behavior\ContentReplaceBehavior [ RunTime:0.000000s ]
INFO: [ template_filter ] --END-- [ RunTime:0.000000s ]
INFO: Run Behavior\ParseTemplateBehavior [ RunTime:0.017001s ]
INFO: [ view_parse ] --END-- [ RunTime:0.018001s ]
INFO: [ view_filter ] --START--
INFO: Run Behavior\WriteHtmlCacheBehavior [ RunTime:0.001000s ]
INFO: [ view_filter ] --END-- [ RunTime:0.001000s ]
INFO: [ app_end ] --START--
INFO: Run Behavior\ShowPageTraceBehavior [ RunTime:0.002000s ]
INFO: [ app_end ] --END-- [ RunTime:0.002000s ]

[ 2019-12-18T14:09:03+08:00 ] 116.140.30.130 /index.php/Admin/Login/login
INFO: [ app_init ] --START--
INFO: Run Behavior\BuildLiteBehavior [ RunTime:0.000000s ]
INFO: [ app_init ] --END-- [ RunTime:0.003000s ]
INFO: [ app_begin ] --START--
INFO: Run Behavior\ReadHtmlCacheBehavior [ RunTime:0.003001s ]
INFO: [ app_begin ] --END-- [ RunTime:0.003001s ]
SQL: SHOW COLUMNS FROM `admin` [ RunTime:0.0050s ]
SQL: SELECT * FROM `admin` WHERE `username` = 'admin' AND `password` = '21232f297a57a5a743894a0e4a801fc3' LIMIT 1   [ RunTime:0.0220s ]
SQL: SHOW COLUMNS FROM `model` [ RunTime:0.0050s ]
SQL: SELECT * FROM `model`  [ RunTime:0.0200s ]
SQL: UPDATE `admin` SET `login_time`='1576649343',`login_ip`='116.140.30.130' WHERE `id` = 1 [ RunTime:0.0360s ]
SQL: SHOW COLUMNS FROM `error` [ RunTime:0.0040s ]
SQL: SELECT * FROM `error` WHERE `error_id` = 10002 LIMIT 1   [ RunTime:0.0010s ]

[ 2019-12-18T14:09:05+08:00 ] 116.140.30.130 /index.php/Admin/Index/index.html
INFO: [ app_init ] --START--
INFO: Run Behavior\BuildLiteBehavior [ RunTime:0.001000s ]
INFO: [ app_init ] --END-- [ RunTime:0.003000s ]
INFO: [ app_begin ] --START--
INFO: Run Behavior\ReadHtmlCacheBehavior [ RunTime:0.003001s ]
INFO: [ app_begin ] --END-- [ RunTime:0.003001s ]
SQL: SHOW COLUMNS FROM `model` [ RunTime:0.0030s ]
SQL: SELECT * FROM `model` WHERE `controller` = 'Index' AND `action` = 'index' LIMIT 1   [ RunTime:0.0010s ]
SQL: SELECT * FROM `model` WHERE `belongid` = null AND `level` = 3  [ RunTime:0.0010s ]
INFO: [ view_parse ] --START--
INFO: [ template_filter ] --START--
INFO: Run Behavior\ContentReplaceBehavior [ RunTime:0.000000s ]
INFO: [ template_filter ] --END-- [ RunTime:0.000000s ]
INFO: Run Behavior\ParseTemplateBehavior [ RunTime:0.037002s ]
INFO: [ view_parse ] --END-- [ RunTime:0.037002s ]
INFO: [ view_filter ] --START--
INFO: Run Behavior\WriteHtmlCacheBehavior [ RunTime:0.002000s ]
INFO: [ view_filter ] --END-- [ RunTime:0.002000s ]
INFO: [ app_end ] --START--
INFO: Run Behavior\ShowPageTraceBehavior [ RunTime:0.002000s ]
INFO: [ app_end ] --END-- [ RunTime:0.002000s ]

[ 2019-12-18T14:09:05+08:00 ] 116.140.30.130 /index.php/Admin/Index/welcome.html
INFO: [ app_init ] --START--
INFO: Run Behavior\BuildLiteBehavior [ RunTime:0.000000s ]
INFO: [ app_init ] --END-- [ RunTime:0.002000s ]
INFO: [ app_begin ] --START--
INFO: Run Behavior\ReadHtmlCacheBehavior [ RunTime:0.002000s ]
INFO: [ app_begin ] --END-- [ RunTime:0.002000s ]
SQL: SHOW COLUMNS FROM `model` [ RunTime:0.0040s ]
SQL: SELECT * FROM `model` WHERE `controller` = 'Index' AND `action` = 'welcome' LIMIT 1   [ RunTime:0.0020s ]
SQL: SELECT * FROM `model` WHERE `belongid` = null AND `level` = 3  [ RunTime:0.0010s ]
INFO: [ view_parse ] --START--
INFO: [ template_filter ] --START--
INFO: Run Behavior\ContentReplaceBehavior [ RunTime:0.000000s ]
INFO: [ template_filter ] --END-- [ RunTime:0.000000s ]
INFO: Run Behavior\ParseTemplateBehavior [ RunTime:0.020001s ]
INFO: [ view_parse ] --END-- [ RunTime:0.020001s ]
INFO: [ view_filter ] --START--
INFO: Run Behavior\WriteHtmlCacheBehavior [ RunTime:0.003000s ]
INFO: [ view_filter ] --END-- [ RunTime:0.003000s ]
INFO: [ app_end ] --START--
INFO: Run Behavior\ShowPageTraceBehavior [ RunTime:0.003000s ]
INFO: [ app_end ] --END-- [ RunTime:0.003000s ]

[ 2019-12-18T14:09:10+08:00 ] 116.140.30.130 /index.php/Admin/Framework/index
INFO: [ app_init ] --START--
INFO: Run Behavior\BuildLiteBehavior [ RunTime:0.000000s ]
INFO: [ app_init ] --END-- [ RunTime:0.002000s ]
INFO: [ app_begin ] --START--
INFO: Run Behavior\ReadHtmlCacheBehavior [ RunTime:0.002000s ]
INFO: [ app_begin ] --END-- [ RunTime:0.003000s ]
SQL: SHOW COLUMNS FROM `model` [ RunTime:0.0030s ]
SQL: SELECT * FROM `model` WHERE `controller` = 'Framework' AND `action` = 'index' LIMIT 1   [ RunTime:0.0010s ]
SQL: SELECT * FROM `model` WHERE `belongid` = 173 AND `level` = 3  [ RunTime:0.0010s ]
SQL: SHOW COLUMNS FROM `framework` [ RunTime:0.0050s ]
SQL: SELECT COUNT(*) AS tp_count FROM `framework` WHERE ( type_id=0 ) LIMIT 1   [ RunTime:0.0010s ]
INFO: [ view_parse ] --START--
INFO: [ template_filter ] --START--
INFO: Run Behavior\ContentReplaceBehavior [ RunTime:0.000000s ]
INFO: [ template_filter ] --END-- [ RunTime:0.000000s ]
INFO: Run Behavior\ParseTemplateBehavior [ RunTime:0.028002s ]
INFO: [ view_parse ] --END-- [ RunTime:0.028002s ]
INFO: [ view_filter ] --START--
INFO: Run Behavior\WriteHtmlCacheBehavior [ RunTime:0.002000s ]
INFO: [ view_filter ] --END-- [ RunTime:0.003000s ]
INFO: [ app_end ] --START--
INFO: Run Behavior\ShowPageTraceBehavior [ RunTime:0.003000s ]
INFO: [ app_end ] --END-- [ RunTime:0.003000s ]

[ 2019-12-18T14:09:10+08:00 ] 116.140.30.130 /admin/framework/index
INFO: [ app_init ] --START--
INFO: Run Behavior\BuildLiteBehavior [ RunTime:0.000000s ]
INFO: [ app_init ] --END-- [ RunTime:0.002000s ]
INFO: [ app_begin ] --START--
INFO: Run Behavior\ReadHtmlCacheBehavior [ RunTime:0.003000s ]
INFO: [ app_begin ] --END-- [ RunTime:0.003000s ]
SQL: SHOW COLUMNS FROM `model` [ RunTime:0.0040s ]
SQL: SELECT * FROM `model` WHERE `controller` = 'Framework' AND `action` = 'index' LIMIT 1   [ RunTime:0.0020s ]
SQL: SELECT * FROM `model` WHERE `belongid` = 173 AND `level` = 3  [ RunTime:0.0010s ]
SQL: SHOW COLUMNS FROM `framework` [ RunTime:0.0030s ]
SQL: SELECT `id`,node_name name,type_id pid FROM `framework`  [ RunTime:0.0020s ]
NOTIC: [8] Undefined index: nums D:\phpstudy_pro\WWW\wqxts\Application\Common\Common\function.php 第 212 行.
INFO: [ app_end ] --START--
INFO: Run Behavior\ShowPageTraceBehavior [ RunTime:0.003000s ]
INFO: [ app_end ] --END-- [ RunTime:0.003000s ]

[ 2019-12-18T14:09:12+08:00 ] 116.140.30.130 /index.php/Admin/users/index
INFO: [ app_init ] --START--
INFO: Run Behavior\BuildLiteBehavior [ RunTime:0.000000s ]
INFO: [ app_init ] --END-- [ RunTime:0.003000s ]
INFO: [ app_begin ] --START--
INFO: Run Behavior\ReadHtmlCacheBehavior [ RunTime:0.003000s ]
INFO: [ app_begin ] --END-- [ RunTime:0.003000s ]
SQL: SHOW COLUMNS FROM `model` [ RunTime:0.0040s ]
SQL: SELECT * FROM `model` WHERE `controller` = 'Users' AND `action` = 'index' LIMIT 1   [ RunTime:0.0020s ]
SQL: SELECT * FROM `model` WHERE `belongid` = 182 AND `level` = 3  [ RunTime:0.0020s ]
SQL: SHOW COLUMNS FROM `customer` [ RunTime:0.0050s ]
SQL: SELECT COUNT(*) AS tp_count FROM `customer` WHERE ( status=1 and usertype = 2 ) LIMIT 1   [ RunTime:0.0020s ]
NOTIC: [8] Undefined index: pagesize D:\phpstudy_pro\WWW\wqxts\Application\Admin\Controller\BaseController.class.php 第 191 行.
NOTIC: [8] Undefined index: pagesize D:\phpstudy_pro\WWW\wqxts\Application\Admin\Controller\BaseController.class.php 第 191 行.
NOTIC: [8] Undefined index: pagesize D:\phpstudy_pro\WWW\wqxts\Application\Admin\Controller\BaseController.class.php 第 191 行.
SQL: SHOW COLUMNS FROM `customer` [ RunTime:0.0040s ]
SQL: SELECT * FROM `customer` WHERE ( status=1 and usertype = 2 ) ORDER BY id LIMIT 0,15   [ RunTime:0.0020s ]
SQL: SHOW COLUMNS FROM `framework` [ RunTime:0.0030s ]
SQL: SELECT * FROM `framework` WHERE ( id='99' ) LIMIT 1   [ RunTime:0.0010s ]
SQL: SELECT * FROM `framework` WHERE ( id='99' ) LIMIT 1   [ RunTime:0.0010s ]
SQL: SELECT * FROM `framework` WHERE ( id='99' ) LIMIT 1   [ RunTime:0.0010s ]
SQL: SELECT * FROM `framework` WHERE ( id='99' ) LIMIT 1   [ RunTime:0.0010s ]
SQL: SELECT * FROM `framework` WHERE ( id='99' ) LIMIT 1   [ RunTime:0.0010s ]
SQL: SELECT * FROM `framework` WHERE ( id='99' ) LIMIT 1   [ RunTime:0.0010s ]
SQL: SELECT * FROM `framework` WHERE ( id='99' ) LIMIT 1   [ RunTime:0.0000s ]
SQL: SELECT * FROM `framework` WHERE ( id='99' ) LIMIT 1   [ RunTime:0.0010s ]
SQL: SELECT * FROM `framework` WHERE ( id='99' ) LIMIT 1   [ RunTime:0.0010s ]
SQL: SELECT * FROM `framework` WHERE ( id='99' ) LIMIT 1   [ RunTime:0.0010s ]
SQL: SELECT * FROM `framework` WHERE ( id='100' ) LIMIT 1   [ RunTime:0.0010s ]
SQL: SELECT * FROM `framework` WHERE ( id='100' ) LIMIT 1   [ RunTime:0.0010s ]
SQL: SELECT * FROM `framework` WHERE ( id='100' ) LIMIT 1   [ RunTime:0.0010s ]
SQL: SELECT * FROM `framework` WHERE ( id='100' ) LIMIT 1   [ RunTime:0.0010s ]
SQL: SELECT * FROM `framework` WHERE ( id='100' ) LIMIT 1   [ RunTime:0.0010s ]
INFO: [ view_parse ] --START--
INFO: [ template_filter ] --START--
INFO: Run Behavior\ContentReplaceBehavior [ RunTime:0.000000s ]
INFO: [ template_filter ] --END-- [ RunTime:0.000000s ]
NOTIC: [8] Undefined variable: vo D:\phpstudy_pro\WWW\wqxts\Application\Runtime\Cache\Admin\67497c3a2bf2951b752063fc54092cda.php 第 39 行.
NOTIC: [8] Undefined variable: vo D:\phpstudy_pro\WWW\wqxts\Application\Runtime\Cache\Admin\67497c3a2bf2951b752063fc54092cda.php 第 39 行.
NOTIC: [8] Undefined index: tel D:\phpstudy_pro\WWW\wqxts\Application\Runtime\Cache\Admin\67497c3a2bf2951b752063fc54092cda.php 第 48 行.
NOTIC: [8] Undefined index: name D:\phpstudy_pro\WWW\wqxts\Application\Runtime\Cache\Admin\67497c3a2bf2951b752063fc54092cda.php 第 88 行.
NOTIC: [8] Undefined index: name D:\phpstudy_pro\WWW\wqxts\Application\Runtime\Cache\Admin\67497c3a2bf2951b752063fc54092cda.php 第 88 行.
NOTIC: [8] Undefined index: name D:\phpstudy_pro\WWW\wqxts\Application\Runtime\Cache\Admin\67497c3a2bf2951b752063fc54092cda.php 第 88 行.
NOTIC: [8] Undefined index: name D:\phpstudy_pro\WWW\wqxts\Application\Runtime\Cache\Admin\67497c3a2bf2951b752063fc54092cda.php 第 88 行.
NOTIC: [8] Undefined index: name D:\phpstudy_pro\WWW\wqxts\Application\Runtime\Cache\Admin\67497c3a2bf2951b752063fc54092cda.php 第 88 行.
NOTIC: [8] Undefined index: name D:\phpstudy_pro\WWW\wqxts\Application\Runtime\Cache\Admin\67497c3a2bf2951b752063fc54092cda.php 第 88 行.
NOTIC: [8] Undefined index: name D:\phpstudy_pro\WWW\wqxts\Application\Runtime\Cache\Admin\67497c3a2bf2951b752063fc54092cda.php 第 88 行.
NOTIC: [8] Undefined index: name D:\phpstudy_pro\WWW\wqxts\Application\Runtime\Cache\Admin\67497c3a2bf2951b752063fc54092cda.php 第 88 行.
NOTIC: [8] Undefined index: name D:\phpstudy_pro\WWW\wqxts\Application\Runtime\Cache\Admin\67497c3a2bf2951b752063fc54092cda.php 第 88 行.
NOTIC: [8] Undefined index: name D:\phpstudy_pro\WWW\wqxts\Application\Runtime\Cache\Admin\67497c3a2bf2951b752063fc54092cda.php 第 88 行.
NOTIC: [8] Undefined index: name D:\phpstudy_pro\WWW\wqxts\Application\Runtime\Cache\Admin\67497c3a2bf2951b752063fc54092cda.php 第 88 行.
NOTIC: [8] Undefined index: name D:\phpstudy_pro\WWW\wqxts\Application\Runtime\Cache\Admin\67497c3a2bf2951b752063fc54092cda.php 第 88 行.
NOTIC: [8] Undefined index: name D:\phpstudy_pro\WWW\wqxts\Application\Runtime\Cache\Admin\67497c3a2bf2951b752063fc54092cda.php 第 88 行.
NOTIC: [8] Undefined index: name D:\phpstudy_pro\WWW\wqxts\Application\Runtime\Cache\Admin\67497c3a2bf2951b752063fc54092cda.php 第 88 行.
NOTIC: [8] Undefined index: name D:\phpstudy_pro\WWW\wqxts\Application\Runtime\Cache\Admin\67497c3a2bf2951b752063fc54092cda.php 第 88 行.
NOTIC: [8] Undefined index: name D:\phpstudy_pro\WWW\wqxts\Application\Runtime\Cache\Admin\67497c3a2bf2951b752063fc54092cda.php 第 88 行.
NOTIC: [8] Undefined index: name D:\phpstudy_pro\WWW\wqxts\Application\Runtime\Cache\Admin\67497c3a2bf2951b752063fc54092cda.php 第 88 行.
NOTIC: [8] Undefined index: name D:\phpstudy_pro\WWW\wqxts\Application\Runtime\Cache\Admin\67497c3a2bf2951b752063fc54092cda.php 第 88 行.
NOTIC: [8] Undefined index: name D:\phpstudy_pro\WWW\wqxts\Application\Runtime\Cache\Admin\67497c3a2bf2951b752063fc54092cda.php 第 88 行.
NOTIC: [8] Undefined index: name D:\phpstudy_pro\WWW\wqxts\Application\Runtime\Cache\Admin\67497c3a2bf2951b752063fc54092cda.php 第 88 行.
NOTIC: [8] Undefined index: name D:\phpstudy_pro\WWW\wqxts\Application\Runtime\Cache\Admin\67497c3a2bf2951b752063fc54092cda.php 第 88 行.
NOTIC: [8] Undefined index: name D:\phpstudy_pro\WWW\wqxts\Application\Runtime\Cache\Admin\67497c3a2bf2951b752063fc54092cda.php 第 88 行.
NOTIC: [8] Undefined index: name D:\phpstudy_pro\WWW\wqxts\Application\Runtime\Cache\Admin\67497c3a2bf2951b752063fc54092cda.php 第 88 行.
NOTIC: [8] Undefined index: name D:\phpstudy_pro\WWW\wqxts\Application\Runtime\Cache\Admin\67497c3a2bf2951b752063fc54092cda.php 第 88 行.
NOTIC: [8] Undefined index: name D:\phpstudy_pro\WWW\wqxts\Application\Runtime\Cache\Admin\67497c3a2bf2951b752063fc54092cda.php 第 88 行.
NOTIC: [8] Undefined index: name D:\phpstudy_pro\WWW\wqxts\Application\Runtime\Cache\Admin\67497c3a2bf2951b752063fc54092cda.php 第 88 行.
NOTIC: [8] Undefined index: name D:\phpstudy_pro\WWW\wqxts\Application\Runtime\Cache\Admin\67497c3a2bf2951b752063fc54092cda.php 第 88 行.
NOTIC: [8] Undefined index: name D:\phpstudy_pro\WWW\wqxts\Application\Runtime\Cache\Admin\67497c3a2bf2951b752063fc54092cda.php 第 88 行.
NOTIC: [8] Undefined index: name D:\phpstudy_pro\WWW\wqxts\Application\Runtime\Cache\Admin\67497c3a2bf2951b752063fc54092cda.php 第 88 行.
NOTIC: [8] Undefined index: name D:\phpstudy_pro\WWW\wqxts\Application\Runtime\Cache\Admin\67497c3a2bf2951b752063fc54092cda.php 第 88 行.
INFO: Run Behavior\ParseTemplateBehavior [ RunTime:0.037002s ]
INFO: [ view_parse ] --END-- [ RunTime:0.037002s ]
INFO: [ view_filter ] --START--
INFO: Run Behavior\WriteHtmlCacheBehavior [ RunTime:0.003000s ]
INFO: [ view_filter ] --END-- [ RunTime:0.003000s ]
INFO: [ app_end ] --START--
INFO: Run Behavior\ShowPageTraceBehavior [ RunTime:0.003001s ]
INFO: [ app_end ] --END-- [ RunTime:0.003001s ]

[ 2019-12-18T14:09:13+08:00 ] 116.140.30.130 /index.php/Admin/users/zrrindex
INFO: [ app_init ] --START--
INFO: Run Behavior\BuildLiteBehavior [ RunTime:0.000000s ]
INFO: [ app_init ] --END-- [ RunTime:0.002000s ]
INFO: [ app_begin ] --START--
INFO: Run Behavior\ReadHtmlCacheBehavior [ RunTime:0.002000s ]
INFO: [ app_begin ] --END-- [ RunTime:0.002000s ]
SQL: SHOW COLUMNS FROM `model` [ RunTime:0.0030s ]
SQL: SELECT * FROM `model` WHERE `controller` = 'Users' AND `action` = 'zrrindex' LIMIT 1   [ RunTime:0.0020s ]
SQL: SELECT * FROM `model` WHERE `belongid` = 206 AND `level` = 3  [ RunTime:0.0010s ]
SQL: SHOW COLUMNS FROM `customer` [ RunTime:0.0030s ]
SQL: SELECT COUNT(*) AS tp_count FROM `customer` WHERE ( status=1 and usertype = 3 ) LIMIT 1   [ RunTime:0.0010s ]
NOTIC: [8] Undefined index: pagesize D:\phpstudy_pro\WWW\wqxts\Application\Admin\Controller\BaseController.class.php 第 191 行.
NOTIC: [8] Undefined index: pagesize D:\phpstudy_pro\WWW\wqxts\Application\Admin\Controller\BaseController.class.php 第 191 行.
NOTIC: [8] Undefined index: pagesize D:\phpstudy_pro\WWW\wqxts\Application\Admin\Controller\BaseController.class.php 第 191 行.
SQL: SHOW COLUMNS FROM `customer` [ RunTime:0.0030s ]
SQL: SELECT * FROM `customer` WHERE ( status=1 and usertype = 3 ) ORDER BY id LIMIT 0,15   [ RunTime:0.0020s ]
INFO: [ view_parse ] --START--
INFO: [ template_filter ] --START--
INFO: Run Behavior\ContentReplaceBehavior [ RunTime:0.000000s ]
INFO: [ template_filter ] --END-- [ RunTime:0.000000s ]
NOTIC: [8] Undefined index: tel D:\phpstudy_pro\WWW\wqxts\Application\Runtime\Cache\Admin\f73cbc3a68802379145ae35a40f210fb.php 第 48 行.
INFO: Run Behavior\ParseTemplateBehavior [ RunTime:0.024001s ]
INFO: [ view_parse ] --END-- [ RunTime:0.024001s ]
INFO: [ view_filter ] --START--
INFO: Run Behavior\WriteHtmlCacheBehavior [ RunTime:0.001001s ]
INFO: [ view_filter ] --END-- [ RunTime:0.001001s ]
INFO: [ app_end ] --START--
INFO: Run Behavior\ShowPageTraceBehavior [ RunTime:0.002000s ]
INFO: [ app_end ] --END-- [ RunTime:0.002000s ]

[ 2019-12-18T14:09:16+08:00 ] 116.140.30.130 /index.php/Admin/users/nsrindex
INFO: [ app_init ] --START--
INFO: Run Behavior\BuildLiteBehavior [ RunTime:0.000000s ]
INFO: [ app_init ] --END-- [ RunTime:0.003000s ]
INFO: [ app_begin ] --START--
INFO: Run Behavior\ReadHtmlCacheBehavior [ RunTime:0.003000s ]
INFO: [ app_begin ] --END-- [ RunTime:0.003000s ]
SQL: SHOW COLUMNS FROM `model` [ RunTime:0.0020s ]
SQL: SELECT * FROM `model` WHERE `controller` = 'Users' AND `action` = 'nsrindex' LIMIT 1   [ RunTime:0.0010s ]
SQL: SELECT * FROM `model` WHERE `belongid` = 211 AND `level` = 3  [ RunTime:0.0010s ]
SQL: SHOW COLUMNS FROM `customer` [ RunTime:0.0030s ]
SQL: SELECT COUNT(*) AS tp_count FROM `customer` WHERE ( status=1 and usertype = 1 ) LIMIT 1   [ RunTime:0.0010s ]
NOTIC: [8] Undefined index: pagesize D:\phpstudy_pro\WWW\wqxts\Application\Admin\Controller\BaseController.class.php 第 191 行.
NOTIC: [8] Undefined index: pagesize D:\phpstudy_pro\WWW\wqxts\Application\Admin\Controller\BaseController.class.php 第 191 行.
NOTIC: [8] Undefined index: pagesize D:\phpstudy_pro\WWW\wqxts\Application\Admin\Controller\BaseController.class.php 第 191 行.
SQL: SHOW COLUMNS FROM `customer` [ RunTime:0.0040s ]
SQL: SELECT * FROM `customer` WHERE ( status=1 and usertype = 1 ) ORDER BY id LIMIT 0,15   [ RunTime:0.0020s ]
INFO: [ view_parse ] --START--
INFO: [ template_filter ] --START--
INFO: Run Behavior\ContentReplaceBehavior [ RunTime:0.000000s ]
INFO: [ template_filter ] --END-- [ RunTime:0.001000s ]
NOTIC: [8] Undefined index: tel D:\phpstudy_pro\WWW\wqxts\Application\Runtime\Cache\Admin\0c2881e8ae22f524f92cebb37cb9f4f1.php 第 48 行.
INFO: Run Behavior\ParseTemplateBehavior [ RunTime:0.034002s ]
INFO: [ view_parse ] --END-- [ RunTime:0.034002s ]
INFO: [ view_filter ] --START--
INFO: Run Behavior\WriteHtmlCacheBehavior [ RunTime:0.002000s ]
INFO: [ view_filter ] --END-- [ RunTime:0.002000s ]
INFO: [ app_end ] --START--
INFO: Run Behavior\ShowPageTraceBehavior [ RunTime:0.003000s ]
INFO: [ app_end ] --END-- [ RunTime:0.003000s ]

[ 2019-12-18T14:09:19+08:00 ] 116.140.30.130 /index.php/Admin/sign/index
INFO: [ app_init ] --START--
INFO: Run Behavior\BuildLiteBehavior [ RunTime:0.000000s ]
INFO: [ app_init ] --END-- [ RunTime:0.002000s ]
INFO: [ app_begin ] --START--
INFO: Run Behavior\ReadHtmlCacheBehavior [ RunTime:0.003000s ]
INFO: [ app_begin ] --END-- [ RunTime:0.003000s ]
SQL: SHOW COLUMNS FROM `model` [ RunTime:0.0040s ]
SQL: SELECT * FROM `model` WHERE `controller` = 'Sign' AND `action` = 'index' LIMIT 1   [ RunTime:0.0020s ]
SQL: SELECT * FROM `model` WHERE `belongid` = 188 AND `level` = 3  [ RunTime:0.0020s ]
SQL: SHOW COLUMNS FROM `template` [ RunTime:0.0050s ]
SQL: SELECT COUNT(*) AS tp_count FROM `template` WHERE ( status=1 ) LIMIT 1   [ RunTime:0.0010s ]
NOTIC: [8] Undefined index: pagesize D:\phpstudy_pro\WWW\wqxts\Application\Admin\Controller\SignController.class.php 第 17 行.
NOTIC: [8] Undefined index: pagesize D:\phpstudy_pro\WWW\wqxts\Application\Admin\Controller\SignController.class.php 第 17 行.
NOTIC: [8] Undefined index: pagesize D:\phpstudy_pro\WWW\wqxts\Application\Admin\Controller\SignController.class.php 第 17 行.
SQL: SHOW COLUMNS FROM `template` [ RunTime:0.0030s ]
SQL: SELECT * FROM `template` WHERE ( status=1 ) LIMIT 0,15   [ RunTime:0.0010s ]
INFO: [ view_parse ] --START--
INFO: [ template_filter ] --START--
INFO: Run Behavior\ContentReplaceBehavior [ RunTime:0.001000s ]
INFO: [ template_filter ] --END-- [ RunTime:0.001000s ]
NOTIC: [8] Undefined variable: vo D:\phpstudy_pro\WWW\wqxts\Application\Runtime\Cache\Admin\97d3a8f85234720218287ed0a1c7f6ac.php 第 39 行.
NOTIC: [8] Undefined variable: vo D:\phpstudy_pro\WWW\wqxts\Application\Runtime\Cache\Admin\97d3a8f85234720218287ed0a1c7f6ac.php 第 39 行.
NOTIC: [8] Undefined variable: search D:\phpstudy_pro\WWW\wqxts\Application\Runtime\Cache\Admin\97d3a8f85234720218287ed0a1c7f6ac.php 第 48 行.
INFO: Run Behavior\ParseTemplateBehavior [ RunTime:0.034002s ]
INFO: [ view_parse ] --END-- [ RunTime:0.035002s ]
INFO: [ view_filter ] --START--
INFO: Run Behavior\WriteHtmlCacheBehavior [ RunTime:0.003001s ]
INFO: [ view_filter ] --END-- [ RunTime:0.003001s ]
INFO: [ app_end ] --START--
INFO: Run Behavior\ShowPageTraceBehavior [ RunTime:0.003000s ]
INFO: [ app_end ] --END-- [ RunTime:0.003000s ]

[ 2019-12-18T14:09:22+08:00 ] 116.140.30.130 /index.php/Admin/seal/index
INFO: [ app_init ] --START--
INFO: Run Behavior\BuildLiteBehavior [ RunTime:0.000000s ]
INFO: [ app_init ] --END-- [ RunTime:0.003000s ]
INFO: [ app_begin ] --START--
INFO: Run Behavior\ReadHtmlCacheBehavior [ RunTime:0.002000s ]
INFO: [ app_begin ] --END-- [ RunTime:0.002000s ]
SQL: SHOW COLUMNS FROM `model` [ RunTime:0.0040s ]
SQL: SELECT * FROM `model` WHERE `controller` = 'Seal' AND `action` = 'index' LIMIT 1   [ RunTime:0.0020s ]
SQL: SELECT * FROM `model` WHERE `belongid` = 177 AND `level` = 3  [ RunTime:0.0020s ]
SQL: SHOW COLUMNS FROM `seal` [ RunTime:0.0040s ]
NOTIC: [2] Invalid argument supplied for foreach() D:\phpstudy_pro\WWW\wqxts\ThinkPHP\Library\Think\Db\Driver.class.php 第 504 行.
SQL: SELECT COUNT(*) AS tp_count FROM `seal` LIMIT 1   [ RunTime:0.0010s ]
NOTIC: [8] Undefined index: pagesize D:\phpstudy_pro\WWW\wqxts\Application\Admin\Controller\BaseController.class.php 第 191 行.
NOTIC: [8] Undefined index: pagesize D:\phpstudy_pro\WWW\wqxts\Application\Admin\Controller\BaseController.class.php 第 191 行.
NOTIC: [8] Undefined index: pagesize D:\phpstudy_pro\WWW\wqxts\Application\Admin\Controller\BaseController.class.php 第 191 行.
SQL: SHOW COLUMNS FROM `seal` [ RunTime:0.0030s ]
NOTIC: [2] Invalid argument supplied for foreach() D:\phpstudy_pro\WWW\wqxts\ThinkPHP\Library\Think\Db\Driver.class.php 第 504 行.
SQL: SELECT * FROM `seal` ORDER BY orders desc LIMIT 0,15   [ RunTime:0.0010s ]
INFO: [ view_parse ] --START--
INFO: [ template_filter ] --START--
INFO: Run Behavior\ContentReplaceBehavior [ RunTime:0.000000s ]
INFO: [ template_filter ] --END-- [ RunTime:0.000000s ]
NOTIC: [8] Undefined variable: vo D:\phpstudy_pro\WWW\wqxts\Application\Runtime\Cache\Admin\5337c7bbe13c98ed61d4a68b7b49d16c.php 第 39 行.
NOTIC: [8] Undefined variable: vo D:\phpstudy_pro\WWW\wqxts\Application\Runtime\Cache\Admin\5337c7bbe13c98ed61d4a68b7b49d16c.php 第 39 行.
NOTIC: [8] Undefined variable: search D:\phpstudy_pro\WWW\wqxts\Application\Runtime\Cache\Admin\5337c7bbe13c98ed61d4a68b7b49d16c.php 第 48 行.
INFO: Run Behavior\ParseTemplateBehavior [ RunTime:0.036003s ]
INFO: [ view_parse ] --END-- [ RunTime:0.036003s ]
INFO: [ view_filter ] --START--
INFO: Run Behavior\WriteHtmlCacheBehavior [ RunTime:0.002000s ]
INFO: [ view_filter ] --END-- [ RunTime:0.002000s ]
INFO: [ app_end ] --START--
INFO: Run Behavior\ShowPageTraceBehavior [ RunTime:0.003000s ]
INFO: [ app_end ] --END-- [ RunTime:0.003000s ]

[ 2019-12-18T14:11:12+08:00 ] 116.140.30.130 /index.php/Admin/users/zrrindex
INFO: [ app_init ] --START--
INFO: Run Behavior\BuildLiteBehavior [ RunTime:0.000000s ]
INFO: [ app_init ] --END-- [ RunTime:0.003000s ]
INFO: [ app_begin ] --START--
INFO: Run Behavior\ReadHtmlCacheBehavior [ RunTime:0.003000s ]
INFO: [ app_begin ] --END-- [ RunTime:0.003000s ]
SQL: SHOW COLUMNS FROM `model` [ RunTime:0.0030s ]
SQL: SELECT * FROM `model` WHERE `controller` = 'Users' AND `action` = 'zrrindex' LIMIT 1   [ RunTime:0.0010s ]
SQL: SELECT * FROM `model` WHERE `belongid` = 206 AND `level` = 3  [ RunTime:0.0010s ]
SQL: SHOW COLUMNS FROM `customer` [ RunTime:0.0040s ]
SQL: SELECT COUNT(*) AS tp_count FROM `customer` WHERE ( status=1 and usertype = 3 ) LIMIT 1   [ RunTime:0.0010s ]
NOTIC: [8] Undefined index: pagesize D:\phpstudy_pro\WWW\wqxts\Application\Admin\Controller\BaseController.class.php 第 191 行.
NOTIC: [8] Undefined index: pagesize D:\phpstudy_pro\WWW\wqxts\Application\Admin\Controller\BaseController.class.php 第 191 行.
NOTIC: [8] Undefined index: pagesize D:\phpstudy_pro\WWW\wqxts\Application\Admin\Controller\BaseController.class.php 第 191 行.
SQL: SHOW COLUMNS FROM `customer` [ RunTime:0.0040s ]
SQL: SELECT * FROM `customer` WHERE ( status=1 and usertype = 3 ) ORDER BY id LIMIT 0,15   [ RunTime:0.0030s ]
INFO: [ view_parse ] --START--
INFO: [ template_filter ] --START--
INFO: Run Behavior\ContentReplaceBehavior [ RunTime:0.001000s ]
INFO: [ template_filter ] --END-- [ RunTime:0.001000s ]
NOTIC: [8] Undefined index: tel D:\phpstudy_pro\WWW\wqxts\Application\Runtime\Cache\Admin\f73cbc3a68802379145ae35a40f210fb.php 第 48 行.
INFO: Run Behavior\ParseTemplateBehavior [ RunTime:0.039003s ]
INFO: [ view_parse ] --END-- [ RunTime:0.039003s ]
INFO: [ view_filter ] --START--
INFO: Run Behavior\WriteHtmlCacheBehavior [ RunTime:0.003000s ]
INFO: [ view_filter ] --END-- [ RunTime:0.003000s ]
INFO: [ app_end ] --START--
INFO: Run Behavior\ShowPageTraceBehavior [ RunTime:0.003000s ]
INFO: [ app_end ] --END-- [ RunTime:0.003000s ]

[ 2019-12-18T14:11:14+08:00 ] 116.140.30.130 /index.php/Admin/users/index
INFO: [ app_init ] --START--
INFO: Run Behavior\BuildLiteBehavior [ RunTime:0.000000s ]
INFO: [ app_init ] --END-- [ RunTime:0.002000s ]
INFO: [ app_begin ] --START--
INFO: Run Behavior\ReadHtmlCacheBehavior [ RunTime:0.002000s ]
INFO: [ app_begin ] --END-- [ RunTime:0.002000s ]
SQL: SHOW COLUMNS FROM `model` [ RunTime:0.0040s ]
SQL: SELECT * FROM `model` WHERE `controller` = 'Users' AND `action` = 'index' LIMIT 1   [ RunTime:0.0020s ]
SQL: SELECT * FROM `model` WHERE `belongid` = 182 AND `level` = 3  [ RunTime:0.0010s ]
SQL: SHOW COLUMNS FROM `customer` [ RunTime:0.0040s ]
SQL: SELECT COUNT(*) AS tp_count FROM `customer` WHERE ( status=1 and usertype = 2 ) LIMIT 1   [ RunTime:0.0010s ]
NOTIC: [8] Undefined index: pagesize D:\phpstudy_pro\WWW\wqxts\Application\Admin\Controller\BaseController.class.php 第 191 行.
NOTIC: [8] Undefined index: pagesize D:\phpstudy_pro\WWW\wqxts\Application\Admin\Controller\BaseController.class.php 第 191 行.
NOTIC: [8] Undefined index: pagesize D:\phpstudy_pro\WWW\wqxts\Application\Admin\Controller\BaseController.class.php 第 191 行.
SQL: SHOW COLUMNS FROM `customer` [ RunTime:0.0040s ]
SQL: SELECT * FROM `customer` WHERE ( status=1 and usertype = 2 ) ORDER BY id LIMIT 0,15   [ RunTime:0.0020s ]
SQL: SHOW COLUMNS FROM `framework` [ RunTime:0.0040s ]
SQL: SELECT * FROM `framework` WHERE ( id='99' ) LIMIT 1   [ RunTime:0.0010s ]
SQL: SELECT * FROM `framework` WHERE ( id='99' ) LIMIT 1   [ RunTime:0.0010s ]
SQL: SELECT * FROM `framework` WHERE ( id='99' ) LIMIT 1   [ RunTime:0.0010s ]
SQL: SELECT * FROM `framework` WHERE ( id='99' ) LIMIT 1   [ RunTime:0.0010s ]
SQL: SELECT * FROM `framework` WHERE ( id='99' ) LIMIT 1   [ RunTime:0.0010s ]
SQL: SELECT * FROM `framework` WHERE ( id='99' ) LIMIT 1   [ RunTime:0.0010s ]
SQL: SELECT * FROM `framework` WHERE ( id='99' ) LIMIT 1   [ RunTime:0.0010s ]
SQL: SELECT * FROM `framework` WHERE ( id='99' ) LIMIT 1   [ RunTime:0.0000s ]
SQL: SELECT * FROM `framework` WHERE ( id='99' ) LIMIT 1   [ RunTime:0.0010s ]
SQL: SELECT * FROM `framework` WHERE ( id='99' ) LIMIT 1   [ RunTime:0.0010s ]
SQL: SELECT * FROM `framework` WHERE ( id='100' ) LIMIT 1   [ RunTime:0.0010s ]
SQL: SELECT * FROM `framework` WHERE ( id='100' ) LIMIT 1   [ RunTime:0.0010s ]
SQL: SELECT * FROM `framework` WHERE ( id='100' ) LIMIT 1   [ RunTime:0.0010s ]
SQL: SELECT * FROM `framework` WHERE ( id='100' ) LIMIT 1   [ RunTime:0.0010s ]
SQL: SELECT * FROM `framework` WHERE ( id='100' ) LIMIT 1   [ RunTime:0.0010s ]
INFO: [ view_parse ] --START--
INFO: [ template_filter ] --START--
INFO: Run Behavior\ContentReplaceBehavior [ RunTime:0.000000s ]
INFO: [ template_filter ] --END-- [ RunTime:0.000000s ]
NOTIC: [8] Undefined variable: vo D:\phpstudy_pro\WWW\wqxts\Application\Runtime\Cache\Admin\67497c3a2bf2951b752063fc54092cda.php 第 39 行.
NOTIC: [8] Undefined variable: vo D:\phpstudy_pro\WWW\wqxts\Application\Runtime\Cache\Admin\67497c3a2bf2951b752063fc54092cda.php 第 39 行.
NOTIC: [8] Undefined index: tel D:\phpstudy_pro\WWW\wqxts\Application\Runtime\Cache\Admin\67497c3a2bf2951b752063fc54092cda.php 第 48 行.
NOTIC: [8] Undefined index: name D:\phpstudy_pro\WWW\wqxts\Application\Runtime\Cache\Admin\67497c3a2bf2951b752063fc54092cda.php 第 88 行.
NOTIC: [8] Undefined index: name D:\phpstudy_pro\WWW\wqxts\Application\Runtime\Cache\Admin\67497c3a2bf2951b752063fc54092cda.php 第 88 行.
NOTIC: [8] Undefined index: name D:\phpstudy_pro\WWW\wqxts\Application\Runtime\Cache\Admin\67497c3a2bf2951b752063fc54092cda.php 第 88 行.
NOTIC: [8] Undefined index: name D:\phpstudy_pro\WWW\wqxts\Application\Runtime\Cache\Admin\67497c3a2bf2951b752063fc54092cda.php 第 88 行.
NOTIC: [8] Undefined index: name D:\phpstudy_pro\WWW\wqxts\Application\Runtime\Cache\Admin\67497c3a2bf2951b752063fc54092cda.php 第 88 行.
NOTIC: [8] Undefined index: name D:\phpstudy_pro\WWW\wqxts\Application\Runtime\Cache\Admin\67497c3a2bf2951b752063fc54092cda.php 第 88 行.
NOTIC: [8] Undefined index: name D:\phpstudy_pro\WWW\wqxts\Application\Runtime\Cache\Admin\67497c3a2bf2951b752063fc54092cda.php 第 88 行.
NOTIC: [8] Undefined index: name D:\phpstudy_pro\WWW\wqxts\Application\Runtime\Cache\Admin\67497c3a2bf2951b752063fc54092cda.php 第 88 行.
NOTIC: [8] Undefined index: name D:\phpstudy_pro\WWW\wqxts\Application\Runtime\Cache\Admin\67497c3a2bf2951b752063fc54092cda.php 第 88 行.
NOTIC: [8] Undefined index: name D:\phpstudy_pro\WWW\wqxts\Application\Runtime\Cache\Admin\67497c3a2bf2951b752063fc54092cda.php 第 88 行.
NOTIC: [8] Undefined index: name D:\phpstudy_pro\WWW\wqxts\Application\Runtime\Cache\Admin\67497c3a2bf2951b752063fc54092cda.php 第 88 行.
NOTIC: [8] Undefined index: name D:\phpstudy_pro\WWW\wqxts\Application\Runtime\Cache\Admin\67497c3a2bf2951b752063fc54092cda.php 第 88 行.
NOTIC: [8] Undefined index: name D:\phpstudy_pro\WWW\wqxts\Application\Runtime\Cache\Admin\67497c3a2bf2951b752063fc54092cda.php 第 88 行.
NOTIC: [8] Undefined index: name D:\phpstudy_pro\WWW\wqxts\Application\Runtime\Cache\Admin\67497c3a2bf2951b752063fc54092cda.php 第 88 行.
NOTIC: [8] Undefined index: name D:\phpstudy_pro\WWW\wqxts\Application\Runtime\Cache\Admin\67497c3a2bf2951b752063fc54092cda.php 第 88 行.
NOTIC: [8] Undefined index: name D:\phpstudy_pro\WWW\wqxts\Application\Runtime\Cache\Admin\67497c3a2bf2951b752063fc54092cda.php 第 88 行.
NOTIC: [8] Undefined index: name D:\phpstudy_pro\WWW\wqxts\Application\Runtime\Cache\Admin\67497c3a2bf2951b752063fc54092cda.php 第 88 行.
NOTIC: [8] Undefined index: name D:\phpstudy_pro\WWW\wqxts\Application\Runtime\Cache\Admin\67497c3a2bf2951b752063fc54092cda.php 第 88 行.
NOTIC: [8] Undefined index: name D:\phpstudy_pro\WWW\wqxts\Application\Runtime\Cache\Admin\67497c3a2bf2951b752063fc54092cda.php 第 88 行.
NOTIC: [8] Undefined index: name D:\phpstudy_pro\WWW\wqxts\Application\Runtime\Cache\Admin\67497c3a2bf2951b752063fc54092cda.php 第 88 行.
NOTIC: [8] Undefined index: name D:\phpstudy_pro\WWW\wqxts\Application\Runtime\Cache\Admin\67497c3a2bf2951b752063fc54092cda.php 第 88 行.
NOTIC: [8] Undefined index: name D:\phpstudy_pro\WWW\wqxts\Application\Runtime\Cache\Admin\67497c3a2bf2951b752063fc54092cda.php 第 88 行.
NOTIC: [8] Undefined index: name D:\phpstudy_pro\WWW\wqxts\Application\Runtime\Cache\Admin\67497c3a2bf2951b752063fc54092cda.php 第 88 行.
NOTIC: [8] Undefined index: name D:\phpstudy_pro\WWW\wqxts\Application\Runtime\Cache\Admin\67497c3a2bf2951b752063fc54092cda.php 第 88 行.
NOTIC: [8] Undefined index: name D:\phpstudy_pro\WWW\wqxts\Application\Runtime\Cache\Admin\67497c3a2bf2951b752063fc54092cda.php 第 88 行.
NOTIC: [8] Undefined index: name D:\phpstudy_pro\WWW\wqxts\Application\Runtime\Cache\Admin\67497c3a2bf2951b752063fc54092cda.php 第 88 行.
NOTIC: [8] Undefined index: name D:\phpstudy_pro\WWW\wqxts\Application\Runtime\Cache\Admin\67497c3a2bf2951b752063fc54092cda.php 第 88 行.
NOTIC: [8] Undefined index: name D:\phpstudy_pro\WWW\wqxts\Application\Runtime\Cache\Admin\67497c3a2bf2951b752063fc54092cda.php 第 88 行.
NOTIC: [8] Undefined index: name D:\phpstudy_pro\WWW\wqxts\Application\Runtime\Cache\Admin\67497c3a2bf2951b752063fc54092cda.php 第 88 行.
NOTIC: [8] Undefined index: name D:\phpstudy_pro\WWW\wqxts\Application\Runtime\Cache\Admin\67497c3a2bf2951b752063fc54092cda.php 第 88 行.
INFO: Run Behavior\ParseTemplateBehavior [ RunTime:0.033002s ]
INFO: [ view_parse ] --END-- [ RunTime:0.033002s ]
INFO: [ view_filter ] --START--
INFO: Run Behavior\WriteHtmlCacheBehavior [ RunTime:0.003000s ]
INFO: [ view_filter ] --END-- [ RunTime:0.003000s ]
INFO: [ app_end ] --START--
INFO: Run Behavior\ShowPageTraceBehavior [ RunTime:0.003001s ]
INFO: [ app_end ] --END-- [ RunTime:0.003001s ]

[ 2019-12-18T14:11:42+08:00 ] 116.140.30.130 /index.php/Admin/Login/index.html
INFO: [ app_init ] --START--
INFO: Run Behavior\BuildLiteBehavior [ RunTime:0.000000s ]
INFO: [ app_init ] --END-- [ RunTime:0.002000s ]
INFO: [ app_begin ] --START--
INFO: Run Behavior\ReadHtmlCacheBehavior [ RunTime:0.003000s ]
INFO: [ app_begin ] --END-- [ RunTime:0.003000s ]
INFO: [ view_parse ] --START--
INFO: [ template_filter ] --START--
INFO: Run Behavior\ContentReplaceBehavior [ RunTime:0.000000s ]
INFO: [ template_filter ] --END-- [ RunTime:0.000000s ]
INFO: Run Behavior\ParseTemplateBehavior [ RunTime:0.025001s ]
INFO: [ view_parse ] --END-- [ RunTime:0.025001s ]
INFO: [ view_filter ] --START--
INFO: Run Behavior\WriteHtmlCacheBehavior [ RunTime:0.002000s ]
INFO: [ view_filter ] --END-- [ RunTime:0.003000s ]
INFO: [ app_end ] --START--
INFO: Run Behavior\ShowPageTraceBehavior [ RunTime:0.003001s ]
INFO: [ app_end ] --END-- [ RunTime:0.004001s ]

[ 2019-12-18T14:11:58+08:00 ] 116.140.30.130 /index.php/Admin/Login/login
INFO: [ app_init ] --START--
INFO: Run Behavior\BuildLiteBehavior [ RunTime:0.000000s ]
INFO: [ app_init ] --END-- [ RunTime:0.002001s ]
INFO: [ app_begin ] --START--
INFO: Run Behavior\ReadHtmlCacheBehavior [ RunTime:0.003000s ]
INFO: [ app_begin ] --END-- [ RunTime:0.003000s ]
SQL: SHOW COLUMNS FROM `admin` [ RunTime:0.0050s ]
SQL: SELECT * FROM `admin` WHERE `username` = 'admin' AND `password` = '21232f297a57a5a743894a0e4a801fc3' LIMIT 1   [ RunTime:0.0020s ]
SQL: SHOW COLUMNS FROM `model` [ RunTime:0.0040s ]
SQL: SELECT * FROM `model`  [ RunTime:0.0020s ]
SQL: UPDATE `admin` SET `login_time`='1576649517',`login_ip`='116.140.30.130' WHERE `id` = 1 [ RunTime:0.0430s ]
SQL: SHOW COLUMNS FROM `error` [ RunTime:0.0050s ]
SQL: SELECT * FROM `error` WHERE `error_id` = 10002 LIMIT 1   [ RunTime:0.0010s ]

[ 2019-12-18T14:11:59+08:00 ] 116.140.30.130 /index.php/Admin/Index/index.html
INFO: [ app_init ] --START--
INFO: Run Behavior\BuildLiteBehavior [ RunTime:0.000000s ]
INFO: [ app_init ] --END-- [ RunTime:0.002000s ]
INFO: [ app_begin ] --START--
INFO: Run Behavior\ReadHtmlCacheBehavior [ RunTime:0.003000s ]
INFO: [ app_begin ] --END-- [ RunTime:0.003000s ]
SQL: SHOW COLUMNS FROM `model` [ RunTime:0.0040s ]
SQL: SELECT * FROM `model` WHERE `controller` = 'Index' AND `action` = 'index' LIMIT 1   [ RunTime:0.0020s ]
SQL: SELECT * FROM `model` WHERE `belongid` = null AND `level` = 3  [ RunTime:0.0020s ]
INFO: [ view_parse ] --START--
INFO: [ template_filter ] --START--
INFO: Run Behavior\ContentReplaceBehavior [ RunTime:0.001000s ]
INFO: [ template_filter ] --END-- [ RunTime:0.001000s ]
INFO: Run Behavior\ParseTemplateBehavior [ RunTime:0.029001s ]
INFO: [ view_parse ] --END-- [ RunTime:0.030001s ]
INFO: [ view_filter ] --START--
INFO: Run Behavior\WriteHtmlCacheBehavior [ RunTime:0.002001s ]
INFO: [ view_filter ] --END-- [ RunTime:0.002001s ]
INFO: [ app_end ] --START--
INFO: Run Behavior\ShowPageTraceBehavior [ RunTime:0.004000s ]
INFO: [ app_end ] --END-- [ RunTime:0.005000s ]

[ 2019-12-18T14:11:59+08:00 ] 116.140.30.130 /index.php/Admin/Index/welcome.html
INFO: [ app_init ] --START--
INFO: Run Behavior\BuildLiteBehavior [ RunTime:0.000000s ]
INFO: [ app_init ] --END-- [ RunTime:0.001000s ]
INFO: [ app_begin ] --START--
INFO: Run Behavior\ReadHtmlCacheBehavior [ RunTime:0.001000s ]
INFO: [ app_begin ] --END-- [ RunTime:0.002000s ]
SQL: SHOW COLUMNS FROM `model` [ RunTime:0.0030s ]
SQL: SELECT * FROM `model` WHERE `controller` = 'Index' AND `action` = 'welcome' LIMIT 1   [ RunTime:0.0010s ]
SQL: SELECT * FROM `model` WHERE `belongid` = null AND `level` = 3  [ RunTime:0.0010s ]
INFO: [ view_parse ] --START--
INFO: [ template_filter ] --START--
INFO: Run Behavior\ContentReplaceBehavior [ RunTime:0.000000s ]
INFO: [ template_filter ] --END-- [ RunTime:0.000000s ]
INFO: Run Behavior\ParseTemplateBehavior [ RunTime:0.024001s ]
INFO: [ view_parse ] --END-- [ RunTime:0.024001s ]
INFO: [ view_filter ] --START--
INFO: Run Behavior\WriteHtmlCacheBehavior [ RunTime:0.003000s ]
INFO: [ view_filter ] --END-- [ RunTime:0.003000s ]
INFO: [ app_end ] --START--
INFO: Run Behavior\ShowPageTraceBehavior [ RunTime:0.003001s ]
INFO: [ app_end ] --END-- [ RunTime:0.003001s ]

[ 2019-12-18T14:12:04+08:00 ] 116.140.30.130 /index.php/Admin/seal/index
INFO: [ app_init ] --START--
INFO: Run Behavior\BuildLiteBehavior [ RunTime:0.000000s ]
INFO: [ app_init ] --END-- [ RunTime:0.002000s ]
INFO: [ app_begin ] --START--
INFO: Run Behavior\ReadHtmlCacheBehavior [ RunTime:0.003000s ]
INFO: [ app_begin ] --END-- [ RunTime:0.003000s ]
SQL: SHOW COLUMNS FROM `model` [ RunTime:0.0040s ]
SQL: SELECT * FROM `model` WHERE `controller` = 'Seal' AND `action` = 'index' LIMIT 1   [ RunTime:0.0010s ]
SQL: SELECT * FROM `model` WHERE `belongid` = 177 AND `level` = 3  [ RunTime:0.0010s ]
SQL: SHOW COLUMNS FROM `seal` [ RunTime:0.0050s ]
NOTIC: [2] Invalid argument supplied for foreach() D:\phpstudy_pro\WWW\wqxts\ThinkPHP\Library\Think\Db\Driver.class.php 第 504 行.
SQL: SELECT COUNT(*) AS tp_count FROM `seal` LIMIT 1   [ RunTime:0.0020s ]
NOTIC: [8] Undefined index: pagesize D:\phpstudy_pro\WWW\wqxts\Application\Admin\Controller\BaseController.class.php 第 191 行.
NOTIC: [8] Undefined index: pagesize D:\phpstudy_pro\WWW\wqxts\Application\Admin\Controller\BaseController.class.php 第 191 行.
NOTIC: [8] Undefined index: pagesize D:\phpstudy_pro\WWW\wqxts\Application\Admin\Controller\BaseController.class.php 第 191 行.
SQL: SHOW COLUMNS FROM `seal` [ RunTime:0.0040s ]
NOTIC: [2] Invalid argument supplied for foreach() D:\phpstudy_pro\WWW\wqxts\ThinkPHP\Library\Think\Db\Driver.class.php 第 504 行.
SQL: SELECT * FROM `seal` ORDER BY orders desc LIMIT 0,15   [ RunTime:0.0020s ]
INFO: [ view_parse ] --START--
INFO: [ template_filter ] --START--
INFO: Run Behavior\ContentReplaceBehavior [ RunTime:0.000000s ]
INFO: [ template_filter ] --END-- [ RunTime:0.000000s ]
NOTIC: [8] Undefined variable: vo D:\phpstudy_pro\WWW\wqxts\Application\Runtime\Cache\Admin\5337c7bbe13c98ed61d4a68b7b49d16c.php 第 39 行.
NOTIC: [8] Undefined variable: vo D:\phpstudy_pro\WWW\wqxts\Application\Runtime\Cache\Admin\5337c7bbe13c98ed61d4a68b7b49d16c.php 第 39 行.
NOTIC: [8] Undefined variable: search D:\phpstudy_pro\WWW\wqxts\Application\Runtime\Cache\Admin\5337c7bbe13c98ed61d4a68b7b49d16c.php 第 48 行.
INFO: Run Behavior\ParseTemplateBehavior [ RunTime:0.035002s ]
INFO: [ view_parse ] --END-- [ RunTime:0.035002s ]
INFO: [ view_filter ] --START--
INFO: Run Behavior\WriteHtmlCacheBehavior [ RunTime:0.002001s ]
INFO: [ view_filter ] --END-- [ RunTime:0.002001s ]
INFO: [ app_end ] --START--
INFO: Run Behavior\ShowPageTraceBehavior [ RunTime:0.002000s ]
INFO: [ app_end ] --END-- [ RunTime:0.003000s ]

[ 2019-12-18T14:12:16+08:00 ] 116.140.30.130 /index.php/Admin/Seal/index/p/2.html
INFO: [ app_init ] --START--
INFO: Run Behavior\BuildLiteBehavior [ RunTime:0.000000s ]
INFO: [ app_init ] --END-- [ RunTime:0.002000s ]
INFO: [ app_begin ] --START--
INFO: Run Behavior\ReadHtmlCacheBehavior [ RunTime:0.003000s ]
INFO: [ app_begin ] --END-- [ RunTime:0.003000s ]
SQL: SHOW COLUMNS FROM `model` [ RunTime:0.0040s ]
SQL: SELECT * FROM `model` WHERE `controller` = 'Seal' AND `action` = 'index' LIMIT 1   [ RunTime:0.0010s ]
SQL: SELECT * FROM `model` WHERE `belongid` = 177 AND `level` = 3  [ RunTime:0.0010s ]
SQL: SHOW COLUMNS FROM `seal` [ RunTime:0.0040s ]
NOTIC: [2] Invalid argument supplied for foreach() D:\phpstudy_pro\WWW\wqxts\ThinkPHP\Library\Think\Db\Driver.class.php 第 504 行.
SQL: SELECT COUNT(*) AS tp_count FROM `seal` LIMIT 1   [ RunTime:0.0020s ]
NOTIC: [8] Undefined index: pagesize D:\phpstudy_pro\WWW\wqxts\Application\Admin\Controller\BaseController.class.php 第 191 行.
NOTIC: [8] Undefined index: pagesize D:\phpstudy_pro\WWW\wqxts\Application\Admin\Controller\BaseController.class.php 第 191 行.
NOTIC: [8] Undefined index: pagesize D:\phpstudy_pro\WWW\wqxts\Application\Admin\Controller\BaseController.class.php 第 191 行.
SQL: SHOW COLUMNS FROM `seal` [ RunTime:0.0040s ]
NOTIC: [2] Invalid argument supplied for foreach() D:\phpstudy_pro\WWW\wqxts\ThinkPHP\Library\Think\Db\Driver.class.php 第 504 行.
SQL: SELECT * FROM `seal` ORDER BY orders desc LIMIT 15,15   [ RunTime:0.0010s ]
INFO: [ view_parse ] --START--
INFO: [ template_filter ] --START--
INFO: Run Behavior\ContentReplaceBehavior [ RunTime:0.000000s ]
INFO: [ template_filter ] --END-- [ RunTime:0.000000s ]
NOTIC: [8] Undefined variable: vo D:\phpstudy_pro\WWW\wqxts\Application\Runtime\Cache\Admin\5337c7bbe13c98ed61d4a68b7b49d16c.php 第 39 行.
NOTIC: [8] Undefined variable: vo D:\phpstudy_pro\WWW\wqxts\Application\Runtime\Cache\Admin\5337c7bbe13c98ed61d4a68b7b49d16c.php 第 39 行.
NOTIC: [8] Undefined variable: search D:\phpstudy_pro\WWW\wqxts\Application\Runtime\Cache\Admin\5337c7bbe13c98ed61d4a68b7b49d16c.php 第 48 行.
INFO: Run Behavior\ParseTemplateBehavior [ RunTime:0.031002s ]
INFO: [ view_parse ] --END-- [ RunTime:0.031002s ]
INFO: [ view_filter ] --START--
INFO: Run Behavior\WriteHtmlCacheBehavior [ RunTime:0.001000s ]
INFO: [ view_filter ] --END-- [ RunTime:0.001000s ]
INFO: [ app_end ] --START--
INFO: Run Behavior\ShowPageTraceBehavior [ RunTime:0.002000s ]
INFO: [ app_end ] --END-- [ RunTime:0.002000s ]

