[ 2019-10-29T10:56:13+08:00 ] 119.119.64.13 /index.php/Admin/Login/index.html
INFO: [ app_init ] --START--
INFO: Run Behavior\BuildLiteBehavior [ RunTime:0.000000s ]
INFO: [ app_init ] --END-- [ RunTime:0.001000s ]
INFO: [ app_begin ] --START--
INFO: Run Behavior\ReadHtmlCacheBehavior [ RunTime:0.002000s ]
INFO: [ app_begin ] --END-- [ RunTime:0.002000s ]
INFO: [ view_parse ] --START--
INFO: [ template_filter ] --START--
INFO: Run Behavior\ContentReplaceBehavior [ RunTime:0.000000s ]
INFO: [ template_filter ] --END-- [ RunTime:0.000000s ]
INFO: Run Behavior\ParseTemplateBehavior [ RunTime:0.017001s ]
INFO: [ view_parse ] --END-- [ RunTime:0.017001s ]
INFO: [ view_filter ] --START--
INFO: Run Behavior\WriteHtmlCacheBehavior [ RunTime:0.002000s ]
INFO: [ view_filter ] --END-- [ RunTime:0.002000s ]
INFO: [ app_end ] --START--
INFO: Run Behavior\ShowPageTraceBehavior [ RunTime:0.002000s ]
INFO: [ app_end ] --END-- [ RunTime:0.002000s ]

[ 2019-10-29T10:56:18+08:00 ] 119.119.64.13 /index.php/Admin/Login/login
INFO: [ app_init ] --START--
INFO: Run Behavior\BuildLiteBehavior [ RunTime:0.000000s ]
INFO: [ app_init ] --END-- [ RunTime:0.001001s ]
INFO: [ app_begin ] --START--
INFO: Run Behavior\ReadHtmlCacheBehavior [ RunTime:0.006000s ]
INFO: [ app_begin ] --END-- [ RunTime:0.006000s ]
SQL: SHOW COLUMNS FROM `admin` [ RunTime:0.0040s ]
SQL: SELECT * FROM `admin` WHERE `username` = 'admin' AND `password` = '21232f297a57a5a743894a0e4a801fc3' LIMIT 1   [ RunTime:0.0320s ]
SQL: SHOW COLUMNS FROM `model` [ RunTime:0.0050s ]
SQL: SELECT * FROM `model`  [ RunTime:0.0230s ]
SQL: UPDATE `admin` SET `login_time`='1572317778',`login_ip`='119.119.64.13' WHERE `id` = 1 [ RunTime:0.0360s ]
SQL: SHOW COLUMNS FROM `error` [ RunTime:0.0030s ]
SQL: SELECT * FROM `error` WHERE `error_id` = 10002 LIMIT 1   [ RunTime:0.0230s ]

[ 2019-10-29T10:56:20+08:00 ] 119.119.64.13 /index.php/Admin/Index/index.html
INFO: [ app_init ] --START--
INFO: Run Behavior\BuildLiteBehavior [ RunTime:0.000000s ]
INFO: [ app_init ] --END-- [ RunTime:0.001000s ]
INFO: [ app_begin ] --START--
INFO: Run Behavior\ReadHtmlCacheBehavior [ RunTime:0.003001s ]
INFO: [ app_begin ] --END-- [ RunTime:0.003001s ]
SQL: SHOW COLUMNS FROM `model` [ RunTime:0.0030s ]
SQL: SELECT * FROM `model` WHERE `controller` = 'Index' AND `action` = 'index' LIMIT 1   [ RunTime:0.0010s ]
SQL: SELECT * FROM `model` WHERE `belongid` = null AND `level` = 3  [ RunTime:0.0010s ]
INFO: [ view_parse ] --START--
INFO: [ template_filter ] --START--
INFO: Run Behavior\ContentReplaceBehavior [ RunTime:0.000000s ]
INFO: [ template_filter ] --END-- [ RunTime:0.000000s ]
INFO: Run Behavior\ParseTemplateBehavior [ RunTime:0.018001s ]
INFO: [ view_parse ] --END-- [ RunTime:0.018001s ]
INFO: [ view_filter ] --START--
INFO: Run Behavior\WriteHtmlCacheBehavior [ RunTime:0.001000s ]
INFO: [ view_filter ] --END-- [ RunTime:0.001000s ]
INFO: [ app_end ] --START--
INFO: Run Behavior\ShowPageTraceBehavior [ RunTime:0.001000s ]
INFO: [ app_end ] --END-- [ RunTime:0.002000s ]

[ 2019-10-29T10:56:20+08:00 ] 119.119.64.13 /index.php/Admin/Index/welcome.html
INFO: [ app_init ] --START--
INFO: Run Behavior\BuildLiteBehavior [ RunTime:0.000000s ]
INFO: [ app_init ] --END-- [ RunTime:0.001000s ]
INFO: [ app_begin ] --START--
INFO: Run Behavior\ReadHtmlCacheBehavior [ RunTime:0.003000s ]
INFO: [ app_begin ] --END-- [ RunTime:0.003000s ]
SQL: SHOW COLUMNS FROM `model` [ RunTime:0.0040s ]
SQL: SELECT * FROM `model` WHERE `controller` = 'Index' AND `action` = 'welcome' LIMIT 1   [ RunTime:0.0020s ]
SQL: SELECT * FROM `model` WHERE `belongid` = null AND `level` = 3  [ RunTime:0.0010s ]
INFO: [ view_parse ] --START--
INFO: [ template_filter ] --START--
INFO: Run Behavior\ContentReplaceBehavior [ RunTime:0.000000s ]
INFO: [ template_filter ] --END-- [ RunTime:0.000000s ]
INFO: Run Behavior\ParseTemplateBehavior [ RunTime:0.014001s ]
INFO: [ view_parse ] --END-- [ RunTime:0.014001s ]
INFO: [ view_filter ] --START--
INFO: Run Behavior\WriteHtmlCacheBehavior [ RunTime:0.001000s ]
INFO: [ view_filter ] --END-- [ RunTime:0.001000s ]
INFO: [ app_end ] --START--
INFO: Run Behavior\ShowPageTraceBehavior [ RunTime:0.002000s ]
INFO: [ app_end ] --END-- [ RunTime:0.002000s ]

[ 2019-10-29T10:56:24+08:00 ] 119.119.64.13 /index.php/Admin/sign/index
INFO: [ app_init ] --START--
INFO: Run Behavior\BuildLiteBehavior [ RunTime:0.000000s ]
INFO: [ app_init ] --END-- [ RunTime:0.001000s ]
INFO: [ app_begin ] --START--
INFO: Run Behavior\ReadHtmlCacheBehavior [ RunTime:0.002000s ]
INFO: [ app_begin ] --END-- [ RunTime:0.002000s ]
SQL: SHOW COLUMNS FROM `model` [ RunTime:0.0040s ]
SQL: SELECT * FROM `model` WHERE `controller` = 'Sign' AND `action` = 'index' LIMIT 1   [ RunTime:0.0010s ]
SQL: SELECT * FROM `model` WHERE `belongid` = 188 AND `level` = 3  [ RunTime:0.0010s ]
SQL: SHOW COLUMNS FROM `template` [ RunTime:0.0050s ]
SQL: SELECT COUNT(*) AS tp_count FROM `template` WHERE ( status=1 ) LIMIT 1   [ RunTime:0.0010s ]
NOTIC: [8] Undefined index: pagesize D:\phpstudy_pro\WWW\wqxts\Application\Admin\Controller\SignController.class.php 第 17 行.
NOTIC: [8] Undefined index: pagesize D:\phpstudy_pro\WWW\wqxts\Application\Admin\Controller\SignController.class.php 第 17 行.
NOTIC: [8] Undefined index: pagesize D:\phpstudy_pro\WWW\wqxts\Application\Admin\Controller\SignController.class.php 第 17 行.
SQL: SHOW COLUMNS FROM `template` [ RunTime:0.0040s ]
SQL: SELECT * FROM `template` WHERE ( status=1 ) LIMIT 0,15   [ RunTime:0.0010s ]
INFO: [ view_parse ] --START--
INFO: [ template_filter ] --START--
INFO: Run Behavior\ContentReplaceBehavior [ RunTime:0.000000s ]
INFO: [ template_filter ] --END-- [ RunTime:0.001000s ]
NOTIC: [8] Undefined variable: vo D:\phpstudy_pro\WWW\wqxts\Application\Runtime\Cache\Admin\97d3a8f85234720218287ed0a1c7f6ac.php 第 39 行.
NOTIC: [8] Undefined variable: vo D:\phpstudy_pro\WWW\wqxts\Application\Runtime\Cache\Admin\97d3a8f85234720218287ed0a1c7f6ac.php 第 39 行.
NOTIC: [8] Undefined variable: search D:\phpstudy_pro\WWW\wqxts\Application\Runtime\Cache\Admin\97d3a8f85234720218287ed0a1c7f6ac.php 第 48 行.
INFO: Run Behavior\ParseTemplateBehavior [ RunTime:0.036002s ]
INFO: [ view_parse ] --END-- [ RunTime:0.036002s ]
INFO: [ view_filter ] --START--
INFO: Run Behavior\WriteHtmlCacheBehavior [ RunTime:0.001000s ]
INFO: [ view_filter ] --END-- [ RunTime:0.001000s ]
INFO: [ app_end ] --START--
INFO: Run Behavior\ShowPageTraceBehavior [ RunTime:0.002000s ]
INFO: [ app_end ] --END-- [ RunTime:0.002000s ]

[ 2019-10-29T10:56:26+08:00 ] 119.119.64.13 /index.php/Admin/swwscolumn/index
INFO: [ app_init ] --START--
INFO: Run Behavior\BuildLiteBehavior [ RunTime:0.000000s ]
INFO: [ app_init ] --END-- [ RunTime:0.001000s ]
INFO: [ app_begin ] --START--
INFO: Run Behavior\ReadHtmlCacheBehavior [ RunTime:0.001001s ]
INFO: [ app_begin ] --END-- [ RunTime:0.001001s ]
SQL: SHOW COLUMNS FROM `model` [ RunTime:0.0030s ]
SQL: SELECT * FROM `model` WHERE `controller` = 'Swwscolumn' AND `action` = 'index' LIMIT 1   [ RunTime:0.0010s ]
SQL: SELECT * FROM `model` WHERE `belongid` = 193 AND `level` = 3  [ RunTime:0.0010s ]
SQL: SHOW COLUMNS FROM `swwscolumn` [ RunTime:0.0040s ]
SQL: SELECT * FROM `swwscolumn` WHERE ( 1 )  [ RunTime:0.0180s ]
INFO: [ view_parse ] --START--
INFO: [ template_filter ] --START--
INFO: Run Behavior\ContentReplaceBehavior [ RunTime:0.001000s ]
INFO: [ template_filter ] --END-- [ RunTime:0.001000s ]
NOTIC: [8] Undefined variable: vo D:\phpstudy_pro\WWW\wqxts\Application\Runtime\Cache\Admin\162b60001986f7295eee05f5c8cc78bc.php 第 39 行.
NOTIC: [8] Undefined variable: vo D:\phpstudy_pro\WWW\wqxts\Application\Runtime\Cache\Admin\162b60001986f7295eee05f5c8cc78bc.php 第 39 行.
NOTIC: [8] Undefined index: tel D:\phpstudy_pro\WWW\wqxts\Application\Runtime\Cache\Admin\162b60001986f7295eee05f5c8cc78bc.php 第 48 行.
NOTIC: [8] Undefined variable: count D:\phpstudy_pro\WWW\wqxts\Application\Runtime\Cache\Admin\162b60001986f7295eee05f5c8cc78bc.php 第 85 行.
NOTIC: [8] Undefined variable: pagesize D:\phpstudy_pro\WWW\wqxts\Application\Runtime\Cache\Admin\162b60001986f7295eee05f5c8cc78bc.php 第 86 行.
NOTIC: [8] Undefined variable: page D:\phpstudy_pro\WWW\wqxts\Application\Runtime\Cache\Admin\162b60001986f7295eee05f5c8cc78bc.php 第 88 行.
INFO: Run Behavior\ParseTemplateBehavior [ RunTime:0.038002s ]
INFO: [ view_parse ] --END-- [ RunTime:0.039002s ]
INFO: [ view_filter ] --START--
INFO: Run Behavior\WriteHtmlCacheBehavior [ RunTime:0.002001s ]
INFO: [ view_filter ] --END-- [ RunTime:0.002001s ]
INFO: [ app_end ] --START--
INFO: Run Behavior\ShowPageTraceBehavior [ RunTime:0.002000s ]
INFO: [ app_end ] --END-- [ RunTime:0.002000s ]

[ 2019-10-29T10:56:28+08:00 ] 119.119.64.13 /index.php/Admin/swws/index
INFO: [ app_init ] --START--
INFO: Run Behavior\BuildLiteBehavior [ RunTime:0.000000s ]
INFO: [ app_init ] --END-- [ RunTime:0.001001s ]
INFO: [ app_begin ] --START--
INFO: Run Behavior\ReadHtmlCacheBehavior [ RunTime:0.001000s ]
INFO: [ app_begin ] --END-- [ RunTime:0.002000s ]
SQL: SHOW COLUMNS FROM `model` [ RunTime:0.0030s ]
SQL: SELECT * FROM `model` WHERE `controller` = 'Swws' AND `action` = 'index' LIMIT 1   [ RunTime:0.0010s ]
SQL: SELECT * FROM `model` WHERE `belongid` = 197 AND `level` = 3  [ RunTime:0.0010s ]
SQL: SHOW COLUMNS FROM `swws` [ RunTime:0.0040s ]
SQL: SELECT COUNT(*) AS tp_count FROM `swws` WHERE ( 1 ) LIMIT 1   [ RunTime:0.0060s ]
NOTIC: [8] Undefined index: pagesize D:\phpstudy_pro\WWW\wqxts\Application\Admin\Controller\BaseController.class.php 第 191 行.
NOTIC: [8] Undefined index: pagesize D:\phpstudy_pro\WWW\wqxts\Application\Admin\Controller\BaseController.class.php 第 191 行.
NOTIC: [8] Undefined index: pagesize D:\phpstudy_pro\WWW\wqxts\Application\Admin\Controller\BaseController.class.php 第 191 行.
SQL: SHOW COLUMNS FROM `swws` [ RunTime:0.0030s ]
SQL: SELECT * FROM `swws` WHERE ( 1 ) ORDER BY id desc LIMIT 0,15   [ RunTime:0.0010s ]
SQL: SHOW COLUMNS FROM `swwscolumn` [ RunTime:0.0030s ]
SQL: SELECT * FROM `swwscolumn` WHERE ( id='7' ) LIMIT 1   [ RunTime:0.0010s ]
SQL: SELECT * FROM `swwscolumn` WHERE ( id='7' ) LIMIT 1   [ RunTime:0.0000s ]
SQL: SELECT * FROM `swwscolumn` WHERE ( id='7' ) LIMIT 1   [ RunTime:0.0010s ]
SQL: SELECT * FROM `swwscolumn` WHERE ( id='1' ) LIMIT 1   [ RunTime:0.0010s ]
SQL: SELECT * FROM `swwscolumn` WHERE ( id='1' ) LIMIT 1   [ RunTime:0.0010s ]
SQL: SELECT * FROM `swwscolumn` WHERE ( id='1' ) LIMIT 1   [ RunTime:0.0010s ]
SQL: SELECT * FROM `swwscolumn` WHERE ( id='1' ) LIMIT 1   [ RunTime:0.0000s ]
SQL: SELECT * FROM `swwscolumn` WHERE ( id='6' ) LIMIT 1   [ RunTime:0.0000s ]
INFO: [ view_parse ] --START--
INFO: [ template_filter ] --START--
INFO: Run Behavior\ContentReplaceBehavior [ RunTime:0.000000s ]
INFO: [ template_filter ] --END-- [ RunTime:0.001000s ]
NOTIC: [8] Undefined variable: vo D:\phpstudy_pro\WWW\wqxts\Application\Runtime\Cache\Admin\1e815d2f6fc78b405a6d219254634115.php 第 39 行.
NOTIC: [8] Undefined variable: vo D:\phpstudy_pro\WWW\wqxts\Application\Runtime\Cache\Admin\1e815d2f6fc78b405a6d219254634115.php 第 39 行.
NOTIC: [8] Undefined index: tel D:\phpstudy_pro\WWW\wqxts\Application\Runtime\Cache\Admin\1e815d2f6fc78b405a6d219254634115.php 第 48 行.
INFO: Run Behavior\ParseTemplateBehavior [ RunTime:0.024001s ]
INFO: [ view_parse ] --END-- [ RunTime:0.024001s ]
INFO: [ view_filter ] --START--
INFO: Run Behavior\WriteHtmlCacheBehavior [ RunTime:0.001000s ]
INFO: [ view_filter ] --END-- [ RunTime:0.001000s ]
INFO: [ app_end ] --START--
INFO: Run Behavior\ShowPageTraceBehavior [ RunTime:0.001000s ]
INFO: [ app_end ] --END-- [ RunTime:0.001000s ]

[ 2019-10-29T10:56:35+08:00 ] 119.119.64.13 /index.php/Admin/Menu/index
INFO: [ app_init ] --START--
INFO: Run Behavior\BuildLiteBehavior [ RunTime:0.000000s ]
INFO: [ app_init ] --END-- [ RunTime:0.004000s ]
INFO: [ app_begin ] --START--
INFO: Run Behavior\ReadHtmlCacheBehavior [ RunTime:0.006001s ]
INFO: [ app_begin ] --END-- [ RunTime:0.006001s ]
SQL: SHOW COLUMNS FROM `model` [ RunTime:0.0020s ]
SQL: SELECT * FROM `model` WHERE `controller` = 'Menu' AND `action` = 'index' LIMIT 1   [ RunTime:0.0010s ]
SQL: SELECT * FROM `model` WHERE `belongid` = 6 AND `level` = 3  [ RunTime:0.0000s ]
SQL: SHOW COLUMNS FROM `model` [ RunTime:0.0020s ]
SQL: SELECT COUNT(*) AS tp_count FROM `model` WHERE `level` <> 0 LIMIT 1   [ RunTime:0.0010s ]
NOTIC: [8] Undefined index: pagesize D:\phpstudy_pro\WWW\wqxts\Application\Admin\Controller\MenuController.class.php 第 19 行.
NOTIC: [8] Undefined index: pagesize D:\phpstudy_pro\WWW\wqxts\Application\Admin\Controller\MenuController.class.php 第 19 行.
NOTIC: [8] Undefined index: pagesize D:\phpstudy_pro\WWW\wqxts\Application\Admin\Controller\MenuController.class.php 第 19 行.
SQL: SELECT * FROM `model` WHERE `level` <> 0 ORDER BY id DESC LIMIT 0,999   [ RunTime:0.0010s ]
INFO: [ view_parse ] --START--
INFO: [ template_filter ] --START--
INFO: Run Behavior\ContentReplaceBehavior [ RunTime:0.000000s ]
INFO: [ template_filter ] --END-- [ RunTime:0.000000s ]
NOTIC: [8] Undefined variable: vo D:\phpstudy_pro\WWW\wqxts\Application\Runtime\Cache\Admin\b956215329b6f9aca22277599a4efdfc.php 第 39 行.
NOTIC: [8] Undefined variable: vo D:\phpstudy_pro\WWW\wqxts\Application\Runtime\Cache\Admin\b956215329b6f9aca22277599a4efdfc.php 第 39 行.
NOTIC: [8] Undefined index: username D:\phpstudy_pro\WWW\wqxts\Application\Runtime\Cache\Admin\b956215329b6f9aca22277599a4efdfc.php 第 87 行.
NOTIC: [8] Undefined index: username D:\phpstudy_pro\WWW\wqxts\Application\Runtime\Cache\Admin\b956215329b6f9aca22277599a4efdfc.php 第 87 行.
NOTIC: [8] Undefined index: username D:\phpstudy_pro\WWW\wqxts\Application\Runtime\Cache\Admin\b956215329b6f9aca22277599a4efdfc.php 第 87 行.
NOTIC: [8] Undefined index: username D:\phpstudy_pro\WWW\wqxts\Application\Runtime\Cache\Admin\b956215329b6f9aca22277599a4efdfc.php 第 87 行.
NOTIC: [8] Undefined index: username D:\phpstudy_pro\WWW\wqxts\Application\Runtime\Cache\Admin\b956215329b6f9aca22277599a4efdfc.php 第 87 行.
NOTIC: [8] Undefined index: username D:\phpstudy_pro\WWW\wqxts\Application\Runtime\Cache\Admin\b956215329b6f9aca22277599a4efdfc.php 第 87 行.
NOTIC: [8] Undefined index: username D:\phpstudy_pro\WWW\wqxts\Application\Runtime\Cache\Admin\b956215329b6f9aca22277599a4efdfc.php 第 87 行.
NOTIC: [8] Undefined index: username D:\phpstudy_pro\WWW\wqxts\Application\Runtime\Cache\Admin\b956215329b6f9aca22277599a4efdfc.php 第 87 行.
NOTIC: [8] Undefined index: username D:\phpstudy_pro\WWW\wqxts\Application\Runtime\Cache\Admin\b956215329b6f9aca22277599a4efdfc.php 第 87 行.
NOTIC: [8] Undefined index: username D:\phpstudy_pro\WWW\wqxts\Application\Runtime\Cache\Admin\b956215329b6f9aca22277599a4efdfc.php 第 87 行.
NOTIC: [8] Undefined index: username D:\phpstudy_pro\WWW\wqxts\Application\Runtime\Cache\Admin\b956215329b6f9aca22277599a4efdfc.php 第 87 行.
NOTIC: [8] Undefined index: username D:\phpstudy_pro\WWW\wqxts\Application\Runtime\Cache\Admin\b956215329b6f9aca22277599a4efdfc.php 第 87 行.
NOTIC: [8] Undefined index: username D:\phpstudy_pro\WWW\wqxts\Application\Runtime\Cache\Admin\b956215329b6f9aca22277599a4efdfc.php 第 87 行.
NOTIC: [8] Undefined index: username D:\phpstudy_pro\WWW\wqxts\Application\Runtime\Cache\Admin\b956215329b6f9aca22277599a4efdfc.php 第 87 行.
NOTIC: [8] Undefined index: username D:\phpstudy_pro\WWW\wqxts\Application\Runtime\Cache\Admin\b956215329b6f9aca22277599a4efdfc.php 第 87 行.
NOTIC: [8] Undefined index: username D:\phpstudy_pro\WWW\wqxts\Application\Runtime\Cache\Admin\b956215329b6f9aca22277599a4efdfc.php 第 87 行.
NOTIC: [8] Undefined index: username D:\phpstudy_pro\WWW\wqxts\Application\Runtime\Cache\Admin\b956215329b6f9aca22277599a4efdfc.php 第 87 行.
NOTIC: [8] Undefined index: username D:\phpstudy_pro\WWW\wqxts\Application\Runtime\Cache\Admin\b956215329b6f9aca22277599a4efdfc.php 第 87 行.
NOTIC: [8] Undefined index: username D:\phpstudy_pro\WWW\wqxts\Application\Runtime\Cache\Admin\b956215329b6f9aca22277599a4efdfc.php 第 87 行.
NOTIC: [8] Undefined index: username D:\phpstudy_pro\WWW\wqxts\Application\Runtime\Cache\Admin\b956215329b6f9aca22277599a4efdfc.php 第 87 行.
NOTIC: [8] Undefined index: username D:\phpstudy_pro\WWW\wqxts\Application\Runtime\Cache\Admin\b956215329b6f9aca22277599a4efdfc.php 第 87 行.
NOTIC: [8] Undefined index: username D:\phpstudy_pro\WWW\wqxts\Application\Runtime\Cache\Admin\b956215329b6f9aca22277599a4efdfc.php 第 87 行.
NOTIC: [8] Undefined index: username D:\phpstudy_pro\WWW\wqxts\Application\Runtime\Cache\Admin\b956215329b6f9aca22277599a4efdfc.php 第 87 行.
NOTIC: [8] Undefined index: username D:\phpstudy_pro\WWW\wqxts\Application\Runtime\Cache\Admin\b956215329b6f9aca22277599a4efdfc.php 第 87 行.
NOTIC: [8] Undefined index: username D:\phpstudy_pro\WWW\wqxts\Application\Runtime\Cache\Admin\b956215329b6f9aca22277599a4efdfc.php 第 87 行.
NOTIC: [8] Undefined index: username D:\phpstudy_pro\WWW\wqxts\Application\Runtime\Cache\Admin\b956215329b6f9aca22277599a4efdfc.php 第 87 行.
NOTIC: [8] Undefined index: username D:\phpstudy_pro\WWW\wqxts\Application\Runtime\Cache\Admin\b956215329b6f9aca22277599a4efdfc.php 第 87 行.
NOTIC: [8] Undefined index: username D:\phpstudy_pro\WWW\wqxts\Application\Runtime\Cache\Admin\b956215329b6f9aca22277599a4efdfc.php 第 87 行.
NOTIC: [8] Undefined index: username D:\phpstudy_pro\WWW\wqxts\Application\Runtime\Cache\Admin\b956215329b6f9aca22277599a4efdfc.php 第 87 行.
NOTIC: [8] Undefined index: username D:\phpstudy_pro\WWW\wqxts\Application\Runtime\Cache\Admin\b956215329b6f9aca22277599a4efdfc.php 第 87 行.
NOTIC: [8] Undefined index: username D:\phpstudy_pro\WWW\wqxts\Application\Runtime\Cache\Admin\b956215329b6f9aca22277599a4efdfc.php 第 87 行.
NOTIC: [8] Undefined index: username D:\phpstudy_pro\WWW\wqxts\Application\Runtime\Cache\Admin\b956215329b6f9aca22277599a4efdfc.php 第 87 行.
NOTIC: [8] Undefined index: username D:\phpstudy_pro\WWW\wqxts\Application\Runtime\Cache\Admin\b956215329b6f9aca22277599a4efdfc.php 第 87 行.
NOTIC: [8] Undefined index: username D:\phpstudy_pro\WWW\wqxts\Application\Runtime\Cache\Admin\b956215329b6f9aca22277599a4efdfc.php 第 87 行.
NOTIC: [8] Undefined index: username D:\phpstudy_pro\WWW\wqxts\Application\Runtime\Cache\Admin\b956215329b6f9aca22277599a4efdfc.php 第 87 行.
NOTIC: [8] Undefined index: username D:\phpstudy_pro\WWW\wqxts\Application\Runtime\Cache\Admin\b956215329b6f9aca22277599a4efdfc.php 第 87 行.
NOTIC: [8] Undefined index: username D:\phpstudy_pro\WWW\wqxts\Application\Runtime\Cache\Admin\b956215329b6f9aca22277599a4efdfc.php 第 87 行.
NOTIC: [8] Undefined index: username D:\phpstudy_pro\WWW\wqxts\Application\Runtime\Cache\Admin\b956215329b6f9aca22277599a4efdfc.php 第 87 行.
NOTIC: [8] Undefined index: username D:\phpstudy_pro\WWW\wqxts\Application\Runtime\Cache\Admin\b956215329b6f9aca22277599a4efdfc.php 第 87 行.
NOTIC: [8] Undefined index: username D:\phpstudy_pro\WWW\wqxts\Application\Runtime\Cache\Admin\b956215329b6f9aca22277599a4efdfc.php 第 87 行.
NOTIC: [8] Undefined index: username D:\phpstudy_pro\WWW\wqxts\Application\Runtime\Cache\Admin\b956215329b6f9aca22277599a4efdfc.php 第 87 行.
NOTIC: [8] Undefined index: username D:\phpstudy_pro\WWW\wqxts\Application\Runtime\Cache\Admin\b956215329b6f9aca22277599a4efdfc.php 第 87 行.
NOTIC: [8] Undefined index: username D:\phpstudy_pro\WWW\wqxts\Application\Runtime\Cache\Admin\b956215329b6f9aca22277599a4efdfc.php 第 87 行.
NOTIC: [8] Undefined index: username D:\phpstudy_pro\WWW\wqxts\Application\Runtime\Cache\Admin\b956215329b6f9aca22277599a4efdfc.php 第 87 行.
NOTIC: [8] Undefined index: username D:\phpstudy_pro\WWW\wqxts\Application\Runtime\Cache\Admin\b956215329b6f9aca22277599a4efdfc.php 第 87 行.
NOTIC: [8] Undefined index: username D:\phpstudy_pro\WWW\wqxts\Application\Runtime\Cache\Admin\b956215329b6f9aca22277599a4efdfc.php 第 87 行.
NOTIC: [8] Undefined index: username D:\phpstudy_pro\WWW\wqxts\Application\Runtime\Cache\Admin\b956215329b6f9aca22277599a4efdfc.php 第 87 行.
NOTIC: [8] Undefined index: username D:\phpstudy_pro\WWW\wqxts\Application\Runtime\Cache\Admin\b956215329b6f9aca22277599a4efdfc.php 第 87 行.
NOTIC: [8] Undefined index: username D:\phpstudy_pro\WWW\wqxts\Application\Runtime\Cache\Admin\b956215329b6f9aca22277599a4efdfc.php 第 87 行.
NOTIC: [8] Undefined index: username D:\phpstudy_pro\WWW\wqxts\Application\Runtime\Cache\Admin\b956215329b6f9aca22277599a4efdfc.php 第 87 行.
NOTIC: [8] Undefined index: username D:\phpstudy_pro\WWW\wqxts\Application\Runtime\Cache\Admin\b956215329b6f9aca22277599a4efdfc.php 第 87 行.
NOTIC: [8] Undefined index: username D:\phpstudy_pro\WWW\wqxts\Application\Runtime\Cache\Admin\b956215329b6f9aca22277599a4efdfc.php 第 87 行.
NOTIC: [8] Undefined index: username D:\phpstudy_pro\WWW\wqxts\Application\Runtime\Cache\Admin\b956215329b6f9aca22277599a4efdfc.php 第 87 行.
NOTIC: [8] Undefined index: username D:\phpstudy_pro\WWW\wqxts\Application\Runtime\Cache\Admin\b956215329b6f9aca22277599a4efdfc.php 第 87 行.
NOTIC: [8] Undefined index: username D:\phpstudy_pro\WWW\wqxts\Application\Runtime\Cache\Admin\b956215329b6f9aca22277599a4efdfc.php 第 87 行.
NOTIC: [8] Undefined index: username D:\phpstudy_pro\WWW\wqxts\Application\Runtime\Cache\Admin\b956215329b6f9aca22277599a4efdfc.php 第 87 行.
NOTIC: [8] Undefined index: username D:\phpstudy_pro\WWW\wqxts\Application\Runtime\Cache\Admin\b956215329b6f9aca22277599a4efdfc.php 第 87 行.
NOTIC: [8] Undefined index: username D:\phpstudy_pro\WWW\wqxts\Application\Runtime\Cache\Admin\b956215329b6f9aca22277599a4efdfc.php 第 87 行.
NOTIC: [8] Undefined index: username D:\phpstudy_pro\WWW\wqxts\Application\Runtime\Cache\Admin\b956215329b6f9aca22277599a4efdfc.php 第 87 行.
NOTIC: [8] Undefined index: username D:\phpstudy_pro\WWW\wqxts\Application\Runtime\Cache\Admin\b956215329b6f9aca22277599a4efdfc.php 第 87 行.
NOTIC: [8] Undefined index: username D:\phpstudy_pro\WWW\wqxts\Application\Runtime\Cache\Admin\b956215329b6f9aca22277599a4efdfc.php 第 87 行.
NOTIC: [8] Undefined index: username D:\phpstudy_pro\WWW\wqxts\Application\Runtime\Cache\Admin\b956215329b6f9aca22277599a4efdfc.php 第 87 行.
NOTIC: [8] Undefined index: username D:\phpstudy_pro\WWW\wqxts\Application\Runtime\Cache\Admin\b956215329b6f9aca22277599a4efdfc.php 第 87 行.
NOTIC: [8] Undefined index: username D:\phpstudy_pro\WWW\wqxts\Application\Runtime\Cache\Admin\b956215329b6f9aca22277599a4efdfc.php 第 87 行.
NOTIC: [8] Undefined index: username D:\phpstudy_pro\WWW\wqxts\Application\Runtime\Cache\Admin\b956215329b6f9aca22277599a4efdfc.php 第 87 行.
NOTIC: [8] Undefined index: username D:\phpstudy_pro\WWW\wqxts\Application\Runtime\Cache\Admin\b956215329b6f9aca22277599a4efdfc.php 第 87 行.
NOTIC: [8] Undefined index: username D:\phpstudy_pro\WWW\wqxts\Application\Runtime\Cache\Admin\b956215329b6f9aca22277599a4efdfc.php 第 87 行.
NOTIC: [8] Undefined index: username D:\phpstudy_pro\WWW\wqxts\Application\Runtime\Cache\Admin\b956215329b6f9aca22277599a4efdfc.php 第 87 行.
NOTIC: [8] Undefined index: username D:\phpstudy_pro\WWW\wqxts\Application\Runtime\Cache\Admin\b956215329b6f9aca22277599a4efdfc.php 第 87 行.
NOTIC: [8] Undefined index: username D:\phpstudy_pro\WWW\wqxts\Application\Runtime\Cache\Admin\b956215329b6f9aca22277599a4efdfc.php 第 87 行.
NOTIC: [8] Undefined index: username D:\phpstudy_pro\WWW\wqxts\Application\Runtime\Cache\Admin\b956215329b6f9aca22277599a4efdfc.php 第 87 行.
NOTIC: [8] Undefined index: username D:\phpstudy_pro\WWW\wqxts\Application\Runtime\Cache\Admin\b956215329b6f9aca22277599a4efdfc.php 第 87 行.
NOTIC: [8] Undefined index: username D:\phpstudy_pro\WWW\wqxts\Application\Runtime\Cache\Admin\b956215329b6f9aca22277599a4efdfc.php 第 87 行.
NOTIC: [8] Undefined index: username D:\phpstudy_pro\WWW\wqxts\Application\Runtime\Cache\Admin\b956215329b6f9aca22277599a4efdfc.php 第 87 行.
NOTIC: [8] Undefined index: username D:\phpstudy_pro\WWW\wqxts\Application\Runtime\Cache\Admin\b956215329b6f9aca22277599a4efdfc.php 第 87 行.
NOTIC: [8] Undefined index: username D:\phpstudy_pro\WWW\wqxts\Application\Runtime\Cache\Admin\b956215329b6f9aca22277599a4efdfc.php 第 87 行.
NOTIC: [8] Undefined index: username D:\phpstudy_pro\WWW\wqxts\Application\Runtime\Cache\Admin\b956215329b6f9aca22277599a4efdfc.php 第 87 行.
NOTIC: [8] Undefined index: username D:\phpstudy_pro\WWW\wqxts\Application\Runtime\Cache\Admin\b956215329b6f9aca22277599a4efdfc.php 第 87 行.
NOTIC: [8] Undefined index: username D:\phpstudy_pro\WWW\wqxts\Application\Runtime\Cache\Admin\b956215329b6f9aca22277599a4efdfc.php 第 87 行.
NOTIC: [8] Undefined index: username D:\phpstudy_pro\WWW\wqxts\Application\Runtime\Cache\Admin\b956215329b6f9aca22277599a4efdfc.php 第 87 行.
NOTIC: [8] Undefined index: username D:\phpstudy_pro\WWW\wqxts\Application\Runtime\Cache\Admin\b956215329b6f9aca22277599a4efdfc.php 第 87 行.
NOTIC: [8] Undefined index: username D:\phpstudy_pro\WWW\wqxts\Application\Runtime\Cache\Admin\b956215329b6f9aca22277599a4efdfc.php 第 87 行.
NOTIC: [8] Undefined index: username D:\phpstudy_pro\WWW\wqxts\Application\Runtime\Cache\Admin\b956215329b6f9aca22277599a4efdfc.php 第 87 行.
NOTIC: [8] Undefined index: username D:\phpstudy_pro\WWW\wqxts\Application\Runtime\Cache\Admin\b956215329b6f9aca22277599a4efdfc.php 第 87 行.
NOTIC: [8] Undefined index: username D:\phpstudy_pro\WWW\wqxts\Application\Runtime\Cache\Admin\b956215329b6f9aca22277599a4efdfc.php 第 87 行.
NOTIC: [8] Undefined index: username D:\phpstudy_pro\WWW\wqxts\Application\Runtime\Cache\Admin\b956215329b6f9aca22277599a4efdfc.php 第 87 行.
NOTIC: [8] Undefined index: username D:\phpstudy_pro\WWW\wqxts\Application\Runtime\Cache\Admin\b956215329b6f9aca22277599a4efdfc.php 第 87 行.
NOTIC: [8] Undefined index: username D:\phpstudy_pro\WWW\wqxts\Application\Runtime\Cache\Admin\b956215329b6f9aca22277599a4efdfc.php 第 87 行.
NOTIC: [8] Undefined index: username D:\phpstudy_pro\WWW\wqxts\Application\Runtime\Cache\Admin\b956215329b6f9aca22277599a4efdfc.php 第 87 行.
NOTIC: [8] Undefined index: username D:\phpstudy_pro\WWW\wqxts\Application\Runtime\Cache\Admin\b956215329b6f9aca22277599a4efdfc.php 第 87 行.
NOTIC: [8] Undefined index: username D:\phpstudy_pro\WWW\wqxts\Application\Runtime\Cache\Admin\b956215329b6f9aca22277599a4efdfc.php 第 87 行.
NOTIC: [8] Undefined index: username D:\phpstudy_pro\WWW\wqxts\Application\Runtime\Cache\Admin\b956215329b6f9aca22277599a4efdfc.php 第 87 行.
NOTIC: [8] Undefined index: username D:\phpstudy_pro\WWW\wqxts\Application\Runtime\Cache\Admin\b956215329b6f9aca22277599a4efdfc.php 第 87 行.
NOTIC: [8] Undefined index: username D:\phpstudy_pro\WWW\wqxts\Application\Runtime\Cache\Admin\b956215329b6f9aca22277599a4efdfc.php 第 87 行.
NOTIC: [8] Undefined index: username D:\phpstudy_pro\WWW\wqxts\Application\Runtime\Cache\Admin\b956215329b6f9aca22277599a4efdfc.php 第 87 行.
NOTIC: [8] Undefined index: username D:\phpstudy_pro\WWW\wqxts\Application\Runtime\Cache\Admin\b956215329b6f9aca22277599a4efdfc.php 第 87 行.
NOTIC: [8] Undefined index: username D:\phpstudy_pro\WWW\wqxts\Application\Runtime\Cache\Admin\b956215329b6f9aca22277599a4efdfc.php 第 87 行.
NOTIC: [8] Undefined index: username D:\phpstudy_pro\WWW\wqxts\Application\Runtime\Cache\Admin\b956215329b6f9aca22277599a4efdfc.php 第 87 行.
NOTIC: [8] Undefined index: username D:\phpstudy_pro\WWW\wqxts\Application\Runtime\Cache\Admin\b956215329b6f9aca22277599a4efdfc.php 第 87 行.
NOTIC: [8] Undefined index: username D:\phpstudy_pro\WWW\wqxts\Application\Runtime\Cache\Admin\b956215329b6f9aca22277599a4efdfc.php 第 87 行.
NOTIC: [8] Undefined index: username D:\phpstudy_pro\WWW\wqxts\Application\Runtime\Cache\Admin\b956215329b6f9aca22277599a4efdfc.php 第 87 行.
NOTIC: [8] Undefined index: username D:\phpstudy_pro\WWW\wqxts\Application\Runtime\Cache\Admin\b956215329b6f9aca22277599a4efdfc.php 第 87 行.
NOTIC: [8] Undefined index: username D:\phpstudy_pro\WWW\wqxts\Application\Runtime\Cache\Admin\b956215329b6f9aca22277599a4efdfc.php 第 87 行.
NOTIC: [8] Undefined index: username D:\phpstudy_pro\WWW\wqxts\Application\Runtime\Cache\Admin\b956215329b6f9aca22277599a4efdfc.php 第 87 行.
NOTIC: [8] Undefined index: username D:\phpstudy_pro\WWW\wqxts\Application\Runtime\Cache\Admin\b956215329b6f9aca22277599a4efdfc.php 第 87 行.
NOTIC: [8] Undefined index: username D:\phpstudy_pro\WWW\wqxts\Application\Runtime\Cache\Admin\b956215329b6f9aca22277599a4efdfc.php 第 87 行.
NOTIC: [8] Undefined index: username D:\phpstudy_pro\WWW\wqxts\Application\Runtime\Cache\Admin\b956215329b6f9aca22277599a4efdfc.php 第 87 行.
NOTIC: [8] Undefined index: username D:\phpstudy_pro\WWW\wqxts\Application\Runtime\Cache\Admin\b956215329b6f9aca22277599a4efdfc.php 第 87 行.
NOTIC: [8] Undefined index: username D:\phpstudy_pro\WWW\wqxts\Application\Runtime\Cache\Admin\b956215329b6f9aca22277599a4efdfc.php 第 87 行.
NOTIC: [8] Undefined index: username D:\phpstudy_pro\WWW\wqxts\Application\Runtime\Cache\Admin\b956215329b6f9aca22277599a4efdfc.php 第 87 行.
NOTIC: [8] Undefined index: username D:\phpstudy_pro\WWW\wqxts\Application\Runtime\Cache\Admin\b956215329b6f9aca22277599a4efdfc.php 第 87 行.
NOTIC: [8] Undefined index: username D:\phpstudy_pro\WWW\wqxts\Application\Runtime\Cache\Admin\b956215329b6f9aca22277599a4efdfc.php 第 87 行.
NOTIC: [8] Undefined index: username D:\phpstudy_pro\WWW\wqxts\Application\Runtime\Cache\Admin\b956215329b6f9aca22277599a4efdfc.php 第 87 行.
NOTIC: [8] Undefined index: username D:\phpstudy_pro\WWW\wqxts\Application\Runtime\Cache\Admin\b956215329b6f9aca22277599a4efdfc.php 第 87 行.
NOTIC: [8] Undefined index: username D:\phpstudy_pro\WWW\wqxts\Application\Runtime\Cache\Admin\b956215329b6f9aca22277599a4efdfc.php 第 87 行.
NOTIC: [8] Undefined index: username D:\phpstudy_pro\WWW\wqxts\Application\Runtime\Cache\Admin\b956215329b6f9aca22277599a4efdfc.php 第 87 行.
NOTIC: [8] Undefined index: username D:\phpstudy_pro\WWW\wqxts\Application\Runtime\Cache\Admin\b956215329b6f9aca22277599a4efdfc.php 第 87 行.
NOTIC: [8] Undefined index: username D:\phpstudy_pro\WWW\wqxts\Application\Runtime\Cache\Admin\b956215329b6f9aca22277599a4efdfc.php 第 87 行.
INFO: Run Behavior\ParseTemplateBehavior [ RunTime:0.049003s ]
INFO: [ view_parse ] --END-- [ RunTime:0.049003s ]
INFO: [ view_filter ] --START--
INFO: Run Behavior\WriteHtmlCacheBehavior [ RunTime:0.001000s ]
INFO: [ view_filter ] --END-- [ RunTime:0.001000s ]
INFO: [ app_end ] --START--
INFO: Run Behavior\ShowPageTraceBehavior [ RunTime:0.001000s ]
INFO: [ app_end ] --END-- [ RunTime:0.001000s ]

