[ 2019-12-02T10:12:20+08:00 ] 203.119.132.191 /index.php/Admin/Login/index.html
INFO: [ app_init ] --START--
INFO: Run Behavior\BuildLiteBehavior [ RunTime:0.000000s ]
INFO: [ app_init ] --END-- [ RunTime:0.001000s ]
INFO: [ app_begin ] --START--
INFO: Run Behavior\ReadHtmlCacheBehavior [ RunTime:0.001000s ]
INFO: [ app_begin ] --END-- [ RunTime:0.002000s ]
INFO: [ view_parse ] --START--
INFO: [ template_filter ] --START--
INFO: Run Behavior\ContentReplaceBehavior [ RunTime:0.000000s ]
INFO: [ template_filter ] --END-- [ RunTime:0.001000s ]
INFO: Run Behavior\ParseTemplateBehavior [ RunTime:0.012000s ]
INFO: [ view_parse ] --END-- [ RunTime:0.012000s ]
INFO: [ view_filter ] --START--
INFO: Run Behavior\WriteHtmlCacheBehavior [ RunTime:0.001001s ]
INFO: [ view_filter ] --END-- [ RunTime:0.001001s ]
INFO: [ app_end ] --START--
INFO: Run Behavior\ShowPageTraceBehavior [ RunTime:0.001000s ]
INFO: [ app_end ] --END-- [ RunTime:0.002000s ]

[ 2019-12-02T10:12:20+08:00 ] 39.98.40.142 /index.php/Admin/Login/index.html
INFO: [ app_init ] --START--
INFO: Run Behavior\BuildLiteBehavior [ RunTime:0.000000s ]
INFO: [ app_init ] --END-- [ RunTime:0.002000s ]
INFO: [ app_begin ] --START--
INFO: Run Behavior\ReadHtmlCacheBehavior [ RunTime:0.002000s ]
INFO: [ app_begin ] --END-- [ RunTime:0.002000s ]
INFO: [ view_parse ] --START--
INFO: [ template_filter ] --START--
INFO: Run Behavior\ContentReplaceBehavior [ RunTime:0.000000s ]
INFO: [ template_filter ] --END-- [ RunTime:0.000000s ]
INFO: Run Behavior\ParseTemplateBehavior [ RunTime:0.017001s ]
INFO: [ view_parse ] --END-- [ RunTime:0.017001s ]
INFO: [ view_filter ] --START--
INFO: Run Behavior\WriteHtmlCacheBehavior [ RunTime:0.002000s ]
INFO: [ view_filter ] --END-- [ RunTime:0.002000s ]
INFO: [ app_end ] --START--
INFO: Run Behavior\ShowPageTraceBehavior [ RunTime:0.002001s ]
INFO: [ app_end ] --END-- [ RunTime:0.002001s ]

[ 2019-12-02T10:12:36+08:00 ] 175.160.129.91 /index.php/Admin/Login/index.html
INFO: [ app_init ] --START--
INFO: Run Behavior\BuildLiteBehavior [ RunTime:0.000000s ]
INFO: [ app_init ] --END-- [ RunTime:0.001001s ]
INFO: [ app_begin ] --START--
INFO: Run Behavior\ReadHtmlCacheBehavior [ RunTime:0.002000s ]
INFO: [ app_begin ] --END-- [ RunTime:0.002000s ]
INFO: [ view_parse ] --START--
INFO: [ template_filter ] --START--
INFO: Run Behavior\ContentReplaceBehavior [ RunTime:0.000000s ]
INFO: [ template_filter ] --END-- [ RunTime:0.000000s ]
INFO: Run Behavior\ParseTemplateBehavior [ RunTime:0.015001s ]
INFO: [ view_parse ] --END-- [ RunTime:0.015001s ]
INFO: [ view_filter ] --START--
INFO: Run Behavior\WriteHtmlCacheBehavior [ RunTime:0.001000s ]
INFO: [ view_filter ] --END-- [ RunTime:0.002000s ]
INFO: [ app_end ] --START--
INFO: Run Behavior\ShowPageTraceBehavior [ RunTime:0.002000s ]
INFO: [ app_end ] --END-- [ RunTime:0.002000s ]

[ 2019-12-02T10:12:45+08:00 ] 175.160.129.91 /index.php/Admin/Login/login
INFO: [ app_init ] --START--
INFO: Run Behavior\BuildLiteBehavior [ RunTime:0.000000s ]
INFO: [ app_init ] --END-- [ RunTime:0.002000s ]
INFO: [ app_begin ] --START--
INFO: Run Behavior\ReadHtmlCacheBehavior [ RunTime:0.002000s ]
INFO: [ app_begin ] --END-- [ RunTime:0.002000s ]
SQL: SHOW COLUMNS FROM `admin` [ RunTime:0.0050s ]
SQL: SELECT * FROM `admin` WHERE `username` = 'admin' AND `password` = '21232f297a57a5a743894a0e4a801fc3' LIMIT 1   [ RunTime:0.0010s ]
SQL: SHOW COLUMNS FROM `model` [ RunTime:0.0050s ]
SQL: SELECT * FROM `model`  [ RunTime:0.0020s ]
SQL: UPDATE `admin` SET `login_time`='1575252764',`login_ip`='175.160.129.91' WHERE `id` = 1 [ RunTime:0.0270s ]
SQL: SHOW COLUMNS FROM `error` [ RunTime:0.0070s ]
SQL: SELECT * FROM `error` WHERE `error_id` = 10002 LIMIT 1   [ RunTime:0.0040s ]

[ 2019-12-02T10:12:46+08:00 ] 175.160.129.91 /index.php/Admin/Index/index.html
INFO: [ app_init ] --START--
INFO: Run Behavior\BuildLiteBehavior [ RunTime:0.001000s ]
INFO: [ app_init ] --END-- [ RunTime:0.002000s ]
INFO: [ app_begin ] --START--
INFO: Run Behavior\ReadHtmlCacheBehavior [ RunTime:0.001000s ]
INFO: [ app_begin ] --END-- [ RunTime:0.002000s ]
SQL: SHOW COLUMNS FROM `model` [ RunTime:0.0030s ]
SQL: SELECT * FROM `model` WHERE `controller` = 'Index' AND `action` = 'index' LIMIT 1   [ RunTime:0.0020s ]
SQL: SELECT * FROM `model` WHERE `belongid` = null AND `level` = 3  [ RunTime:0.0010s ]
INFO: [ view_parse ] --START--
INFO: [ template_filter ] --START--
INFO: Run Behavior\ContentReplaceBehavior [ RunTime:0.001000s ]
INFO: [ template_filter ] --END-- [ RunTime:0.001000s ]
INFO: Run Behavior\ParseTemplateBehavior [ RunTime:0.028002s ]
INFO: [ view_parse ] --END-- [ RunTime:0.028002s ]
INFO: [ view_filter ] --START--
INFO: Run Behavior\WriteHtmlCacheBehavior [ RunTime:0.002000s ]
INFO: [ view_filter ] --END-- [ RunTime:0.002000s ]
INFO: [ app_end ] --START--
INFO: Run Behavior\ShowPageTraceBehavior [ RunTime:0.002000s ]
INFO: [ app_end ] --END-- [ RunTime:0.002000s ]

[ 2019-12-02T10:12:46+08:00 ] 175.160.129.91 /index.php/Admin/Index/welcome.html
INFO: [ app_init ] --START--
INFO: Run Behavior\BuildLiteBehavior [ RunTime:0.000000s ]
INFO: [ app_init ] --END-- [ RunTime:0.001000s ]
INFO: [ app_begin ] --START--
INFO: Run Behavior\ReadHtmlCacheBehavior [ RunTime:0.002000s ]
INFO: [ app_begin ] --END-- [ RunTime:0.002000s ]
SQL: SHOW COLUMNS FROM `model` [ RunTime:0.0030s ]
SQL: SELECT * FROM `model` WHERE `controller` = 'Index' AND `action` = 'welcome' LIMIT 1   [ RunTime:0.0010s ]
SQL: SELECT * FROM `model` WHERE `belongid` = null AND `level` = 3  [ RunTime:0.0010s ]
INFO: [ view_parse ] --START--
INFO: [ template_filter ] --START--
INFO: Run Behavior\ContentReplaceBehavior [ RunTime:0.000000s ]
INFO: [ template_filter ] --END-- [ RunTime:0.000000s ]
INFO: Run Behavior\ParseTemplateBehavior [ RunTime:0.012001s ]
INFO: [ view_parse ] --END-- [ RunTime:0.012001s ]
INFO: [ view_filter ] --START--
INFO: Run Behavior\WriteHtmlCacheBehavior [ RunTime:0.001000s ]
INFO: [ view_filter ] --END-- [ RunTime:0.001000s ]
INFO: [ app_end ] --START--
INFO: Run Behavior\ShowPageTraceBehavior [ RunTime:0.001000s ]
INFO: [ app_end ] --END-- [ RunTime:0.002000s ]

[ 2019-12-02T10:12:53+08:00 ] 175.160.129.91 /index.php/Admin/users/index
INFO: [ app_init ] --START--
INFO: Run Behavior\BuildLiteBehavior [ RunTime:0.000000s ]
INFO: [ app_init ] --END-- [ RunTime:0.001000s ]
INFO: [ app_begin ] --START--
INFO: Run Behavior\ReadHtmlCacheBehavior [ RunTime:0.002000s ]
INFO: [ app_begin ] --END-- [ RunTime:0.002000s ]
SQL: SHOW COLUMNS FROM `model` [ RunTime:0.0050s ]
SQL: SELECT * FROM `model` WHERE `controller` = 'Users' AND `action` = 'index' LIMIT 1   [ RunTime:0.0020s ]
SQL: SELECT * FROM `model` WHERE `belongid` = 182 AND `level` = 3  [ RunTime:0.0010s ]
SQL: SHOW COLUMNS FROM `customer` [ RunTime:0.0040s ]
SQL: SELECT COUNT(*) AS tp_count FROM `customer` WHERE ( status=1 and usertype = 2 ) LIMIT 1   [ RunTime:0.0010s ]
NOTIC: [8] Undefined index: pagesize D:\phpstudy_pro\WWW\wqxts\Application\Admin\Controller\BaseController.class.php 第 191 行.
NOTIC: [8] Undefined index: pagesize D:\phpstudy_pro\WWW\wqxts\Application\Admin\Controller\BaseController.class.php 第 191 行.
NOTIC: [8] Undefined index: pagesize D:\phpstudy_pro\WWW\wqxts\Application\Admin\Controller\BaseController.class.php 第 191 行.
SQL: SHOW COLUMNS FROM `customer` [ RunTime:0.0030s ]
SQL: SELECT * FROM `customer` WHERE ( status=1 and usertype = 2 ) ORDER BY id LIMIT 0,15   [ RunTime:0.0010s ]
SQL: SHOW COLUMNS FROM `framework` [ RunTime:0.0030s ]
SQL: SELECT * FROM `framework` WHERE ( id='99' ) LIMIT 1   [ RunTime:0.0010s ]
SQL: SELECT * FROM `framework` WHERE ( id='99' ) LIMIT 1   [ RunTime:0.0010s ]
SQL: SELECT * FROM `framework` WHERE ( id='99' ) LIMIT 1   [ RunTime:0.0010s ]
SQL: SELECT * FROM `framework` WHERE ( id='99' ) LIMIT 1   [ RunTime:0.0010s ]
SQL: SELECT * FROM `framework` WHERE ( id='99' ) LIMIT 1   [ RunTime:0.0000s ]
SQL: SELECT * FROM `framework` WHERE ( id='99' ) LIMIT 1   [ RunTime:0.0000s ]
SQL: SELECT * FROM `framework` WHERE ( id='99' ) LIMIT 1   [ RunTime:0.0000s ]
SQL: SELECT * FROM `framework` WHERE ( id='99' ) LIMIT 1   [ RunTime:0.0000s ]
SQL: SELECT * FROM `framework` WHERE ( id='99' ) LIMIT 1   [ RunTime:0.0010s ]
SQL: SELECT * FROM `framework` WHERE ( id='99' ) LIMIT 1   [ RunTime:0.0010s ]
SQL: SELECT * FROM `framework` WHERE ( id='100' ) LIMIT 1   [ RunTime:0.0010s ]
SQL: SELECT * FROM `framework` WHERE ( id='100' ) LIMIT 1   [ RunTime:0.0010s ]
SQL: SELECT * FROM `framework` WHERE ( id='100' ) LIMIT 1   [ RunTime:0.0010s ]
SQL: SELECT * FROM `framework` WHERE ( id='100' ) LIMIT 1   [ RunTime:0.0010s ]
SQL: SELECT * FROM `framework` WHERE ( id='100' ) LIMIT 1   [ RunTime:0.0010s ]
INFO: [ view_parse ] --START--
INFO: [ template_filter ] --START--
INFO: Run Behavior\ContentReplaceBehavior [ RunTime:0.000000s ]
INFO: [ template_filter ] --END-- [ RunTime:0.000000s ]
NOTIC: [8] Undefined variable: vo D:\phpstudy_pro\WWW\wqxts\Application\Runtime\Cache\Admin\67497c3a2bf2951b752063fc54092cda.php 第 39 行.
NOTIC: [8] Undefined variable: vo D:\phpstudy_pro\WWW\wqxts\Application\Runtime\Cache\Admin\67497c3a2bf2951b752063fc54092cda.php 第 39 行.
NOTIC: [8] Undefined index: tel D:\phpstudy_pro\WWW\wqxts\Application\Runtime\Cache\Admin\67497c3a2bf2951b752063fc54092cda.php 第 48 行.
NOTIC: [8] Undefined index: name D:\phpstudy_pro\WWW\wqxts\Application\Runtime\Cache\Admin\67497c3a2bf2951b752063fc54092cda.php 第 88 行.
NOTIC: [8] Undefined index: name D:\phpstudy_pro\WWW\wqxts\Application\Runtime\Cache\Admin\67497c3a2bf2951b752063fc54092cda.php 第 88 行.
NOTIC: [8] Undefined index: name D:\phpstudy_pro\WWW\wqxts\Application\Runtime\Cache\Admin\67497c3a2bf2951b752063fc54092cda.php 第 88 行.
NOTIC: [8] Undefined index: name D:\phpstudy_pro\WWW\wqxts\Application\Runtime\Cache\Admin\67497c3a2bf2951b752063fc54092cda.php 第 88 行.
NOTIC: [8] Undefined index: name D:\phpstudy_pro\WWW\wqxts\Application\Runtime\Cache\Admin\67497c3a2bf2951b752063fc54092cda.php 第 88 行.
NOTIC: [8] Undefined index: name D:\phpstudy_pro\WWW\wqxts\Application\Runtime\Cache\Admin\67497c3a2bf2951b752063fc54092cda.php 第 88 行.
NOTIC: [8] Undefined index: name D:\phpstudy_pro\WWW\wqxts\Application\Runtime\Cache\Admin\67497c3a2bf2951b752063fc54092cda.php 第 88 行.
NOTIC: [8] Undefined index: name D:\phpstudy_pro\WWW\wqxts\Application\Runtime\Cache\Admin\67497c3a2bf2951b752063fc54092cda.php 第 88 行.
NOTIC: [8] Undefined index: name D:\phpstudy_pro\WWW\wqxts\Application\Runtime\Cache\Admin\67497c3a2bf2951b752063fc54092cda.php 第 88 行.
NOTIC: [8] Undefined index: name D:\phpstudy_pro\WWW\wqxts\Application\Runtime\Cache\Admin\67497c3a2bf2951b752063fc54092cda.php 第 88 行.
NOTIC: [8] Undefined index: name D:\phpstudy_pro\WWW\wqxts\Application\Runtime\Cache\Admin\67497c3a2bf2951b752063fc54092cda.php 第 88 行.
NOTIC: [8] Undefined index: name D:\phpstudy_pro\WWW\wqxts\Application\Runtime\Cache\Admin\67497c3a2bf2951b752063fc54092cda.php 第 88 行.
NOTIC: [8] Undefined index: name D:\phpstudy_pro\WWW\wqxts\Application\Runtime\Cache\Admin\67497c3a2bf2951b752063fc54092cda.php 第 88 行.
NOTIC: [8] Undefined index: name D:\phpstudy_pro\WWW\wqxts\Application\Runtime\Cache\Admin\67497c3a2bf2951b752063fc54092cda.php 第 88 行.
NOTIC: [8] Undefined index: name D:\phpstudy_pro\WWW\wqxts\Application\Runtime\Cache\Admin\67497c3a2bf2951b752063fc54092cda.php 第 88 行.
NOTIC: [8] Undefined index: name D:\phpstudy_pro\WWW\wqxts\Application\Runtime\Cache\Admin\67497c3a2bf2951b752063fc54092cda.php 第 88 行.
NOTIC: [8] Undefined index: name D:\phpstudy_pro\WWW\wqxts\Application\Runtime\Cache\Admin\67497c3a2bf2951b752063fc54092cda.php 第 88 行.
NOTIC: [8] Undefined index: name D:\phpstudy_pro\WWW\wqxts\Application\Runtime\Cache\Admin\67497c3a2bf2951b752063fc54092cda.php 第 88 行.
NOTIC: [8] Undefined index: name D:\phpstudy_pro\WWW\wqxts\Application\Runtime\Cache\Admin\67497c3a2bf2951b752063fc54092cda.php 第 88 行.
NOTIC: [8] Undefined index: name D:\phpstudy_pro\WWW\wqxts\Application\Runtime\Cache\Admin\67497c3a2bf2951b752063fc54092cda.php 第 88 行.
NOTIC: [8] Undefined index: name D:\phpstudy_pro\WWW\wqxts\Application\Runtime\Cache\Admin\67497c3a2bf2951b752063fc54092cda.php 第 88 行.
NOTIC: [8] Undefined index: name D:\phpstudy_pro\WWW\wqxts\Application\Runtime\Cache\Admin\67497c3a2bf2951b752063fc54092cda.php 第 88 行.
NOTIC: [8] Undefined index: name D:\phpstudy_pro\WWW\wqxts\Application\Runtime\Cache\Admin\67497c3a2bf2951b752063fc54092cda.php 第 88 行.
NOTIC: [8] Undefined index: name D:\phpstudy_pro\WWW\wqxts\Application\Runtime\Cache\Admin\67497c3a2bf2951b752063fc54092cda.php 第 88 行.
NOTIC: [8] Undefined index: name D:\phpstudy_pro\WWW\wqxts\Application\Runtime\Cache\Admin\67497c3a2bf2951b752063fc54092cda.php 第 88 行.
NOTIC: [8] Undefined index: name D:\phpstudy_pro\WWW\wqxts\Application\Runtime\Cache\Admin\67497c3a2bf2951b752063fc54092cda.php 第 88 行.
NOTIC: [8] Undefined index: name D:\phpstudy_pro\WWW\wqxts\Application\Runtime\Cache\Admin\67497c3a2bf2951b752063fc54092cda.php 第 88 行.
NOTIC: [8] Undefined index: name D:\phpstudy_pro\WWW\wqxts\Application\Runtime\Cache\Admin\67497c3a2bf2951b752063fc54092cda.php 第 88 行.
NOTIC: [8] Undefined index: name D:\phpstudy_pro\WWW\wqxts\Application\Runtime\Cache\Admin\67497c3a2bf2951b752063fc54092cda.php 第 88 行.
NOTIC: [8] Undefined index: name D:\phpstudy_pro\WWW\wqxts\Application\Runtime\Cache\Admin\67497c3a2bf2951b752063fc54092cda.php 第 88 行.
INFO: Run Behavior\ParseTemplateBehavior [ RunTime:0.030002s ]
INFO: [ view_parse ] --END-- [ RunTime:0.030002s ]
INFO: [ view_filter ] --START--
INFO: Run Behavior\WriteHtmlCacheBehavior [ RunTime:0.002000s ]
INFO: [ view_filter ] --END-- [ RunTime:0.002000s ]
INFO: [ app_end ] --START--
INFO: Run Behavior\ShowPageTraceBehavior [ RunTime:0.002000s ]
INFO: [ app_end ] --END-- [ RunTime:0.002000s ]

[ 2019-12-02T10:12:58+08:00 ] 175.160.129.91 /index.php/Admin/Users/index/p/20.html
INFO: [ app_init ] --START--
INFO: Run Behavior\BuildLiteBehavior [ RunTime:0.000000s ]
INFO: [ app_init ] --END-- [ RunTime:0.001000s ]
INFO: [ app_begin ] --START--
INFO: Run Behavior\ReadHtmlCacheBehavior [ RunTime:0.002000s ]
INFO: [ app_begin ] --END-- [ RunTime:0.003000s ]
SQL: SHOW COLUMNS FROM `model` [ RunTime:0.0030s ]
SQL: SELECT * FROM `model` WHERE `controller` = 'Users' AND `action` = 'index' LIMIT 1   [ RunTime:0.0010s ]
SQL: SELECT * FROM `model` WHERE `belongid` = 182 AND `level` = 3  [ RunTime:0.0010s ]
SQL: SHOW COLUMNS FROM `customer` [ RunTime:0.0050s ]
SQL: SELECT COUNT(*) AS tp_count FROM `customer` WHERE ( status=1 and usertype = 2 ) LIMIT 1   [ RunTime:0.0020s ]
NOTIC: [8] Undefined index: pagesize D:\phpstudy_pro\WWW\wqxts\Application\Admin\Controller\BaseController.class.php 第 191 行.
NOTIC: [8] Undefined index: pagesize D:\phpstudy_pro\WWW\wqxts\Application\Admin\Controller\BaseController.class.php 第 191 行.
NOTIC: [8] Undefined index: pagesize D:\phpstudy_pro\WWW\wqxts\Application\Admin\Controller\BaseController.class.php 第 191 行.
SQL: SHOW COLUMNS FROM `customer` [ RunTime:0.0040s ]
SQL: SELECT * FROM `customer` WHERE ( status=1 and usertype = 2 ) ORDER BY id LIMIT 285,15   [ RunTime:0.0020s ]
SQL: SHOW COLUMNS FROM `framework` [ RunTime:0.0030s ]
SQL: SELECT * FROM `framework` WHERE ( id='129' ) LIMIT 1   [ RunTime:0.0010s ]
SQL: SELECT * FROM `framework` WHERE ( id='129' ) LIMIT 1   [ RunTime:0.0010s ]
SQL: SELECT * FROM `framework` WHERE ( id='129' ) LIMIT 1   [ RunTime:0.0010s ]
SQL: SELECT * FROM `framework` WHERE ( id='129' ) LIMIT 1   [ RunTime:0.0010s ]
SQL: SELECT * FROM `framework` WHERE ( id='129' ) LIMIT 1   [ RunTime:0.0010s ]
SQL: SELECT * FROM `framework` WHERE ( id='129' ) LIMIT 1   [ RunTime:0.0010s ]
SQL: SELECT * FROM `framework` WHERE ( id='99' ) LIMIT 1   [ RunTime:0.0010s ]
SQL: SELECT * FROM `framework` WHERE ( id='99' ) LIMIT 1   [ RunTime:0.0010s ]
SQL: SELECT * FROM `framework` WHERE ( id='99' ) LIMIT 1   [ RunTime:0.0010s ]
SQL: SELECT * FROM `framework` WHERE ( id='99' ) LIMIT 1   [ RunTime:0.0010s ]
INFO: [ view_parse ] --START--
INFO: [ template_filter ] --START--
INFO: Run Behavior\ContentReplaceBehavior [ RunTime:0.000000s ]
INFO: [ template_filter ] --END-- [ RunTime:0.001000s ]
NOTIC: [8] Undefined variable: vo D:\phpstudy_pro\WWW\wqxts\Application\Runtime\Cache\Admin\67497c3a2bf2951b752063fc54092cda.php 第 39 行.
NOTIC: [8] Undefined variable: vo D:\phpstudy_pro\WWW\wqxts\Application\Runtime\Cache\Admin\67497c3a2bf2951b752063fc54092cda.php 第 39 行.
NOTIC: [8] Undefined index: tel D:\phpstudy_pro\WWW\wqxts\Application\Runtime\Cache\Admin\67497c3a2bf2951b752063fc54092cda.php 第 48 行.
NOTIC: [8] Undefined index: name D:\phpstudy_pro\WWW\wqxts\Application\Runtime\Cache\Admin\67497c3a2bf2951b752063fc54092cda.php 第 88 行.
NOTIC: [8] Undefined index: name D:\phpstudy_pro\WWW\wqxts\Application\Runtime\Cache\Admin\67497c3a2bf2951b752063fc54092cda.php 第 88 行.
NOTIC: [8] Undefined index: name D:\phpstudy_pro\WWW\wqxts\Application\Runtime\Cache\Admin\67497c3a2bf2951b752063fc54092cda.php 第 88 行.
NOTIC: [8] Undefined index: name D:\phpstudy_pro\WWW\wqxts\Application\Runtime\Cache\Admin\67497c3a2bf2951b752063fc54092cda.php 第 88 行.
NOTIC: [8] Undefined index: name D:\phpstudy_pro\WWW\wqxts\Application\Runtime\Cache\Admin\67497c3a2bf2951b752063fc54092cda.php 第 88 行.
NOTIC: [8] Undefined index: name D:\phpstudy_pro\WWW\wqxts\Application\Runtime\Cache\Admin\67497c3a2bf2951b752063fc54092cda.php 第 88 行.
NOTIC: [8] Undefined index: name D:\phpstudy_pro\WWW\wqxts\Application\Runtime\Cache\Admin\67497c3a2bf2951b752063fc54092cda.php 第 88 行.
NOTIC: [8] Undefined index: name D:\phpstudy_pro\WWW\wqxts\Application\Runtime\Cache\Admin\67497c3a2bf2951b752063fc54092cda.php 第 88 行.
NOTIC: [8] Undefined index: name D:\phpstudy_pro\WWW\wqxts\Application\Runtime\Cache\Admin\67497c3a2bf2951b752063fc54092cda.php 第 88 行.
NOTIC: [8] Undefined index: name D:\phpstudy_pro\WWW\wqxts\Application\Runtime\Cache\Admin\67497c3a2bf2951b752063fc54092cda.php 第 88 行.
NOTIC: [8] Undefined index: name D:\phpstudy_pro\WWW\wqxts\Application\Runtime\Cache\Admin\67497c3a2bf2951b752063fc54092cda.php 第 88 行.
NOTIC: [8] Undefined index: name D:\phpstudy_pro\WWW\wqxts\Application\Runtime\Cache\Admin\67497c3a2bf2951b752063fc54092cda.php 第 88 行.
NOTIC: [8] Undefined index: name D:\phpstudy_pro\WWW\wqxts\Application\Runtime\Cache\Admin\67497c3a2bf2951b752063fc54092cda.php 第 88 行.
NOTIC: [8] Undefined index: name D:\phpstudy_pro\WWW\wqxts\Application\Runtime\Cache\Admin\67497c3a2bf2951b752063fc54092cda.php 第 88 行.
NOTIC: [8] Undefined index: name D:\phpstudy_pro\WWW\wqxts\Application\Runtime\Cache\Admin\67497c3a2bf2951b752063fc54092cda.php 第 88 行.
NOTIC: [8] Undefined index: name D:\phpstudy_pro\WWW\wqxts\Application\Runtime\Cache\Admin\67497c3a2bf2951b752063fc54092cda.php 第 88 行.
NOTIC: [8] Undefined index: name D:\phpstudy_pro\WWW\wqxts\Application\Runtime\Cache\Admin\67497c3a2bf2951b752063fc54092cda.php 第 88 行.
NOTIC: [8] Undefined index: name D:\phpstudy_pro\WWW\wqxts\Application\Runtime\Cache\Admin\67497c3a2bf2951b752063fc54092cda.php 第 88 行.
NOTIC: [8] Undefined index: name D:\phpstudy_pro\WWW\wqxts\Application\Runtime\Cache\Admin\67497c3a2bf2951b752063fc54092cda.php 第 88 行.
NOTIC: [8] Undefined index: name D:\phpstudy_pro\WWW\wqxts\Application\Runtime\Cache\Admin\67497c3a2bf2951b752063fc54092cda.php 第 88 行.
INFO: Run Behavior\ParseTemplateBehavior [ RunTime:0.028002s ]
INFO: [ view_parse ] --END-- [ RunTime:0.029002s ]
INFO: [ view_filter ] --START--
INFO: Run Behavior\WriteHtmlCacheBehavior [ RunTime:0.001000s ]
INFO: [ view_filter ] --END-- [ RunTime:0.001000s ]
INFO: [ app_end ] --START--
INFO: Run Behavior\ShowPageTraceBehavior [ RunTime:0.003000s ]
INFO: [ app_end ] --END-- [ RunTime:0.003000s ]

[ 2019-12-02T10:13:27+08:00 ] 175.160.129.91 /index.php/Admin/Users/add
INFO: [ app_init ] --START--
INFO: Run Behavior\BuildLiteBehavior [ RunTime:0.000000s ]
INFO: [ app_init ] --END-- [ RunTime:0.002001s ]
INFO: [ app_begin ] --START--
INFO: Run Behavior\ReadHtmlCacheBehavior [ RunTime:0.002000s ]
INFO: [ app_begin ] --END-- [ RunTime:0.002000s ]
SQL: SHOW COLUMNS FROM `model` [ RunTime:0.0030s ]
SQL: SELECT * FROM `model` WHERE `controller` = 'Users' AND `action` = 'add' LIMIT 1   [ RunTime:0.0010s ]
SQL: SELECT * FROM `model` WHERE `belongid` = 183 AND `level` = 3  [ RunTime:0.0010s ]
INFO: [ view_parse ] --START--
INFO: [ template_filter ] --START--
INFO: Run Behavior\ContentReplaceBehavior [ RunTime:0.000000s ]
INFO: [ template_filter ] --END-- [ RunTime:0.000000s ]
INFO: Run Behavior\ParseTemplateBehavior [ RunTime:0.016001s ]
INFO: [ view_parse ] --END-- [ RunTime:0.016001s ]
INFO: [ view_filter ] --START--
INFO: Run Behavior\WriteHtmlCacheBehavior [ RunTime:0.001000s ]
INFO: [ view_filter ] --END-- [ RunTime:0.001000s ]
INFO: [ app_end ] --START--
INFO: Run Behavior\ShowPageTraceBehavior [ RunTime:0.002001s ]
INFO: [ app_end ] --END-- [ RunTime:0.002001s ]

[ 2019-12-02T10:52:25+08:00 ] 175.160.129.91 /admin/users/choise
INFO: [ app_init ] --START--
INFO: Run Behavior\BuildLiteBehavior [ RunTime:0.000000s ]
INFO: [ app_init ] --END-- [ RunTime:0.002000s ]
INFO: [ app_begin ] --START--
INFO: Run Behavior\ReadHtmlCacheBehavior [ RunTime:0.002000s ]
INFO: [ app_begin ] --END-- [ RunTime:0.002000s ]
SQL: SHOW COLUMNS FROM `model` [ RunTime:0.0050s ]
SQL: SELECT * FROM `model` WHERE `controller` = 'Users' AND `action` = 'choise' LIMIT 1   [ RunTime:0.0020s ]
SQL: SELECT * FROM `model` WHERE `belongid` = null AND `level` = 3  [ RunTime:0.0020s ]
SQL: SHOW COLUMNS FROM `framework` [ RunTime:0.0050s ]
SQL: SELECT COUNT(*) AS tp_count FROM `framework` WHERE ( type_id=0 ) LIMIT 1   [ RunTime:0.0010s ]
INFO: [ view_parse ] --START--
INFO: [ template_filter ] --START--
INFO: Run Behavior\ContentReplaceBehavior [ RunTime:0.000000s ]
INFO: [ template_filter ] --END-- [ RunTime:0.000000s ]
INFO: Run Behavior\ParseTemplateBehavior [ RunTime:0.015001s ]
INFO: [ view_parse ] --END-- [ RunTime:0.015001s ]
INFO: [ view_filter ] --START--
INFO: Run Behavior\WriteHtmlCacheBehavior [ RunTime:0.001000s ]
INFO: [ view_filter ] --END-- [ RunTime:0.001000s ]
INFO: [ app_end ] --START--
INFO: Run Behavior\ShowPageTraceBehavior [ RunTime:0.002000s ]
INFO: [ app_end ] --END-- [ RunTime:0.002000s ]

[ 2019-12-02T10:52:32+08:00 ] 175.160.129.91 /admin/users/choise
INFO: [ app_init ] --START--
INFO: Run Behavior\BuildLiteBehavior [ RunTime:0.000000s ]
INFO: [ app_init ] --END-- [ RunTime:0.001000s ]
INFO: [ app_begin ] --START--
INFO: Run Behavior\ReadHtmlCacheBehavior [ RunTime:0.002001s ]
INFO: [ app_begin ] --END-- [ RunTime:0.002001s ]
SQL: SHOW COLUMNS FROM `model` [ RunTime:0.0020s ]
SQL: SELECT * FROM `model` WHERE `controller` = 'Users' AND `action` = 'choise' LIMIT 1   [ RunTime:0.0010s ]
SQL: SELECT * FROM `model` WHERE `belongid` = null AND `level` = 3  [ RunTime:0.0010s ]
SQL: SHOW COLUMNS FROM `framework` [ RunTime:0.0020s ]
SQL: SELECT COUNT(*) AS tp_count FROM `framework` WHERE ( type_id=0 ) LIMIT 1   [ RunTime:0.0010s ]
INFO: [ view_parse ] --START--
INFO: [ template_filter ] --START--
INFO: Run Behavior\ContentReplaceBehavior [ RunTime:0.000000s ]
INFO: [ template_filter ] --END-- [ RunTime:0.000000s ]
INFO: Run Behavior\ParseTemplateBehavior [ RunTime:0.014001s ]
INFO: [ view_parse ] --END-- [ RunTime:0.014001s ]
INFO: [ view_filter ] --START--
INFO: Run Behavior\WriteHtmlCacheBehavior [ RunTime:0.001000s ]
INFO: [ view_filter ] --END-- [ RunTime:0.001000s ]
INFO: [ app_end ] --START--
INFO: Run Behavior\ShowPageTraceBehavior [ RunTime:0.001000s ]
INFO: [ app_end ] --END-- [ RunTime:0.001000s ]

[ 2019-12-02T10:52:32+08:00 ] 175.160.129.91 /index.php/Admin/Index/index.html
INFO: [ app_init ] --START--
INFO: Run Behavior\BuildLiteBehavior [ RunTime:0.000000s ]
INFO: [ app_init ] --END-- [ RunTime:0.001000s ]
INFO: [ app_begin ] --START--
INFO: Run Behavior\ReadHtmlCacheBehavior [ RunTime:0.003000s ]
INFO: [ app_begin ] --END-- [ RunTime:0.003000s ]
SQL: SHOW COLUMNS FROM `model` [ RunTime:0.0020s ]
SQL: SELECT * FROM `model` WHERE `controller` = 'Index' AND `action` = 'index' LIMIT 1   [ RunTime:0.0010s ]
SQL: SELECT * FROM `model` WHERE `belongid` = null AND `level` = 3  [ RunTime:0.0000s ]
INFO: [ view_parse ] --START--
INFO: [ template_filter ] --START--
INFO: Run Behavior\ContentReplaceBehavior [ RunTime:0.000000s ]
INFO: [ template_filter ] --END-- [ RunTime:0.000000s ]
INFO: Run Behavior\ParseTemplateBehavior [ RunTime:0.017001s ]
INFO: [ view_parse ] --END-- [ RunTime:0.017001s ]
INFO: [ view_filter ] --START--
INFO: Run Behavior\WriteHtmlCacheBehavior [ RunTime:0.001000s ]
INFO: [ view_filter ] --END-- [ RunTime:0.001000s ]
INFO: [ app_end ] --START--
INFO: Run Behavior\ShowPageTraceBehavior [ RunTime:0.002001s ]
INFO: [ app_end ] --END-- [ RunTime:0.002001s ]

[ 2019-12-02T10:52:32+08:00 ] 175.160.129.91 /index.php/Admin/Index/welcome.html
INFO: [ app_init ] --START--
INFO: Run Behavior\BuildLiteBehavior [ RunTime:0.001000s ]
INFO: [ app_init ] --END-- [ RunTime:0.001000s ]
INFO: [ app_begin ] --START--
INFO: Run Behavior\ReadHtmlCacheBehavior [ RunTime:0.001000s ]
INFO: [ app_begin ] --END-- [ RunTime:0.001000s ]
SQL: SHOW COLUMNS FROM `model` [ RunTime:0.0030s ]
SQL: SELECT * FROM `model` WHERE `controller` = 'Index' AND `action` = 'welcome' LIMIT 1   [ RunTime:0.0020s ]
SQL: SELECT * FROM `model` WHERE `belongid` = null AND `level` = 3  [ RunTime:0.0010s ]
INFO: [ view_parse ] --START--
INFO: [ template_filter ] --START--
INFO: Run Behavior\ContentReplaceBehavior [ RunTime:0.000000s ]
INFO: [ template_filter ] --END-- [ RunTime:0.000000s ]
INFO: Run Behavior\ParseTemplateBehavior [ RunTime:0.015001s ]
INFO: [ view_parse ] --END-- [ RunTime:0.015001s ]
INFO: [ view_filter ] --START--
INFO: Run Behavior\WriteHtmlCacheBehavior [ RunTime:0.001000s ]
INFO: [ view_filter ] --END-- [ RunTime:0.001000s ]
INFO: [ app_end ] --START--
INFO: Run Behavior\ShowPageTraceBehavior [ RunTime:0.002000s ]
INFO: [ app_end ] --END-- [ RunTime:0.002000s ]

[ 2019-12-02T10:52:35+08:00 ] 175.160.129.91 /index.php/Admin/users/index
INFO: [ app_init ] --START--
INFO: Run Behavior\BuildLiteBehavior [ RunTime:0.000000s ]
INFO: [ app_init ] --END-- [ RunTime:0.001000s ]
INFO: [ app_begin ] --START--
INFO: Run Behavior\ReadHtmlCacheBehavior [ RunTime:0.001000s ]
INFO: [ app_begin ] --END-- [ RunTime:0.001000s ]
SQL: SHOW COLUMNS FROM `model` [ RunTime:0.0040s ]
SQL: SELECT * FROM `model` WHERE `controller` = 'Users' AND `action` = 'index' LIMIT 1   [ RunTime:0.0020s ]
SQL: SELECT * FROM `model` WHERE `belongid` = 182 AND `level` = 3  [ RunTime:0.0020s ]
SQL: SHOW COLUMNS FROM `customer` [ RunTime:0.0040s ]
SQL: SELECT COUNT(*) AS tp_count FROM `customer` WHERE ( status=1 and usertype = 2 ) LIMIT 1   [ RunTime:0.0020s ]
NOTIC: [8] Undefined index: pagesize D:\phpstudy_pro\WWW\wqxts\Application\Admin\Controller\BaseController.class.php 第 191 行.
NOTIC: [8] Undefined index: pagesize D:\phpstudy_pro\WWW\wqxts\Application\Admin\Controller\BaseController.class.php 第 191 行.
NOTIC: [8] Undefined index: pagesize D:\phpstudy_pro\WWW\wqxts\Application\Admin\Controller\BaseController.class.php 第 191 行.
SQL: SHOW COLUMNS FROM `customer` [ RunTime:0.0040s ]
SQL: SELECT * FROM `customer` WHERE ( status=1 and usertype = 2 ) ORDER BY id LIMIT 0,15   [ RunTime:0.0020s ]
SQL: SHOW COLUMNS FROM `framework` [ RunTime:0.0040s ]
SQL: SELECT * FROM `framework` WHERE ( id='99' ) LIMIT 1   [ RunTime:0.0010s ]
SQL: SELECT * FROM `framework` WHERE ( id='99' ) LIMIT 1   [ RunTime:0.0010s ]
SQL: SELECT * FROM `framework` WHERE ( id='99' ) LIMIT 1   [ RunTime:0.0010s ]
SQL: SELECT * FROM `framework` WHERE ( id='99' ) LIMIT 1   [ RunTime:0.0010s ]
SQL: SELECT * FROM `framework` WHERE ( id='99' ) LIMIT 1   [ RunTime:0.0010s ]
SQL: SELECT * FROM `framework` WHERE ( id='99' ) LIMIT 1   [ RunTime:0.0010s ]
SQL: SELECT * FROM `framework` WHERE ( id='99' ) LIMIT 1   [ RunTime:0.0010s ]
SQL: SELECT * FROM `framework` WHERE ( id='99' ) LIMIT 1   [ RunTime:0.0010s ]
SQL: SELECT * FROM `framework` WHERE ( id='99' ) LIMIT 1   [ RunTime:0.0010s ]
SQL: SELECT * FROM `framework` WHERE ( id='99' ) LIMIT 1   [ RunTime:0.0020s ]
SQL: SELECT * FROM `framework` WHERE ( id='100' ) LIMIT 1   [ RunTime:0.0010s ]
SQL: SELECT * FROM `framework` WHERE ( id='100' ) LIMIT 1   [ RunTime:0.0010s ]
SQL: SELECT * FROM `framework` WHERE ( id='100' ) LIMIT 1   [ RunTime:0.0010s ]
SQL: SELECT * FROM `framework` WHERE ( id='100' ) LIMIT 1   [ RunTime:0.0010s ]
SQL: SELECT * FROM `framework` WHERE ( id='100' ) LIMIT 1   [ RunTime:0.0010s ]
INFO: [ view_parse ] --START--
INFO: [ template_filter ] --START--
INFO: Run Behavior\ContentReplaceBehavior [ RunTime:0.001000s ]
INFO: [ template_filter ] --END-- [ RunTime:0.001000s ]
NOTIC: [8] Undefined variable: vo D:\phpstudy_pro\WWW\wqxts\Application\Runtime\Cache\Admin\67497c3a2bf2951b752063fc54092cda.php 第 39 行.
NOTIC: [8] Undefined variable: vo D:\phpstudy_pro\WWW\wqxts\Application\Runtime\Cache\Admin\67497c3a2bf2951b752063fc54092cda.php 第 39 行.
NOTIC: [8] Undefined index: tel D:\phpstudy_pro\WWW\wqxts\Application\Runtime\Cache\Admin\67497c3a2bf2951b752063fc54092cda.php 第 48 行.
NOTIC: [8] Undefined index: name D:\phpstudy_pro\WWW\wqxts\Application\Runtime\Cache\Admin\67497c3a2bf2951b752063fc54092cda.php 第 88 行.
NOTIC: [8] Undefined index: name D:\phpstudy_pro\WWW\wqxts\Application\Runtime\Cache\Admin\67497c3a2bf2951b752063fc54092cda.php 第 88 行.
NOTIC: [8] Undefined index: name D:\phpstudy_pro\WWW\wqxts\Application\Runtime\Cache\Admin\67497c3a2bf2951b752063fc54092cda.php 第 88 行.
NOTIC: [8] Undefined index: name D:\phpstudy_pro\WWW\wqxts\Application\Runtime\Cache\Admin\67497c3a2bf2951b752063fc54092cda.php 第 88 行.
NOTIC: [8] Undefined index: name D:\phpstudy_pro\WWW\wqxts\Application\Runtime\Cache\Admin\67497c3a2bf2951b752063fc54092cda.php 第 88 行.
NOTIC: [8] Undefined index: name D:\phpstudy_pro\WWW\wqxts\Application\Runtime\Cache\Admin\67497c3a2bf2951b752063fc54092cda.php 第 88 行.
NOTIC: [8] Undefined index: name D:\phpstudy_pro\WWW\wqxts\Application\Runtime\Cache\Admin\67497c3a2bf2951b752063fc54092cda.php 第 88 行.
NOTIC: [8] Undefined index: name D:\phpstudy_pro\WWW\wqxts\Application\Runtime\Cache\Admin\67497c3a2bf2951b752063fc54092cda.php 第 88 行.
NOTIC: [8] Undefined index: name D:\phpstudy_pro\WWW\wqxts\Application\Runtime\Cache\Admin\67497c3a2bf2951b752063fc54092cda.php 第 88 行.
NOTIC: [8] Undefined index: name D:\phpstudy_pro\WWW\wqxts\Application\Runtime\Cache\Admin\67497c3a2bf2951b752063fc54092cda.php 第 88 行.
NOTIC: [8] Undefined index: name D:\phpstudy_pro\WWW\wqxts\Application\Runtime\Cache\Admin\67497c3a2bf2951b752063fc54092cda.php 第 88 行.
NOTIC: [8] Undefined index: name D:\phpstudy_pro\WWW\wqxts\Application\Runtime\Cache\Admin\67497c3a2bf2951b752063fc54092cda.php 第 88 行.
NOTIC: [8] Undefined index: name D:\phpstudy_pro\WWW\wqxts\Application\Runtime\Cache\Admin\67497c3a2bf2951b752063fc54092cda.php 第 88 行.
NOTIC: [8] Undefined index: name D:\phpstudy_pro\WWW\wqxts\Application\Runtime\Cache\Admin\67497c3a2bf2951b752063fc54092cda.php 第 88 行.
NOTIC: [8] Undefined index: name D:\phpstudy_pro\WWW\wqxts\Application\Runtime\Cache\Admin\67497c3a2bf2951b752063fc54092cda.php 第 88 行.
NOTIC: [8] Undefined index: name D:\phpstudy_pro\WWW\wqxts\Application\Runtime\Cache\Admin\67497c3a2bf2951b752063fc54092cda.php 第 88 行.
NOTIC: [8] Undefined index: name D:\phpstudy_pro\WWW\wqxts\Application\Runtime\Cache\Admin\67497c3a2bf2951b752063fc54092cda.php 第 88 行.
NOTIC: [8] Undefined index: name D:\phpstudy_pro\WWW\wqxts\Application\Runtime\Cache\Admin\67497c3a2bf2951b752063fc54092cda.php 第 88 行.
NOTIC: [8] Undefined index: name D:\phpstudy_pro\WWW\wqxts\Application\Runtime\Cache\Admin\67497c3a2bf2951b752063fc54092cda.php 第 88 行.
NOTIC: [8] Undefined index: name D:\phpstudy_pro\WWW\wqxts\Application\Runtime\Cache\Admin\67497c3a2bf2951b752063fc54092cda.php 第 88 行.
NOTIC: [8] Undefined index: name D:\phpstudy_pro\WWW\wqxts\Application\Runtime\Cache\Admin\67497c3a2bf2951b752063fc54092cda.php 第 88 行.
NOTIC: [8] Undefined index: name D:\phpstudy_pro\WWW\wqxts\Application\Runtime\Cache\Admin\67497c3a2bf2951b752063fc54092cda.php 第 88 行.
NOTIC: [8] Undefined index: name D:\phpstudy_pro\WWW\wqxts\Application\Runtime\Cache\Admin\67497c3a2bf2951b752063fc54092cda.php 第 88 行.
NOTIC: [8] Undefined index: name D:\phpstudy_pro\WWW\wqxts\Application\Runtime\Cache\Admin\67497c3a2bf2951b752063fc54092cda.php 第 88 行.
NOTIC: [8] Undefined index: name D:\phpstudy_pro\WWW\wqxts\Application\Runtime\Cache\Admin\67497c3a2bf2951b752063fc54092cda.php 第 88 行.
NOTIC: [8] Undefined index: name D:\phpstudy_pro\WWW\wqxts\Application\Runtime\Cache\Admin\67497c3a2bf2951b752063fc54092cda.php 第 88 行.
NOTIC: [8] Undefined index: name D:\phpstudy_pro\WWW\wqxts\Application\Runtime\Cache\Admin\67497c3a2bf2951b752063fc54092cda.php 第 88 行.
NOTIC: [8] Undefined index: name D:\phpstudy_pro\WWW\wqxts\Application\Runtime\Cache\Admin\67497c3a2bf2951b752063fc54092cda.php 第 88 行.
NOTIC: [8] Undefined index: name D:\phpstudy_pro\WWW\wqxts\Application\Runtime\Cache\Admin\67497c3a2bf2951b752063fc54092cda.php 第 88 行.
NOTIC: [8] Undefined index: name D:\phpstudy_pro\WWW\wqxts\Application\Runtime\Cache\Admin\67497c3a2bf2951b752063fc54092cda.php 第 88 行.
INFO: Run Behavior\ParseTemplateBehavior [ RunTime:0.033002s ]
INFO: [ view_parse ] --END-- [ RunTime:0.033002s ]
INFO: [ view_filter ] --START--
INFO: Run Behavior\WriteHtmlCacheBehavior [ RunTime:0.001000s ]
INFO: [ view_filter ] --END-- [ RunTime:0.001000s ]
INFO: [ app_end ] --START--
INFO: Run Behavior\ShowPageTraceBehavior [ RunTime:0.005000s ]
INFO: [ app_end ] --END-- [ RunTime:0.005000s ]

[ 2019-12-02T10:52:37+08:00 ] 175.160.129.91 /index.php/Admin/Users/add
INFO: [ app_init ] --START--
INFO: Run Behavior\BuildLiteBehavior [ RunTime:0.000000s ]
INFO: [ app_init ] --END-- [ RunTime:0.001000s ]
INFO: [ app_begin ] --START--
INFO: Run Behavior\ReadHtmlCacheBehavior [ RunTime:0.002000s ]
INFO: [ app_begin ] --END-- [ RunTime:0.002000s ]
SQL: SHOW COLUMNS FROM `model` [ RunTime:0.0040s ]
SQL: SELECT * FROM `model` WHERE `controller` = 'Users' AND `action` = 'add' LIMIT 1   [ RunTime:0.0020s ]
SQL: SELECT * FROM `model` WHERE `belongid` = 183 AND `level` = 3  [ RunTime:0.0010s ]
INFO: [ view_parse ] --START--
INFO: [ template_filter ] --START--
INFO: Run Behavior\ContentReplaceBehavior [ RunTime:0.000000s ]
INFO: [ template_filter ] --END-- [ RunTime:0.000000s ]
INFO: Run Behavior\ParseTemplateBehavior [ RunTime:0.020001s ]
INFO: [ view_parse ] --END-- [ RunTime:0.020001s ]
INFO: [ view_filter ] --START--
INFO: Run Behavior\WriteHtmlCacheBehavior [ RunTime:0.001000s ]
INFO: [ view_filter ] --END-- [ RunTime:0.001000s ]
INFO: [ app_end ] --START--
INFO: Run Behavior\ShowPageTraceBehavior [ RunTime:0.002000s ]
INFO: [ app_end ] --END-- [ RunTime:0.002000s ]

[ 2019-12-02T10:52:38+08:00 ] 175.160.129.91 /admin/users/choise
INFO: [ app_init ] --START--
INFO: Run Behavior\BuildLiteBehavior [ RunTime:0.000000s ]
INFO: [ app_init ] --END-- [ RunTime:0.001000s ]
INFO: [ app_begin ] --START--
INFO: Run Behavior\ReadHtmlCacheBehavior [ RunTime:0.002001s ]
INFO: [ app_begin ] --END-- [ RunTime:0.002001s ]
SQL: SHOW COLUMNS FROM `model` [ RunTime:0.0030s ]
SQL: SELECT * FROM `model` WHERE `controller` = 'Users' AND `action` = 'choise' LIMIT 1   [ RunTime:0.0010s ]
SQL: SELECT * FROM `model` WHERE `belongid` = null AND `level` = 3  [ RunTime:0.0010s ]
SQL: SHOW COLUMNS FROM `framework` [ RunTime:0.0030s ]
SQL: SELECT COUNT(*) AS tp_count FROM `framework` WHERE ( type_id=0 ) LIMIT 1   [ RunTime:0.0010s ]
INFO: [ view_parse ] --START--
INFO: [ template_filter ] --START--
INFO: Run Behavior\ContentReplaceBehavior [ RunTime:0.000000s ]
INFO: [ template_filter ] --END-- [ RunTime:0.000000s ]
INFO: Run Behavior\ParseTemplateBehavior [ RunTime:0.016001s ]
INFO: [ view_parse ] --END-- [ RunTime:0.016001s ]
INFO: [ view_filter ] --START--
INFO: Run Behavior\WriteHtmlCacheBehavior [ RunTime:0.001000s ]
INFO: [ view_filter ] --END-- [ RunTime:0.002000s ]
INFO: [ app_end ] --START--
INFO: Run Behavior\ShowPageTraceBehavior [ RunTime:0.002000s ]
INFO: [ app_end ] --END-- [ RunTime:0.002000s ]

[ 2019-12-02T10:52:39+08:00 ] 175.160.129.91 /admin/framework/index
INFO: [ app_init ] --START--
INFO: Run Behavior\BuildLiteBehavior [ RunTime:0.000000s ]
INFO: [ app_init ] --END-- [ RunTime:0.001000s ]
INFO: [ app_begin ] --START--
INFO: Run Behavior\ReadHtmlCacheBehavior [ RunTime:0.002000s ]
INFO: [ app_begin ] --END-- [ RunTime:0.002000s ]
SQL: SHOW COLUMNS FROM `model` [ RunTime:0.0040s ]
SQL: SELECT * FROM `model` WHERE `controller` = 'Framework' AND `action` = 'index' LIMIT 1   [ RunTime:0.0020s ]
SQL: SELECT * FROM `model` WHERE `belongid` = 173 AND `level` = 3  [ RunTime:0.0020s ]
SQL: SHOW COLUMNS FROM `framework` [ RunTime:0.0040s ]
SQL: SELECT `id`,node_name name,type_id pid FROM `framework`  [ RunTime:0.0020s ]
NOTIC: [8] Undefined index: nums D:\phpstudy_pro\WWW\wqxts\Application\Common\Common\function.php 第 212 行.
INFO: [ app_end ] --START--
INFO: Run Behavior\ShowPageTraceBehavior [ RunTime:0.002000s ]
INFO: [ app_end ] --END-- [ RunTime:0.002000s ]

[ 2019-12-02T10:52:49+08:00 ] 175.160.129.91 /admin/users/choise
INFO: [ app_init ] --START--
INFO: Run Behavior\BuildLiteBehavior [ RunTime:0.000000s ]
INFO: [ app_init ] --END-- [ RunTime:0.001000s ]
INFO: [ app_begin ] --START--
INFO: Run Behavior\ReadHtmlCacheBehavior [ RunTime:0.002000s ]
INFO: [ app_begin ] --END-- [ RunTime:0.002000s ]
SQL: SHOW COLUMNS FROM `model` [ RunTime:0.0030s ]
SQL: SELECT * FROM `model` WHERE `controller` = 'Users' AND `action` = 'choise' LIMIT 1   [ RunTime:0.0010s ]
SQL: SELECT * FROM `model` WHERE `belongid` = null AND `level` = 3  [ RunTime:0.0010s ]
SQL: SHOW COLUMNS FROM `framework` [ RunTime:0.0030s ]
SQL: SELECT COUNT(*) AS tp_count FROM `framework` WHERE ( type_id=0 ) LIMIT 1   [ RunTime:0.0010s ]
INFO: [ view_parse ] --START--
INFO: [ template_filter ] --START--
INFO: Run Behavior\ContentReplaceBehavior [ RunTime:0.000000s ]
INFO: [ template_filter ] --END-- [ RunTime:0.000000s ]
INFO: Run Behavior\ParseTemplateBehavior [ RunTime:0.012001s ]
INFO: [ view_parse ] --END-- [ RunTime:0.012001s ]
INFO: [ view_filter ] --START--
INFO: Run Behavior\WriteHtmlCacheBehavior [ RunTime:0.001000s ]
INFO: [ view_filter ] --END-- [ RunTime:0.001000s ]
INFO: [ app_end ] --START--
INFO: Run Behavior\ShowPageTraceBehavior [ RunTime:0.001000s ]
INFO: [ app_end ] --END-- [ RunTime:0.001000s ]

[ 2019-12-02T10:52:49+08:00 ] 175.160.129.91 /admin/framework/index
INFO: [ app_init ] --START--
INFO: Run Behavior\BuildLiteBehavior [ RunTime:0.000000s ]
INFO: [ app_init ] --END-- [ RunTime:0.001000s ]
INFO: [ app_begin ] --START--
INFO: Run Behavior\ReadHtmlCacheBehavior [ RunTime:0.002001s ]
INFO: [ app_begin ] --END-- [ RunTime:0.002001s ]
SQL: SHOW COLUMNS FROM `model` [ RunTime:0.0040s ]
SQL: SELECT * FROM `model` WHERE `controller` = 'Framework' AND `action` = 'index' LIMIT 1   [ RunTime:0.0010s ]
SQL: SELECT * FROM `model` WHERE `belongid` = 173 AND `level` = 3  [ RunTime:0.0020s ]
SQL: SHOW COLUMNS FROM `framework` [ RunTime:0.0040s ]
SQL: SELECT `id`,node_name name,type_id pid FROM `framework`  [ RunTime:0.0010s ]
NOTIC: [8] Undefined index: nums D:\phpstudy_pro\WWW\wqxts\Application\Common\Common\function.php 第 212 行.
INFO: [ app_end ] --START--
INFO: Run Behavior\ShowPageTraceBehavior [ RunTime:0.002000s ]
INFO: [ app_end ] --END-- [ RunTime:0.002000s ]

[ 2019-12-02T10:53:14+08:00 ] 175.160.129.91 /index.php/Admin/Users/add
INFO: [ app_init ] --START--
INFO: Run Behavior\BuildLiteBehavior [ RunTime:0.000000s ]
INFO: [ app_init ] --END-- [ RunTime:0.001000s ]
INFO: [ app_begin ] --START--
INFO: Run Behavior\ReadHtmlCacheBehavior [ RunTime:0.002000s ]
INFO: [ app_begin ] --END-- [ RunTime:0.002000s ]
SQL: SHOW COLUMNS FROM `model` [ RunTime:0.0040s ]
SQL: SELECT * FROM `model` WHERE `controller` = 'Users' AND `action` = 'add' LIMIT 1   [ RunTime:0.0010s ]
SQL: SELECT * FROM `model` WHERE `belongid` = 183 AND `level` = 3  [ RunTime:0.0020s ]
SQL: SHOW COLUMNS FROM `customer` [ RunTime:0.0040s ]
SQL: INSERT INTO `customer` (`username`,`idnumber`,`pid`,`bm`,`worker`,`isbest`,`sid`,`status`,`creat_time`) VALUES ('王磊','','99','局领导','局长','2','0','1','1575255157') [ RunTime:0.0350s ]
INFO: [ app_end ] --START--
INFO: Run Behavior\ShowPageTraceBehavior [ RunTime:0.002001s ]
INFO: [ app_end ] --END-- [ RunTime:0.002001s ]

[ 2019-12-02T10:53:16+08:00 ] 175.160.129.91 /index.php/Admin/users/index
INFO: [ app_init ] --START--
INFO: Run Behavior\BuildLiteBehavior [ RunTime:0.000000s ]
INFO: [ app_init ] --END-- [ RunTime:0.001000s ]
INFO: [ app_begin ] --START--
INFO: Run Behavior\ReadHtmlCacheBehavior [ RunTime:0.002000s ]
INFO: [ app_begin ] --END-- [ RunTime:0.002000s ]
SQL: SHOW COLUMNS FROM `model` [ RunTime:0.0030s ]
SQL: SELECT * FROM `model` WHERE `controller` = 'Users' AND `action` = 'index' LIMIT 1   [ RunTime:0.0010s ]
SQL: SELECT * FROM `model` WHERE `belongid` = 182 AND `level` = 3  [ RunTime:0.0010s ]
SQL: SHOW COLUMNS FROM `customer` [ RunTime:0.0040s ]
SQL: SELECT COUNT(*) AS tp_count FROM `customer` WHERE ( status=1 and usertype = 2 ) LIMIT 1   [ RunTime:0.0020s ]
NOTIC: [8] Undefined index: pagesize D:\phpstudy_pro\WWW\wqxts\Application\Admin\Controller\BaseController.class.php 第 191 行.
NOTIC: [8] Undefined index: pagesize D:\phpstudy_pro\WWW\wqxts\Application\Admin\Controller\BaseController.class.php 第 191 行.
NOTIC: [8] Undefined index: pagesize D:\phpstudy_pro\WWW\wqxts\Application\Admin\Controller\BaseController.class.php 第 191 行.
SQL: SHOW COLUMNS FROM `customer` [ RunTime:0.0040s ]
SQL: SELECT * FROM `customer` WHERE ( status=1 and usertype = 2 ) ORDER BY id LIMIT 0,15   [ RunTime:0.0020s ]
SQL: SHOW COLUMNS FROM `framework` [ RunTime:0.0040s ]
SQL: SELECT * FROM `framework` WHERE ( id='99' ) LIMIT 1   [ RunTime:0.0010s ]
SQL: SELECT * FROM `framework` WHERE ( id='99' ) LIMIT 1   [ RunTime:0.0010s ]
SQL: SELECT * FROM `framework` WHERE ( id='99' ) LIMIT 1   [ RunTime:0.0010s ]
SQL: SELECT * FROM `framework` WHERE ( id='99' ) LIMIT 1   [ RunTime:0.0010s ]
SQL: SELECT * FROM `framework` WHERE ( id='99' ) LIMIT 1   [ RunTime:0.0010s ]
SQL: SELECT * FROM `framework` WHERE ( id='99' ) LIMIT 1   [ RunTime:0.0010s ]
SQL: SELECT * FROM `framework` WHERE ( id='99' ) LIMIT 1   [ RunTime:0.0010s ]
SQL: SELECT * FROM `framework` WHERE ( id='99' ) LIMIT 1   [ RunTime:0.0010s ]
SQL: SELECT * FROM `framework` WHERE ( id='99' ) LIMIT 1   [ RunTime:0.0010s ]
SQL: SELECT * FROM `framework` WHERE ( id='99' ) LIMIT 1   [ RunTime:0.0010s ]
SQL: SELECT * FROM `framework` WHERE ( id='100' ) LIMIT 1   [ RunTime:0.0010s ]
SQL: SELECT * FROM `framework` WHERE ( id='100' ) LIMIT 1   [ RunTime:0.0010s ]
SQL: SELECT * FROM `framework` WHERE ( id='100' ) LIMIT 1   [ RunTime:0.0010s ]
SQL: SELECT * FROM `framework` WHERE ( id='100' ) LIMIT 1   [ RunTime:0.0010s ]
SQL: SELECT * FROM `framework` WHERE ( id='100' ) LIMIT 1   [ RunTime:0.0010s ]
INFO: [ view_parse ] --START--
INFO: [ template_filter ] --START--
INFO: Run Behavior\ContentReplaceBehavior [ RunTime:0.001000s ]
INFO: [ template_filter ] --END-- [ RunTime:0.001000s ]
NOTIC: [8] Undefined variable: vo D:\phpstudy_pro\WWW\wqxts\Application\Runtime\Cache\Admin\67497c3a2bf2951b752063fc54092cda.php 第 39 行.
NOTIC: [8] Undefined variable: vo D:\phpstudy_pro\WWW\wqxts\Application\Runtime\Cache\Admin\67497c3a2bf2951b752063fc54092cda.php 第 39 行.
NOTIC: [8] Undefined index: tel D:\phpstudy_pro\WWW\wqxts\Application\Runtime\Cache\Admin\67497c3a2bf2951b752063fc54092cda.php 第 48 行.
NOTIC: [8] Undefined index: name D:\phpstudy_pro\WWW\wqxts\Application\Runtime\Cache\Admin\67497c3a2bf2951b752063fc54092cda.php 第 88 行.
NOTIC: [8] Undefined index: name D:\phpstudy_pro\WWW\wqxts\Application\Runtime\Cache\Admin\67497c3a2bf2951b752063fc54092cda.php 第 88 行.
NOTIC: [8] Undefined index: name D:\phpstudy_pro\WWW\wqxts\Application\Runtime\Cache\Admin\67497c3a2bf2951b752063fc54092cda.php 第 88 行.
NOTIC: [8] Undefined index: name D:\phpstudy_pro\WWW\wqxts\Application\Runtime\Cache\Admin\67497c3a2bf2951b752063fc54092cda.php 第 88 行.
NOTIC: [8] Undefined index: name D:\phpstudy_pro\WWW\wqxts\Application\Runtime\Cache\Admin\67497c3a2bf2951b752063fc54092cda.php 第 88 行.
NOTIC: [8] Undefined index: name D:\phpstudy_pro\WWW\wqxts\Application\Runtime\Cache\Admin\67497c3a2bf2951b752063fc54092cda.php 第 88 行.
NOTIC: [8] Undefined index: name D:\phpstudy_pro\WWW\wqxts\Application\Runtime\Cache\Admin\67497c3a2bf2951b752063fc54092cda.php 第 88 行.
NOTIC: [8] Undefined index: name D:\phpstudy_pro\WWW\wqxts\Application\Runtime\Cache\Admin\67497c3a2bf2951b752063fc54092cda.php 第 88 行.
NOTIC: [8] Undefined index: name D:\phpstudy_pro\WWW\wqxts\Application\Runtime\Cache\Admin\67497c3a2bf2951b752063fc54092cda.php 第 88 行.
NOTIC: [8] Undefined index: name D:\phpstudy_pro\WWW\wqxts\Application\Runtime\Cache\Admin\67497c3a2bf2951b752063fc54092cda.php 第 88 行.
NOTIC: [8] Undefined index: name D:\phpstudy_pro\WWW\wqxts\Application\Runtime\Cache\Admin\67497c3a2bf2951b752063fc54092cda.php 第 88 行.
NOTIC: [8] Undefined index: name D:\phpstudy_pro\WWW\wqxts\Application\Runtime\Cache\Admin\67497c3a2bf2951b752063fc54092cda.php 第 88 行.
NOTIC: [8] Undefined index: name D:\phpstudy_pro\WWW\wqxts\Application\Runtime\Cache\Admin\67497c3a2bf2951b752063fc54092cda.php 第 88 行.
NOTIC: [8] Undefined index: name D:\phpstudy_pro\WWW\wqxts\Application\Runtime\Cache\Admin\67497c3a2bf2951b752063fc54092cda.php 第 88 行.
NOTIC: [8] Undefined index: name D:\phpstudy_pro\WWW\wqxts\Application\Runtime\Cache\Admin\67497c3a2bf2951b752063fc54092cda.php 第 88 行.
NOTIC: [8] Undefined index: name D:\phpstudy_pro\WWW\wqxts\Application\Runtime\Cache\Admin\67497c3a2bf2951b752063fc54092cda.php 第 88 行.
NOTIC: [8] Undefined index: name D:\phpstudy_pro\WWW\wqxts\Application\Runtime\Cache\Admin\67497c3a2bf2951b752063fc54092cda.php 第 88 行.
NOTIC: [8] Undefined index: name D:\phpstudy_pro\WWW\wqxts\Application\Runtime\Cache\Admin\67497c3a2bf2951b752063fc54092cda.php 第 88 行.
NOTIC: [8] Undefined index: name D:\phpstudy_pro\WWW\wqxts\Application\Runtime\Cache\Admin\67497c3a2bf2951b752063fc54092cda.php 第 88 行.
NOTIC: [8] Undefined index: name D:\phpstudy_pro\WWW\wqxts\Application\Runtime\Cache\Admin\67497c3a2bf2951b752063fc54092cda.php 第 88 行.
NOTIC: [8] Undefined index: name D:\phpstudy_pro\WWW\wqxts\Application\Runtime\Cache\Admin\67497c3a2bf2951b752063fc54092cda.php 第 88 行.
NOTIC: [8] Undefined index: name D:\phpstudy_pro\WWW\wqxts\Application\Runtime\Cache\Admin\67497c3a2bf2951b752063fc54092cda.php 第 88 行.
NOTIC: [8] Undefined index: name D:\phpstudy_pro\WWW\wqxts\Application\Runtime\Cache\Admin\67497c3a2bf2951b752063fc54092cda.php 第 88 行.
NOTIC: [8] Undefined index: name D:\phpstudy_pro\WWW\wqxts\Application\Runtime\Cache\Admin\67497c3a2bf2951b752063fc54092cda.php 第 88 行.
NOTIC: [8] Undefined index: name D:\phpstudy_pro\WWW\wqxts\Application\Runtime\Cache\Admin\67497c3a2bf2951b752063fc54092cda.php 第 88 行.
NOTIC: [8] Undefined index: name D:\phpstudy_pro\WWW\wqxts\Application\Runtime\Cache\Admin\67497c3a2bf2951b752063fc54092cda.php 第 88 行.
NOTIC: [8] Undefined index: name D:\phpstudy_pro\WWW\wqxts\Application\Runtime\Cache\Admin\67497c3a2bf2951b752063fc54092cda.php 第 88 行.
NOTIC: [8] Undefined index: name D:\phpstudy_pro\WWW\wqxts\Application\Runtime\Cache\Admin\67497c3a2bf2951b752063fc54092cda.php 第 88 行.
NOTIC: [8] Undefined index: name D:\phpstudy_pro\WWW\wqxts\Application\Runtime\Cache\Admin\67497c3a2bf2951b752063fc54092cda.php 第 88 行.
NOTIC: [8] Undefined index: name D:\phpstudy_pro\WWW\wqxts\Application\Runtime\Cache\Admin\67497c3a2bf2951b752063fc54092cda.php 第 88 行.
INFO: Run Behavior\ParseTemplateBehavior [ RunTime:0.033002s ]
INFO: [ view_parse ] --END-- [ RunTime:0.033002s ]
INFO: [ view_filter ] --START--
INFO: Run Behavior\WriteHtmlCacheBehavior [ RunTime:0.002000s ]
INFO: [ view_filter ] --END-- [ RunTime:0.002000s ]
INFO: [ app_end ] --START--
INFO: Run Behavior\ShowPageTraceBehavior [ RunTime:0.003001s ]
INFO: [ app_end ] --END-- [ RunTime:0.003001s ]

[ 2019-12-02T10:55:04+08:00 ] 175.160.129.91 /index.php/Admin/Users/index/p/20.html
INFO: [ app_init ] --START--
INFO: Run Behavior\BuildLiteBehavior [ RunTime:0.000000s ]
INFO: [ app_init ] --END-- [ RunTime:0.002000s ]
INFO: [ app_begin ] --START--
INFO: Run Behavior\ReadHtmlCacheBehavior [ RunTime:0.002000s ]
INFO: [ app_begin ] --END-- [ RunTime:0.002000s ]
SQL: SHOW COLUMNS FROM `model` [ RunTime:0.0040s ]
SQL: SELECT * FROM `model` WHERE `controller` = 'Users' AND `action` = 'index' LIMIT 1   [ RunTime:0.0010s ]
SQL: SELECT * FROM `model` WHERE `belongid` = 182 AND `level` = 3  [ RunTime:0.0010s ]
SQL: SHOW COLUMNS FROM `customer` [ RunTime:0.0040s ]
SQL: SELECT COUNT(*) AS tp_count FROM `customer` WHERE ( status=1 and usertype = 2 ) LIMIT 1   [ RunTime:0.0020s ]
NOTIC: [8] Undefined index: pagesize D:\phpstudy_pro\WWW\wqxts\Application\Admin\Controller\BaseController.class.php 第 191 行.
NOTIC: [8] Undefined index: pagesize D:\phpstudy_pro\WWW\wqxts\Application\Admin\Controller\BaseController.class.php 第 191 行.
NOTIC: [8] Undefined index: pagesize D:\phpstudy_pro\WWW\wqxts\Application\Admin\Controller\BaseController.class.php 第 191 行.
SQL: SHOW COLUMNS FROM `customer` [ RunTime:0.0040s ]
SQL: SELECT * FROM `customer` WHERE ( status=1 and usertype = 2 ) ORDER BY id LIMIT 285,15   [ RunTime:0.0030s ]
SQL: SHOW COLUMNS FROM `framework` [ RunTime:0.0040s ]
SQL: SELECT * FROM `framework` WHERE ( id='129' ) LIMIT 1   [ RunTime:0.0010s ]
SQL: SELECT * FROM `framework` WHERE ( id='129' ) LIMIT 1   [ RunTime:0.0010s ]
SQL: SELECT * FROM `framework` WHERE ( id='129' ) LIMIT 1   [ RunTime:0.0010s ]
SQL: SELECT * FROM `framework` WHERE ( id='129' ) LIMIT 1   [ RunTime:0.0010s ]
SQL: SELECT * FROM `framework` WHERE ( id='129' ) LIMIT 1   [ RunTime:0.0010s ]
SQL: SELECT * FROM `framework` WHERE ( id='129' ) LIMIT 1   [ RunTime:0.0010s ]
SQL: SELECT * FROM `framework` WHERE ( id='99' ) LIMIT 1   [ RunTime:0.0010s ]
SQL: SELECT * FROM `framework` WHERE ( id='99' ) LIMIT 1   [ RunTime:0.0010s ]
SQL: SELECT * FROM `framework` WHERE ( id='99' ) LIMIT 1   [ RunTime:0.0010s ]
SQL: SELECT * FROM `framework` WHERE ( id='99' ) LIMIT 1   [ RunTime:0.0010s ]
SQL: SELECT * FROM `framework` WHERE ( id='99' ) LIMIT 1   [ RunTime:0.0010s ]
INFO: [ view_parse ] --START--
INFO: [ template_filter ] --START--
INFO: Run Behavior\ContentReplaceBehavior [ RunTime:0.001000s ]
INFO: [ template_filter ] --END-- [ RunTime:0.001000s ]
NOTIC: [8] Undefined variable: vo D:\phpstudy_pro\WWW\wqxts\Application\Runtime\Cache\Admin\67497c3a2bf2951b752063fc54092cda.php 第 39 行.
NOTIC: [8] Undefined variable: vo D:\phpstudy_pro\WWW\wqxts\Application\Runtime\Cache\Admin\67497c3a2bf2951b752063fc54092cda.php 第 39 行.
NOTIC: [8] Undefined index: tel D:\phpstudy_pro\WWW\wqxts\Application\Runtime\Cache\Admin\67497c3a2bf2951b752063fc54092cda.php 第 48 行.
NOTIC: [8] Undefined index: name D:\phpstudy_pro\WWW\wqxts\Application\Runtime\Cache\Admin\67497c3a2bf2951b752063fc54092cda.php 第 88 行.
NOTIC: [8] Undefined index: name D:\phpstudy_pro\WWW\wqxts\Application\Runtime\Cache\Admin\67497c3a2bf2951b752063fc54092cda.php 第 88 行.
NOTIC: [8] Undefined index: name D:\phpstudy_pro\WWW\wqxts\Application\Runtime\Cache\Admin\67497c3a2bf2951b752063fc54092cda.php 第 88 行.
NOTIC: [8] Undefined index: name D:\phpstudy_pro\WWW\wqxts\Application\Runtime\Cache\Admin\67497c3a2bf2951b752063fc54092cda.php 第 88 行.
NOTIC: [8] Undefined index: name D:\phpstudy_pro\WWW\wqxts\Application\Runtime\Cache\Admin\67497c3a2bf2951b752063fc54092cda.php 第 88 行.
NOTIC: [8] Undefined index: name D:\phpstudy_pro\WWW\wqxts\Application\Runtime\Cache\Admin\67497c3a2bf2951b752063fc54092cda.php 第 88 行.
NOTIC: [8] Undefined index: name D:\phpstudy_pro\WWW\wqxts\Application\Runtime\Cache\Admin\67497c3a2bf2951b752063fc54092cda.php 第 88 行.
NOTIC: [8] Undefined index: name D:\phpstudy_pro\WWW\wqxts\Application\Runtime\Cache\Admin\67497c3a2bf2951b752063fc54092cda.php 第 88 行.
NOTIC: [8] Undefined index: name D:\phpstudy_pro\WWW\wqxts\Application\Runtime\Cache\Admin\67497c3a2bf2951b752063fc54092cda.php 第 88 行.
NOTIC: [8] Undefined index: name D:\phpstudy_pro\WWW\wqxts\Application\Runtime\Cache\Admin\67497c3a2bf2951b752063fc54092cda.php 第 88 行.
NOTIC: [8] Undefined index: name D:\phpstudy_pro\WWW\wqxts\Application\Runtime\Cache\Admin\67497c3a2bf2951b752063fc54092cda.php 第 88 行.
NOTIC: [8] Undefined index: name D:\phpstudy_pro\WWW\wqxts\Application\Runtime\Cache\Admin\67497c3a2bf2951b752063fc54092cda.php 第 88 行.
NOTIC: [8] Undefined index: name D:\phpstudy_pro\WWW\wqxts\Application\Runtime\Cache\Admin\67497c3a2bf2951b752063fc54092cda.php 第 88 行.
NOTIC: [8] Undefined index: name D:\phpstudy_pro\WWW\wqxts\Application\Runtime\Cache\Admin\67497c3a2bf2951b752063fc54092cda.php 第 88 行.
NOTIC: [8] Undefined index: name D:\phpstudy_pro\WWW\wqxts\Application\Runtime\Cache\Admin\67497c3a2bf2951b752063fc54092cda.php 第 88 行.
NOTIC: [8] Undefined index: name D:\phpstudy_pro\WWW\wqxts\Application\Runtime\Cache\Admin\67497c3a2bf2951b752063fc54092cda.php 第 88 行.
NOTIC: [8] Undefined index: name D:\phpstudy_pro\WWW\wqxts\Application\Runtime\Cache\Admin\67497c3a2bf2951b752063fc54092cda.php 第 88 行.
NOTIC: [8] Undefined index: name D:\phpstudy_pro\WWW\wqxts\Application\Runtime\Cache\Admin\67497c3a2bf2951b752063fc54092cda.php 第 88 行.
NOTIC: [8] Undefined index: name D:\phpstudy_pro\WWW\wqxts\Application\Runtime\Cache\Admin\67497c3a2bf2951b752063fc54092cda.php 第 88 行.
NOTIC: [8] Undefined index: name D:\phpstudy_pro\WWW\wqxts\Application\Runtime\Cache\Admin\67497c3a2bf2951b752063fc54092cda.php 第 88 行.
NOTIC: [8] Undefined index: name D:\phpstudy_pro\WWW\wqxts\Application\Runtime\Cache\Admin\67497c3a2bf2951b752063fc54092cda.php 第 88 行.
NOTIC: [8] Undefined index: name D:\phpstudy_pro\WWW\wqxts\Application\Runtime\Cache\Admin\67497c3a2bf2951b752063fc54092cda.php 第 88 行.
INFO: Run Behavior\ParseTemplateBehavior [ RunTime:0.029002s ]
INFO: [ view_parse ] --END-- [ RunTime:0.031002s ]
INFO: [ view_filter ] --START--
INFO: Run Behavior\WriteHtmlCacheBehavior [ RunTime:0.001000s ]
INFO: [ view_filter ] --END-- [ RunTime:0.001000s ]
INFO: [ app_end ] --START--
INFO: Run Behavior\ShowPageTraceBehavior [ RunTime:0.002000s ]
INFO: [ app_end ] --END-- [ RunTime:0.002000s ]

