[ 2020-01-08T13:42:05+08:00 ] 119.119.90.189 /index.php/Admin/Login/index.html
INFO: [ app_init ] --START--
INFO: Run Behavior\BuildLiteBehavior [ RunTime:0.000000s ]
INFO: [ app_init ] --END-- [ RunTime:0.003000s ]
INFO: [ app_begin ] --START--
INFO: Run Behavior\ReadHtmlCacheBehavior [ RunTime:0.003000s ]
INFO: [ app_begin ] --END-- [ RunTime:0.003000s ]
INFO: [ view_parse ] --START--
INFO: [ template_filter ] --START--
INFO: Run Behavior\ContentReplaceBehavior [ RunTime:0.000000s ]
INFO: [ template_filter ] --END-- [ RunTime:0.001000s ]
INFO: Run Behavior\ParseTemplateBehavior [ RunTime:0.027001s ]
INFO: [ view_parse ] --END-- [ RunTime:0.027001s ]
INFO: [ view_filter ] --START--
INFO: Run Behavior\WriteHtmlCacheBehavior [ RunTime:0.003000s ]
INFO: [ view_filter ] --END-- [ RunTime:0.003000s ]
INFO: [ app_end ] --START--
INFO: Run Behavior\ShowPageTraceBehavior [ RunTime:0.002000s ]
INFO: [ app_end ] --END-- [ RunTime:0.003000s ]

[ 2020-01-08T13:42:10+08:00 ] 119.119.90.189 /index.php/Admin/Login/login
INFO: [ app_init ] --START--
INFO: Run Behavior\BuildLiteBehavior [ RunTime:0.000000s ]
INFO: [ app_init ] --END-- [ RunTime:0.002000s ]
INFO: [ app_begin ] --START--
INFO: Run Behavior\ReadHtmlCacheBehavior [ RunTime:0.003000s ]
INFO: [ app_begin ] --END-- [ RunTime:0.003000s ]
SQL: SHOW COLUMNS FROM `admin` [ RunTime:0.0190s ]
SQL: SELECT * FROM `admin` WHERE `username` = 'admin' AND `password` = '21232f297a57a5a743894a0e4a801fc3' LIMIT 1   [ RunTime:0.0180s ]
SQL: SHOW COLUMNS FROM `model` [ RunTime:0.0060s ]
SQL: SELECT * FROM `model`  [ RunTime:0.0220s ]
SQL: UPDATE `admin` SET `login_time`='1578462130',`login_ip`='119.119.90.189' WHERE `id` = 1 [ RunTime:0.0480s ]
SQL: SHOW COLUMNS FROM `error` [ RunTime:0.0050s ]
SQL: SELECT * FROM `error` WHERE `error_id` = 10002 LIMIT 1   [ RunTime:0.0230s ]

[ 2020-01-08T13:42:11+08:00 ] 119.119.90.189 /index.php/Admin/Index/index.html
INFO: [ app_init ] --START--
INFO: Run Behavior\BuildLiteBehavior [ RunTime:0.000000s ]
INFO: [ app_init ] --END-- [ RunTime:0.002000s ]
INFO: [ app_begin ] --START--
INFO: Run Behavior\ReadHtmlCacheBehavior [ RunTime:0.002000s ]
INFO: [ app_begin ] --END-- [ RunTime:0.002000s ]
SQL: SHOW COLUMNS FROM `model` [ RunTime:0.0020s ]
SQL: SELECT * FROM `model` WHERE `controller` = 'Index' AND `action` = 'index' LIMIT 1   [ RunTime:0.0010s ]
SQL: SELECT * FROM `model` WHERE `belongid` = null AND `level` = 3  [ RunTime:0.0010s ]
INFO: [ view_parse ] --START--
INFO: [ template_filter ] --START--
INFO: Run Behavior\ContentReplaceBehavior [ RunTime:0.000000s ]
INFO: [ template_filter ] --END-- [ RunTime:0.000000s ]
INFO: Run Behavior\ParseTemplateBehavior [ RunTime:0.020001s ]
INFO: [ view_parse ] --END-- [ RunTime:0.020001s ]
INFO: [ view_filter ] --START--
INFO: Run Behavior\WriteHtmlCacheBehavior [ RunTime:0.002000s ]
INFO: [ view_filter ] --END-- [ RunTime:0.002000s ]
INFO: [ app_end ] --START--
INFO: Run Behavior\ShowPageTraceBehavior [ RunTime:0.002000s ]
INFO: [ app_end ] --END-- [ RunTime:0.002000s ]

[ 2020-01-08T13:42:12+08:00 ] 119.119.90.189 /index.php/Admin/Index/welcome.html
INFO: [ app_init ] --START--
INFO: Run Behavior\BuildLiteBehavior [ RunTime:0.000000s ]
INFO: [ app_init ] --END-- [ RunTime:0.002000s ]
INFO: [ app_begin ] --START--
INFO: Run Behavior\ReadHtmlCacheBehavior [ RunTime:0.003000s ]
INFO: [ app_begin ] --END-- [ RunTime:0.003000s ]
SQL: SHOW COLUMNS FROM `model` [ RunTime:0.0040s ]
SQL: SELECT * FROM `model` WHERE `controller` = 'Index' AND `action` = 'welcome' LIMIT 1   [ RunTime:0.0010s ]
SQL: SELECT * FROM `model` WHERE `belongid` = null AND `level` = 3  [ RunTime:0.0010s ]
INFO: [ view_parse ] --START--
INFO: [ template_filter ] --START--
INFO: Run Behavior\ContentReplaceBehavior [ RunTime:0.000000s ]
INFO: [ template_filter ] --END-- [ RunTime:0.000000s ]
INFO: Run Behavior\ParseTemplateBehavior [ RunTime:0.018001s ]
INFO: [ view_parse ] --END-- [ RunTime:0.018001s ]
INFO: [ view_filter ] --START--
INFO: Run Behavior\WriteHtmlCacheBehavior [ RunTime:0.002000s ]
INFO: [ view_filter ] --END-- [ RunTime:0.002000s ]
INFO: [ app_end ] --START--
INFO: Run Behavior\ShowPageTraceBehavior [ RunTime:0.002000s ]
INFO: [ app_end ] --END-- [ RunTime:0.002000s ]

[ 2020-01-08T13:42:15+08:00 ] 119.119.90.189 /index.php/Admin/users/index
INFO: [ app_init ] --START--
INFO: Run Behavior\BuildLiteBehavior [ RunTime:0.000000s ]
INFO: [ app_init ] --END-- [ RunTime:0.002000s ]
INFO: [ app_begin ] --START--
INFO: Run Behavior\ReadHtmlCacheBehavior [ RunTime:0.002001s ]
INFO: [ app_begin ] --END-- [ RunTime:0.002001s ]
SQL: SHOW COLUMNS FROM `model` [ RunTime:0.0030s ]
SQL: SELECT * FROM `model` WHERE `controller` = 'Users' AND `action` = 'index' LIMIT 1   [ RunTime:0.0020s ]
SQL: SELECT * FROM `model` WHERE `belongid` = 182 AND `level` = 3  [ RunTime:0.0010s ]
SQL: SHOW COLUMNS FROM `customer` [ RunTime:0.0050s ]
SQL: SELECT COUNT(*) AS tp_count FROM `customer` WHERE ( status=1 and usertype = 2 ) LIMIT 1   [ RunTime:0.0310s ]
NOTIC: [8] Undefined index: pagesize D:\phpstudy_pro\WWW\wqxts\Application\Admin\Controller\BaseController.class.php 第 191 行.
NOTIC: [8] Undefined index: pagesize D:\phpstudy_pro\WWW\wqxts\Application\Admin\Controller\BaseController.class.php 第 191 行.
NOTIC: [8] Undefined index: pagesize D:\phpstudy_pro\WWW\wqxts\Application\Admin\Controller\BaseController.class.php 第 191 行.
SQL: SHOW COLUMNS FROM `customer` [ RunTime:0.0040s ]
SQL: SELECT * FROM `customer` WHERE ( status=1 and usertype = 2 ) ORDER BY id LIMIT 0,15   [ RunTime:0.0020s ]
SQL: SHOW COLUMNS FROM `framework` [ RunTime:0.0050s ]
SQL: SELECT * FROM `framework` WHERE ( id='99' ) LIMIT 1   [ RunTime:0.0140s ]
SQL: SELECT * FROM `framework` WHERE ( id='99' ) LIMIT 1   [ RunTime:0.0010s ]
SQL: SELECT * FROM `framework` WHERE ( id='99' ) LIMIT 1   [ RunTime:0.0010s ]
SQL: SELECT * FROM `framework` WHERE ( id='99' ) LIMIT 1   [ RunTime:0.0010s ]
SQL: SELECT * FROM `framework` WHERE ( id='99' ) LIMIT 1   [ RunTime:0.0010s ]
SQL: SELECT * FROM `framework` WHERE ( id='99' ) LIMIT 1   [ RunTime:0.0010s ]
SQL: SELECT * FROM `framework` WHERE ( id='99' ) LIMIT 1   [ RunTime:0.0010s ]
SQL: SELECT * FROM `framework` WHERE ( id='99' ) LIMIT 1   [ RunTime:0.0010s ]
SQL: SELECT * FROM `framework` WHERE ( id='99' ) LIMIT 1   [ RunTime:0.0010s ]
SQL: SELECT * FROM `framework` WHERE ( id='99' ) LIMIT 1   [ RunTime:0.0010s ]
SQL: SELECT * FROM `framework` WHERE ( id='100' ) LIMIT 1   [ RunTime:0.0010s ]
SQL: SELECT * FROM `framework` WHERE ( id='100' ) LIMIT 1   [ RunTime:0.0010s ]
SQL: SELECT * FROM `framework` WHERE ( id='100' ) LIMIT 1   [ RunTime:0.0010s ]
SQL: SELECT * FROM `framework` WHERE ( id='100' ) LIMIT 1   [ RunTime:0.0010s ]
SQL: SELECT * FROM `framework` WHERE ( id='100' ) LIMIT 1   [ RunTime:0.0010s ]
INFO: [ view_parse ] --START--
INFO: [ template_filter ] --START--
INFO: Run Behavior\ContentReplaceBehavior [ RunTime:0.001000s ]
INFO: [ template_filter ] --END-- [ RunTime:0.001000s ]
NOTIC: [8] Undefined variable: vo D:\phpstudy_pro\WWW\wqxts\Application\Runtime\Cache\Admin\67497c3a2bf2951b752063fc54092cda.php 第 39 行.
NOTIC: [8] Undefined variable: vo D:\phpstudy_pro\WWW\wqxts\Application\Runtime\Cache\Admin\67497c3a2bf2951b752063fc54092cda.php 第 39 行.
NOTIC: [8] Undefined index: tel D:\phpstudy_pro\WWW\wqxts\Application\Runtime\Cache\Admin\67497c3a2bf2951b752063fc54092cda.php 第 48 行.
NOTIC: [8] Undefined index: name D:\phpstudy_pro\WWW\wqxts\Application\Runtime\Cache\Admin\67497c3a2bf2951b752063fc54092cda.php 第 88 行.
NOTIC: [8] Undefined index: name D:\phpstudy_pro\WWW\wqxts\Application\Runtime\Cache\Admin\67497c3a2bf2951b752063fc54092cda.php 第 88 行.
NOTIC: [8] Undefined index: name D:\phpstudy_pro\WWW\wqxts\Application\Runtime\Cache\Admin\67497c3a2bf2951b752063fc54092cda.php 第 88 行.
NOTIC: [8] Undefined index: name D:\phpstudy_pro\WWW\wqxts\Application\Runtime\Cache\Admin\67497c3a2bf2951b752063fc54092cda.php 第 88 行.
NOTIC: [8] Undefined index: name D:\phpstudy_pro\WWW\wqxts\Application\Runtime\Cache\Admin\67497c3a2bf2951b752063fc54092cda.php 第 88 行.
NOTIC: [8] Undefined index: name D:\phpstudy_pro\WWW\wqxts\Application\Runtime\Cache\Admin\67497c3a2bf2951b752063fc54092cda.php 第 88 行.
NOTIC: [8] Undefined index: name D:\phpstudy_pro\WWW\wqxts\Application\Runtime\Cache\Admin\67497c3a2bf2951b752063fc54092cda.php 第 88 行.
NOTIC: [8] Undefined index: name D:\phpstudy_pro\WWW\wqxts\Application\Runtime\Cache\Admin\67497c3a2bf2951b752063fc54092cda.php 第 88 行.
NOTIC: [8] Undefined index: name D:\phpstudy_pro\WWW\wqxts\Application\Runtime\Cache\Admin\67497c3a2bf2951b752063fc54092cda.php 第 88 行.
NOTIC: [8] Undefined index: name D:\phpstudy_pro\WWW\wqxts\Application\Runtime\Cache\Admin\67497c3a2bf2951b752063fc54092cda.php 第 88 行.
NOTIC: [8] Undefined index: name D:\phpstudy_pro\WWW\wqxts\Application\Runtime\Cache\Admin\67497c3a2bf2951b752063fc54092cda.php 第 88 行.
NOTIC: [8] Undefined index: name D:\phpstudy_pro\WWW\wqxts\Application\Runtime\Cache\Admin\67497c3a2bf2951b752063fc54092cda.php 第 88 行.
NOTIC: [8] Undefined index: name D:\phpstudy_pro\WWW\wqxts\Application\Runtime\Cache\Admin\67497c3a2bf2951b752063fc54092cda.php 第 88 行.
NOTIC: [8] Undefined index: name D:\phpstudy_pro\WWW\wqxts\Application\Runtime\Cache\Admin\67497c3a2bf2951b752063fc54092cda.php 第 88 行.
NOTIC: [8] Undefined index: name D:\phpstudy_pro\WWW\wqxts\Application\Runtime\Cache\Admin\67497c3a2bf2951b752063fc54092cda.php 第 88 行.
NOTIC: [8] Undefined index: name D:\phpstudy_pro\WWW\wqxts\Application\Runtime\Cache\Admin\67497c3a2bf2951b752063fc54092cda.php 第 88 行.
NOTIC: [8] Undefined index: name D:\phpstudy_pro\WWW\wqxts\Application\Runtime\Cache\Admin\67497c3a2bf2951b752063fc54092cda.php 第 88 行.
NOTIC: [8] Undefined index: name D:\phpstudy_pro\WWW\wqxts\Application\Runtime\Cache\Admin\67497c3a2bf2951b752063fc54092cda.php 第 88 行.
NOTIC: [8] Undefined index: name D:\phpstudy_pro\WWW\wqxts\Application\Runtime\Cache\Admin\67497c3a2bf2951b752063fc54092cda.php 第 88 行.
NOTIC: [8] Undefined index: name D:\phpstudy_pro\WWW\wqxts\Application\Runtime\Cache\Admin\67497c3a2bf2951b752063fc54092cda.php 第 88 行.
NOTIC: [8] Undefined index: name D:\phpstudy_pro\WWW\wqxts\Application\Runtime\Cache\Admin\67497c3a2bf2951b752063fc54092cda.php 第 88 行.
NOTIC: [8] Undefined index: name D:\phpstudy_pro\WWW\wqxts\Application\Runtime\Cache\Admin\67497c3a2bf2951b752063fc54092cda.php 第 88 行.
NOTIC: [8] Undefined index: name D:\phpstudy_pro\WWW\wqxts\Application\Runtime\Cache\Admin\67497c3a2bf2951b752063fc54092cda.php 第 88 行.
NOTIC: [8] Undefined index: name D:\phpstudy_pro\WWW\wqxts\Application\Runtime\Cache\Admin\67497c3a2bf2951b752063fc54092cda.php 第 88 行.
NOTIC: [8] Undefined index: name D:\phpstudy_pro\WWW\wqxts\Application\Runtime\Cache\Admin\67497c3a2bf2951b752063fc54092cda.php 第 88 行.
NOTIC: [8] Undefined index: name D:\phpstudy_pro\WWW\wqxts\Application\Runtime\Cache\Admin\67497c3a2bf2951b752063fc54092cda.php 第 88 行.
NOTIC: [8] Undefined index: name D:\phpstudy_pro\WWW\wqxts\Application\Runtime\Cache\Admin\67497c3a2bf2951b752063fc54092cda.php 第 88 行.
NOTIC: [8] Undefined index: name D:\phpstudy_pro\WWW\wqxts\Application\Runtime\Cache\Admin\67497c3a2bf2951b752063fc54092cda.php 第 88 行.
NOTIC: [8] Undefined index: name D:\phpstudy_pro\WWW\wqxts\Application\Runtime\Cache\Admin\67497c3a2bf2951b752063fc54092cda.php 第 88 行.
NOTIC: [8] Undefined index: name D:\phpstudy_pro\WWW\wqxts\Application\Runtime\Cache\Admin\67497c3a2bf2951b752063fc54092cda.php 第 88 行.
INFO: Run Behavior\ParseTemplateBehavior [ RunTime:0.033002s ]
INFO: [ view_parse ] --END-- [ RunTime:0.033002s ]
INFO: [ view_filter ] --START--
INFO: Run Behavior\WriteHtmlCacheBehavior [ RunTime:0.002000s ]
INFO: [ view_filter ] --END-- [ RunTime:0.002000s ]
INFO: [ app_end ] --START--
INFO: Run Behavior\ShowPageTraceBehavior [ RunTime:0.002000s ]
INFO: [ app_end ] --END-- [ RunTime:0.002000s ]

[ 2020-01-08T13:42:22+08:00 ] 119.119.90.189 /index.php/Admin/seal/index
INFO: [ app_init ] --START--
INFO: Run Behavior\BuildLiteBehavior [ RunTime:0.000000s ]
INFO: [ app_init ] --END-- [ RunTime:0.001000s ]
INFO: [ app_begin ] --START--
INFO: Run Behavior\ReadHtmlCacheBehavior [ RunTime:0.002000s ]
INFO: [ app_begin ] --END-- [ RunTime:0.002000s ]
SQL: SHOW COLUMNS FROM `model` [ RunTime:0.0030s ]
SQL: SELECT * FROM `model` WHERE `controller` = 'Seal' AND `action` = 'index' LIMIT 1   [ RunTime:0.0010s ]
SQL: SELECT * FROM `model` WHERE `belongid` = 177 AND `level` = 3  [ RunTime:0.0010s ]
SQL: SHOW COLUMNS FROM `seal` [ RunTime:0.0050s ]
NOTIC: [2] Invalid argument supplied for foreach() D:\phpstudy_pro\WWW\wqxts\ThinkPHP\Library\Think\Db\Driver.class.php 第 504 行.
SQL: SELECT COUNT(*) AS tp_count FROM `seal` LIMIT 1   [ RunTime:0.0080s ]
NOTIC: [8] Undefined index: pagesize D:\phpstudy_pro\WWW\wqxts\Application\Admin\Controller\BaseController.class.php 第 191 行.
NOTIC: [8] Undefined index: pagesize D:\phpstudy_pro\WWW\wqxts\Application\Admin\Controller\BaseController.class.php 第 191 行.
NOTIC: [8] Undefined index: pagesize D:\phpstudy_pro\WWW\wqxts\Application\Admin\Controller\BaseController.class.php 第 191 行.
SQL: SHOW COLUMNS FROM `seal` [ RunTime:0.0040s ]
NOTIC: [2] Invalid argument supplied for foreach() D:\phpstudy_pro\WWW\wqxts\ThinkPHP\Library\Think\Db\Driver.class.php 第 504 行.
SQL: SELECT * FROM `seal` ORDER BY orders desc LIMIT 0,15   [ RunTime:0.0020s ]
INFO: [ view_parse ] --START--
INFO: [ template_filter ] --START--
INFO: Run Behavior\ContentReplaceBehavior [ RunTime:0.000000s ]
INFO: [ template_filter ] --END-- [ RunTime:0.000000s ]
NOTIC: [8] Undefined variable: vo D:\phpstudy_pro\WWW\wqxts\Application\Runtime\Cache\Admin\5337c7bbe13c98ed61d4a68b7b49d16c.php 第 39 行.
NOTIC: [8] Undefined variable: vo D:\phpstudy_pro\WWW\wqxts\Application\Runtime\Cache\Admin\5337c7bbe13c98ed61d4a68b7b49d16c.php 第 39 行.
NOTIC: [8] Undefined variable: search D:\phpstudy_pro\WWW\wqxts\Application\Runtime\Cache\Admin\5337c7bbe13c98ed61d4a68b7b49d16c.php 第 48 行.
INFO: Run Behavior\ParseTemplateBehavior [ RunTime:0.031002s ]
INFO: [ view_parse ] --END-- [ RunTime:0.031002s ]
INFO: [ view_filter ] --START--
INFO: Run Behavior\WriteHtmlCacheBehavior [ RunTime:0.002000s ]
INFO: [ view_filter ] --END-- [ RunTime:0.002000s ]
INFO: [ app_end ] --START--
INFO: Run Behavior\ShowPageTraceBehavior [ RunTime:0.003000s ]
INFO: [ app_end ] --END-- [ RunTime:0.003000s ]

[ 2020-01-08T13:42:26+08:00 ] 119.119.90.189 /index.php/Admin/Seal/index/p/2.html
INFO: [ app_init ] --START--
INFO: Run Behavior\BuildLiteBehavior [ RunTime:0.000000s ]
INFO: [ app_init ] --END-- [ RunTime:0.002000s ]
INFO: [ app_begin ] --START--
INFO: Run Behavior\ReadHtmlCacheBehavior [ RunTime:0.002000s ]
INFO: [ app_begin ] --END-- [ RunTime:0.002000s ]
SQL: SHOW COLUMNS FROM `model` [ RunTime:0.0030s ]
SQL: SELECT * FROM `model` WHERE `controller` = 'Seal' AND `action` = 'index' LIMIT 1   [ RunTime:0.0020s ]
SQL: SELECT * FROM `model` WHERE `belongid` = 177 AND `level` = 3  [ RunTime:0.0010s ]
SQL: SHOW COLUMNS FROM `seal` [ RunTime:0.0030s ]
NOTIC: [2] Invalid argument supplied for foreach() D:\phpstudy_pro\WWW\wqxts\ThinkPHP\Library\Think\Db\Driver.class.php 第 504 行.
SQL: SELECT COUNT(*) AS tp_count FROM `seal` LIMIT 1   [ RunTime:0.0020s ]
NOTIC: [8] Undefined index: pagesize D:\phpstudy_pro\WWW\wqxts\Application\Admin\Controller\BaseController.class.php 第 191 行.
NOTIC: [8] Undefined index: pagesize D:\phpstudy_pro\WWW\wqxts\Application\Admin\Controller\BaseController.class.php 第 191 行.
NOTIC: [8] Undefined index: pagesize D:\phpstudy_pro\WWW\wqxts\Application\Admin\Controller\BaseController.class.php 第 191 行.
SQL: SHOW COLUMNS FROM `seal` [ RunTime:0.0030s ]
NOTIC: [2] Invalid argument supplied for foreach() D:\phpstudy_pro\WWW\wqxts\ThinkPHP\Library\Think\Db\Driver.class.php 第 504 行.
SQL: SELECT * FROM `seal` ORDER BY orders desc LIMIT 15,15   [ RunTime:0.0010s ]
INFO: [ view_parse ] --START--
INFO: [ template_filter ] --START--
INFO: Run Behavior\ContentReplaceBehavior [ RunTime:0.000000s ]
INFO: [ template_filter ] --END-- [ RunTime:0.000000s ]
NOTIC: [8] Undefined variable: vo D:\phpstudy_pro\WWW\wqxts\Application\Runtime\Cache\Admin\5337c7bbe13c98ed61d4a68b7b49d16c.php 第 39 行.
NOTIC: [8] Undefined variable: vo D:\phpstudy_pro\WWW\wqxts\Application\Runtime\Cache\Admin\5337c7bbe13c98ed61d4a68b7b49d16c.php 第 39 行.
NOTIC: [8] Undefined variable: search D:\phpstudy_pro\WWW\wqxts\Application\Runtime\Cache\Admin\5337c7bbe13c98ed61d4a68b7b49d16c.php 第 48 行.
INFO: Run Behavior\ParseTemplateBehavior [ RunTime:0.032002s ]
INFO: [ view_parse ] --END-- [ RunTime:0.032002s ]
INFO: [ view_filter ] --START--
INFO: Run Behavior\WriteHtmlCacheBehavior [ RunTime:0.001000s ]
INFO: [ view_filter ] --END-- [ RunTime:0.002000s ]
INFO: [ app_end ] --START--
INFO: Run Behavior\ShowPageTraceBehavior [ RunTime:0.002000s ]
INFO: [ app_end ] --END-- [ RunTime:0.002000s ]

[ 2020-01-08T13:42:48+08:00 ] 119.119.90.189 /index.php/Admin/users/index
INFO: [ app_init ] --START--
INFO: Run Behavior\BuildLiteBehavior [ RunTime:0.000000s ]
INFO: [ app_init ] --END-- [ RunTime:0.002000s ]
INFO: [ app_begin ] --START--
INFO: Run Behavior\ReadHtmlCacheBehavior [ RunTime:0.002000s ]
INFO: [ app_begin ] --END-- [ RunTime:0.002000s ]
SQL: SHOW COLUMNS FROM `model` [ RunTime:0.0040s ]
SQL: SELECT * FROM `model` WHERE `controller` = 'Users' AND `action` = 'index' LIMIT 1   [ RunTime:0.0010s ]
SQL: SELECT * FROM `model` WHERE `belongid` = 182 AND `level` = 3  [ RunTime:0.0010s ]
SQL: SHOW COLUMNS FROM `customer` [ RunTime:0.0050s ]
SQL: SELECT COUNT(*) AS tp_count FROM `customer` WHERE ( status=1 and usertype = 2 ) LIMIT 1   [ RunTime:0.0030s ]
NOTIC: [8] Undefined index: pagesize D:\phpstudy_pro\WWW\wqxts\Application\Admin\Controller\BaseController.class.php 第 191 行.
NOTIC: [8] Undefined index: pagesize D:\phpstudy_pro\WWW\wqxts\Application\Admin\Controller\BaseController.class.php 第 191 行.
NOTIC: [8] Undefined index: pagesize D:\phpstudy_pro\WWW\wqxts\Application\Admin\Controller\BaseController.class.php 第 191 行.
SQL: SHOW COLUMNS FROM `customer` [ RunTime:0.0050s ]
SQL: SELECT * FROM `customer` WHERE ( status=1 and usertype = 2 ) ORDER BY id LIMIT 0,15   [ RunTime:0.0030s ]
SQL: SHOW COLUMNS FROM `framework` [ RunTime:0.0050s ]
SQL: SELECT * FROM `framework` WHERE ( id='99' ) LIMIT 1   [ RunTime:0.0030s ]
SQL: SELECT * FROM `framework` WHERE ( id='99' ) LIMIT 1   [ RunTime:0.0010s ]
SQL: SELECT * FROM `framework` WHERE ( id='99' ) LIMIT 1   [ RunTime:0.0010s ]
SQL: SELECT * FROM `framework` WHERE ( id='99' ) LIMIT 1   [ RunTime:0.0010s ]
SQL: SELECT * FROM `framework` WHERE ( id='99' ) LIMIT 1   [ RunTime:0.0010s ]
SQL: SELECT * FROM `framework` WHERE ( id='99' ) LIMIT 1   [ RunTime:0.0040s ]
SQL: SELECT * FROM `framework` WHERE ( id='99' ) LIMIT 1   [ RunTime:0.0020s ]
SQL: SELECT * FROM `framework` WHERE ( id='99' ) LIMIT 1   [ RunTime:0.0010s ]
SQL: SELECT * FROM `framework` WHERE ( id='99' ) LIMIT 1   [ RunTime:0.0010s ]
SQL: SELECT * FROM `framework` WHERE ( id='99' ) LIMIT 1   [ RunTime:0.0010s ]
SQL: SELECT * FROM `framework` WHERE ( id='100' ) LIMIT 1   [ RunTime:0.0020s ]
SQL: SELECT * FROM `framework` WHERE ( id='100' ) LIMIT 1   [ RunTime:0.0010s ]
SQL: SELECT * FROM `framework` WHERE ( id='100' ) LIMIT 1   [ RunTime:0.0020s ]
SQL: SELECT * FROM `framework` WHERE ( id='100' ) LIMIT 1   [ RunTime:0.0010s ]
SQL: SELECT * FROM `framework` WHERE ( id='100' ) LIMIT 1   [ RunTime:0.0010s ]
INFO: [ view_parse ] --START--
INFO: [ template_filter ] --START--
INFO: Run Behavior\ContentReplaceBehavior [ RunTime:0.001001s ]
INFO: [ template_filter ] --END-- [ RunTime:0.001001s ]
NOTIC: [8] Undefined variable: vo D:\phpstudy_pro\WWW\wqxts\Application\Runtime\Cache\Admin\67497c3a2bf2951b752063fc54092cda.php 第 39 行.
NOTIC: [8] Undefined variable: vo D:\phpstudy_pro\WWW\wqxts\Application\Runtime\Cache\Admin\67497c3a2bf2951b752063fc54092cda.php 第 39 行.
NOTIC: [8] Undefined index: tel D:\phpstudy_pro\WWW\wqxts\Application\Runtime\Cache\Admin\67497c3a2bf2951b752063fc54092cda.php 第 48 行.
NOTIC: [8] Undefined index: name D:\phpstudy_pro\WWW\wqxts\Application\Runtime\Cache\Admin\67497c3a2bf2951b752063fc54092cda.php 第 88 行.
NOTIC: [8] Undefined index: name D:\phpstudy_pro\WWW\wqxts\Application\Runtime\Cache\Admin\67497c3a2bf2951b752063fc54092cda.php 第 88 行.
NOTIC: [8] Undefined index: name D:\phpstudy_pro\WWW\wqxts\Application\Runtime\Cache\Admin\67497c3a2bf2951b752063fc54092cda.php 第 88 行.
NOTIC: [8] Undefined index: name D:\phpstudy_pro\WWW\wqxts\Application\Runtime\Cache\Admin\67497c3a2bf2951b752063fc54092cda.php 第 88 行.
NOTIC: [8] Undefined index: name D:\phpstudy_pro\WWW\wqxts\Application\Runtime\Cache\Admin\67497c3a2bf2951b752063fc54092cda.php 第 88 行.
NOTIC: [8] Undefined index: name D:\phpstudy_pro\WWW\wqxts\Application\Runtime\Cache\Admin\67497c3a2bf2951b752063fc54092cda.php 第 88 行.
NOTIC: [8] Undefined index: name D:\phpstudy_pro\WWW\wqxts\Application\Runtime\Cache\Admin\67497c3a2bf2951b752063fc54092cda.php 第 88 行.
NOTIC: [8] Undefined index: name D:\phpstudy_pro\WWW\wqxts\Application\Runtime\Cache\Admin\67497c3a2bf2951b752063fc54092cda.php 第 88 行.
NOTIC: [8] Undefined index: name D:\phpstudy_pro\WWW\wqxts\Application\Runtime\Cache\Admin\67497c3a2bf2951b752063fc54092cda.php 第 88 行.
NOTIC: [8] Undefined index: name D:\phpstudy_pro\WWW\wqxts\Application\Runtime\Cache\Admin\67497c3a2bf2951b752063fc54092cda.php 第 88 行.
NOTIC: [8] Undefined index: name D:\phpstudy_pro\WWW\wqxts\Application\Runtime\Cache\Admin\67497c3a2bf2951b752063fc54092cda.php 第 88 行.
NOTIC: [8] Undefined index: name D:\phpstudy_pro\WWW\wqxts\Application\Runtime\Cache\Admin\67497c3a2bf2951b752063fc54092cda.php 第 88 行.
NOTIC: [8] Undefined index: name D:\phpstudy_pro\WWW\wqxts\Application\Runtime\Cache\Admin\67497c3a2bf2951b752063fc54092cda.php 第 88 行.
NOTIC: [8] Undefined index: name D:\phpstudy_pro\WWW\wqxts\Application\Runtime\Cache\Admin\67497c3a2bf2951b752063fc54092cda.php 第 88 行.
NOTIC: [8] Undefined index: name D:\phpstudy_pro\WWW\wqxts\Application\Runtime\Cache\Admin\67497c3a2bf2951b752063fc54092cda.php 第 88 行.
NOTIC: [8] Undefined index: name D:\phpstudy_pro\WWW\wqxts\Application\Runtime\Cache\Admin\67497c3a2bf2951b752063fc54092cda.php 第 88 行.
NOTIC: [8] Undefined index: name D:\phpstudy_pro\WWW\wqxts\Application\Runtime\Cache\Admin\67497c3a2bf2951b752063fc54092cda.php 第 88 行.
NOTIC: [8] Undefined index: name D:\phpstudy_pro\WWW\wqxts\Application\Runtime\Cache\Admin\67497c3a2bf2951b752063fc54092cda.php 第 88 行.
NOTIC: [8] Undefined index: name D:\phpstudy_pro\WWW\wqxts\Application\Runtime\Cache\Admin\67497c3a2bf2951b752063fc54092cda.php 第 88 行.
NOTIC: [8] Undefined index: name D:\phpstudy_pro\WWW\wqxts\Application\Runtime\Cache\Admin\67497c3a2bf2951b752063fc54092cda.php 第 88 行.
NOTIC: [8] Undefined index: name D:\phpstudy_pro\WWW\wqxts\Application\Runtime\Cache\Admin\67497c3a2bf2951b752063fc54092cda.php 第 88 行.
NOTIC: [8] Undefined index: name D:\phpstudy_pro\WWW\wqxts\Application\Runtime\Cache\Admin\67497c3a2bf2951b752063fc54092cda.php 第 88 行.
NOTIC: [8] Undefined index: name D:\phpstudy_pro\WWW\wqxts\Application\Runtime\Cache\Admin\67497c3a2bf2951b752063fc54092cda.php 第 88 行.
NOTIC: [8] Undefined index: name D:\phpstudy_pro\WWW\wqxts\Application\Runtime\Cache\Admin\67497c3a2bf2951b752063fc54092cda.php 第 88 行.
NOTIC: [8] Undefined index: name D:\phpstudy_pro\WWW\wqxts\Application\Runtime\Cache\Admin\67497c3a2bf2951b752063fc54092cda.php 第 88 行.
NOTIC: [8] Undefined index: name D:\phpstudy_pro\WWW\wqxts\Application\Runtime\Cache\Admin\67497c3a2bf2951b752063fc54092cda.php 第 88 行.
NOTIC: [8] Undefined index: name D:\phpstudy_pro\WWW\wqxts\Application\Runtime\Cache\Admin\67497c3a2bf2951b752063fc54092cda.php 第 88 行.
NOTIC: [8] Undefined index: name D:\phpstudy_pro\WWW\wqxts\Application\Runtime\Cache\Admin\67497c3a2bf2951b752063fc54092cda.php 第 88 行.
NOTIC: [8] Undefined index: name D:\phpstudy_pro\WWW\wqxts\Application\Runtime\Cache\Admin\67497c3a2bf2951b752063fc54092cda.php 第 88 行.
NOTIC: [8] Undefined index: name D:\phpstudy_pro\WWW\wqxts\Application\Runtime\Cache\Admin\67497c3a2bf2951b752063fc54092cda.php 第 88 行.
INFO: Run Behavior\ParseTemplateBehavior [ RunTime:0.023001s ]
INFO: [ view_parse ] --END-- [ RunTime:0.023001s ]
INFO: [ view_filter ] --START--
INFO: Run Behavior\WriteHtmlCacheBehavior [ RunTime:0.002000s ]
INFO: [ view_filter ] --END-- [ RunTime:0.002000s ]
INFO: [ app_end ] --START--
INFO: Run Behavior\ShowPageTraceBehavior [ RunTime:0.002000s ]
INFO: [ app_end ] --END-- [ RunTime:0.002000s ]

[ 2020-01-08T13:42:55+08:00 ] 119.119.90.189 /index.php/Admin/sign/index
INFO: [ app_init ] --START--
INFO: Run Behavior\BuildLiteBehavior [ RunTime:0.000000s ]
INFO: [ app_init ] --END-- [ RunTime:0.002000s ]
INFO: [ app_begin ] --START--
INFO: Run Behavior\ReadHtmlCacheBehavior [ RunTime:0.003000s ]
INFO: [ app_begin ] --END-- [ RunTime:0.003000s ]
SQL: SHOW COLUMNS FROM `model` [ RunTime:0.0040s ]
SQL: SELECT * FROM `model` WHERE `controller` = 'Sign' AND `action` = 'index' LIMIT 1   [ RunTime:0.0020s ]
SQL: SELECT * FROM `model` WHERE `belongid` = 188 AND `level` = 3  [ RunTime:0.0010s ]
SQL: SHOW COLUMNS FROM `template` [ RunTime:0.0180s ]
SQL: SELECT COUNT(*) AS tp_count FROM `template` WHERE ( status=1 ) LIMIT 1   [ RunTime:0.0240s ]
NOTIC: [8] Undefined index: pagesize D:\phpstudy_pro\WWW\wqxts\Application\Admin\Controller\SignController.class.php 第 17 行.
NOTIC: [8] Undefined index: pagesize D:\phpstudy_pro\WWW\wqxts\Application\Admin\Controller\SignController.class.php 第 17 行.
NOTIC: [8] Undefined index: pagesize D:\phpstudy_pro\WWW\wqxts\Application\Admin\Controller\SignController.class.php 第 17 行.
SQL: SHOW COLUMNS FROM `template` [ RunTime:0.0040s ]
SQL: SELECT * FROM `template` WHERE ( status=1 ) LIMIT 0,15   [ RunTime:0.0010s ]
INFO: [ view_parse ] --START--
INFO: [ template_filter ] --START--
INFO: Run Behavior\ContentReplaceBehavior [ RunTime:0.000000s ]
INFO: [ template_filter ] --END-- [ RunTime:0.000000s ]
NOTIC: [8] Undefined variable: vo D:\phpstudy_pro\WWW\wqxts\Application\Runtime\Cache\Admin\97d3a8f85234720218287ed0a1c7f6ac.php 第 39 行.
NOTIC: [8] Undefined variable: vo D:\phpstudy_pro\WWW\wqxts\Application\Runtime\Cache\Admin\97d3a8f85234720218287ed0a1c7f6ac.php 第 39 行.
NOTIC: [8] Undefined variable: search D:\phpstudy_pro\WWW\wqxts\Application\Runtime\Cache\Admin\97d3a8f85234720218287ed0a1c7f6ac.php 第 48 行.
INFO: Run Behavior\ParseTemplateBehavior [ RunTime:0.028001s ]
INFO: [ view_parse ] --END-- [ RunTime:0.028001s ]
INFO: [ view_filter ] --START--
INFO: Run Behavior\WriteHtmlCacheBehavior [ RunTime:0.003000s ]
INFO: [ view_filter ] --END-- [ RunTime:0.003000s ]
INFO: [ app_end ] --START--
INFO: Run Behavior\ShowPageTraceBehavior [ RunTime:0.002000s ]
INFO: [ app_end ] --END-- [ RunTime:0.002000s ]

[ 2020-01-08T13:42:58+08:00 ] 119.119.90.189 /index.php/Admin/Sign/index/p/4.html
INFO: [ app_init ] --START--
INFO: Run Behavior\BuildLiteBehavior [ RunTime:0.000000s ]
INFO: [ app_init ] --END-- [ RunTime:0.002000s ]
INFO: [ app_begin ] --START--
INFO: Run Behavior\ReadHtmlCacheBehavior [ RunTime:0.002000s ]
INFO: [ app_begin ] --END-- [ RunTime:0.002000s ]
SQL: SHOW COLUMNS FROM `model` [ RunTime:0.0040s ]
SQL: SELECT * FROM `model` WHERE `controller` = 'Sign' AND `action` = 'index' LIMIT 1   [ RunTime:0.0010s ]
SQL: SELECT * FROM `model` WHERE `belongid` = 188 AND `level` = 3  [ RunTime:0.0020s ]
SQL: SHOW COLUMNS FROM `template` [ RunTime:0.0040s ]
SQL: SELECT COUNT(*) AS tp_count FROM `template` WHERE ( status=1 ) LIMIT 1   [ RunTime:0.0020s ]
NOTIC: [8] Undefined index: pagesize D:\phpstudy_pro\WWW\wqxts\Application\Admin\Controller\SignController.class.php 第 17 行.
NOTIC: [8] Undefined index: pagesize D:\phpstudy_pro\WWW\wqxts\Application\Admin\Controller\SignController.class.php 第 17 行.
NOTIC: [8] Undefined index: pagesize D:\phpstudy_pro\WWW\wqxts\Application\Admin\Controller\SignController.class.php 第 17 行.
SQL: SHOW COLUMNS FROM `template` [ RunTime:0.0030s ]
SQL: SELECT * FROM `template` WHERE ( status=1 ) LIMIT 45,15   [ RunTime:0.0010s ]
INFO: [ view_parse ] --START--
INFO: [ template_filter ] --START--
INFO: Run Behavior\ContentReplaceBehavior [ RunTime:0.000000s ]
INFO: [ template_filter ] --END-- [ RunTime:0.000000s ]
NOTIC: [8] Undefined variable: vo D:\phpstudy_pro\WWW\wqxts\Application\Runtime\Cache\Admin\97d3a8f85234720218287ed0a1c7f6ac.php 第 39 行.
NOTIC: [8] Undefined variable: vo D:\phpstudy_pro\WWW\wqxts\Application\Runtime\Cache\Admin\97d3a8f85234720218287ed0a1c7f6ac.php 第 39 行.
NOTIC: [8] Undefined variable: search D:\phpstudy_pro\WWW\wqxts\Application\Runtime\Cache\Admin\97d3a8f85234720218287ed0a1c7f6ac.php 第 48 行.
INFO: Run Behavior\ParseTemplateBehavior [ RunTime:0.029001s ]
INFO: [ view_parse ] --END-- [ RunTime:0.029001s ]
INFO: [ view_filter ] --START--
INFO: Run Behavior\WriteHtmlCacheBehavior [ RunTime:0.002000s ]
INFO: [ view_filter ] --END-- [ RunTime:0.002000s ]
INFO: [ app_end ] --START--
INFO: Run Behavior\ShowPageTraceBehavior [ RunTime:0.002000s ]
INFO: [ app_end ] --END-- [ RunTime:0.002000s ]

